TN:
SF:/usr/include/c++/11/bits/allocator.h
FN:156,_ZNSaImEC2Ev
FNDA:0,_ZNSaImEC2Ev
FN:159,_ZNSaImEC2ERKS_
FNDA:0,_ZNSaImEC2ERKS_
FN:174,_ZNSaImED2Ev
FNDA:0,_ZNSaImED2Ev
DA:156,0
DA:159,0
DA:160,0
DA:174,0
end_of_record
SF:/home/ido/Course-OperationSystems/OS-FinalProject/DataStruct/UnionFind.cpp
FN:8,_ZN9UnionFindC2Em
FNDA:2,_ZN9UnionFindC2Em
FN:14,_ZN9UnionFind7makeSetEv
FNDA:2,_ZN9UnionFind7makeSetEv
FN:22,_ZN9UnionFind4findEm
FNDA:32,_ZN9UnionFind4findEm
FN:47,_ZN9UnionFind5UnionEmm
FNDA:4,_ZN9UnionFind5UnionEmm
DA:8,2
DA:10,2
DA:11,2
DA:14,2
DA:16,8
DA:17,6
DA:19,2
DA:22,32
DA:25,32
DA:28,26
DA:33,6
DA:38,6
DA:41,6
DA:47,4
DA:50,4
DA:51,4
DA:54,4
DA:55,0
DA:60,4
DA:61,2
DA:63,2
DA:64,0
DA:70,2
DA:71,2
end_of_record
SF:/usr/include/c++/11/bits/move.h
FN:49,_ZSt11__addressofImEPT_RS0_
FNDA:0,_ZSt11__addressofImEPT_RS0_
DA:49,0
DA:50,0
end_of_record
SF:/usr/include/c++/11/bits/alloc_traits.h
FN:463,_ZNSt16allocator_traitsISaImEE8allocateERS0_m
FNDA:0,_ZNSt16allocator_traitsISaImEE8allocateERS0_m
FN:495,_ZNSt16allocator_traitsISaImEE10deallocateERS0_Pmm
FNDA:0,_ZNSt16allocator_traitsISaImEE10deallocateERS0_Pmm
FN:547,_ZNSt16allocator_traitsISaImEE8max_sizeERKS0_
FNDA:0,_ZNSt16allocator_traitsISaImEE8max_sizeERKS0_
FN:845,_ZSt8_DestroyIPmmEvT_S1_RSaIT0_E
FNDA:0,_ZSt8_DestroyIPmmEvT_S1_RSaIT0_E
DA:463,0
DA:464,0
DA:495,0
DA:496,0
DA:547,0
DA:550,0
DA:845,0
DA:848,0
DA:849,0
end_of_record
SF:/usr/include/c++/11/bits/stl_uninitialized.h
FN:595,_ZNSt27__uninitialized_default_n_1ILb1EE18__uninit_default_nIPmmEET_S3_T0_
FNDA:4,_ZNSt27__uninitialized_default_n_1ILb1EE18__uninit_default_nIPmmEET_S3_T0_
FN:630,_ZSt25__uninitialized_default_nIPmmET_S1_T0_
FNDA:4,_ZSt25__uninitialized_default_nIPmmET_S1_T0_
FN:702,_ZSt27__uninitialized_default_n_aIPmmmET_S1_T0_RSaIT1_E
FNDA:4,_ZSt27__uninitialized_default_n_aIPmmmET_S1_T0_RSaIT1_E
DA:595,4
DA:597,4
DA:600,4
DA:601,4
DA:602,4
DA:603,4
DA:605,4
DA:630,4
DA:635,4
DA:640,4
DA:702,4
DA:704,4
end_of_record
SF:/usr/include/c++/11/ext/new_allocator.h
FN:79,_ZN9__gnu_cxx13new_allocatorImEC2Ev
FNDA:0,_ZN9__gnu_cxx13new_allocatorImEC2Ev
FN:82,_ZN9__gnu_cxx13new_allocatorImEC2ERKS1_
FNDA:0,_ZN9__gnu_cxx13new_allocatorImEC2ERKS1_
FN:89,_ZN9__gnu_cxx13new_allocatorImED2Ev
FNDA:0,_ZN9__gnu_cxx13new_allocatorImED2Ev
FN:103,_ZN9__gnu_cxx13new_allocatorImE8allocateEmPKv
FNDA:0,_ZN9__gnu_cxx13new_allocatorImE8allocateEmPKv
FN:132,_ZN9__gnu_cxx13new_allocatorImE10deallocateEPmm
FNDA:0,_ZN9__gnu_cxx13new_allocatorImE10deallocateEPmm
FN:154,_ZNK9__gnu_cxx13new_allocatorImE8max_sizeEv
FNDA:0,_ZNK9__gnu_cxx13new_allocatorImE8max_sizeEv
FN:197,_ZNK9__gnu_cxx13new_allocatorImE11_M_max_sizeEv
FNDA:0,_ZNK9__gnu_cxx13new_allocatorImE11_M_max_sizeEv
DA:79,0
DA:82,0
DA:89,0
DA:103,0
DA:111,0
DA:115,0
DA:116,0
DA:117,0
DA:127,0
DA:132,0
DA:145,0
DA:154,0
DA:155,0
DA:197,0
DA:200,0
end_of_record
SF:/usr/include/c++/11/bits/stl_vector.h
FN:97,_ZNSt12_Vector_baseImSaImEE17_Vector_impl_dataC2Ev
FNDA:0,_ZNSt12_Vector_baseImSaImEE17_Vector_impl_dataC2Ev
FN:136,_ZNSt12_Vector_baseImSaImEE12_Vector_implC2ERKS0_
FNDA:0,_ZNSt12_Vector_baseImSaImEE12_Vector_implC2ERKS0_
FN:276,_ZNSt12_Vector_baseImSaImEE19_M_get_Tp_allocatorEv
FNDA:0,_ZNSt12_Vector_baseImSaImEE19_M_get_Tp_allocatorEv
FN:303,_ZNSt12_Vector_baseImSaImEEC2EmRKS0_
FNDA:0,_ZNSt12_Vector_baseImSaImEEC2EmRKS0_
FN:333,_ZNSt12_Vector_baseImSaImEED2Ev
FNDA:0,_ZNSt12_Vector_baseImSaImEED2Ev
FN:343,_ZNSt12_Vector_baseImSaImEE11_M_allocateEm
FNDA:0,_ZNSt12_Vector_baseImSaImEE11_M_allocateEm
FN:350,_ZNSt12_Vector_baseImSaImEE13_M_deallocateEPmm
FNDA:0,_ZNSt12_Vector_baseImSaImEE13_M_deallocateEPmm
FN:359,_ZNSt12_Vector_baseImSaImEE17_M_create_storageEm
FNDA:0,_ZNSt12_Vector_baseImSaImEE17_M_create_storageEm
FN:510,_ZNSt6vectorImSaImEEC2EmRKS0_
FNDA:4,_ZNSt6vectorImSaImEEC2EmRKS0_
FN:678,_ZNSt6vectorImSaImEED2Ev
FNDA:0,_ZNSt6vectorImSaImEED2Ev
FN:1043,_ZNSt6vectorImSaImEEixEm
FNDA:0,_ZNSt6vectorImSaImEEixEm
FN:1603,_ZNSt6vectorImSaImEE21_M_default_initializeEm
FNDA:4,_ZNSt6vectorImSaImEE21_M_default_initializeEm
FN:1767,_ZNSt6vectorImSaImEE17_S_check_init_lenEmRKS0_
FNDA:0,_ZNSt6vectorImSaImEE17_S_check_init_lenEmRKS0_
FN:1776,_ZNSt6vectorImSaImEE11_S_max_sizeERKS0_
FNDA:0,_ZNSt6vectorImSaImEE11_S_max_sizeERKS0_
DA:97,0
DA:98,0
DA:99,0
DA:136,0
DA:137,0
DA:138,0
DA:276,0
DA:277,0
DA:303,0
DA:304,0
DA:305,0
DA:333,0
DA:335,0
DA:336,0
DA:337,0
DA:343,0
DA:346,0
DA:350,0
DA:353,0
DA:354,0
DA:355,0
DA:359,0
DA:361,0
DA:362,0
DA:363,0
DA:364,0
DA:510,4
DA:511,4
DA:512,4
DA:678,0
DA:680,0
DA:681,0
DA:683,0
DA:1043,0
DA:1046,0
DA:1603,4
DA:1605,4
DA:1606,4
DA:1607,4
DA:1608,4
DA:1767,0
DA:1769,0
DA:1770,0
DA:1772,0
DA:1776,0
DA:1781,0
DA:1783,0
DA:1784,0
end_of_record
SF:/usr/include/c++/11/bits/stl_construct.h
FN:109,_ZSt10_ConstructImJEEvPT_DpOT0_
FNDA:4,_ZSt10_ConstructImJEEvPT_DpOT0_
FN:172,_ZNSt12_Destroy_auxILb1EE9__destroyIPmEEvT_S3_
FNDA:0,_ZNSt12_Destroy_auxILb1EE9__destroyIPmEEvT_S3_
FN:182,_ZSt8_DestroyIPmEvT_S1_
FNDA:0,_ZSt8_DestroyIPmEvT_S1_
DA:109,4
DA:119,4
DA:120,4
DA:172,0
DA:182,0
DA:196,0
DA:197,0
end_of_record
SF:/usr/include/c++/11/bits/stl_algobase.h
FN:230,_ZSt3minImERKT_S2_S2_
FNDA:0,_ZSt3minImERKT_S2_S2_
FN:919,_ZSt9__fill_a1IPmmEN9__gnu_cxx11__enable_ifIXsrSt11__is_scalarIT0_E7__valueEvE6__typeET_S8_RKS4_
FNDA:0,_ZSt9__fill_a1IPmmEN9__gnu_cxx11__enable_ifIXsrSt11__is_scalarIT0_E7__valueEvE6__typeET_S8_RKS4_
FN:968,_ZSt8__fill_aIPmmEvT_S1_RKT0_
FNDA:0,_ZSt8__fill_aIPmmEvT_S1_RKT0_
FN:1010,_ZSt17__size_to_integerm
FNDA:0,_ZSt17__size_to_integerm
FN:1109,_ZSt10__fill_n_aIPmmmET_S1_T0_RKT1_St26random_access_iterator_tag
FNDA:0,_ZSt10__fill_n_aIPmmmET_S1_T0_RKT1_St26random_access_iterator_tag
FN:1144,_ZSt6fill_nIPmmmET_S1_T0_RKT1_
FNDA:0,_ZSt6fill_nIPmmmET_S1_T0_RKT1_
DA:230,0
DA:235,0
DA:236,0
DA:237,0
DA:919,0
DA:922,0
DA:923,0
DA:924,0
DA:925,0
DA:968,0
DA:969,0
DA:1010,0
DA:1109,0
DA:1115,0
DA:1116,0
DA:1120,0
DA:1121,0
DA:1144,0
DA:1149,0
DA:1150,0
end_of_record
SF:/usr/include/c++/11/new
FN:174,_ZnwmPv
FNDA:0,_ZnwmPv
DA:174,0
DA:175,0
end_of_record
SF:/usr/include/c++/11/bits/stl_iterator_base_types.h
FN:238,_ZSt19__iterator_categoryIPmENSt15iterator_traitsIT_E17iterator_categoryERKS2_
FNDA:0,_ZSt19__iterator_categoryIPmENSt15iterator_traitsIT_E17iterator_categoryERKS2_
DA:238,0
DA:239,0
end_of_record
TN:
SF:/usr/include/c++/11/ext/aligned_buffer.h
FN:64,_ZN9__gnu_cxx16__aligned_membufISt4pairIKmmEE7_M_addrEv
FNDA:0,_ZN9__gnu_cxx16__aligned_membufISt4pairIKmmEE7_M_addrEv
FN:68,_ZNK9__gnu_cxx16__aligned_membufISt4pairIKmmEE7_M_addrEv
FNDA:0,_ZNK9__gnu_cxx16__aligned_membufISt4pairIKmmEE7_M_addrEv
FN:72,_ZN9__gnu_cxx16__aligned_membufISt4pairIKmmEE6_M_ptrEv
FNDA:0,_ZN9__gnu_cxx16__aligned_membufISt4pairIKmmEE6_M_ptrEv
FN:76,_ZNK9__gnu_cxx16__aligned_membufISt4pairIKmmEE6_M_ptrEv
FNDA:0,_ZNK9__gnu_cxx16__aligned_membufISt4pairIKmmEE6_M_ptrEv
DA:64,0
DA:65,0
DA:68,0
DA:69,0
DA:72,0
DA:73,0
DA:76,0
DA:77,0
end_of_record
SF:/usr/include/c++/11/bits/stl_tree.h
FN:112,_ZNSt18_Rb_tree_node_base10_S_minimumEPS_
FNDA:0,_ZNSt18_Rb_tree_node_base10_S_minimumEPS_
FN:126,_ZNSt18_Rb_tree_node_base10_S_maximumEPS_
FNDA:0,_ZNSt18_Rb_tree_node_base10_S_maximumEPS_
FN:146,_ZNSt20_Rb_tree_key_compareISt4lessImEEC2Ev
FNDA:0,_ZNSt20_Rb_tree_key_compareISt4lessImEEC2Ev
FN:152,_ZNSt20_Rb_tree_key_compareISt4lessImEEC2ERKS1_
FNDA:0,_ZNSt20_Rb_tree_key_compareISt4lessImEEC2ERKS1_
FN:173,_ZNSt15_Rb_tree_headerC2Ev
FNDA:0,_ZNSt15_Rb_tree_headerC2Ev
FN:206,_ZNSt15_Rb_tree_header8_M_resetEv
FNDA:0,_ZNSt15_Rb_tree_header8_M_resetEv
FN:234,_ZNSt13_Rb_tree_nodeISt4pairIKmmEE9_M_valptrEv
FNDA:0,_ZNSt13_Rb_tree_nodeISt4pairIKmmEE9_M_valptrEv
FN:238,_ZNKSt13_Rb_tree_nodeISt4pairIKmmEE9_M_valptrEv
FNDA:0,_ZNKSt13_Rb_tree_nodeISt4pairIKmmEE9_M_valptrEv
FN:273,_ZNSt17_Rb_tree_iteratorISt4pairIKmmEEC2EPSt18_Rb_tree_node_base
FNDA:0,_ZNSt17_Rb_tree_iteratorISt4pairIKmmEEC2EPSt18_Rb_tree_node_base
FN:350,_ZNSt23_Rb_tree_const_iteratorISt4pairIKmmEEC2ERKSt17_Rb_tree_iteratorIS2_E
FNDA:0,_ZNSt23_Rb_tree_const_iteratorISt4pairIKmmEEC2ERKSt17_Rb_tree_iteratorIS2_E
FN:373,_ZNSt23_Rb_tree_const_iteratorISt4pairIKmmEEppEi
FNDA:0,_ZNSt23_Rb_tree_const_iteratorISt4pairIKmmEEppEi
FN:396,_ZSteqRKSt23_Rb_tree_const_iteratorISt4pairIKmmEES5_
FNDA:0,_ZSteqRKSt23_Rb_tree_const_iteratorISt4pairIKmmEES5_
FN:401,_ZStneRKSt23_Rb_tree_const_iteratorISt4pairIKmmEES5_
FNDA:0,_ZStneRKSt23_Rb_tree_const_iteratorISt4pairIKmmEES5_
FN:523,_ZNSt8_Rb_treeImSt4pairIKmmESt10_Select1stIS2_ESt4lessImESaIS2_EE11_Alloc_nodeC2ERS8_
FNDA:0,_ZNSt8_Rb_treeImSt4pairIKmmESt10_Select1stIS2_ESt4lessImESaIS2_EE11_Alloc_nodeC2ERS8_
FN:528,_ZNKSt8_Rb_treeImSt4pairIKmmESt10_Select1stIS2_ESt4lessImESaIS2_EE11_Alloc_nodeclIRKS2_EEPSt13_Rb_tree_nodeIS2_EOT_
FNDA:0,_ZNKSt8_Rb_treeImSt4pairIKmmESt10_Select1stIS2_ESt4lessImESaIS2_EE11_Alloc_nodeclIRKS2_EEPSt13_Rb_tree_nodeIS2_EOT_
FN:547,_ZNSt8_Rb_treeImSt4pairIKmmESt10_Select1stIS2_ESt4lessImESaIS2_EE21_M_get_Node_allocatorEv
FNDA:0,_ZNSt8_Rb_treeImSt4pairIKmmESt10_Select1stIS2_ESt4lessImESaIS2_EE21_M_get_Node_allocatorEv
FN:560,_ZNSt8_Rb_treeImSt4pairIKmmESt10_Select1stIS2_ESt4lessImESaIS2_EE11_M_get_nodeEv
FNDA:0,_ZNSt8_Rb_treeImSt4pairIKmmESt10_Select1stIS2_ESt4lessImESaIS2_EE11_M_get_nodeEv
FN:564,_ZNSt8_Rb_treeImSt4pairIKmmESt10_Select1stIS2_ESt4lessImESaIS2_EE11_M_put_nodeEPSt13_Rb_tree_nodeIS2_E
FNDA:0,_ZNSt8_Rb_treeImSt4pairIKmmESt10_Select1stIS2_ESt4lessImESaIS2_EE11_M_put_nodeEPSt13_Rb_tree_nodeIS2_E
FN:590,_ZNSt8_Rb_treeImSt4pairIKmmESt10_Select1stIS2_ESt4lessImESaIS2_EE17_M_construct_nodeIJRKS2_EEEvPSt13_Rb_tree_nodeIS2_EDpOT_
FNDA:0,_ZNSt8_Rb_treeImSt4pairIKmmESt10_Select1stIS2_ESt4lessImESaIS2_EE17_M_construct_nodeIJRKS2_EEEvPSt13_Rb_tree_nodeIS2_EDpOT_
FN:609,_ZNSt8_Rb_treeImSt4pairIKmmESt10_Select1stIS2_ESt4lessImESaIS2_EE14_M_create_nodeIJRKS2_EEEPSt13_Rb_tree_nodeIS2_EDpOT_
FNDA:0,_ZNSt8_Rb_treeImSt4pairIKmmESt10_Select1stIS2_ESt4lessImESaIS2_EE14_M_create_nodeIJRKS2_EEEPSt13_Rb_tree_nodeIS2_EDpOT_
FN:618,_ZNSt8_Rb_treeImSt4pairIKmmESt10_Select1stIS2_ESt4lessImESaIS2_EE15_M_destroy_nodeEPSt13_Rb_tree_nodeIS2_E
FNDA:0,_ZNSt8_Rb_treeImSt4pairIKmmESt10_Select1stIS2_ESt4lessImESaIS2_EE15_M_destroy_nodeEPSt13_Rb_tree_nodeIS2_E
FN:629,_ZNSt8_Rb_treeImSt4pairIKmmESt10_Select1stIS2_ESt4lessImESaIS2_EE12_M_drop_nodeEPSt13_Rb_tree_nodeIS2_E
FNDA:0,_ZNSt8_Rb_treeImSt4pairIKmmESt10_Select1stIS2_ESt4lessImESaIS2_EE12_M_drop_nodeEPSt13_Rb_tree_nodeIS2_E
FN:637,_ZNSt8_Rb_treeImSt4pairIKmmESt10_Select1stIS2_ESt4lessImESaIS2_EE13_M_clone_nodeILb0ENS8_11_Alloc_nodeEEEPSt13_Rb_tree_nodeIS2_ESD_RT0_
FNDA:0,_ZNSt8_Rb_treeImSt4pairIKmmESt10_Select1stIS2_ESt4lessImESaIS2_EE13_M_clone_nodeILb0ENS8_11_Alloc_nodeEEEPSt13_Rb_tree_nodeIS2_ESD_RT0_
FN:667,_ZNSt8_Rb_treeImSt4pairIKmmESt10_Select1stIS2_ESt4lessImESaIS2_EE13_Rb_tree_implIS6_Lb1EEC2Ev
FNDA:0,_ZNSt8_Rb_treeImSt4pairIKmmESt10_Select1stIS2_ESt4lessImESaIS2_EE13_Rb_tree_implIS6_Lb1EEC2Ev
FN:674,_ZNSt8_Rb_treeImSt4pairIKmmESt10_Select1stIS2_ESt4lessImESaIS2_EE13_Rb_tree_implIS6_Lb1EEC2ERKSA_
FNDA:0,_ZNSt8_Rb_treeImSt4pairIKmmESt10_Select1stIS2_ESt4lessImESaIS2_EE13_Rb_tree_implIS6_Lb1EEC2ERKSA_
FN:710,_ZNSt8_Rb_treeImSt4pairIKmmESt10_Select1stIS2_ESt4lessImESaIS2_EE7_M_rootEv
FNDA:0,_ZNSt8_Rb_treeImSt4pairIKmmESt10_Select1stIS2_ESt4lessImESaIS2_EE7_M_rootEv
FN:714,_ZNKSt8_Rb_treeImSt4pairIKmmESt10_Select1stIS2_ESt4lessImESaIS2_EE7_M_rootEv
FNDA:0,_ZNKSt8_Rb_treeImSt4pairIKmmESt10_Select1stIS2_ESt4lessImESaIS2_EE7_M_rootEv
FN:718,_ZNSt8_Rb_treeImSt4pairIKmmESt10_Select1stIS2_ESt4lessImESaIS2_EE11_M_leftmostEv
FNDA:0,_ZNSt8_Rb_treeImSt4pairIKmmESt10_Select1stIS2_ESt4lessImESaIS2_EE11_M_leftmostEv
FN:726,_ZNSt8_Rb_treeImSt4pairIKmmESt10_Select1stIS2_ESt4lessImESaIS2_EE12_M_rightmostEv
FNDA:0,_ZNSt8_Rb_treeImSt4pairIKmmESt10_Select1stIS2_ESt4lessImESaIS2_EE12_M_rightmostEv
FN:734,_ZNKSt8_Rb_treeImSt4pairIKmmESt10_Select1stIS2_ESt4lessImESaIS2_EE9_M_mbeginEv
FNDA:0,_ZNKSt8_Rb_treeImSt4pairIKmmESt10_Select1stIS2_ESt4lessImESaIS2_EE9_M_mbeginEv
FN:738,_ZNSt8_Rb_treeImSt4pairIKmmESt10_Select1stIS2_ESt4lessImESaIS2_EE8_M_beginEv
FNDA:0,_ZNSt8_Rb_treeImSt4pairIKmmESt10_Select1stIS2_ESt4lessImESaIS2_EE8_M_beginEv
FN:749,_ZNSt8_Rb_treeImSt4pairIKmmESt10_Select1stIS2_ESt4lessImESaIS2_EE6_M_endEv
FNDA:0,_ZNSt8_Rb_treeImSt4pairIKmmESt10_Select1stIS2_ESt4lessImESaIS2_EE6_M_endEv
FN:757,_ZNSt8_Rb_treeImSt4pairIKmmESt10_Select1stIS2_ESt4lessImESaIS2_EE6_S_keyEPKSt13_Rb_tree_nodeIS2_E
FNDA:0,_ZNSt8_Rb_treeImSt4pairIKmmESt10_Select1stIS2_ESt4lessImESaIS2_EE6_S_keyEPKSt13_Rb_tree_nodeIS2_E
FN:779,_ZNSt8_Rb_treeImSt4pairIKmmESt10_Select1stIS2_ESt4lessImESaIS2_EE7_S_leftEPSt18_Rb_tree_node_base
FNDA:0,_ZNSt8_Rb_treeImSt4pairIKmmESt10_Select1stIS2_ESt4lessImESaIS2_EE7_S_leftEPSt18_Rb_tree_node_base
FN:787,_ZNSt8_Rb_treeImSt4pairIKmmESt10_Select1stIS2_ESt4lessImESaIS2_EE8_S_rightEPSt18_Rb_tree_node_base
FNDA:0,_ZNSt8_Rb_treeImSt4pairIKmmESt10_Select1stIS2_ESt4lessImESaIS2_EE8_S_rightEPSt18_Rb_tree_node_base
FN:799,_ZNSt8_Rb_treeImSt4pairIKmmESt10_Select1stIS2_ESt4lessImESaIS2_EE10_S_minimumEPSt18_Rb_tree_node_base
FNDA:0,_ZNSt8_Rb_treeImSt4pairIKmmESt10_Select1stIS2_ESt4lessImESaIS2_EE10_S_minimumEPSt18_Rb_tree_node_base
FN:807,_ZNSt8_Rb_treeImSt4pairIKmmESt10_Select1stIS2_ESt4lessImESaIS2_EE10_S_maximumEPSt18_Rb_tree_node_base
FNDA:0,_ZNSt8_Rb_treeImSt4pairIKmmESt10_Select1stIS2_ESt4lessImESaIS2_EE10_S_maximumEPSt18_Rb_tree_node_base
FN:887,_ZNSt8_Rb_treeImSt4pairIKmmESt10_Select1stIS2_ESt4lessImESaIS2_EE7_M_copyILb0ENS8_11_Alloc_nodeEEEPSt13_Rb_tree_nodeIS2_ERKS8_RT0_
FNDA:0,_ZNSt8_Rb_treeImSt4pairIKmmESt10_Select1stIS2_ESt4lessImESaIS2_EE7_M_copyILb0ENS8_11_Alloc_nodeEEEPSt13_Rb_tree_nodeIS2_ERKS8_RT0_
FN:898,_ZNSt8_Rb_treeImSt4pairIKmmESt10_Select1stIS2_ESt4lessImESaIS2_EE7_M_copyERKS8_
FNDA:0,_ZNSt8_Rb_treeImSt4pairIKmmESt10_Select1stIS2_ESt4lessImESaIS2_EE7_M_copyERKS8_
FN:928,_ZNSt8_Rb_treeImSt4pairIKmmESt10_Select1stIS2_ESt4lessImESaIS2_EEC2Ev
FNDA:0,_ZNSt8_Rb_treeImSt4pairIKmmESt10_Select1stIS2_ESt4lessImESaIS2_EEC2Ev
FN:935,_ZNSt8_Rb_treeImSt4pairIKmmESt10_Select1stIS2_ESt4lessImESaIS2_EEC2ERKS8_
FNDA:0,_ZNSt8_Rb_treeImSt4pairIKmmESt10_Select1stIS2_ESt4lessImESaIS2_EEC2ERKS8_
FN:983,_ZNSt8_Rb_treeImSt4pairIKmmESt10_Select1stIS2_ESt4lessImESaIS2_EED2Ev
FNDA:0,_ZNSt8_Rb_treeImSt4pairIKmmESt10_Select1stIS2_ESt4lessImESaIS2_EED2Ev
FN:995,_ZNSt8_Rb_treeImSt4pairIKmmESt10_Select1stIS2_ESt4lessImESaIS2_EE5beginEv
FNDA:0,_ZNSt8_Rb_treeImSt4pairIKmmESt10_Select1stIS2_ESt4lessImESaIS2_EE5beginEv
FN:1003,_ZNSt8_Rb_treeImSt4pairIKmmESt10_Select1stIS2_ESt4lessImESaIS2_EE3endEv
FNDA:0,_ZNSt8_Rb_treeImSt4pairIKmmESt10_Select1stIS2_ESt4lessImESaIS2_EE3endEv
FN:1031,_ZNKSt8_Rb_treeImSt4pairIKmmESt10_Select1stIS2_ESt4lessImESaIS2_EE4sizeEv
FNDA:0,_ZNKSt8_Rb_treeImSt4pairIKmmESt10_Select1stIS2_ESt4lessImESaIS2_EE4sizeEv
FN:1252,_ZNSt8_Rb_treeImSt4pairIKmmESt10_Select1stIS2_ESt4lessImESaIS2_EE5clearEv
FNDA:0,_ZNSt8_Rb_treeImSt4pairIKmmESt10_Select1stIS2_ESt4lessImESaIS2_EE5clearEv
FN:1845,_ZNSt8_Rb_treeImSt4pairIKmmESt10_Select1stIS2_ESt4lessImESaIS2_EE7_M_copyILb0ENS8_11_Alloc_nodeEEEPSt13_Rb_tree_nodeIS2_ESD_PSt18_Rb_tree_node_baseRT0_
FNDA:0,_ZNSt8_Rb_treeImSt4pairIKmmESt10_Select1stIS2_ESt4lessImESaIS2_EE7_M_copyILb0ENS8_11_Alloc_nodeEEEPSt13_Rb_tree_nodeIS2_ESD_PSt18_Rb_tree_node_baseRT0_
FN:1883,_ZNSt8_Rb_treeImSt4pairIKmmESt10_Select1stIS2_ESt4lessImESaIS2_EE8_M_eraseEPSt13_Rb_tree_nodeIS2_E
FNDA:0,_ZNSt8_Rb_treeImSt4pairIKmmESt10_Select1stIS2_ESt4lessImESaIS2_EE8_M_eraseEPSt13_Rb_tree_nodeIS2_E
FN:1900,_ZNSt8_Rb_treeImSt4pairIKmmESt10_Select1stIS2_ESt4lessImESaIS2_EE14_M_lower_boundEPSt13_Rb_tree_nodeIS2_EPSt18_Rb_tree_node_baseRS1_
FNDA:0,_ZNSt8_Rb_treeImSt4pairIKmmESt10_Select1stIS2_ESt4lessImESaIS2_EE14_M_lower_boundEPSt13_Rb_tree_nodeIS2_EPSt18_Rb_tree_node_baseRS1_
FN:1932,_ZNSt8_Rb_treeImSt4pairIKmmESt10_Select1stIS2_ESt4lessImESaIS2_EE14_M_upper_boundEPSt13_Rb_tree_nodeIS2_EPSt18_Rb_tree_node_baseRS1_
FNDA:0,_ZNSt8_Rb_treeImSt4pairIKmmESt10_Select1stIS2_ESt4lessImESaIS2_EE14_M_upper_boundEPSt13_Rb_tree_nodeIS2_EPSt18_Rb_tree_node_baseRS1_
FN:1966,_ZNSt8_Rb_treeImSt4pairIKmmESt10_Select1stIS2_ESt4lessImESaIS2_EE11equal_rangeERS1_
FNDA:0,_ZNSt8_Rb_treeImSt4pairIKmmESt10_Select1stIS2_ESt4lessImESaIS2_EE11equal_rangeERS1_
FN:2480,_ZNSt8_Rb_treeImSt4pairIKmmESt10_Select1stIS2_ESt4lessImESaIS2_EE12_M_erase_auxESt23_Rb_tree_const_iteratorIS2_E
FNDA:0,_ZNSt8_Rb_treeImSt4pairIKmmESt10_Select1stIS2_ESt4lessImESaIS2_EE12_M_erase_auxESt23_Rb_tree_const_iteratorIS2_E
FN:2494,_ZNSt8_Rb_treeImSt4pairIKmmESt10_Select1stIS2_ESt4lessImESaIS2_EE12_M_erase_auxESt23_Rb_tree_const_iteratorIS2_ESA_
FNDA:0,_ZNSt8_Rb_treeImSt4pairIKmmESt10_Select1stIS2_ESt4lessImESaIS2_EE12_M_erase_auxESt23_Rb_tree_const_iteratorIS2_ESA_
FN:2507,_ZNSt8_Rb_treeImSt4pairIKmmESt10_Select1stIS2_ESt4lessImESaIS2_EE5eraseERS1_
FNDA:0,_ZNSt8_Rb_treeImSt4pairIKmmESt10_Select1stIS2_ESt4lessImESaIS2_EE5eraseERS1_
DA:112,0
DA:114,0
DA:115,0
DA:126,0
DA:128,0
DA:129,0
DA:146,0
DA:150,0
DA:152,0
DA:154,0
DA:173,0
DA:174,0
DA:175,0
DA:176,0
DA:177,0
DA:206,0
DA:208,0
DA:209,0
DA:210,0
DA:211,0
DA:212,0
DA:234,0
DA:235,0
DA:238,0
DA:239,0
DA:273,0
DA:274,0
DA:350,0
DA:351,0
DA:373,0
DA:375,0
DA:376,0
DA:377,0
DA:396,0
DA:397,0
DA:401,0
DA:402,0
DA:523,0
DA:524,0
DA:528,0
DA:529,0
DA:547,0
DA:548,0
DA:560,0
DA:561,0
DA:564,0
DA:565,0
DA:590,0
DA:594,0
DA:595,0
DA:605,0
DA:609,0
DA:611,0
DA:612,0
DA:613,0
DA:618,0
DA:623,0
DA:624,0
DA:626,0
DA:629,0
DA:631,0
DA:632,0
DA:633,0
DA:637,0
DA:645,0
DA:646,0
DA:647,0
DA:648,0
DA:649,0
DA:667,0
DA:671,0
DA:672,0
DA:674,0
DA:676,0
DA:677,0
DA:678,0
DA:710,0
DA:711,0
DA:714,0
DA:715,0
DA:718,0
DA:719,0
DA:726,0
DA:727,0
DA:734,0
DA:735,0
DA:738,0
DA:739,0
DA:749,0
DA:750,0
DA:757,0
DA:775,0
DA:779,0
DA:780,0
DA:787,0
DA:788,0
DA:799,0
DA:800,0
DA:807,0
DA:808,0
DA:887,0
DA:890,0
DA:891,0
DA:892,0
DA:893,0
DA:894,0
DA:898,0
DA:900,0
DA:901,0
DA:928,0
DA:935,0
DA:936,0
DA:938,0
DA:939,0
DA:940,0
DA:983,0
DA:984,0
DA:995,0
DA:996,0
DA:1003,0
DA:1004,0
DA:1031,0
DA:1032,0
DA:1252,0
DA:1254,0
DA:1255,0
DA:1256,0
DA:1845,0
DA:1849,0
DA:1850,0
DA:1854,0
DA:1855,0
DA:1856,0
DA:1857,0
DA:1858,0
DA:1860,0
DA:1862,0
DA:1863,0
DA:1864,0
DA:1865,0
DA:1866,0
DA:1868,0
DA:1869,0
DA:1872,0
DA:1874,0
DA:1875,0
DA:1877,0
DA:1883,0
DA:1887,0
DA:1889,0
DA:1890,0
DA:1891,0
DA:1892,0
DA:1894,0
DA:1900,0
DA:1904,0
DA:1905,0
DA:1906,0
DA:1908,0
DA:1909,0
DA:1932,0
DA:1936,0
DA:1937,0
DA:1938,0
DA:1940,0
DA:1941,0
DA:1966,0
DA:1969,0
DA:1970,0
DA:1971,0
DA:1973,0
DA:1974,0
DA:1975,0
DA:1976,0
DA:1979,0
DA:1980,0
DA:1981,0
DA:1982,0
DA:1983,0
DA:1984,0
DA:1985,0
DA:1988,0
DA:1989,0
DA:2480,0
DA:2485,0
DA:2486,0
DA:2487,0
DA:2488,0
DA:2489,0
DA:2494,0
DA:2497,0
DA:2498,0
DA:2500,0
DA:2501,0
DA:2502,0
DA:2507,0
DA:2510,0
DA:2511,0
DA:2512,0
DA:2513,0
end_of_record
SF:/home/ido/Course-OperationSystems/OS-FinalProject/GraphObj/vertex.hpp
end_of_record
SF:/usr/include/c++/11/ext/alloc_traits.h
FN:97,_ZN9__gnu_cxx14__alloc_traitsISaISt13_Rb_tree_nodeISt4pairIKmmEEES5_E17_S_select_on_copyERKS6_
FNDA:0,_ZN9__gnu_cxx14__alloc_traitsISaISt13_Rb_tree_nodeISt4pairIKmmEEES5_E17_S_select_on_copyERKS6_
FN:97,_ZN9__gnu_cxx14__alloc_traitsISaI4EdgeES1_E17_S_select_on_copyERKS2_
FNDA:0,_ZN9__gnu_cxx14__alloc_traitsISaI4EdgeES1_E17_S_select_on_copyERKS2_
DA:97,0
DA:98,0
DA:97,0
DA:98,0
end_of_record
SF:/usr/include/c++/11/bits/cpp_type_traits.h
FN:560,_ZSt12__miter_baseIN9__gnu_cxx17__normal_iteratorIP4EdgeSt6vectorIS2_SaIS2_EEEEET_S8_
FNDA:0,_ZSt12__miter_baseIN9__gnu_cxx17__normal_iteratorIP4EdgeSt6vectorIS2_SaIS2_EEEEET_S8_
DA:560,0
DA:561,0
end_of_record
SF:/usr/include/c++/11/bits/vector.tcc
FN:184,_ZNSt6vectorI4EdgeSaIS0_EE8_M_eraseEN9__gnu_cxx17__normal_iteratorIPS0_S2_EES6_
FNDA:4,_ZNSt6vectorI4EdgeSaIS0_EE8_M_eraseEN9__gnu_cxx17__normal_iteratorIPS0_S2_EES6_
FN:426,_ZNSt6vectorI4EdgeSaIS0_EE17_M_realloc_insertIJRKS0_EEEvN9__gnu_cxx17__normal_iteratorIPS0_S2_EEDpOT_
FNDA:61,_ZNSt6vectorI4EdgeSaIS0_EE17_M_realloc_insertIJRKS0_EEEvN9__gnu_cxx17__normal_iteratorIPS0_S2_EEDpOT_
DA:184,4
DA:187,4
DA:189,4
DA:190,0
DA:191,4
DA:193,4
DA:426,61
DA:436,61
DA:437,61
DA:438,61
DA:439,61
DA:440,61
DA:441,61
DA:449,61
DA:450,61
DA:456,61
DA:474,61
DA:475,61
DA:477,61
DA:481,61
DA:482,61
DA:485,0
DA:487,0
DA:488,0
DA:489,0
DA:491,0
DA:492,0
DA:493,0
DA:498,61
DA:500,61
DA:501,61
DA:502,61
DA:503,61
DA:504,61
DA:505,61
end_of_record
SF:/usr/include/c++/11/bits/move.h
FN:49,_ZSt11__addressofI4EdgeEPT_RS1_
FNDA:0,_ZSt11__addressofI4EdgeEPT_RS1_
FN:77,_ZSt7forwardIRKSt4pairIKmmEEOT_RNSt16remove_referenceIS5_E4typeE
FNDA:0,_ZSt7forwardIRKSt4pairIKmmEEOT_RNSt16remove_referenceIS5_E4typeE
FN:77,_ZSt7forwardISt17_Rb_tree_iteratorISt4pairIKmmEEEOT_RNSt16remove_referenceIS5_E4typeE
FNDA:0,_ZSt7forwardISt17_Rb_tree_iteratorISt4pairIKmmEEEOT_RNSt16remove_referenceIS5_E4typeE
FN:77,_ZSt7forwardIRK4EdgeEOT_RNSt16remove_referenceIS3_E4typeE
FNDA:0,_ZSt7forwardIRK4EdgeEOT_RNSt16remove_referenceIS3_E4typeE
FN:104,_ZSt4moveIR4EdgeEONSt16remove_referenceIT_E4typeEOS3_
FNDA:10,_ZSt4moveIR4EdgeEONSt16remove_referenceIT_E4typeEOS3_
DA:49,0
DA:50,0
DA:77,0
DA:78,0
DA:77,0
DA:78,0
DA:77,0
DA:78,0
DA:104,10
DA:105,10
end_of_record
SF:/usr/include/c++/11/bits/alloc_traits.h
FN:463,_ZNSt16allocator_traitsISaISt13_Rb_tree_nodeISt4pairIKmmEEEE8allocateERS5_m
FNDA:0,_ZNSt16allocator_traitsISaISt13_Rb_tree_nodeISt4pairIKmmEEEE8allocateERS5_m
FN:463,_ZNSt16allocator_traitsISaI4EdgeEE8allocateERS1_m
FNDA:0,_ZNSt16allocator_traitsISaI4EdgeEE8allocateERS1_m
FN:495,_ZNSt16allocator_traitsISaISt13_Rb_tree_nodeISt4pairIKmmEEEE10deallocateERS5_PS4_m
FNDA:0,_ZNSt16allocator_traitsISaISt13_Rb_tree_nodeISt4pairIKmmEEEE10deallocateERS5_PS4_m
FN:495,_ZNSt16allocator_traitsISaI4EdgeEE10deallocateERS1_PS0_m
FNDA:0,_ZNSt16allocator_traitsISaI4EdgeEE10deallocateERS1_PS0_m
FN:511,_ZNSt16allocator_traitsISaISt13_Rb_tree_nodeISt4pairIKmmEEEE9constructIS3_JRKS3_EEEvRS5_PT_DpOT0_
FNDA:0,_ZNSt16allocator_traitsISaISt13_Rb_tree_nodeISt4pairIKmmEEEE9constructIS3_JRKS3_EEEvRS5_PT_DpOT0_
FN:511,_ZNSt16allocator_traitsISaI4EdgeEE9constructIS0_JRKS0_EEEvRS1_PT_DpOT0_
FNDA:79,_ZNSt16allocator_traitsISaI4EdgeEE9constructIS0_JRKS0_EEEvRS1_PT_DpOT0_
FN:531,_ZNSt16allocator_traitsISaISt13_Rb_tree_nodeISt4pairIKmmEEEE7destroyIS3_EEvRS5_PT_
FNDA:0,_ZNSt16allocator_traitsISaISt13_Rb_tree_nodeISt4pairIKmmEEEE7destroyIS3_EEvRS5_PT_
FN:531,_ZNSt16allocator_traitsISaI4EdgeEE7destroyIS0_EEvRS1_PT_
FNDA:0,_ZNSt16allocator_traitsISaI4EdgeEE7destroyIS0_EEvRS1_PT_
FN:547,_ZNSt16allocator_traitsISaI4EdgeEE8max_sizeERKS1_
FNDA:124,_ZNSt16allocator_traitsISaI4EdgeEE8max_sizeERKS1_
FN:562,_ZNSt16allocator_traitsISaISt13_Rb_tree_nodeISt4pairIKmmEEEE37select_on_container_copy_constructionERKS5_
FNDA:0,_ZNSt16allocator_traitsISaISt13_Rb_tree_nodeISt4pairIKmmEEEE37select_on_container_copy_constructionERKS5_
FN:562,_ZNSt16allocator_traitsISaI4EdgeEE37select_on_container_copy_constructionERKS1_
FNDA:0,_ZNSt16allocator_traitsISaI4EdgeEE37select_on_container_copy_constructionERKS1_
FN:845,_ZSt8_DestroyIP4EdgeS0_EvT_S2_RSaIT0_E
FNDA:0,_ZSt8_DestroyIP4EdgeS0_EvT_S2_RSaIT0_E
DA:463,0
DA:464,0
DA:463,0
DA:464,0
DA:495,0
DA:496,0
DA:495,0
DA:496,0
DA:511,0
DA:516,0
DA:520,0
DA:511,79
DA:516,79
DA:520,79
DA:531,0
DA:535,0
DA:539,0
DA:531,0
DA:535,0
DA:539,0
DA:547,124
DA:550,124
DA:562,0
DA:563,0
DA:562,0
DA:563,0
DA:845,0
DA:848,0
DA:849,0
end_of_record
SF:/usr/include/c++/11/iostream
end_of_record
SF:/usr/include/c++/11/bits/stl_uninitialized.h
FN:85,_ZNSt20__uninitialized_copyILb0EE13__uninit_copyIPK4EdgePS2_EET0_T_S7_S6_
FNDA:122,_ZNSt20__uninitialized_copyILb0EE13__uninit_copyIPK4EdgePS2_EET0_T_S7_S6_
FN:85,_ZNSt20__uninitialized_copyILb0EE13__uninit_copyIN9__gnu_cxx17__normal_iteratorIPK4EdgeSt6vectorIS4_SaIS4_EEEEPS4_EET0_T_SD_SC_
FNDA:0,_ZNSt20__uninitialized_copyILb0EE13__uninit_copyIN9__gnu_cxx17__normal_iteratorIPK4EdgeSt6vectorIS4_SaIS4_EEEEPS4_EET0_T_SD_SC_
FN:126,_ZSt18uninitialized_copyIPK4EdgePS0_ET0_T_S5_S4_
FNDA:122,_ZSt18uninitialized_copyIPK4EdgePS0_ET0_T_S5_S4_
FN:126,_ZSt18uninitialized_copyIN9__gnu_cxx17__normal_iteratorIPK4EdgeSt6vectorIS2_SaIS2_EEEEPS2_ET0_T_SB_SA_
FNDA:0,_ZSt18uninitialized_copyIN9__gnu_cxx17__normal_iteratorIPK4EdgeSt6vectorIS2_SaIS2_EEEEPS2_ET0_T_SB_SA_
FN:331,_ZSt22__uninitialized_copy_aIPK4EdgePS0_S0_ET0_T_S5_S4_RSaIT1_E
FNDA:122,_ZSt22__uninitialized_copy_aIPK4EdgePS0_S0_ET0_T_S5_S4_RSaIT1_E
FN:331,_ZSt22__uninitialized_copy_aIN9__gnu_cxx17__normal_iteratorIPK4EdgeSt6vectorIS2_SaIS2_EEEEPS2_S2_ET0_T_SB_SA_RSaIT1_E
FNDA:0,_ZSt22__uninitialized_copy_aIN9__gnu_cxx17__normal_iteratorIPK4EdgeSt6vectorIS2_SaIS2_EEEEPS2_S2_ET0_T_SB_SA_RSaIT1_E
FN:349,_ZSt34__uninitialized_move_if_noexcept_aIP4EdgeS1_SaIS0_EET0_T_S4_S3_RT1_
FNDA:122,_ZSt34__uninitialized_move_if_noexcept_aIP4EdgeS1_SaIS0_EET0_T_S4_S3_RT1_
DA:85,122
DA:88,122
DA:91,149
DA:92,27
DA:93,122
DA:95,0
DA:97,0
DA:98,0
DA:85,0
DA:88,0
DA:91,0
DA:92,0
DA:93,0
DA:95,0
DA:97,0
DA:98,0
DA:126,122
DA:145,122
DA:151,122
DA:126,0
DA:145,0
DA:151,0
DA:331,122
DA:333,122
DA:331,0
DA:333,0
DA:349,122
DA:355,122
DA:356,122
end_of_record
SF:/usr/include/c++/11/bits/predefined_ops.h
FN:262,_ZN9__gnu_cxx5__ops16_Iter_equals_valIK4EdgeEC2ERS3_
FNDA:46,_ZN9__gnu_cxx5__ops16_Iter_equals_valIK4EdgeEC2ERS3_
FN:269,_ZN9__gnu_cxx5__ops16_Iter_equals_valIK4EdgeEclINS_17__normal_iteratorIPS2_St6vectorIS2_SaIS2_EEEEEEbT_
FNDA:22,_ZN9__gnu_cxx5__ops16_Iter_equals_valIK4EdgeEclINS_17__normal_iteratorIPS2_St6vectorIS2_SaIS2_EEEEEEbT_
FN:276,_ZN9__gnu_cxx5__ops17__iter_equals_valIK4EdgeEENS0_16_Iter_equals_valIT_EERS5_
FNDA:46,_ZN9__gnu_cxx5__ops17__iter_equals_valIK4EdgeEENS0_16_Iter_equals_valIT_EERS5_
DA:262,46
DA:263,46
DA:264,46
DA:269,22
DA:270,22
DA:276,46
DA:277,46
end_of_record
SF:/usr/include/c++/11/bits/stl_iterator.h
FN:1027,_ZN9__gnu_cxx17__normal_iteratorIPK4EdgeSt6vectorIS1_SaIS1_EEEC2ERKS3_
FNDA:0,_ZN9__gnu_cxx17__normal_iteratorIPK4EdgeSt6vectorIS1_SaIS1_EEEC2ERKS3_
FN:1027,_ZN9__gnu_cxx17__normal_iteratorIP4EdgeSt6vectorIS1_SaIS1_EEEC2ERKS2_
FNDA:318,_ZN9__gnu_cxx17__normal_iteratorIP4EdgeSt6vectorIS1_SaIS1_EEEC2ERKS2_
FN:1033,_ZN9__gnu_cxx17__normal_iteratorIPK4EdgeSt6vectorIS1_SaIS1_EEEC2IPS1_EERKNS0_IT_NS_11__enable_ifIXsrSt10__are_sameISA_S9_E7__valueES6_E6__typeEEE
FNDA:8,_ZN9__gnu_cxx17__normal_iteratorIPK4EdgeSt6vectorIS1_SaIS1_EEEC2IPS1_EERKNS0_IT_NS_11__enable_ifIXsrSt10__are_sameISA_S9_E7__valueES6_E6__typeEEE
FN:1042,_ZNK9__gnu_cxx17__normal_iteratorIP4EdgeSt6vectorIS1_SaIS1_EEEdeEv
FNDA:0,_ZNK9__gnu_cxx17__normal_iteratorIP4EdgeSt6vectorIS1_SaIS1_EEEdeEv
FN:1042,_ZNK9__gnu_cxx17__normal_iteratorIPK4EdgeSt6vectorIS1_SaIS1_EEEdeEv
FNDA:0,_ZNK9__gnu_cxx17__normal_iteratorIPK4EdgeSt6vectorIS1_SaIS1_EEEdeEv
FN:1052,_ZN9__gnu_cxx17__normal_iteratorIPK4EdgeSt6vectorIS1_SaIS1_EEEppEv
FNDA:0,_ZN9__gnu_cxx17__normal_iteratorIPK4EdgeSt6vectorIS1_SaIS1_EEEppEv
FN:1052,_ZN9__gnu_cxx17__normal_iteratorIP4EdgeSt6vectorIS1_SaIS1_EEEppEv
FNDA:0,_ZN9__gnu_cxx17__normal_iteratorIP4EdgeSt6vectorIS1_SaIS1_EEEppEv
FN:1090,_ZNK9__gnu_cxx17__normal_iteratorIP4EdgeSt6vectorIS1_SaIS1_EEEplEl
FNDA:10,_ZNK9__gnu_cxx17__normal_iteratorIP4EdgeSt6vectorIS1_SaIS1_EEEplEl
FN:1105,_ZNK9__gnu_cxx17__normal_iteratorIPK4EdgeSt6vectorIS1_SaIS1_EEE4baseEv
FNDA:0,_ZNK9__gnu_cxx17__normal_iteratorIPK4EdgeSt6vectorIS1_SaIS1_EEE4baseEv
FN:1105,_ZNK9__gnu_cxx17__normal_iteratorIP4EdgeSt6vectorIS1_SaIS1_EEE4baseEv
FNDA:0,_ZNK9__gnu_cxx17__normal_iteratorIP4EdgeSt6vectorIS1_SaIS1_EEE4baseEv
FN:1163,_ZN9__gnu_cxxeqIP4EdgeSt6vectorIS1_SaIS1_EEEEbRKNS_17__normal_iteratorIT_T0_EESB_
FNDA:48,_ZN9__gnu_cxxeqIP4EdgeSt6vectorIS1_SaIS1_EEEEbRKNS_17__normal_iteratorIT_T0_EESB_
FN:1179,_ZN9__gnu_cxxneIP4EdgeSt6vectorIS1_SaIS1_EEEEbRKNS_17__normal_iteratorIT_T0_EESB_
FNDA:0,_ZN9__gnu_cxxneIP4EdgeSt6vectorIS1_SaIS1_EEEEbRKNS_17__normal_iteratorIT_T0_EESB_
FN:1179,_ZN9__gnu_cxxneIPK4EdgeSt6vectorIS1_SaIS1_EEEEbRKNS_17__normal_iteratorIT_T0_EESC_
FNDA:0,_ZN9__gnu_cxxneIPK4EdgeSt6vectorIS1_SaIS1_EEEEbRKNS_17__normal_iteratorIT_T0_EESC_
FN:1268,_ZN9__gnu_cxxmiIPK4EdgeSt6vectorIS1_SaIS1_EEEENS_17__normal_iteratorIT_T0_E15difference_typeERKSA_SD_
FNDA:8,_ZN9__gnu_cxxmiIPK4EdgeSt6vectorIS1_SaIS1_EEEENS_17__normal_iteratorIT_T0_E15difference_typeERKSA_SD_
FN:1268,_ZN9__gnu_cxxmiIP4EdgeSt6vectorIS1_SaIS1_EEEENS_17__normal_iteratorIT_T0_E15difference_typeERKS9_SC_
FNDA:163,_ZN9__gnu_cxxmiIP4EdgeSt6vectorIS1_SaIS1_EEEENS_17__normal_iteratorIT_T0_E15difference_typeERKS9_SC_
FN:1291,_ZSt12__niter_baseIP4EdgeSt6vectorIS0_SaIS0_EEET_N9__gnu_cxx17__normal_iteratorIS5_T0_EE
FNDA:0,_ZSt12__niter_baseIP4EdgeSt6vectorIS0_SaIS0_EEET_N9__gnu_cxx17__normal_iteratorIS5_T0_EE
FN:1723,_ZSt32__make_move_if_noexcept_iteratorI4EdgePKS0_ET0_PT_
FNDA:244,_ZSt32__make_move_if_noexcept_iteratorI4EdgePKS0_ET0_PT_
DA:1027,0
DA:1028,0
DA:1027,318
DA:1028,318
DA:1033,8
DA:1037,8
DA:1042,0
DA:1043,0
DA:1042,0
DA:1043,0
DA:1052,0
DA:1054,0
DA:1055,0
DA:1052,0
DA:1054,0
DA:1055,0
DA:1090,10
DA:1091,10
DA:1105,0
DA:1106,0
DA:1105,0
DA:1106,0
DA:1163,48
DA:1166,48
DA:1179,0
DA:1182,0
DA:1179,0
DA:1182,0
DA:1268,163
DA:1271,163
DA:1268,8
DA:1271,8
DA:1291,0
DA:1293,0
DA:1723,244
DA:1724,244
end_of_record
SF:/usr/include/c++/11/bits/stl_construct.h
FN:109,_ZSt10_ConstructI4EdgeJRKS0_EEvPT_DpOT0_
FNDA:0,_ZSt10_ConstructI4EdgeJRKS0_EEvPT_DpOT0_
FN:146,_ZSt8_DestroyI4EdgeEvPT_
FNDA:0,_ZSt8_DestroyI4EdgeEvPT_
FN:160,_ZNSt12_Destroy_auxILb0EE9__destroyIP4EdgeEEvT_S4_
FNDA:0,_ZNSt12_Destroy_auxILb0EE9__destroyIP4EdgeEEvT_S4_
FN:182,_ZSt8_DestroyIP4EdgeEvT_S2_
FNDA:0,_ZSt8_DestroyIP4EdgeEvT_S2_
DA:109,0
DA:119,0
DA:120,0
DA:146,0
DA:151,0
DA:153,0
DA:160,0
DA:162,0
DA:163,0
DA:164,0
DA:182,0
DA:196,0
DA:197,0
end_of_record
SF:/home/ido/Course-OperationSystems/OS-FinalProject/GraphObj/vertex.cpp
FN:6,_ZN6VertexC2Em
FNDA:14,_ZN6VertexC2Em
FN:10,_ZN6Vertex5getIdEv
FNDA:308,_ZN6Vertex5getIdEv
FN:11,_ZNK6Vertex5getIdEv
FNDA:74,_ZNK6Vertex5getIdEv
FN:14,_ZN6Vertex7addEdgeE4Edge
FNDA:42,_ZN6Vertex7addEdgeE4Edge
FN:21,_ZN6Vertex10removeEdgeE4Edge
FNDA:4,_ZN6Vertex10removeEdgeE4Edge
FN:28,_ZN6Vertex14removeAllEdgesEv
FNDA:12,_ZN6Vertex14removeAllEdgesEv
FN:35,_ZN6Vertex5beginEv
FNDA:14,_ZN6Vertex5beginEv
FN:39,_ZN6Vertex3endEv
FNDA:14,_ZN6Vertex3endEv
FN:44,_ZNK6Vertex6getAdjEv
FNDA:0,_ZNK6Vertex6getAdjEv
FN:49,_ZN6Vertex6getAdjEv
FNDA:58,_ZN6Vertex6getAdjEv
FN:55,_ZN6Vertex8adjBeginEv
FNDA:3,_ZN6Vertex8adjBeginEv
FN:60,_ZN6Vertex6adjEndEv
FNDA:9,_ZN6Vertex6adjEndEv
FN:66,_ZNK6Vertex7hasEdgeES_
FNDA:0,_ZNK6Vertex7hasEdgeES_
FN:76,_ZNK6VertexeqERKS_
FNDA:85,_ZNK6VertexeqERKS_
FN:81,_ZN6VertexaSERKS_
FNDA:50,_ZN6VertexaSERKS_
FN:91,_ZlsRSoRK6Vertex
FNDA:0,_ZlsRSoRK6Vertex
DA:6,14
DA:10,308
DA:11,74
DA:14,42
DA:16,42
DA:17,42
DA:18,42
DA:21,4
DA:23,4
DA:24,4
DA:25,4
DA:28,12
DA:30,12
DA:31,12
DA:32,12
DA:35,14
DA:37,14
DA:39,14
DA:41,14
DA:44,0
DA:46,0
DA:49,58
DA:51,58
DA:55,3
DA:57,3
DA:60,9
DA:62,9
DA:66,0
DA:68,0
DA:70,0
DA:71,0
DA:72,0
DA:73,0
DA:76,85
DA:78,85
DA:81,50
DA:83,50
DA:84,84
DA:86,34
DA:87,34
DA:88,50
DA:91,0
DA:93,0
DA:94,0
end_of_record
SF:/usr/include/c++/11/bits/stl_function.h
FN:399,_ZNKSt4lessImEclERKmS2_
FNDA:0,_ZNKSt4lessImEclERKmS2_
FN:1174,_ZNKSt10_Select1stISt4pairIKmmEEclERKS2_
FNDA:0,_ZNKSt10_Select1stISt4pairIKmmEEclERKS2_
DA:399,0
DA:400,0
DA:1174,0
DA:1175,0
end_of_record
SF:/usr/include/c++/11/bits/stl_vector.h
FN:97,_ZNSt12_Vector_baseI4EdgeSaIS0_EE17_Vector_impl_dataC2Ev
FNDA:0,_ZNSt12_Vector_baseI4EdgeSaIS0_EE17_Vector_impl_dataC2Ev
FN:131,_ZNSt12_Vector_baseI4EdgeSaIS0_EE12_Vector_implC2Ev
FNDA:0,_ZNSt12_Vector_baseI4EdgeSaIS0_EE12_Vector_implC2Ev
FN:136,_ZNSt12_Vector_baseI4EdgeSaIS0_EE12_Vector_implC2ERKS1_
FNDA:0,_ZNSt12_Vector_baseI4EdgeSaIS0_EE12_Vector_implC2ERKS1_
FN:276,_ZNSt12_Vector_baseI4EdgeSaIS0_EE19_M_get_Tp_allocatorEv
FNDA:0,_ZNSt12_Vector_baseI4EdgeSaIS0_EE19_M_get_Tp_allocatorEv
FN:280,_ZNKSt12_Vector_baseI4EdgeSaIS0_EE19_M_get_Tp_allocatorEv
FNDA:0,_ZNKSt12_Vector_baseI4EdgeSaIS0_EE19_M_get_Tp_allocatorEv
FN:288,_ZNSt12_Vector_baseI4EdgeSaIS0_EEC2Ev
FNDA:0,_ZNSt12_Vector_baseI4EdgeSaIS0_EEC2Ev
FN:303,_ZNSt12_Vector_baseI4EdgeSaIS0_EEC2EmRKS1_
FNDA:0,_ZNSt12_Vector_baseI4EdgeSaIS0_EEC2EmRKS1_
FN:333,_ZNSt12_Vector_baseI4EdgeSaIS0_EED2Ev
FNDA:0,_ZNSt12_Vector_baseI4EdgeSaIS0_EED2Ev
FN:343,_ZNSt12_Vector_baseI4EdgeSaIS0_EE11_M_allocateEm
FNDA:0,_ZNSt12_Vector_baseI4EdgeSaIS0_EE11_M_allocateEm
FN:350,_ZNSt12_Vector_baseI4EdgeSaIS0_EE13_M_deallocateEPS0_m
FNDA:0,_ZNSt12_Vector_baseI4EdgeSaIS0_EE13_M_deallocateEPS0_m
FN:359,_ZNSt12_Vector_baseI4EdgeSaIS0_EE17_M_create_storageEm
FNDA:0,_ZNSt12_Vector_baseI4EdgeSaIS0_EE17_M_create_storageEm
FN:487,_ZNSt6vectorI4EdgeSaIS0_EEC2Ev
FNDA:0,_ZNSt6vectorI4EdgeSaIS0_EEC2Ev
FN:553,_ZNSt6vectorI4EdgeSaIS0_EEC2ERKS2_
FNDA:0,_ZNSt6vectorI4EdgeSaIS0_EEC2ERKS2_
FN:678,_ZNSt6vectorI4EdgeSaIS0_EED2Ev
FNDA:0,_ZNSt6vectorI4EdgeSaIS0_EED2Ev
FN:811,_ZNSt6vectorI4EdgeSaIS0_EE5beginEv
FNDA:129,_ZNSt6vectorI4EdgeSaIS0_EE5beginEv
FN:820,_ZNKSt6vectorI4EdgeSaIS0_EE5beginEv
FNDA:0,_ZNKSt6vectorI4EdgeSaIS0_EE5beginEv
FN:829,_ZNSt6vectorI4EdgeSaIS0_EE3endEv
FNDA:179,_ZNSt6vectorI4EdgeSaIS0_EE3endEv
FN:838,_ZNKSt6vectorI4EdgeSaIS0_EE3endEv
FNDA:0,_ZNKSt6vectorI4EdgeSaIS0_EE3endEv
FN:884,_ZNKSt6vectorI4EdgeSaIS0_EE6cbeginEv
FNDA:4,_ZNKSt6vectorI4EdgeSaIS0_EE6cbeginEv
FN:918,_ZNKSt6vectorI4EdgeSaIS0_EE4sizeEv
FNDA:0,_ZNKSt6vectorI4EdgeSaIS0_EE4sizeEv
FN:923,_ZNKSt6vectorI4EdgeSaIS0_EE8max_sizeEv
FNDA:122,_ZNKSt6vectorI4EdgeSaIS0_EE8max_sizeEv
FN:1187,_ZNSt6vectorI4EdgeSaIS0_EE9push_backERKS0_
FNDA:79,_ZNSt6vectorI4EdgeSaIS0_EE9push_backERKS0_
FN:1457,_ZNSt6vectorI4EdgeSaIS0_EE5eraseEN9__gnu_cxx17__normal_iteratorIPKS0_S2_EES7_
FNDA:4,_ZNSt6vectorI4EdgeSaIS0_EE5eraseEN9__gnu_cxx17__normal_iteratorIPKS0_S2_EES7_
FN:1498,_ZNSt6vectorI4EdgeSaIS0_EE5clearEv
FNDA:12,_ZNSt6vectorI4EdgeSaIS0_EE5clearEv
FN:1756,_ZNKSt6vectorI4EdgeSaIS0_EE12_M_check_lenEmPKc
FNDA:61,_ZNKSt6vectorI4EdgeSaIS0_EE12_M_check_lenEmPKc
FN:1776,_ZNSt6vectorI4EdgeSaIS0_EE11_S_max_sizeERKS1_
FNDA:124,_ZNSt6vectorI4EdgeSaIS0_EE11_S_max_sizeERKS1_
FN:1792,_ZNSt6vectorI4EdgeSaIS0_EE15_M_erase_at_endEPS0_
FNDA:16,_ZNSt6vectorI4EdgeSaIS0_EE15_M_erase_at_endEPS0_
DA:97,0
DA:98,0
DA:99,0
DA:131,0
DA:133,0
DA:134,0
DA:136,0
DA:137,0
DA:138,0
DA:276,0
DA:277,0
DA:280,0
DA:281,0
DA:288,0
DA:303,0
DA:304,0
DA:305,0
DA:333,0
DA:335,0
DA:336,0
DA:337,0
DA:343,0
DA:346,0
DA:350,0
DA:353,0
DA:354,0
DA:355,0
DA:359,0
DA:361,0
DA:362,0
DA:363,0
DA:364,0
DA:487,0
DA:553,0
DA:555,0
DA:557,0
DA:558,0
DA:560,0
DA:561,0
DA:678,0
DA:680,0
DA:681,0
DA:683,0
DA:811,129
DA:812,129
DA:820,0
DA:821,0
DA:829,179
DA:830,179
DA:838,0
DA:839,0
DA:884,4
DA:885,4
DA:918,0
DA:919,0
DA:923,122
DA:924,122
DA:1187,79
DA:1189,79
DA:1192,18
DA:1194,18
DA:1198,61
DA:1199,79
DA:1457,4
DA:1459,4
DA:1460,4
DA:1461,8
DA:1498,12
DA:1499,12
DA:1756,61
DA:1758,61
DA:1759,0
DA:1761,61
DA:1762,61
DA:1776,124
DA:1781,124
DA:1783,124
DA:1784,124
DA:1792,16
DA:1794,16
DA:1796,16
DA:1797,16
DA:1798,16
DA:1801,16
end_of_record
SF:/home/ido/Course-OperationSystems/OS-FinalProject/GraphObj/edge.hpp
end_of_record
SF:/usr/include/c++/11/new
FN:174,_ZnwmPv
FNDA:0,_ZnwmPv
FN:180,_ZdlPvS_
FNDA:0,_ZdlPvS_
DA:174,0
DA:175,0
DA:180,0
end_of_record
SF:/usr/include/c++/11/bits/stl_algobase.h
FN:230,_ZSt3minImERKT_S2_S2_
FNDA:0,_ZSt3minImERKT_S2_S2_
FN:254,_ZSt3maxImERKT_S2_S2_
FNDA:0,_ZSt3maxImERKT_S2_S2_
FN:328,_ZSt12__niter_wrapIN9__gnu_cxx17__normal_iteratorIP4EdgeSt6vectorIS2_SaIS2_EEEES3_ET_S8_T0_
FNDA:0,_ZSt12__niter_wrapIN9__gnu_cxx17__normal_iteratorIP4EdgeSt6vectorIS2_SaIS2_EEEES3_ET_S8_T0_
FN:400,_ZNSt11__copy_moveILb1ELb0ESt26random_access_iterator_tagE8__copy_mIP4EdgeS4_EET0_T_S6_S5_
FNDA:0,_ZNSt11__copy_moveILb1ELb0ESt26random_access_iterator_tagE8__copy_mIP4EdgeS4_EET0_T_S6_S5_
FN:486,_ZSt14__copy_move_a2ILb1EP4EdgeS1_ET1_T0_S3_S2_
FNDA:0,_ZSt14__copy_move_a2ILb1EP4EdgeS1_ET1_T0_S3_S2_
FN:521,_ZSt14__copy_move_a1ILb1EP4EdgeS1_ET1_T0_S3_S2_
FNDA:0,_ZSt14__copy_move_a1ILb1EP4EdgeS1_ET1_T0_S3_S2_
FN:527,_ZSt13__copy_move_aILb1EN9__gnu_cxx17__normal_iteratorIP4EdgeSt6vectorIS2_SaIS2_EEEES7_ET1_T0_S9_S8_
FNDA:0,_ZSt13__copy_move_aILb1EN9__gnu_cxx17__normal_iteratorIP4EdgeSt6vectorIS2_SaIS2_EEEES7_ET1_T0_S9_S8_
FN:644,_ZSt4moveIN9__gnu_cxx17__normal_iteratorIP4EdgeSt6vectorIS2_SaIS2_EEEES7_ET0_T_S9_S8_
FNDA:0,_ZSt4moveIN9__gnu_cxx17__normal_iteratorIP4EdgeSt6vectorIS2_SaIS2_EEEES7_ET0_T_S9_S8_
FN:2061,_ZSt9__find_ifIN9__gnu_cxx17__normal_iteratorIP4EdgeSt6vectorIS2_SaIS2_EEEENS0_5__ops16_Iter_equals_valIKS2_EEET_SC_SC_T0_St26random_access_iterator_tag
FNDA:46,_ZSt9__find_ifIN9__gnu_cxx17__normal_iteratorIP4EdgeSt6vectorIS2_SaIS2_EEEENS0_5__ops16_Iter_equals_valIKS2_EEET_SC_SC_T0_St26random_access_iterator_tag
FN:2112,_ZSt9__find_ifIN9__gnu_cxx17__normal_iteratorIP4EdgeSt6vectorIS2_SaIS2_EEEENS0_5__ops16_Iter_equals_valIKS2_EEET_SC_SC_T0_
FNDA:46,_ZSt9__find_ifIN9__gnu_cxx17__normal_iteratorIP4EdgeSt6vectorIS2_SaIS2_EEEENS0_5__ops16_Iter_equals_valIKS2_EEET_SC_SC_T0_
DA:230,0
DA:235,0
DA:236,0
DA:237,0
DA:254,0
DA:259,0
DA:260,0
DA:261,0
DA:328,0
DA:329,0
DA:400,0
DA:403,0
DA:405,0
DA:406,0
DA:407,0
DA:409,0
DA:486,0
DA:495,0
DA:521,0
DA:522,0
DA:527,0
DA:529,0
DA:532,0
DA:644,0
DA:652,0
DA:653,0
DA:2061,46
DA:2065,46
DA:2067,46
DA:2069,0
DA:2070,0
DA:2071,0
DA:2073,0
DA:2074,0
DA:2075,0
DA:2077,0
DA:2078,0
DA:2079,0
DA:2081,0
DA:2082,0
DA:2083,0
DA:2086,46
DA:2088,0
DA:2089,0
DA:2090,0
DA:2091,0
DA:2093,3
DA:2094,3
DA:2095,2
DA:2096,1
DA:2098,17
DA:2099,17
DA:2100,2
DA:2101,15
DA:2103,42
DA:2105,42
DA:2112,46
DA:2114,46
DA:2115,92
end_of_record
SF:/usr/include/c++/11/bits/stl_iterator_base_types.h
FN:238,_ZSt19__iterator_categoryIN9__gnu_cxx17__normal_iteratorIP4EdgeSt6vectorIS2_SaIS2_EEEEENSt15iterator_traitsIT_E17iterator_categoryERKS9_
FNDA:46,_ZSt19__iterator_categoryIN9__gnu_cxx17__normal_iteratorIP4EdgeSt6vectorIS2_SaIS2_EEEEENSt15iterator_traitsIT_E17iterator_categoryERKS9_
DA:238,46
DA:239,46
end_of_record
SF:/usr/include/c++/11/bits/stl_map.h
FN:185,_ZNSt3mapImmSt4lessImESaISt4pairIKmmEEEC2Ev
FNDA:0,_ZNSt3mapImmSt4lessImESaISt4pairIKmmEEEC2Ev
FN:207,_ZNSt3mapImmSt4lessImESaISt4pairIKmmEEEC2ERKS6_
FNDA:0,_ZNSt3mapImmSt4lessImESaISt4pairIKmmEEEC2ERKS6_
FN:302,_ZNSt3mapImmSt4lessImESaISt4pairIKmmEEED2Ev
FNDA:0,_ZNSt3mapImmSt4lessImESaISt4pairIKmmEEED2Ev
FN:356,_ZNSt3mapImmSt4lessImESaISt4pairIKmmEEE5beginEv
FNDA:3,_ZNSt3mapImmSt4lessImESaISt4pairIKmmEEE5beginEv
FN:374,_ZNSt3mapImmSt4lessImESaISt4pairIKmmEEE3endEv
FNDA:0,_ZNSt3mapImmSt4lessImESaISt4pairIKmmEEE3endEv
FN:1068,_ZNSt3mapImmSt4lessImESaISt4pairIKmmEEE5eraseERS3_
FNDA:0,_ZNSt3mapImmSt4lessImESaISt4pairIKmmEEE5eraseERS3_
FN:1133,_ZNSt3mapImmSt4lessImESaISt4pairIKmmEEE5clearEv
FNDA:0,_ZNSt3mapImmSt4lessImESaISt4pairIKmmEEE5clearEv
DA:185,0
DA:207,0
DA:302,0
DA:356,3
DA:357,3
DA:374,0
DA:375,0
DA:1068,0
DA:1069,0
DA:1133,0
DA:1134,0
end_of_record
SF:/usr/include/c++/11/bits/allocator.h
FN:156,_ZNSaISt13_Rb_tree_nodeISt4pairIKmmEEEC2Ev
FNDA:0,_ZNSaISt13_Rb_tree_nodeISt4pairIKmmEEEC2Ev
FN:156,_ZNSaI4EdgeEC2Ev
FNDA:0,_ZNSaI4EdgeEC2Ev
FN:159,_ZNSaI4EdgeEC2ERKS0_
FNDA:0,_ZNSaI4EdgeEC2ERKS0_
FN:159,_ZNSaISt13_Rb_tree_nodeISt4pairIKmmEEEC2ERKS4_
FNDA:0,_ZNSaISt13_Rb_tree_nodeISt4pairIKmmEEEC2ERKS4_
FN:174,_ZNSaISt13_Rb_tree_nodeISt4pairIKmmEEED2Ev
FNDA:0,_ZNSaISt13_Rb_tree_nodeISt4pairIKmmEEED2Ev
FN:174,_ZNSaI4EdgeED2Ev
FNDA:0,_ZNSaI4EdgeED2Ev
DA:156,0
DA:156,0
DA:159,0
DA:160,0
DA:159,0
DA:160,0
DA:174,0
DA:174,0
end_of_record
SF:/usr/include/c++/11/bits/stl_algo.h
FN:813,_ZSt11__remove_ifIN9__gnu_cxx17__normal_iteratorIP4EdgeSt6vectorIS2_SaIS2_EEEENS0_5__ops16_Iter_equals_valIKS2_EEET_SC_SC_T0_
FNDA:4,_ZSt11__remove_ifIN9__gnu_cxx17__normal_iteratorIP4EdgeSt6vectorIS2_SaIS2_EEEENS0_5__ops16_Iter_equals_valIKS2_EEET_SC_SC_T0_
FN:850,_ZSt6removeIN9__gnu_cxx17__normal_iteratorIP4EdgeSt6vectorIS2_SaIS2_EEEES2_ET_S8_S8_RKT0_
FNDA:4,_ZSt6removeIN9__gnu_cxx17__normal_iteratorIP4EdgeSt6vectorIS2_SaIS2_EEEES2_ET_S8_S8_RKT0_
FN:3876,_ZSt4findIN9__gnu_cxx17__normal_iteratorIP4EdgeSt6vectorIS2_SaIS2_EEEES2_ET_S8_S8_RKT0_
FNDA:42,_ZSt4findIN9__gnu_cxx17__normal_iteratorIP4EdgeSt6vectorIS2_SaIS2_EEEES2_ET_S8_S8_RKT0_
DA:813,4
DA:816,4
DA:817,4
DA:818,0
DA:819,4
DA:820,4
DA:821,6
DA:822,2
DA:824,2
DA:825,2
DA:827,4
DA:850,4
DA:860,4
DA:861,4
DA:3876,42
DA:3884,42
DA:3885,42
end_of_record
SF:/usr/include/c++/11/ext/new_allocator.h
FN:79,_ZN9__gnu_cxx13new_allocatorI4EdgeEC2Ev
FNDA:0,_ZN9__gnu_cxx13new_allocatorI4EdgeEC2Ev
FN:79,_ZN9__gnu_cxx13new_allocatorISt13_Rb_tree_nodeISt4pairIKmmEEEC2Ev
FNDA:0,_ZN9__gnu_cxx13new_allocatorISt13_Rb_tree_nodeISt4pairIKmmEEEC2Ev
FN:82,_ZN9__gnu_cxx13new_allocatorISt13_Rb_tree_nodeISt4pairIKmmEEEC2ERKS6_
FNDA:0,_ZN9__gnu_cxx13new_allocatorISt13_Rb_tree_nodeISt4pairIKmmEEEC2ERKS6_
FN:82,_ZN9__gnu_cxx13new_allocatorI4EdgeEC2ERKS2_
FNDA:0,_ZN9__gnu_cxx13new_allocatorI4EdgeEC2ERKS2_
FN:89,_ZN9__gnu_cxx13new_allocatorI4EdgeED2Ev
FNDA:0,_ZN9__gnu_cxx13new_allocatorI4EdgeED2Ev
FN:89,_ZN9__gnu_cxx13new_allocatorISt13_Rb_tree_nodeISt4pairIKmmEEED2Ev
FNDA:0,_ZN9__gnu_cxx13new_allocatorISt13_Rb_tree_nodeISt4pairIKmmEEED2Ev
FN:103,_ZN9__gnu_cxx13new_allocatorISt13_Rb_tree_nodeISt4pairIKmmEEE8allocateEmPKv
FNDA:0,_ZN9__gnu_cxx13new_allocatorISt13_Rb_tree_nodeISt4pairIKmmEEE8allocateEmPKv
FN:103,_ZN9__gnu_cxx13new_allocatorI4EdgeE8allocateEmPKv
FNDA:0,_ZN9__gnu_cxx13new_allocatorI4EdgeE8allocateEmPKv
FN:132,_ZN9__gnu_cxx13new_allocatorI4EdgeE10deallocateEPS1_m
FNDA:0,_ZN9__gnu_cxx13new_allocatorI4EdgeE10deallocateEPS1_m
FN:132,_ZN9__gnu_cxx13new_allocatorISt13_Rb_tree_nodeISt4pairIKmmEEE10deallocateEPS5_m
FNDA:0,_ZN9__gnu_cxx13new_allocatorISt13_Rb_tree_nodeISt4pairIKmmEEE10deallocateEPS5_m
FN:154,_ZNK9__gnu_cxx13new_allocatorI4EdgeE8max_sizeEv
FNDA:124,_ZNK9__gnu_cxx13new_allocatorI4EdgeE8max_sizeEv
FN:160,_ZN9__gnu_cxx13new_allocatorI4EdgeE9constructIS1_JRKS1_EEEvPT_DpOT0_
FNDA:79,_ZN9__gnu_cxx13new_allocatorI4EdgeE9constructIS1_JRKS1_EEEvPT_DpOT0_
FN:160,_ZN9__gnu_cxx13new_allocatorISt13_Rb_tree_nodeISt4pairIKmmEEE9constructIS4_JRKS4_EEEvPT_DpOT0_
FNDA:0,_ZN9__gnu_cxx13new_allocatorISt13_Rb_tree_nodeISt4pairIKmmEEE9constructIS4_JRKS4_EEEvPT_DpOT0_
FN:166,_ZN9__gnu_cxx13new_allocatorISt13_Rb_tree_nodeISt4pairIKmmEEE7destroyIS4_EEvPT_
FNDA:0,_ZN9__gnu_cxx13new_allocatorISt13_Rb_tree_nodeISt4pairIKmmEEE7destroyIS4_EEvPT_
FN:166,_ZN9__gnu_cxx13new_allocatorI4EdgeE7destroyIS1_EEvPT_
FNDA:0,_ZN9__gnu_cxx13new_allocatorI4EdgeE7destroyIS1_EEvPT_
FN:197,_ZNK9__gnu_cxx13new_allocatorI4EdgeE11_M_max_sizeEv
FNDA:0,_ZNK9__gnu_cxx13new_allocatorI4EdgeE11_M_max_sizeEv
FN:197,_ZNK9__gnu_cxx13new_allocatorISt13_Rb_tree_nodeISt4pairIKmmEEE11_M_max_sizeEv
FNDA:0,_ZNK9__gnu_cxx13new_allocatorISt13_Rb_tree_nodeISt4pairIKmmEEE11_M_max_sizeEv
DA:79,0
DA:79,0
DA:82,0
DA:82,0
DA:89,0
DA:89,0
DA:103,0
DA:111,0
DA:115,0
DA:116,0
DA:117,0
DA:127,0
DA:103,0
DA:111,0
DA:115,0
DA:116,0
DA:117,0
DA:127,0
DA:132,0
DA:145,0
DA:132,0
DA:145,0
DA:154,124
DA:155,124
DA:160,0
DA:162,0
DA:160,79
DA:162,79
DA:166,0
DA:168,0
DA:166,0
DA:168,0
DA:197,0
DA:200,0
DA:197,0
DA:200,0
end_of_record
SF:/usr/include/c++/11/bits/stl_pair.h
FN:352,_ZNSt4pairISt17_Rb_tree_iteratorIS_IKmmEES3_EC2IS3_S3_Lb1EEEOT_OT0_
FNDA:0,_ZNSt4pairISt17_Rb_tree_iteratorIS_IKmmEES3_EC2IS3_S3_Lb1EEEOT_OT0_
DA:352,0
DA:353,0
end_of_record
TN:
SF:/home/ido/Course-OperationSystems/OS-FinalProject/GraphObj/edge.hpp
end_of_record
SF:/usr/include/c++/11/new
FN:174,_ZnwmPv
FNDA:3033,_ZnwmPv
FN:180,_ZdlPvS_
FNDA:0,_ZdlPvS_
DA:174,3033
DA:175,3033
DA:180,0
end_of_record
SF:/usr/include/c++/11/bits/stl_construct.h
FN:109,_ZSt10_ConstructI4EdgeJRKS0_EEvPT_DpOT0_
FNDA:857,_ZSt10_ConstructI4EdgeJRKS0_EEvPT_DpOT0_
FN:146,_ZSt8_DestroyI4EdgeEvPT_
FNDA:939,_ZSt8_DestroyI4EdgeEvPT_
FN:160,_ZNSt12_Destroy_auxILb0EE9__destroyIP4EdgeEEvT_S4_
FNDA:2487,_ZNSt12_Destroy_auxILb0EE9__destroyIP4EdgeEEvT_S4_
FN:182,_ZSt8_DestroyIP4EdgeEvT_S2_
FNDA:2487,_ZSt8_DestroyIP4EdgeEvT_S2_
DA:109,857
DA:119,857
DA:120,857
DA:146,939
DA:151,939
DA:153,939
DA:160,2487
DA:162,3426
DA:163,939
DA:164,2487
DA:182,2487
DA:196,2487
DA:197,2487
end_of_record
SF:/usr/include/c++/11/bits/stl_vector.h
FN:97,_ZNSt12_Vector_baseI4EdgeSaIS0_EE17_Vector_impl_dataC2Ev
FNDA:2410,_ZNSt12_Vector_baseI4EdgeSaIS0_EE17_Vector_impl_dataC2Ev
FN:136,_ZNSt12_Vector_baseI4EdgeSaIS0_EE12_Vector_implC2ERKS1_
FNDA:2357,_ZNSt12_Vector_baseI4EdgeSaIS0_EE12_Vector_implC2ERKS1_
FN:276,_ZNSt12_Vector_baseI4EdgeSaIS0_EE19_M_get_Tp_allocatorEv
FNDA:4967,_ZNSt12_Vector_baseI4EdgeSaIS0_EE19_M_get_Tp_allocatorEv
FN:280,_ZNKSt12_Vector_baseI4EdgeSaIS0_EE19_M_get_Tp_allocatorEv
FNDA:2477,_ZNKSt12_Vector_baseI4EdgeSaIS0_EE19_M_get_Tp_allocatorEv
FN:303,_ZNSt12_Vector_baseI4EdgeSaIS0_EEC2EmRKS1_
FNDA:2356,_ZNSt12_Vector_baseI4EdgeSaIS0_EEC2EmRKS1_
FN:333,_ZNSt12_Vector_baseI4EdgeSaIS0_EED2Ev
FNDA:2410,_ZNSt12_Vector_baseI4EdgeSaIS0_EED2Ev
FN:343,_ZNSt12_Vector_baseI4EdgeSaIS0_EE11_M_allocateEm
FNDA:2418,_ZNSt12_Vector_baseI4EdgeSaIS0_EE11_M_allocateEm
FN:350,_ZNSt12_Vector_baseI4EdgeSaIS0_EE13_M_deallocateEPS0_m
FNDA:2471,_ZNSt12_Vector_baseI4EdgeSaIS0_EE13_M_deallocateEPS0_m
FN:359,_ZNSt12_Vector_baseI4EdgeSaIS0_EE17_M_create_storageEm
FNDA:2356,_ZNSt12_Vector_baseI4EdgeSaIS0_EE17_M_create_storageEm
FN:553,_ZNSt6vectorI4EdgeSaIS0_EEC2ERKS2_
FNDA:2355,_ZNSt6vectorI4EdgeSaIS0_EEC2ERKS2_
FN:678,_ZNSt6vectorI4EdgeSaIS0_EED2Ev
FNDA:2410,_ZNSt6vectorI4EdgeSaIS0_EED2Ev
FN:820,_ZNKSt6vectorI4EdgeSaIS0_EE5beginEv
FNDA:2405,_ZNKSt6vectorI4EdgeSaIS0_EE5beginEv
FN:838,_ZNKSt6vectorI4EdgeSaIS0_EE3endEv
FNDA:2405,_ZNKSt6vectorI4EdgeSaIS0_EE3endEv
FN:918,_ZNKSt6vectorI4EdgeSaIS0_EE4sizeEv
FNDA:2599,_ZNKSt6vectorI4EdgeSaIS0_EE4sizeEv
DA:97,2410
DA:98,2410
DA:99,2410
DA:136,2357
DA:137,2357
DA:138,2357
DA:276,4967
DA:277,4967
DA:280,2477
DA:281,2477
DA:303,2356
DA:304,2356
DA:305,2356
DA:333,2410
DA:335,2410
DA:336,2410
DA:337,2410
DA:343,2418
DA:346,2418
DA:350,2471
DA:353,2471
DA:354,789
DA:355,2471
DA:359,2356
DA:361,2356
DA:362,2356
DA:363,2356
DA:364,2356
DA:553,2355
DA:555,2355
DA:557,2355
DA:558,2355
DA:560,2355
DA:561,2355
DA:678,2410
DA:680,2410
DA:681,2410
DA:683,2410
DA:820,2405
DA:821,2405
DA:838,2405
DA:839,2405
DA:918,2599
DA:919,2599
end_of_record
SF:/usr/include/c++/11/bits/allocator.h
FN:159,_ZNSaI4EdgeEC2ERKS0_
FNDA:4714,_ZNSaI4EdgeEC2ERKS0_
FN:159,_ZNSaISt13_Rb_tree_nodeISt4pairIKmmEEEC2ERKS4_
FNDA:4710,_ZNSaISt13_Rb_tree_nodeISt4pairIKmmEEEC2ERKS4_
FN:174,_ZNSaISt13_Rb_tree_nodeISt4pairIKmmEEED2Ev
FNDA:4762,_ZNSaISt13_Rb_tree_nodeISt4pairIKmmEEED2Ev
FN:174,_ZNSaI4EdgeED2Ev
FNDA:4769,_ZNSaI4EdgeED2Ev
DA:159,4714
DA:160,4714
DA:159,4710
DA:160,4710
DA:174,4762
DA:174,4769
end_of_record
SF:/usr/include/c++/11/bits/stl_map.h
FN:207,_ZNSt3mapImmSt4lessImESaISt4pairIKmmEEEC2ERKS6_
FNDA:2355,_ZNSt3mapImmSt4lessImESaISt4pairIKmmEEEC2ERKS6_
FN:302,_ZNSt3mapImmSt4lessImESaISt4pairIKmmEEED2Ev
FNDA:2407,_ZNSt3mapImmSt4lessImESaISt4pairIKmmEEED2Ev
DA:207,2355
DA:302,2407
end_of_record
SF:/usr/include/c++/11/ext/new_allocator.h
FN:82,_ZN9__gnu_cxx13new_allocatorI4EdgeEC2ERKS2_
FNDA:4714,_ZN9__gnu_cxx13new_allocatorI4EdgeEC2ERKS2_
FN:82,_ZN9__gnu_cxx13new_allocatorISt13_Rb_tree_nodeISt4pairIKmmEEEC2ERKS6_
FNDA:4710,_ZN9__gnu_cxx13new_allocatorISt13_Rb_tree_nodeISt4pairIKmmEEEC2ERKS6_
FN:89,_ZN9__gnu_cxx13new_allocatorISt13_Rb_tree_nodeISt4pairIKmmEEED2Ev
FNDA:4762,_ZN9__gnu_cxx13new_allocatorISt13_Rb_tree_nodeISt4pairIKmmEEED2Ev
FN:89,_ZN9__gnu_cxx13new_allocatorI4EdgeED2Ev
FNDA:4769,_ZN9__gnu_cxx13new_allocatorI4EdgeED2Ev
FN:103,_ZN9__gnu_cxx13new_allocatorISt13_Rb_tree_nodeISt4pairIKmmEEE8allocateEmPKv
FNDA:756,_ZN9__gnu_cxx13new_allocatorISt13_Rb_tree_nodeISt4pairIKmmEEE8allocateEmPKv
FN:103,_ZN9__gnu_cxx13new_allocatorI4EdgeE8allocateEmPKv
FNDA:789,_ZN9__gnu_cxx13new_allocatorI4EdgeE8allocateEmPKv
FN:132,_ZN9__gnu_cxx13new_allocatorISt13_Rb_tree_nodeISt4pairIKmmEEE10deallocateEPS5_m
FNDA:756,_ZN9__gnu_cxx13new_allocatorISt13_Rb_tree_nodeISt4pairIKmmEEE10deallocateEPS5_m
FN:132,_ZN9__gnu_cxx13new_allocatorI4EdgeE10deallocateEPS1_m
FNDA:789,_ZN9__gnu_cxx13new_allocatorI4EdgeE10deallocateEPS1_m
FN:160,_ZN9__gnu_cxx13new_allocatorISt13_Rb_tree_nodeISt4pairIKmmEEE9constructIS4_JRKS4_EEEvPT_DpOT0_
FNDA:714,_ZN9__gnu_cxx13new_allocatorISt13_Rb_tree_nodeISt4pairIKmmEEE9constructIS4_JRKS4_EEEvPT_DpOT0_
FN:166,_ZN9__gnu_cxx13new_allocatorISt13_Rb_tree_nodeISt4pairIKmmEEE7destroyIS4_EEvPT_
FNDA:756,_ZN9__gnu_cxx13new_allocatorISt13_Rb_tree_nodeISt4pairIKmmEEE7destroyIS4_EEvPT_
FN:197,_ZNK9__gnu_cxx13new_allocatorISt13_Rb_tree_nodeISt4pairIKmmEEE11_M_max_sizeEv
FNDA:756,_ZNK9__gnu_cxx13new_allocatorISt13_Rb_tree_nodeISt4pairIKmmEEE11_M_max_sizeEv
FN:197,_ZNK9__gnu_cxx13new_allocatorI4EdgeE11_M_max_sizeEv
FNDA:913,_ZNK9__gnu_cxx13new_allocatorI4EdgeE11_M_max_sizeEv
DA:82,4714
DA:82,4710
DA:89,4762
DA:89,4769
DA:103,756
DA:111,756
DA:115,0
DA:116,0
DA:117,0
DA:127,756
DA:103,789
DA:111,789
DA:115,0
DA:116,0
DA:117,0
DA:127,789
DA:132,756
DA:145,756
DA:132,789
DA:145,789
DA:160,714
DA:162,714
DA:166,756
DA:168,756
DA:197,756
DA:200,756
DA:197,913
DA:200,913
end_of_record
SF:/usr/include/c++/11/ext/aligned_buffer.h
FN:64,_ZN9__gnu_cxx16__aligned_membufISt4pairIKmmEE7_M_addrEv
FNDA:2284,_ZN9__gnu_cxx16__aligned_membufISt4pairIKmmEE7_M_addrEv
FN:72,_ZN9__gnu_cxx16__aligned_membufISt4pairIKmmEE6_M_ptrEv
FNDA:2284,_ZN9__gnu_cxx16__aligned_membufISt4pairIKmmEE6_M_ptrEv
DA:64,2284
DA:65,2284
DA:72,2284
DA:73,2284
end_of_record
SF:/usr/include/c++/11/bits/stl_tree.h
FN:112,_ZNSt18_Rb_tree_node_base10_S_minimumEPS_
FNDA:644,_ZNSt18_Rb_tree_node_base10_S_minimumEPS_
FN:126,_ZNSt18_Rb_tree_node_base10_S_maximumEPS_
FNDA:644,_ZNSt18_Rb_tree_node_base10_S_maximumEPS_
FN:152,_ZNSt20_Rb_tree_key_compareISt4lessImEEC2ERKS1_
FNDA:2355,_ZNSt20_Rb_tree_key_compareISt4lessImEEC2ERKS1_
FN:173,_ZNSt15_Rb_tree_headerC2Ev
FNDA:2420,_ZNSt15_Rb_tree_headerC2Ev
FN:206,_ZNSt15_Rb_tree_header8_M_resetEv
FNDA:2446,_ZNSt15_Rb_tree_header8_M_resetEv
FN:234,_ZNSt13_Rb_tree_nodeISt4pairIKmmEE9_M_valptrEv
FNDA:2284,_ZNSt13_Rb_tree_nodeISt4pairIKmmEE9_M_valptrEv
FN:523,_ZNSt8_Rb_treeImSt4pairIKmmESt10_Select1stIS2_ESt4lessImESaIS2_EE11_Alloc_nodeC2ERS8_
FNDA:644,_ZNSt8_Rb_treeImSt4pairIKmmESt10_Select1stIS2_ESt4lessImESaIS2_EE11_Alloc_nodeC2ERS8_
FN:528,_ZNKSt8_Rb_treeImSt4pairIKmmESt10_Select1stIS2_ESt4lessImESaIS2_EE11_Alloc_nodeclIRKS2_EEPSt13_Rb_tree_nodeIS2_EOT_
FNDA:714,_ZNKSt8_Rb_treeImSt4pairIKmmESt10_Select1stIS2_ESt4lessImESaIS2_EE11_Alloc_nodeclIRKS2_EEPSt13_Rb_tree_nodeIS2_EOT_
FN:547,_ZNSt8_Rb_treeImSt4pairIKmmESt10_Select1stIS2_ESt4lessImESaIS2_EE21_M_get_Node_allocatorEv
FNDA:3024,_ZNSt8_Rb_treeImSt4pairIKmmESt10_Select1stIS2_ESt4lessImESaIS2_EE21_M_get_Node_allocatorEv
FN:560,_ZNSt8_Rb_treeImSt4pairIKmmESt10_Select1stIS2_ESt4lessImESaIS2_EE11_M_get_nodeEv
FNDA:756,_ZNSt8_Rb_treeImSt4pairIKmmESt10_Select1stIS2_ESt4lessImESaIS2_EE11_M_get_nodeEv
FN:564,_ZNSt8_Rb_treeImSt4pairIKmmESt10_Select1stIS2_ESt4lessImESaIS2_EE11_M_put_nodeEPSt13_Rb_tree_nodeIS2_E
FNDA:756,_ZNSt8_Rb_treeImSt4pairIKmmESt10_Select1stIS2_ESt4lessImESaIS2_EE11_M_put_nodeEPSt13_Rb_tree_nodeIS2_E
FN:590,_ZNSt8_Rb_treeImSt4pairIKmmESt10_Select1stIS2_ESt4lessImESaIS2_EE17_M_construct_nodeIJRKS2_EEEvPSt13_Rb_tree_nodeIS2_EDpOT_
FNDA:714,_ZNSt8_Rb_treeImSt4pairIKmmESt10_Select1stIS2_ESt4lessImESaIS2_EE17_M_construct_nodeIJRKS2_EEEvPSt13_Rb_tree_nodeIS2_EDpOT_
FN:609,_ZNSt8_Rb_treeImSt4pairIKmmESt10_Select1stIS2_ESt4lessImESaIS2_EE14_M_create_nodeIJRKS2_EEEPSt13_Rb_tree_nodeIS2_EDpOT_
FNDA:714,_ZNSt8_Rb_treeImSt4pairIKmmESt10_Select1stIS2_ESt4lessImESaIS2_EE14_M_create_nodeIJRKS2_EEEPSt13_Rb_tree_nodeIS2_EDpOT_
FN:618,_ZNSt8_Rb_treeImSt4pairIKmmESt10_Select1stIS2_ESt4lessImESaIS2_EE15_M_destroy_nodeEPSt13_Rb_tree_nodeIS2_E
FNDA:756,_ZNSt8_Rb_treeImSt4pairIKmmESt10_Select1stIS2_ESt4lessImESaIS2_EE15_M_destroy_nodeEPSt13_Rb_tree_nodeIS2_E
FN:629,_ZNSt8_Rb_treeImSt4pairIKmmESt10_Select1stIS2_ESt4lessImESaIS2_EE12_M_drop_nodeEPSt13_Rb_tree_nodeIS2_E
FNDA:756,_ZNSt8_Rb_treeImSt4pairIKmmESt10_Select1stIS2_ESt4lessImESaIS2_EE12_M_drop_nodeEPSt13_Rb_tree_nodeIS2_E
FN:637,_ZNSt8_Rb_treeImSt4pairIKmmESt10_Select1stIS2_ESt4lessImESaIS2_EE13_M_clone_nodeILb0ENS8_11_Alloc_nodeEEEPSt13_Rb_tree_nodeIS2_ESD_RT0_
FNDA:714,_ZNSt8_Rb_treeImSt4pairIKmmESt10_Select1stIS2_ESt4lessImESaIS2_EE13_M_clone_nodeILb0ENS8_11_Alloc_nodeEEEPSt13_Rb_tree_nodeIS2_ESD_RT0_
FN:674,_ZNSt8_Rb_treeImSt4pairIKmmESt10_Select1stIS2_ESt4lessImESaIS2_EE13_Rb_tree_implIS6_Lb1EEC2ERKSA_
FNDA:2355,_ZNSt8_Rb_treeImSt4pairIKmmESt10_Select1stIS2_ESt4lessImESaIS2_EE13_Rb_tree_implIS6_Lb1EEC2ERKSA_
FN:710,_ZNSt8_Rb_treeImSt4pairIKmmESt10_Select1stIS2_ESt4lessImESaIS2_EE7_M_rootEv
FNDA:644,_ZNSt8_Rb_treeImSt4pairIKmmESt10_Select1stIS2_ESt4lessImESaIS2_EE7_M_rootEv
FN:714,_ZNKSt8_Rb_treeImSt4pairIKmmESt10_Select1stIS2_ESt4lessImESaIS2_EE7_M_rootEv
FNDA:2355,_ZNKSt8_Rb_treeImSt4pairIKmmESt10_Select1stIS2_ESt4lessImESaIS2_EE7_M_rootEv
FN:718,_ZNSt8_Rb_treeImSt4pairIKmmESt10_Select1stIS2_ESt4lessImESaIS2_EE11_M_leftmostEv
FNDA:656,_ZNSt8_Rb_treeImSt4pairIKmmESt10_Select1stIS2_ESt4lessImESaIS2_EE11_M_leftmostEv
FN:726,_ZNSt8_Rb_treeImSt4pairIKmmESt10_Select1stIS2_ESt4lessImESaIS2_EE12_M_rightmostEv
FNDA:666,_ZNSt8_Rb_treeImSt4pairIKmmESt10_Select1stIS2_ESt4lessImESaIS2_EE12_M_rightmostEv
FN:734,_ZNKSt8_Rb_treeImSt4pairIKmmESt10_Select1stIS2_ESt4lessImESaIS2_EE9_M_mbeginEv
FNDA:3154,_ZNKSt8_Rb_treeImSt4pairIKmmESt10_Select1stIS2_ESt4lessImESaIS2_EE9_M_mbeginEv
FN:738,_ZNSt8_Rb_treeImSt4pairIKmmESt10_Select1stIS2_ESt4lessImESaIS2_EE8_M_beginEv
FNDA:2510,_ZNSt8_Rb_treeImSt4pairIKmmESt10_Select1stIS2_ESt4lessImESaIS2_EE8_M_beginEv
FN:749,_ZNSt8_Rb_treeImSt4pairIKmmESt10_Select1stIS2_ESt4lessImESaIS2_EE6_M_endEv
FNDA:801,_ZNSt8_Rb_treeImSt4pairIKmmESt10_Select1stIS2_ESt4lessImESaIS2_EE6_M_endEv
FN:779,_ZNSt8_Rb_treeImSt4pairIKmmESt10_Select1stIS2_ESt4lessImESaIS2_EE7_S_leftEPSt18_Rb_tree_node_base
FNDA:1479,_ZNSt8_Rb_treeImSt4pairIKmmESt10_Select1stIS2_ESt4lessImESaIS2_EE7_S_leftEPSt18_Rb_tree_node_base
FN:787,_ZNSt8_Rb_treeImSt4pairIKmmESt10_Select1stIS2_ESt4lessImESaIS2_EE8_S_rightEPSt18_Rb_tree_node_base
FNDA:840,_ZNSt8_Rb_treeImSt4pairIKmmESt10_Select1stIS2_ESt4lessImESaIS2_EE8_S_rightEPSt18_Rb_tree_node_base
FN:799,_ZNSt8_Rb_treeImSt4pairIKmmESt10_Select1stIS2_ESt4lessImESaIS2_EE10_S_minimumEPSt18_Rb_tree_node_base
FNDA:644,_ZNSt8_Rb_treeImSt4pairIKmmESt10_Select1stIS2_ESt4lessImESaIS2_EE10_S_minimumEPSt18_Rb_tree_node_base
FN:807,_ZNSt8_Rb_treeImSt4pairIKmmESt10_Select1stIS2_ESt4lessImESaIS2_EE10_S_maximumEPSt18_Rb_tree_node_base
FNDA:644,_ZNSt8_Rb_treeImSt4pairIKmmESt10_Select1stIS2_ESt4lessImESaIS2_EE10_S_maximumEPSt18_Rb_tree_node_base
FN:887,_ZNSt8_Rb_treeImSt4pairIKmmESt10_Select1stIS2_ESt4lessImESaIS2_EE7_M_copyILb0ENS8_11_Alloc_nodeEEEPSt13_Rb_tree_nodeIS2_ERKS8_RT0_
FNDA:644,_ZNSt8_Rb_treeImSt4pairIKmmESt10_Select1stIS2_ESt4lessImESaIS2_EE7_M_copyILb0ENS8_11_Alloc_nodeEEEPSt13_Rb_tree_nodeIS2_ERKS8_RT0_
FN:898,_ZNSt8_Rb_treeImSt4pairIKmmESt10_Select1stIS2_ESt4lessImESaIS2_EE7_M_copyERKS8_
FNDA:644,_ZNSt8_Rb_treeImSt4pairIKmmESt10_Select1stIS2_ESt4lessImESaIS2_EE7_M_copyERKS8_
FN:935,_ZNSt8_Rb_treeImSt4pairIKmmESt10_Select1stIS2_ESt4lessImESaIS2_EEC2ERKS8_
FNDA:2355,_ZNSt8_Rb_treeImSt4pairIKmmESt10_Select1stIS2_ESt4lessImESaIS2_EEC2ERKS8_
FN:983,_ZNSt8_Rb_treeImSt4pairIKmmESt10_Select1stIS2_ESt4lessImESaIS2_EED2Ev
FNDA:2407,_ZNSt8_Rb_treeImSt4pairIKmmESt10_Select1stIS2_ESt4lessImESaIS2_EED2Ev
FN:1845,_ZNSt8_Rb_treeImSt4pairIKmmESt10_Select1stIS2_ESt4lessImESaIS2_EE7_M_copyILb0ENS8_11_Alloc_nodeEEEPSt13_Rb_tree_nodeIS2_ESD_PSt18_Rb_tree_node_baseRT0_
FNDA:714,_ZNSt8_Rb_treeImSt4pairIKmmESt10_Select1stIS2_ESt4lessImESaIS2_EE7_M_copyILb0ENS8_11_Alloc_nodeEEEPSt13_Rb_tree_nodeIS2_ESD_PSt18_Rb_tree_node_baseRT0_
FN:1883,_ZNSt8_Rb_treeImSt4pairIKmmESt10_Select1stIS2_ESt4lessImESaIS2_EE8_M_eraseEPSt13_Rb_tree_nodeIS2_E
FNDA:3186,_ZNSt8_Rb_treeImSt4pairIKmmESt10_Select1stIS2_ESt4lessImESaIS2_EE8_M_eraseEPSt13_Rb_tree_nodeIS2_E
DA:112,644
DA:114,644
DA:115,644
DA:126,644
DA:128,714
DA:129,644
DA:152,2355
DA:154,2355
DA:173,2420
DA:174,2420
DA:175,2420
DA:176,2420
DA:177,2420
DA:206,2446
DA:208,2446
DA:209,2446
DA:210,2446
DA:211,2446
DA:212,2446
DA:234,2284
DA:235,2284
DA:523,644
DA:524,644
DA:528,714
DA:529,714
DA:547,3024
DA:548,3024
DA:560,756
DA:561,756
DA:564,756
DA:565,756
DA:590,714
DA:594,714
DA:595,714
DA:605,714
DA:609,714
DA:611,714
DA:612,714
DA:613,714
DA:618,756
DA:623,756
DA:624,756
DA:626,756
DA:629,756
DA:631,756
DA:632,756
DA:633,756
DA:637,714
DA:645,714
DA:646,714
DA:647,714
DA:648,714
DA:649,714
DA:674,2355
DA:676,2355
DA:677,2355
DA:678,2355
DA:710,644
DA:711,644
DA:714,2355
DA:715,2355
DA:718,656
DA:719,656
DA:726,666
DA:727,666
DA:734,3154
DA:735,3154
DA:738,2510
DA:739,2510
DA:749,801
DA:750,801
DA:779,1479
DA:780,1479
DA:787,840
DA:788,840
DA:799,644
DA:800,644
DA:807,644
DA:808,644
DA:887,644
DA:890,644
DA:891,644
DA:892,644
DA:893,644
DA:894,644
DA:898,644
DA:900,644
DA:901,1288
DA:935,2355
DA:936,2355
DA:938,2355
DA:939,644
DA:940,2355
DA:983,2407
DA:984,2407
DA:1845,714
DA:1849,714
DA:1850,714
DA:1854,714
DA:1855,70
DA:1856,70
DA:1857,714
DA:1858,714
DA:1860,714
DA:1862,0
DA:1863,0
DA:1864,0
DA:1865,0
DA:1866,0
DA:1868,0
DA:1869,0
DA:1872,0
DA:1874,0
DA:1875,0
DA:1877,714
DA:1883,3186
DA:1887,3939
DA:1889,753
DA:1890,753
DA:1891,753
DA:1892,753
DA:1894,3186
end_of_record
SF:/home/ido/Course-OperationSystems/OS-FinalProject/GraphObj/vertex.hpp
end_of_record
SF:/usr/include/c++/11/ext/alloc_traits.h
FN:97,_ZN9__gnu_cxx14__alloc_traitsISaISt13_Rb_tree_nodeISt4pairIKmmEEES5_E17_S_select_on_copyERKS6_
FNDA:2355,_ZN9__gnu_cxx14__alloc_traitsISaISt13_Rb_tree_nodeISt4pairIKmmEEES5_E17_S_select_on_copyERKS6_
FN:97,_ZN9__gnu_cxx14__alloc_traitsISaI4EdgeES1_E17_S_select_on_copyERKS2_
FNDA:2355,_ZN9__gnu_cxx14__alloc_traitsISaI4EdgeES1_E17_S_select_on_copyERKS2_
DA:97,2355
DA:98,2355
DA:97,2355
DA:98,2355
end_of_record
SF:/usr/include/c++/11/bits/move.h
FN:49,_ZSt11__addressofI4EdgeEPT_RS1_
FNDA:1799,_ZSt11__addressofI4EdgeEPT_RS1_
FN:77,_ZSt7forwardIRKSt4pairIKmmEEOT_RNSt16remove_referenceIS5_E4typeE
FNDA:4284,_ZSt7forwardIRKSt4pairIKmmEEOT_RNSt16remove_referenceIS5_E4typeE
FN:77,_ZSt7forwardIRK4EdgeEOT_RNSt16remove_referenceIS3_E4typeE
FNDA:1204,_ZSt7forwardIRK4EdgeEOT_RNSt16remove_referenceIS3_E4typeE
DA:49,1799
DA:50,1799
DA:77,4284
DA:78,4284
DA:77,1204
DA:78,1204
end_of_record
SF:/usr/include/c++/11/bits/stl_uninitialized.h
FN:85,_ZNSt20__uninitialized_copyILb0EE13__uninit_copyIN9__gnu_cxx17__normal_iteratorIPK4EdgeSt6vectorIS4_SaIS4_EEEEPS4_EET0_T_SD_SC_
FNDA:2355,_ZNSt20__uninitialized_copyILb0EE13__uninit_copyIN9__gnu_cxx17__normal_iteratorIPK4EdgeSt6vectorIS4_SaIS4_EEEEPS4_EET0_T_SD_SC_
FN:126,_ZSt18uninitialized_copyIN9__gnu_cxx17__normal_iteratorIPK4EdgeSt6vectorIS2_SaIS2_EEEEPS2_ET0_T_SB_SA_
FNDA:2355,_ZSt18uninitialized_copyIN9__gnu_cxx17__normal_iteratorIPK4EdgeSt6vectorIS2_SaIS2_EEEEPS2_ET0_T_SB_SA_
FN:331,_ZSt22__uninitialized_copy_aIN9__gnu_cxx17__normal_iteratorIPK4EdgeSt6vectorIS2_SaIS2_EEEEPS2_S2_ET0_T_SB_SA_RSaIT1_E
FNDA:2355,_ZSt22__uninitialized_copy_aIN9__gnu_cxx17__normal_iteratorIPK4EdgeSt6vectorIS2_SaIS2_EEEEPS2_S2_ET0_T_SB_SA_RSaIT1_E
DA:85,2355
DA:88,2355
DA:91,3182
DA:92,827
DA:93,2355
DA:95,0
DA:97,0
DA:98,0
DA:126,2355
DA:145,2355
DA:151,2355
DA:331,2355
DA:333,2355
end_of_record
SF:/usr/include/c++/11/bits/stl_iterator.h
FN:1027,_ZN9__gnu_cxx17__normal_iteratorIPK4EdgeSt6vectorIS1_SaIS1_EEEC2ERKS3_
FNDA:4814,_ZN9__gnu_cxx17__normal_iteratorIPK4EdgeSt6vectorIS1_SaIS1_EEEC2ERKS3_
FN:1042,_ZNK9__gnu_cxx17__normal_iteratorIPK4EdgeSt6vectorIS1_SaIS1_EEEdeEv
FNDA:861,_ZNK9__gnu_cxx17__normal_iteratorIPK4EdgeSt6vectorIS1_SaIS1_EEEdeEv
FN:1052,_ZN9__gnu_cxx17__normal_iteratorIPK4EdgeSt6vectorIS1_SaIS1_EEEppEv
FNDA:861,_ZN9__gnu_cxx17__normal_iteratorIPK4EdgeSt6vectorIS1_SaIS1_EEEppEv
FN:1105,_ZNK9__gnu_cxx17__normal_iteratorIPK4EdgeSt6vectorIS1_SaIS1_EEE4baseEv
FNDA:6548,_ZNK9__gnu_cxx17__normal_iteratorIPK4EdgeSt6vectorIS1_SaIS1_EEE4baseEv
FN:1179,_ZN9__gnu_cxxneIPK4EdgeSt6vectorIS1_SaIS1_EEEEbRKNS_17__normal_iteratorIT_T0_EESC_
FNDA:3266,_ZN9__gnu_cxxneIPK4EdgeSt6vectorIS1_SaIS1_EEEEbRKNS_17__normal_iteratorIT_T0_EESC_
DA:1027,4814
DA:1028,4814
DA:1042,861
DA:1043,861
DA:1052,861
DA:1054,861
DA:1055,861
DA:1105,6548
DA:1106,6548
DA:1179,3266
DA:1182,3266
end_of_record
SF:/home/ido/Course-OperationSystems/OS-FinalProject/GraphObj/edge.cpp
FN:5,_ZN4EdgeC2E6VertexS0_m
FNDA:19,_ZN4EdgeC2E6VertexS0_m
FN:8,_ZN4EdgeC2ERKS_
FNDA:1085,_ZN4EdgeC2ERKS_
FN:11,_ZN4Edge8getStartEv
FNDA:124,_ZN4Edge8getStartEv
FN:12,_ZNK4Edge8getStartEv
FNDA:30,_ZNK4Edge8getStartEv
FN:13,_ZN4Edge6getEndEv
FNDA:124,_ZN4Edge6getEndEv
FN:14,_ZNK4Edge6getEndEv
FNDA:30,_ZNK4Edge6getEndEv
FN:16,_ZN4Edge9getWeightEv
FNDA:95,_ZN4Edge9getWeightEv
FN:17,_ZNK4Edge9getWeightEv
FNDA:22,_ZNK4Edge9getWeightEv
FN:20,_ZN4Edge8getOtherE6Vertex
FNDA:50,_ZN4Edge8getOtherE6Vertex
FN:25,_ZNK4Edge8getOtherE6Vertex
FNDA:0,_ZNK4Edge8getOtherE6Vertex
FN:31,_ZNK4Edge8containsER6Vertex
FNDA:0,_ZNK4Edge8containsER6Vertex
FN:37,_ZNK4EdgeeqERKS_
FNDA:24,_ZNK4EdgeeqERKS_
FN:43,_ZN4EdgeaSERKS_
FNDA:12,_ZN4EdgeaSERKS_
FN:51,_ZNK4EdgeltERKS_
FNDA:4,_ZNK4EdgeltERKS_
FN:56,_ZlsRSoRK4Edge
FNDA:0,_ZlsRSoRK4Edge
DA:5,19
DA:8,1085
DA:11,124
DA:12,30
DA:13,124
DA:14,30
DA:16,95
DA:17,22
DA:20,50
DA:22,50
DA:25,0
DA:27,0
DA:31,0
DA:33,0
DA:37,24
DA:39,24
DA:43,12
DA:45,12
DA:46,12
DA:47,12
DA:48,12
DA:51,4
DA:53,4
DA:56,0
DA:58,0
DA:59,0
end_of_record
SF:/usr/include/c++/11/bits/alloc_traits.h
FN:463,_ZNSt16allocator_traitsISaISt13_Rb_tree_nodeISt4pairIKmmEEEE8allocateERS5_m
FNDA:756,_ZNSt16allocator_traitsISaISt13_Rb_tree_nodeISt4pairIKmmEEEE8allocateERS5_m
FN:463,_ZNSt16allocator_traitsISaI4EdgeEE8allocateERS1_m
FNDA:789,_ZNSt16allocator_traitsISaI4EdgeEE8allocateERS1_m
FN:495,_ZNSt16allocator_traitsISaISt13_Rb_tree_nodeISt4pairIKmmEEEE10deallocateERS5_PS4_m
FNDA:756,_ZNSt16allocator_traitsISaISt13_Rb_tree_nodeISt4pairIKmmEEEE10deallocateERS5_PS4_m
FN:495,_ZNSt16allocator_traitsISaI4EdgeEE10deallocateERS1_PS0_m
FNDA:789,_ZNSt16allocator_traitsISaI4EdgeEE10deallocateERS1_PS0_m
FN:511,_ZNSt16allocator_traitsISaISt13_Rb_tree_nodeISt4pairIKmmEEEE9constructIS3_JRKS3_EEEvRS5_PT_DpOT0_
FNDA:714,_ZNSt16allocator_traitsISaISt13_Rb_tree_nodeISt4pairIKmmEEEE9constructIS3_JRKS3_EEEvRS5_PT_DpOT0_
FN:531,_ZNSt16allocator_traitsISaISt13_Rb_tree_nodeISt4pairIKmmEEEE7destroyIS3_EEvRS5_PT_
FNDA:756,_ZNSt16allocator_traitsISaISt13_Rb_tree_nodeISt4pairIKmmEEEE7destroyIS3_EEvRS5_PT_
FN:562,_ZNSt16allocator_traitsISaISt13_Rb_tree_nodeISt4pairIKmmEEEE37select_on_container_copy_constructionERKS5_
FNDA:2355,_ZNSt16allocator_traitsISaISt13_Rb_tree_nodeISt4pairIKmmEEEE37select_on_container_copy_constructionERKS5_
FN:562,_ZNSt16allocator_traitsISaI4EdgeEE37select_on_container_copy_constructionERKS1_
FNDA:2355,_ZNSt16allocator_traitsISaI4EdgeEE37select_on_container_copy_constructionERKS1_
FN:845,_ZSt8_DestroyIP4EdgeS0_EvT_S2_RSaIT0_E
FNDA:2487,_ZSt8_DestroyIP4EdgeS0_EvT_S2_RSaIT0_E
DA:463,756
DA:464,756
DA:463,789
DA:464,789
DA:495,756
DA:496,756
DA:495,789
DA:496,789
DA:511,714
DA:516,714
DA:520,714
DA:531,756
DA:535,756
DA:539,756
DA:562,2355
DA:563,2355
DA:562,2355
DA:563,2355
DA:845,2487
DA:848,2487
DA:849,2487
end_of_record
SF:/usr/include/c++/11/iostream
end_of_record
TN:
SF:/usr/include/c++/11/ext/type_traits.h
FN:152,_ZN9__gnu_cxx17__is_null_pointerIcEEbPT_
FNDA:309,_ZN9__gnu_cxx17__is_null_pointerIcEEbPT_
FN:152,_ZN9__gnu_cxx17__is_null_pointerIKcEEbPT_
FNDA:62,_ZN9__gnu_cxx17__is_null_pointerIKcEEbPT_
DA:152,309
DA:153,309
DA:152,62
DA:153,62
end_of_record
SF:/usr/include/c++/11/bits/unordered_set.h
FN:135,_ZNSt13unordered_setI4EdgeSt4hashIS0_ESt8equal_toIS0_ESaIS0_EEC2Ev
FNDA:9,_ZNSt13unordered_setI4EdgeSt4hashIS0_ESt8equal_toIS0_ESaIS0_EEC2Ev
FN:304,_ZNKSt13unordered_setI4EdgeSt4hashIS0_ESt8equal_toIS0_ESaIS0_EE4sizeEv
FNDA:6,_ZNKSt13unordered_setI4EdgeSt4hashIS0_ESt8equal_toIS0_ESaIS0_EE4sizeEv
FN:320,_ZNSt13unordered_setI4EdgeSt4hashIS0_ESt8equal_toIS0_ESaIS0_EE5beginEv
FNDA:3,_ZNSt13unordered_setI4EdgeSt4hashIS0_ESt8equal_toIS0_ESaIS0_EE5beginEv
FN:320,_ZNSt13unordered_setI6VertexSt4hashIS0_ESt8equal_toIS0_ESaIS0_EE5beginEv
FNDA:10,_ZNSt13unordered_setI6VertexSt4hashIS0_ESt8equal_toIS0_ESaIS0_EE5beginEv
FN:324,_ZNKSt13unordered_setI4EdgeSt4hashIS0_ESt8equal_toIS0_ESaIS0_EE5beginEv
FNDA:13,_ZNKSt13unordered_setI4EdgeSt4hashIS0_ESt8equal_toIS0_ESaIS0_EE5beginEv
FN:334,_ZNSt13unordered_setI4EdgeSt4hashIS0_ESt8equal_toIS0_ESaIS0_EE3endEv
FNDA:9,_ZNSt13unordered_setI4EdgeSt4hashIS0_ESt8equal_toIS0_ESaIS0_EE3endEv
FN:334,_ZNSt13unordered_setI6VertexSt4hashIS0_ESt8equal_toIS0_ESaIS0_EE3endEv
FNDA:10,_ZNSt13unordered_setI6VertexSt4hashIS0_ESt8equal_toIS0_ESaIS0_EE3endEv
FN:338,_ZNKSt13unordered_setI4EdgeSt4hashIS0_ESt8equal_toIS0_ESaIS0_EE3endEv
FNDA:13,_ZNKSt13unordered_setI4EdgeSt4hashIS0_ESt8equal_toIS0_ESaIS0_EE3endEv
FN:421,_ZNSt13unordered_setI4EdgeSt4hashIS0_ESt8equal_toIS0_ESaIS0_EE6insertERKS0_
FNDA:21,_ZNSt13unordered_setI4EdgeSt4hashIS0_ESt8equal_toIS0_ESaIS0_EE6insertERKS0_
FN:545,_ZNSt13unordered_setI4EdgeSt4hashIS0_ESt8equal_toIS0_ESaIS0_EE5eraseERKS0_
FNDA:4,_ZNSt13unordered_setI4EdgeSt4hashIS0_ESt8equal_toIS0_ESaIS0_EE5eraseERKS0_
FN:650,_ZNSt13unordered_setI6VertexSt4hashIS0_ESt8equal_toIS0_ESaIS0_EE4findERKS0_
FNDA:0,_ZNSt13unordered_setI6VertexSt4hashIS0_ESt8equal_toIS0_ESaIS0_EE4findERKS0_
DA:135,9
DA:304,6
DA:305,6
DA:320,3
DA:321,3
DA:320,10
DA:321,10
DA:324,13
DA:325,13
DA:334,9
DA:335,9
DA:334,10
DA:335,10
DA:338,13
DA:339,13
DA:421,21
DA:422,21
DA:545,4
DA:546,4
DA:650,0
DA:651,0
end_of_record
SF:/usr/include/c++/11/bits/basic_string.tcc
FN:206,_ZNSt7__cxx1112basic_stringIcSt11char_traitsIcESaIcEE12_M_constructIPcEEvT_S7_St20forward_iterator_tag
FNDA:309,_ZNSt7__cxx1112basic_stringIcSt11char_traitsIcESaIcEE12_M_constructIPcEEvT_S7_St20forward_iterator_tag
FN:206,_ZNSt7__cxx1112basic_stringIcSt11char_traitsIcESaIcEE12_M_constructIPKcEEvT_S8_St20forward_iterator_tag
FNDA:62,_ZNSt7__cxx1112basic_stringIcSt11char_traitsIcESaIcEE12_M_constructIPKcEEvT_S8_St20forward_iterator_tag
DA:206,309
DA:211,309
DA:212,0
DA:215,309
DA:217,309
DA:219,42
DA:220,42
DA:225,309
DA:226,0
DA:228,0
DA:229,0
DA:232,309
DA:233,309
DA:206,62
DA:211,62
DA:212,0
DA:215,62
DA:217,62
DA:219,13
DA:220,13
DA:225,62
DA:226,0
DA:228,0
DA:229,0
DA:232,62
DA:233,62
end_of_record
SF:/usr/include/c++/11/ext/alloc_traits.h
FN:97,_ZN9__gnu_cxx14__alloc_traitsISaImEmE17_S_select_on_copyERKS1_
FNDA:111,_ZN9__gnu_cxx14__alloc_traitsISaImEmE17_S_select_on_copyERKS1_
FN:97,_ZN9__gnu_cxx14__alloc_traitsISaISt6vectorImSaImEEES3_E17_S_select_on_copyERKS4_
FNDA:24,_ZN9__gnu_cxx14__alloc_traitsISaISt6vectorImSaImEEES3_E17_S_select_on_copyERKS4_
FN:97,_ZN9__gnu_cxx14__alloc_traitsISaISt13_Rb_tree_nodeISt4pairIKmmEEES5_E17_S_select_on_copyERKS6_
FNDA:0,_ZN9__gnu_cxx14__alloc_traitsISaISt13_Rb_tree_nodeISt4pairIKmmEEES5_E17_S_select_on_copyERKS6_
FN:97,_ZN9__gnu_cxx14__alloc_traitsISaIcEcE17_S_select_on_copyERKS1_
FNDA:0,_ZN9__gnu_cxx14__alloc_traitsISaIcEcE17_S_select_on_copyERKS1_
FN:97,_ZN9__gnu_cxx14__alloc_traitsISaI4EdgeES1_E17_S_select_on_copyERKS2_
FNDA:0,_ZN9__gnu_cxx14__alloc_traitsISaI4EdgeES1_E17_S_select_on_copyERKS2_
DA:97,111
DA:98,111
DA:97,24
DA:98,24
DA:97,0
DA:98,0
DA:97,0
DA:98,0
DA:97,0
DA:98,0
end_of_record
SF:/usr/include/c++/11/tuple
FN:192,_ZNSt10_Head_baseILm0ERSt6vectorIS0_ImSaImEESaIS2_EELb0EEC2ES5_
FNDA:8,_ZNSt10_Head_baseILm0ERSt6vectorIS0_ImSaImEESaIS2_EELb0EEC2ES5_
FN:192,_ZNSt10_Head_baseILm1ERSt6vectorIS0_ImSaImEESaIS2_EELb0EEC2ES5_
FNDA:8,_ZNSt10_Head_baseILm1ERSt6vectorIS0_ImSaImEESaIS2_EELb0EEC2ES5_
FN:192,_ZNSt10_Head_baseILm0ERKmLb0EEC2ES1_
FNDA:42,_ZNSt10_Head_baseILm0ERKmLb0EEC2ES1_
FN:192,_ZNSt10_Head_baseILm0ERKiLb0EEC2ES1_
FNDA:20,_ZNSt10_Head_baseILm0ERKiLb0EEC2ES1_
FN:199,_ZNSt10_Head_baseILm0EOiLb0EEC2IiEEOT_
FNDA:14,_ZNSt10_Head_baseILm0EOiLb0EEC2IiEEOT_
FN:233,_ZNSt10_Head_baseILm0ERKiLb0EE7_M_headERS2_
FNDA:20,_ZNSt10_Head_baseILm0ERKiLb0EE7_M_headERS2_
FN:233,_ZNSt10_Head_baseILm0EOiLb0EE7_M_headERS1_
FNDA:14,_ZNSt10_Head_baseILm0EOiLb0EE7_M_headERS1_
FN:233,_ZNSt10_Head_baseILm0ERKmLb0EE7_M_headERS2_
FNDA:42,_ZNSt10_Head_baseILm0ERKmLb0EE7_M_headERS2_
FN:233,_ZNSt10_Head_baseILm1ERSt6vectorIS0_ImSaImEESaIS2_EELb0EE7_M_headERS6_
FNDA:8,_ZNSt10_Head_baseILm1ERSt6vectorIS0_ImSaImEESaIS2_EELb0EE7_M_headERS6_
FN:233,_ZNSt10_Head_baseILm0ERSt6vectorIS0_ImSaImEESaIS2_EELb0EE7_M_headERS6_
FNDA:8,_ZNSt10_Head_baseILm0ERSt6vectorIS0_ImSaImEESaIS2_EELb0EE7_M_headERS6_
FN:268,_ZNSt11_Tuple_implILm0EJRSt6vectorIS0_ImSaImEESaIS2_EES5_EE7_M_headERS6_
FNDA:8,_ZNSt11_Tuple_implILm0EJRSt6vectorIS0_ImSaImEESaIS2_EES5_EE7_M_headERS6_
FN:274,_ZNSt11_Tuple_implILm0EJRSt6vectorIS0_ImSaImEESaIS2_EES5_EE7_M_tailERS6_
FNDA:8,_ZNSt11_Tuple_implILm0EJRSt6vectorIS0_ImSaImEESaIS2_EES5_EE7_M_tailERS6_
FN:283,_ZNSt11_Tuple_implILm0EJRSt6vectorIS0_ImSaImEESaIS2_EES5_EEC2ES5_S5_
FNDA:8,_ZNSt11_Tuple_implILm0EJRSt6vectorIS0_ImSaImEESaIS2_EES5_EEC2ES5_S5_
FN:424,_ZNSt11_Tuple_implILm1EJRSt6vectorIS0_ImSaImEESaIS2_EEEE7_M_headERS6_
FNDA:8,_ZNSt11_Tuple_implILm1EJRSt6vectorIS0_ImSaImEESaIS2_EEEE7_M_headERS6_
FN:424,_ZNSt11_Tuple_implILm0EJOiEE7_M_headERS1_
FNDA:14,_ZNSt11_Tuple_implILm0EJOiEE7_M_headERS1_
FN:424,_ZNSt11_Tuple_implILm0EJRKiEE7_M_headERS2_
FNDA:20,_ZNSt11_Tuple_implILm0EJRKiEE7_M_headERS2_
FN:424,_ZNSt11_Tuple_implILm0EJRKmEE7_M_headERS2_
FNDA:42,_ZNSt11_Tuple_implILm0EJRKmEE7_M_headERS2_
FN:434,_ZNSt11_Tuple_implILm0EJRKmEEC2ES1_
FNDA:42,_ZNSt11_Tuple_implILm0EJRKmEEC2ES1_
FN:434,_ZNSt11_Tuple_implILm0EJRKiEEC2ES1_
FNDA:20,_ZNSt11_Tuple_implILm0EJRKiEEC2ES1_
FN:434,_ZNSt11_Tuple_implILm1EJRSt6vectorIS0_ImSaImEESaIS2_EEEEC2ES5_
FNDA:8,_ZNSt11_Tuple_implILm1EJRSt6vectorIS0_ImSaImEESaIS2_EEEEC2ES5_
FN:440,_ZNSt11_Tuple_implILm0EJOiEEC2IiEEOT_
FNDA:14,_ZNSt11_Tuple_implILm0EJOiEEC2IiEEOT_
FN:454,_ZNSt11_Tuple_implILm0EJRKmEEC2EOS2_
FNDA:42,_ZNSt11_Tuple_implILm0EJRKmEEC2EOS2_
FN:454,_ZNSt11_Tuple_implILm0EJRKiEEC2EOS2_
FNDA:20,_ZNSt11_Tuple_implILm0EJRKiEEC2EOS2_
FN:454,_ZNSt11_Tuple_implILm0EJOiEEC2EOS1_
FNDA:14,_ZNSt11_Tuple_implILm0EJOiEEC2EOS1_
FN:727,_ZNSt5tupleIJRKmEEC2ILb1ELb1EEES1_
FNDA:42,_ZNSt5tupleIJRKmEEC2ILb1ELb1EEES1_
FN:727,_ZNSt5tupleIJRKiEEC2ILb1ELb1EEES1_
FNDA:20,_ZNSt5tupleIJRKiEEC2ILb1ELb1EEES1_
FN:742,_ZNSt5tupleIJOiEEC2IJiELb1ELb1EEEDpOT_
FNDA:14,_ZNSt5tupleIJOiEEC2IJiELb1ELb1EEEDpOT_
FN:756,_ZNSt5tupleIJOiEEC2EOS1_
FNDA:14,_ZNSt5tupleIJOiEEC2EOS1_
FN:756,_ZNSt5tupleIJRKmEEC2EOS2_
FNDA:42,_ZNSt5tupleIJRKmEEC2EOS2_
FN:756,_ZNSt5tupleIJRKiEEC2EOS2_
FNDA:20,_ZNSt5tupleIJRKiEEC2EOS2_
FN:1063,_ZNSt5tupleIJRSt6vectorIS0_ImSaImEESaIS2_EES5_EEC2ILb1ELb1EEES5_S5_
FNDA:8,_ZNSt5tupleIJRSt6vectorIS0_ImSaImEESaIS2_EES5_EEC2ILb1ELb1EEES5_S5_
FN:1321,_ZNSt5tupleIJRSt6vectorIS0_ImSaImEESaIS2_EES5_EEaSIS4_S4_EENSt9enable_ifIXcl12__assignableIT_T0_EEERS6_E4typeEOSt4pairIS9_SA_E
FNDA:8,_ZNSt5tupleIJRSt6vectorIS0_ImSaImEESaIS2_EES5_EEaSIS4_S4_EENSt9enable_ifIXcl12__assignableIT_T0_EEERS6_E4typeEOSt4pairIS9_SA_E
FN:1377,_ZSt12__get_helperILm0ERKmJEERT0_RSt11_Tuple_implIXT_EJS2_DpT1_EE
FNDA:42,_ZSt12__get_helperILm0ERKmJEERT0_RSt11_Tuple_implIXT_EJS2_DpT1_EE
FN:1377,_ZSt12__get_helperILm0ERKiJEERT0_RSt11_Tuple_implIXT_EJS2_DpT1_EE
FNDA:20,_ZSt12__get_helperILm0ERKiJEERT0_RSt11_Tuple_implIXT_EJS2_DpT1_EE
FN:1377,_ZSt12__get_helperILm0EOiJEERT0_RSt11_Tuple_implIXT_EJS1_DpT1_EE
FNDA:14,_ZSt12__get_helperILm0EOiJEERT0_RSt11_Tuple_implIXT_EJS1_DpT1_EE
FN:1393,_ZSt3getILm0EJRKiEERNSt13tuple_elementIXT_ESt5tupleIJDpT0_EEE4typeERS6_
FNDA:20,_ZSt3getILm0EJRKiEERNSt13tuple_elementIXT_ESt5tupleIJDpT0_EEE4typeERS6_
FN:1393,_ZSt3getILm0EJRKmEERNSt13tuple_elementIXT_ESt5tupleIJDpT0_EEE4typeERS6_
FNDA:42,_ZSt3getILm0EJRKmEERNSt13tuple_elementIXT_ESt5tupleIJDpT0_EEE4typeERS6_
FN:1393,_ZSt3getILm0EJOiEERNSt13tuple_elementIXT_ESt5tupleIJDpT0_EEE4typeERS5_
FNDA:14,_ZSt3getILm0EJOiEERNSt13tuple_elementIXT_ESt5tupleIJDpT0_EEE4typeERS5_
FN:1617,_ZSt16forward_as_tupleIJiEESt5tupleIJDpOT_EES3_
FNDA:14,_ZSt16forward_as_tupleIJiEESt5tupleIJDpOT_EES3_
FN:1746,_ZSt3tieIJSt6vectorIS0_ImSaImEESaIS2_EES4_EESt5tupleIJDpRT_EES8_
FNDA:8,_ZSt3tieIJSt6vectorIS0_ImSaImEESaIS2_EES4_EESt5tupleIJDpRT_EES8_
FN:1804,_ZNSt4pairIKmmEC2IJRS0_EJEEESt21piecewise_construct_tSt5tupleIJDpT_EES5_IJDpT0_EE
FNDA:42,_ZNSt4pairIKmmEC2IJRS0_EJEEESt21piecewise_construct_tSt5tupleIJDpT_EES5_IJDpT0_EE
FN:1804,_ZNSt4pairIKi6VertexEC2IJRS0_EJEEESt21piecewise_construct_tSt5tupleIJDpT_EES6_IJDpT0_EE
FNDA:12,_ZNSt4pairIKi6VertexEC2IJRS0_EJEEESt21piecewise_construct_tSt5tupleIJDpT_EES6_IJDpT0_EE
FN:1804,_ZNSt4pairIKi6VertexEC2IJOiEJEEESt21piecewise_construct_tSt5tupleIJDpT_EES6_IJDpT0_EE
FNDA:14,_ZNSt4pairIKi6VertexEC2IJOiEJEEESt21piecewise_construct_tSt5tupleIJDpT_EES6_IJDpT0_EE
FN:1816,_ZNSt4pairIKmmEC2IJRS0_EJLm0EEJEJEEERSt5tupleIJDpT_EERS4_IJDpT1_EESt12_Index_tupleIJXspT0_EEESD_IJXspT2_EEE
FNDA:42,_ZNSt4pairIKmmEC2IJRS0_EJLm0EEJEJEEERSt5tupleIJDpT_EERS4_IJDpT1_EESt12_Index_tupleIJXspT0_EEESD_IJXspT2_EEE
FN:1816,_ZNSt4pairIKi6VertexEC2IJRS0_EJLm0EEJEJEEERSt5tupleIJDpT_EERS5_IJDpT1_EESt12_Index_tupleIJXspT0_EEESE_IJXspT2_EEE
FNDA:12,_ZNSt4pairIKi6VertexEC2IJRS0_EJLm0EEJEJEEERSt5tupleIJDpT_EERS5_IJDpT1_EESt12_Index_tupleIJXspT0_EEESE_IJXspT2_EEE
FN:1816,_ZNSt4pairIKi6VertexEC2IJOiEJLm0EEJEJEEERSt5tupleIJDpT_EERS5_IJDpT1_EESt12_Index_tupleIJXspT0_EEESE_IJXspT2_EEE
FNDA:14,_ZNSt4pairIKi6VertexEC2IJOiEJLm0EEJEJEEERSt5tupleIJDpT_EERS5_IJDpT1_EESt12_Index_tupleIJXspT0_EEESE_IJXspT2_EEE
DA:192,8
DA:193,8
DA:192,8
DA:193,8
DA:192,42
DA:193,42
DA:192,20
DA:193,20
DA:199,14
DA:200,14
DA:233,42
DA:233,20
DA:233,14
DA:233,8
DA:233,8
DA:268,8
DA:274,8
DA:283,8
DA:284,8
DA:285,8
DA:424,42
DA:424,20
DA:424,14
DA:424,8
DA:434,8
DA:435,8
DA:436,8
DA:434,42
DA:435,42
DA:436,42
DA:434,20
DA:435,20
DA:436,20
DA:440,14
DA:441,14
DA:442,14
DA:454,42
DA:456,42
DA:457,42
DA:454,20
DA:456,20
DA:457,20
DA:454,14
DA:456,14
DA:457,14
DA:727,42
DA:729,42
DA:727,20
DA:729,20
DA:742,14
DA:744,14
DA:756,42
DA:756,20
DA:756,14
DA:1063,8
DA:1065,8
DA:1321,8
DA:1324,8
DA:1325,8
DA:1326,8
DA:1377,42
DA:1378,42
DA:1377,20
DA:1378,20
DA:1377,14
DA:1378,14
DA:1393,42
DA:1394,42
DA:1393,20
DA:1394,20
DA:1393,14
DA:1394,14
DA:1617,14
DA:1618,14
DA:1746,8
DA:1747,8
DA:1804,42
DA:1809,42
DA:1810,42
DA:1804,12
DA:1809,12
DA:1810,12
DA:1804,14
DA:1809,14
DA:1810,14
DA:1816,42
DA:1819,42
DA:1820,42
DA:1821,42
DA:1816,12
DA:1819,12
DA:1820,12
DA:1821,12
DA:1816,14
DA:1819,14
DA:1820,14
DA:1821,14
end_of_record
SF:/usr/include/c++/11/bits/charconv.h
FN:47,_ZNSt8__detail14__to_chars_lenImEEjT_i
FNDA:63,_ZNSt8__detail14__to_chars_lenImEEjT_i
FN:47,_ZNSt8__detail14__to_chars_lenIjEEjT_i
FNDA:72,_ZNSt8__detail14__to_chars_lenIjEEjT_i
FN:72,_ZNSt8__detail18__to_chars_10_implImEEvPcjT_
FNDA:63,_ZNSt8__detail18__to_chars_10_implImEEvPcjT_
FN:72,_ZNSt8__detail18__to_chars_10_implIjEEvPcjT_
FNDA:72,_ZNSt8__detail18__to_chars_10_implIjEEvPcjT_
DA:47,63
DA:52,63
DA:53,63
DA:54,63
DA:55,63
DA:58,63
DA:59,0
DA:60,0
DA:61,0
DA:62,0
DA:63,0
DA:47,72
DA:52,72
DA:53,72
DA:54,72
DA:55,72
DA:58,72
DA:59,0
DA:60,0
DA:61,0
DA:62,0
DA:63,0
DA:72,63
DA:83,63
DA:84,63
DA:86,0
DA:87,0
DA:88,0
DA:89,0
DA:90,0
DA:92,63
DA:94,0
DA:95,0
DA:96,0
DA:99,63
DA:100,63
DA:72,72
DA:83,72
DA:84,72
DA:86,0
DA:87,0
DA:88,0
DA:89,0
DA:90,0
DA:92,72
DA:94,0
DA:95,0
DA:96,0
DA:99,72
DA:100,72
end_of_record
SF:/usr/include/c++/11/bits/basic_string.h
FN:251,_ZNSt7__cxx1112basic_stringIcSt11char_traitsIcESaIcEE16_M_construct_auxIPcEEvT_S7_St12__false_type
FNDA:4,_ZNSt7__cxx1112basic_stringIcSt11char_traitsIcESaIcEE16_M_construct_auxIPcEEvT_S7_St12__false_type
FN:271,_ZNSt7__cxx1112basic_stringIcSt11char_traitsIcESaIcEE12_M_constructIPcEEvT_S7_
FNDA:4,_ZNSt7__cxx1112basic_stringIcSt11char_traitsIcESaIcEE12_M_constructIPcEEvT_S7_
FN:533,_ZNSt7__cxx1112basic_stringIcSt11char_traitsIcESaIcEEC2IS3_EEPKcRKS3_
FNDA:62,_ZNSt7__cxx1112basic_stringIcSt11char_traitsIcESaIcEEC2IS3_EEPKcRKS3_
FN:553,_ZNSt7__cxx1112basic_stringIcSt11char_traitsIcESaIcEEC2IS3_EEmcRKS3_
FNDA:135,_ZNSt7__cxx1112basic_stringIcSt11char_traitsIcESaIcEEC2IS3_EEmcRKS3_
FN:638,_ZNSt7__cxx1112basic_stringIcSt11char_traitsIcESaIcEEC2IPcvEET_S7_RKS3_
FNDA:4,_ZNSt7__cxx1112basic_stringIcSt11char_traitsIcESaIcEEC2IPcvEET_S7_RKS3_
FN:6132,_ZStplIcSt11char_traitsIcESaIcEENSt7__cxx1112basic_stringIT_T0_T1_EERKS8_PKS5_
FNDA:12,_ZStplIcSt11char_traitsIcESaIcEENSt7__cxx1112basic_stringIT_T0_T1_EERKS8_PKS5_
FN:6172,_ZStplIcSt11char_traitsIcESaIcEENSt7__cxx1112basic_stringIT_T0_T1_EEOS8_S9_
FNDA:53,_ZStplIcSt11char_traitsIcESaIcEENSt7__cxx1112basic_stringIT_T0_T1_EEOS8_S9_
FN:6194,_ZStplIcSt11char_traitsIcESaIcEENSt7__cxx1112basic_stringIT_T0_T1_EEPKS5_OS8_
FNDA:66,_ZStplIcSt11char_traitsIcESaIcEENSt7__cxx1112basic_stringIT_T0_T1_EEPKS5_OS8_
FN:6206,_ZStplIcSt11char_traitsIcESaIcEENSt7__cxx1112basic_stringIT_T0_T1_EEOS8_PKS5_
FNDA:156,_ZStplIcSt11char_traitsIcESaIcEENSt7__cxx1112basic_stringIT_T0_T1_EEOS8_PKS5_
FN:6660,_ZNSt7__cxx119to_stringEi
FNDA:72,_ZNSt7__cxx119to_stringEi
FN:6690,_ZNSt7__cxx119to_stringEm
FNDA:63,_ZNSt7__cxx119to_stringEm
FN:6730,_ZNSt7__cxx119to_stringEd
FNDA:4,_ZNSt7__cxx119to_stringEd
DA:251,4
DA:255,4
DA:256,4
DA:271,4
DA:274,4
DA:275,4
DA:533,62
DA:534,62
DA:536,62
DA:539,62
DA:540,62
DA:553,135
DA:554,135
DA:555,135
DA:638,4
DA:640,4
DA:641,4
DA:6132,12
DA:6135,12
DA:6136,12
DA:6137,12
DA:6138,0
DA:6172,53
DA:6177,53
DA:6179,53
DA:6182,53
DA:6185,53
DA:6186,53
DA:6187,0
DA:6189,53
DA:6194,66
DA:6196,66
DA:6206,156
DA:6208,156
DA:6660,72
DA:6662,72
DA:6663,72
DA:6664,72
DA:6665,72
DA:6666,72
DA:6667,72
DA:6668,0
DA:6690,63
DA:6692,63
DA:6693,63
DA:6694,63
DA:6695,0
DA:6730,4
DA:6732,4
DA:6735,4
end_of_record
SF:/usr/include/c++/11/bits/char_traits.h
FN:106,_ZN9__gnu_cxx11char_traitsIcE2eqERKcS3_
FNDA:0,_ZN9__gnu_cxx11char_traitsIcE2eqERKcS3_
FN:167,_ZN9__gnu_cxx11char_traitsIcE6lengthEPKc
FNDA:0,_ZN9__gnu_cxx11char_traitsIcE6lengthEPKc
FN:393,_ZNSt11char_traitsIcE6lengthEPKc
FNDA:66,_ZNSt11char_traitsIcE6lengthEPKc
FN:429,_ZNSt11char_traitsIcE4copyEPcPKcm
FNDA:0,_ZNSt11char_traitsIcE4copyEPcPKcm
DA:106,0
DA:107,0
DA:167,0
DA:170,0
DA:171,0
DA:172,0
DA:173,0
DA:290,66
DA:393,66
DA:396,66
DA:397,0
DA:399,66
DA:429,0
DA:431,0
DA:432,0
DA:437,0
end_of_record
SF:/usr/include/c++/11/bits/stl_tree.h
FN:112,_ZNSt18_Rb_tree_node_base10_S_minimumEPS_
FNDA:0,_ZNSt18_Rb_tree_node_base10_S_minimumEPS_
FN:126,_ZNSt18_Rb_tree_node_base10_S_maximumEPS_
FNDA:0,_ZNSt18_Rb_tree_node_base10_S_maximumEPS_
FN:146,_ZNSt20_Rb_tree_key_compareISt4lessIiEEC2Ev
FNDA:11,_ZNSt20_Rb_tree_key_compareISt4lessIiEEC2Ev
FN:146,_ZNSt20_Rb_tree_key_compareISt4lessImEEC2Ev
FNDA:52,_ZNSt20_Rb_tree_key_compareISt4lessImEEC2Ev
FN:152,_ZNSt20_Rb_tree_key_compareISt4lessImEEC2ERKS1_
FNDA:0,_ZNSt20_Rb_tree_key_compareISt4lessImEEC2ERKS1_
FN:173,_ZNSt15_Rb_tree_headerC2Ev
FNDA:0,_ZNSt15_Rb_tree_headerC2Ev
FN:206,_ZNSt15_Rb_tree_header8_M_resetEv
FNDA:0,_ZNSt15_Rb_tree_header8_M_resetEv
FN:234,_ZNSt13_Rb_tree_nodeISt4pairIKmmEE9_M_valptrEv
FNDA:0,_ZNSt13_Rb_tree_nodeISt4pairIKmmEE9_M_valptrEv
FN:234,_ZNSt13_Rb_tree_nodeISt4pairIKi6VertexEE9_M_valptrEv
FNDA:470,_ZNSt13_Rb_tree_nodeISt4pairIKi6VertexEE9_M_valptrEv
FN:238,_ZNKSt13_Rb_tree_nodeISt4pairIKi6VertexEE9_M_valptrEv
FNDA:464,_ZNKSt13_Rb_tree_nodeISt4pairIKi6VertexEE9_M_valptrEv
FN:238,_ZNKSt13_Rb_tree_nodeISt4pairIKmmEE9_M_valptrEv
FNDA:110,_ZNKSt13_Rb_tree_nodeISt4pairIKmmEE9_M_valptrEv
FN:273,_ZNSt17_Rb_tree_iteratorISt4pairIKmmEEC2EPSt18_Rb_tree_node_base
FNDA:264,_ZNSt17_Rb_tree_iteratorISt4pairIKmmEEC2EPSt18_Rb_tree_node_base
FN:273,_ZNSt17_Rb_tree_iteratorISt4pairIKi6VertexEEC2EPSt18_Rb_tree_node_base
FNDA:500,_ZNSt17_Rb_tree_iteratorISt4pairIKi6VertexEEC2EPSt18_Rb_tree_node_base
FN:277,_ZNKSt17_Rb_tree_iteratorISt4pairIKmmEEdeEv
FNDA:46,_ZNKSt17_Rb_tree_iteratorISt4pairIKmmEEdeEv
FN:277,_ZNKSt17_Rb_tree_iteratorISt4pairIKi6VertexEEdeEv
FNDA:418,_ZNKSt17_Rb_tree_iteratorISt4pairIKi6VertexEEdeEv
FN:285,_ZNSt17_Rb_tree_iteratorISt4pairIKmmEEppEv
FNDA:0,_ZNSt17_Rb_tree_iteratorISt4pairIKmmEEppEv
FN:285,_ZNSt17_Rb_tree_iteratorISt4pairIKi6VertexEEppEv
FNDA:15,_ZNSt17_Rb_tree_iteratorISt4pairIKi6VertexEEppEv
FN:300,_ZNSt17_Rb_tree_iteratorISt4pairIKmmEEmmEv
FNDA:0,_ZNSt17_Rb_tree_iteratorISt4pairIKmmEEmmEv
[...]
DA:100,8
DA:102,16
DA:103,8
DA:104,8
end_of_record
SF:/usr/include/c++/11/bits/stl_vector.h
FN:97,_ZNSt12_Vector_baseISt6threadSaIS0_EE17_Vector_impl_dataC2Ev
FNDA:1,_ZNSt12_Vector_baseISt6threadSaIS0_EE17_Vector_impl_dataC2Ev
FN:97,_ZNSt12_Vector_baseIiSaIiEE17_Vector_impl_dataC2Ev
FNDA:0,_ZNSt12_Vector_baseIiSaIiEE17_Vector_impl_dataC2Ev
FN:131,_ZNSt12_Vector_baseISt6threadSaIS0_EE12_Vector_implC2Ev
FNDA:1,_ZNSt12_Vector_baseISt6threadSaIS0_EE12_Vector_implC2Ev
FN:131,_ZNSt12_Vector_baseIiSaIiEE12_Vector_implC2Ev
FNDA:0,_ZNSt12_Vector_baseIiSaIiEE12_Vector_implC2Ev
FN:276,_ZNSt12_Vector_baseISt6threadSaIS0_EE19_M_get_Tp_allocatorEv
FNDA:7,_ZNSt12_Vector_baseISt6threadSaIS0_EE19_M_get_Tp_allocatorEv
FN:276,_ZNSt12_Vector_baseIiSaIiEE19_M_get_Tp_allocatorEv
FNDA:0,_ZNSt12_Vector_baseIiSaIiEE19_M_get_Tp_allocatorEv
FN:280,_ZNKSt12_Vector_baseIiSaIiEE19_M_get_Tp_allocatorEv
FNDA:0,_ZNKSt12_Vector_baseIiSaIiEE19_M_get_Tp_allocatorEv
FN:280,_ZNKSt12_Vector_baseISt6threadSaIS0_EE19_M_get_Tp_allocatorEv
FNDA:6,_ZNKSt12_Vector_baseISt6threadSaIS0_EE19_M_get_Tp_allocatorEv
FN:288,_ZNSt12_Vector_baseISt6threadSaIS0_EEC2Ev
FNDA:1,_ZNSt12_Vector_baseISt6threadSaIS0_EEC2Ev
FN:288,_ZNSt12_Vector_baseIiSaIiEEC2Ev
FNDA:0,_ZNSt12_Vector_baseIiSaIiEEC2Ev
FN:333,_ZNSt12_Vector_baseIiSaIiEED2Ev
FNDA:0,_ZNSt12_Vector_baseIiSaIiEED2Ev
FN:333,_ZNSt12_Vector_baseISt6threadSaIS0_EED2Ev
FNDA:1,_ZNSt12_Vector_baseISt6threadSaIS0_EED2Ev
FN:343,_ZNSt12_Vector_baseIiSaIiEE11_M_allocateEm
FNDA:0,_ZNSt12_Vector_baseIiSaIiEE11_M_allocateEm
FN:343,_ZNSt12_Vector_baseISt6threadSaIS0_EE11_M_allocateEm
FNDA:3,_ZNSt12_Vector_baseISt6threadSaIS0_EE11_M_allocateEm
FN:350,_ZNSt12_Vector_baseIiSaIiEE13_M_deallocateEPim
FNDA:0,_ZNSt12_Vector_baseIiSaIiEE13_M_deallocateEPim
FN:350,_ZNSt12_Vector_baseISt6threadSaIS0_EE13_M_deallocateEPS0_m
FNDA:4,_ZNSt12_Vector_baseISt6threadSaIS0_EE13_M_deallocateEPS0_m
FN:453,_ZNSt6vectorIiSaIiEE14_S_do_relocateEPiS2_S2_RS0_St17integral_constantIbLb1EE
FNDA:0,_ZNSt6vectorIiSaIiEE14_S_do_relocateEPiS2_S2_RS0_St17integral_constantIbLb1EE
FN:453,_ZNSt6vectorISt6threadSaIS0_EE14_S_do_relocateEPS0_S3_S3_RS1_St17integral_constantIbLb1EE
FNDA:6,_ZNSt6vectorISt6threadSaIS0_EE14_S_do_relocateEPS0_S3_S3_RS1_St17integral_constantIbLb1EE
FN:465,_ZNSt6vectorISt6threadSaIS0_EE11_S_relocateEPS0_S3_S3_RS1_
FNDA:6,_ZNSt6vectorISt6threadSaIS0_EE11_S_relocateEPS0_S3_S3_RS1_
FN:465,_ZNSt6vectorIiSaIiEE11_S_relocateEPiS2_S2_RS0_
FNDA:0,_ZNSt6vectorIiSaIiEE11_S_relocateEPiS2_S2_RS0_
FN:487,_ZNSt6vectorIiSaIiEEC2Ev
FNDA:0,_ZNSt6vectorIiSaIiEEC2Ev
FN:487,_ZNSt6vectorISt6threadSaIS0_EEC2Ev
FNDA:1,_ZNSt6vectorISt6threadSaIS0_EEC2Ev
FN:678,_ZNSt6vectorISt6threadSaIS0_EED2Ev
FNDA:1,_ZNSt6vectorISt6threadSaIS0_EED2Ev
FN:678,_ZNSt6vectorIiSaIiEED2Ev
FNDA:0,_ZNSt6vectorIiSaIiEED2Ev
FN:811,_ZNSt6vectorISt6threadSaIS0_EE5beginEv
FNDA:4,_ZNSt6vectorISt6threadSaIS0_EE5beginEv
FN:811,_ZNSt6vectorIiSaIiEE5beginEv
FNDA:0,_ZNSt6vectorIiSaIiEE5beginEv
FN:829,_ZNSt6vectorIiSaIiEE3endEv
FNDA:0,_ZNSt6vectorIiSaIiEE3endEv
FN:829,_ZNSt6vectorISt6threadSaIS0_EE3endEv
FNDA:8,_ZNSt6vectorISt6threadSaIS0_EE3endEv
FN:918,_ZNKSt6vectorISt6threadSaIS0_EE4sizeEv
FNDA:12,_ZNKSt6vectorISt6threadSaIS0_EE4sizeEv
FN:918,_ZNKSt6vectorIiSaIiEE4sizeEv
FNDA:0,_ZNKSt6vectorIiSaIiEE4sizeEv
FN:923,_ZNKSt6vectorIiSaIiEE8max_sizeEv
FNDA:0,_ZNKSt6vectorIiSaIiEE8max_sizeEv
FN:923,_ZNKSt6vectorISt6threadSaIS0_EE8max_sizeEv
FNDA:6,_ZNKSt6vectorISt6threadSaIS0_EE8max_sizeEv
FN:1143,_ZNSt6vectorISt6threadSaIS0_EE4backEv
FNDA:4,_ZNSt6vectorISt6threadSaIS0_EE4backEv
FN:1187,_ZNSt6vectorIiSaIiEE9push_backERKi
FNDA:4,_ZNSt6vectorIiSaIiEE9push_backERKi
FN:1756,_ZNKSt6vectorISt6threadSaIS0_EE12_M_check_lenEmPKc
FNDA:3,_ZNKSt6vectorISt6threadSaIS0_EE12_M_check_lenEmPKc
FN:1756,_ZNKSt6vectorIiSaIiEE12_M_check_lenEmPKc
FNDA:0,_ZNKSt6vectorIiSaIiEE12_M_check_lenEmPKc
FN:1776,_ZNSt6vectorISt6threadSaIS0_EE11_S_max_sizeERKS1_
FNDA:6,_ZNSt6vectorISt6threadSaIS0_EE11_S_max_sizeERKS1_
FN:1776,_ZNSt6vectorIiSaIiEE11_S_max_sizeERKS0_
FNDA:0,_ZNSt6vectorIiSaIiEE11_S_max_sizeERKS0_
DA:97,0
DA:98,0
DA:99,0
DA:97,1
DA:98,1
DA:99,1
DA:131,0
DA:133,0
DA:134,0
DA:131,1
DA:133,1
DA:134,1
DA:276,0
DA:277,0
DA:276,7
DA:277,7
DA:280,0
DA:281,0
DA:280,6
DA:281,6
DA:288,0
DA:288,1
DA:333,0
DA:335,0
DA:336,0
DA:337,0
DA:333,1
DA:335,1
DA:336,1
DA:337,1
DA:343,0
DA:346,0
DA:343,3
DA:346,3
DA:350,0
DA:353,0
DA:354,0
DA:355,0
DA:350,4
DA:353,4
DA:354,3
DA:355,4
DA:453,0
DA:456,0
DA:453,6
DA:456,6
DA:465,0
DA:469,0
DA:465,6
DA:469,6
DA:487,0
DA:487,1
DA:678,0
DA:680,0
DA:681,0
DA:683,0
DA:678,1
DA:680,1
DA:681,1
DA:683,1
DA:811,0
DA:812,0
DA:811,4
DA:812,4
DA:829,0
DA:830,0
DA:829,8
DA:830,8
DA:918,0
DA:919,0
DA:918,12
DA:919,12
DA:923,0
DA:924,0
DA:923,6
DA:924,6
DA:1143,4
DA:1146,4
DA:1187,4
DA:1189,4
DA:1192,1
DA:1194,1
DA:1198,3
DA:1199,4
DA:1756,0
DA:1758,0
DA:1759,0
DA:1761,0
DA:1762,0
DA:1756,3
DA:1758,3
DA:1759,0
DA:1761,3
DA:1762,3
DA:1776,0
DA:1781,0
DA:1783,0
DA:1784,0
DA:1776,6
DA:1781,6
DA:1783,6
DA:1784,6
end_of_record
SF:/usr/include/c++/11/bits/stl_queue.h
FN:166,_ZNSt5queueISt8functionIFvvEESt5dequeIS2_SaIS2_EEEC2IS5_vEEv
FNDA:1,_ZNSt5queueISt8functionIFvvEESt5dequeIS2_SaIS2_EEEC2IS5_vEEv
FN:203,_ZNKSt5queueISt8functionIFvvEESt5dequeIS2_SaIS2_EEE5emptyEv
FNDA:16,_ZNKSt5queueISt8functionIFvvEESt5dequeIS2_SaIS2_EEE5emptyEv
FN:216,_ZNSt5queueISt8functionIFvvEESt5dequeIS2_SaIS2_EEE5frontEv
FNDA:4,_ZNSt5queueISt8functionIFvvEESt5dequeIS2_SaIS2_EEE5frontEv
FN:265,_ZNSt5queueISt8functionIFvvEESt5dequeIS2_SaIS2_EEE4pushERKS2_
FNDA:4,_ZNSt5queueISt8functionIFvvEESt5dequeIS2_SaIS2_EEE4pushERKS2_
FN:298,_ZNSt5queueISt8functionIFvvEESt5dequeIS2_SaIS2_EEE3popEv
FNDA:4,_ZNSt5queueISt8functionIFvvEESt5dequeIS2_SaIS2_EEE3popEv
DA:166,1
DA:167,1
DA:203,16
DA:204,16
DA:216,4
DA:219,4
DA:265,4
DA:266,4
DA:298,4
DA:301,4
DA:302,4
end_of_record
SF:/usr/include/c++/11/bits/stl_construct.h
FN:146,_ZSt8_DestroyISt8functionIFvvEEEvPT_
FNDA:0,_ZSt8_DestroyISt8functionIFvvEEEvPT_
FN:146,_ZSt8_DestroyISt6threadEvPT_
FNDA:4,_ZSt8_DestroyISt6threadEvPT_
FN:160,_ZNSt12_Destroy_auxILb0EE9__destroyIPSt8functionIFvvEEEEvT_S6_
FNDA:1,_ZNSt12_Destroy_auxILb0EE9__destroyIPSt8functionIFvvEEEEvT_S6_
FN:160,_ZNSt12_Destroy_auxILb0EE9__destroyIPSt6threadEEvT_S4_
FNDA:1,_ZNSt12_Destroy_auxILb0EE9__destroyIPSt6threadEEvT_S4_
FN:172,_ZNSt12_Destroy_auxILb1EE9__destroyIPiEEvT_S3_
FNDA:0,_ZNSt12_Destroy_auxILb1EE9__destroyIPiEEvT_S3_
FN:182,_ZSt8_DestroyIPSt8functionIFvvEEEvT_S4_
FNDA:1,_ZSt8_DestroyIPSt8functionIFvvEEEvT_S4_
FN:182,_ZSt8_DestroyIPiEvT_S1_
FNDA:0,_ZSt8_DestroyIPiEvT_S1_
FN:182,_ZSt8_DestroyIPSt6threadEvT_S2_
FNDA:1,_ZSt8_DestroyIPSt6threadEvT_S2_
DA:146,0
DA:151,0
DA:153,0
DA:146,4
DA:151,4
DA:153,4
DA:160,1
DA:162,1
DA:163,0
DA:164,1
DA:160,1
DA:162,5
DA:163,4
DA:164,1
DA:172,0
DA:182,1
DA:196,1
DA:197,1
DA:182,0
DA:196,0
DA:197,0
DA:182,1
DA:196,1
DA:197,1
end_of_record
SF:/usr/include/c++/11/bits/stl_algobase.h
FN:230,_ZSt3minImERKT_S2_S2_
FNDA:0,_ZSt3minImERKT_S2_S2_
FN:254,_ZSt3maxImERKT_S2_S2_
FNDA:0,_ZSt3maxImERKT_S2_S2_
FN:313,_ZSt12__niter_baseIPPSt8functionIFvvEEET_S5_
FNDA:0,_ZSt12__niter_baseIPPSt8functionIFvvEEET_S5_
FN:313,_ZSt12__niter_baseIPiET_S1_
FNDA:0,_ZSt12__niter_baseIPiET_S1_
FN:313,_ZSt12__niter_baseIPSt6threadET_S2_
FNDA:18,_ZSt12__niter_baseIPSt6threadET_S2_
FN:335,_ZSt12__niter_wrapIPPSt8functionIFvvEEET_RKS5_S5_
FNDA:0,_ZSt12__niter_wrapIPPSt8functionIFvvEEET_RKS5_S5_
FN:420,_ZNSt11__copy_moveILb0ELb1ESt26random_access_iterator_tagE8__copy_mIPSt8functionIFvvEEEEPT_PKS7_SA_S8_
FNDA:0,_ZNSt11__copy_moveILb0ELb1ESt26random_access_iterator_tagE8__copy_mIPSt8functionIFvvEEEEPT_PKS7_SA_S8_
FN:486,_ZSt14__copy_move_a2ILb0EPPSt8functionIFvvEES4_ET1_T0_S6_S5_
FNDA:0,_ZSt14__copy_move_a2ILb0EPPSt8functionIFvvEES4_ET1_T0_S6_S5_
FN:521,_ZSt14__copy_move_a1ILb0EPPSt8functionIFvvEES4_ET1_T0_S6_S5_
FNDA:0,_ZSt14__copy_move_a1ILb0EPPSt8functionIFvvEES4_ET1_T0_S6_S5_
FN:527,_ZSt13__copy_move_aILb0EPPSt8functionIFvvEES4_ET1_T0_S6_S5_
FNDA:0,_ZSt13__copy_move_aILb0EPPSt8functionIFvvEES4_ET1_T0_S6_S5_
FN:611,_ZSt4copyIPPSt8functionIFvvEES4_ET0_T_S6_S5_
FNDA:0,_ZSt4copyIPPSt8functionIFvvEES4_ET0_T_S6_S5_
FN:731,_ZNSt20__copy_move_backwardILb0ELb1ESt26random_access_iterator_tagE13__copy_move_bIPSt8functionIFvvEEEEPT_PKS7_SA_S8_
FNDA:0,_ZNSt20__copy_move_backwardILb0ELb1ESt26random_access_iterator_tagE13__copy_move_bIPSt8functionIFvvEEEEPT_PKS7_SA_S8_
FN:750,_ZSt23__copy_move_backward_a2ILb0EPPSt8functionIFvvEES4_ET1_T0_S6_S5_
FNDA:0,_ZSt23__copy_move_backward_a2ILb0EPPSt8functionIFvvEES4_ET1_T0_S6_S5_
FN:768,_ZSt23__copy_move_backward_a1ILb0EPPSt8functionIFvvEES4_ET1_T0_S6_S5_
FNDA:0,_ZSt23__copy_move_backward_a1ILb0EPPSt8functionIFvvEES4_ET1_T0_S6_S5_
FN:796,_ZSt22__copy_move_backward_aILb0EPPSt8functionIFvvEES4_ET1_T0_S6_S5_
FNDA:0,_ZSt22__copy_move_backward_aILb0EPPSt8functionIFvvEES4_ET1_T0_S6_S5_
FN:848,_ZSt13copy_backwardIPPSt8functionIFvvEES4_ET0_T_S6_S5_
FNDA:0,_ZSt13copy_backwardIPPSt8functionIFvvEES4_ET0_T_S6_S5_
DA:230,0
DA:235,0
DA:236,0
DA:237,0
DA:254,0
DA:259,0
DA:260,0
DA:261,0
DA:313,0
DA:315,0
DA:313,0
DA:315,0
DA:313,18
DA:315,18
DA:335,0
DA:336,0
DA:420,0
DA:429,0
DA:430,0
DA:431,0
DA:432,0
DA:486,0
DA:495,0
DA:521,0
DA:522,0
DA:527,0
DA:529,0
DA:532,0
DA:611,0
DA:620,0
DA:731,0
DA:740,0
DA:741,0
DA:742,0
DA:743,0
DA:750,0
DA:760,0
DA:762,0
DA:768,0
DA:769,0
DA:796,0
DA:798,0
DA:801,0
DA:848,0
DA:859,0
end_of_record
SF:/home/ido/Course-OperationSystems/OS-FinalProject/LFP/LFP.cpp
FN:5,_ZN3LFPC2Ei
FNDA:1,_ZN3LFPC2Ei
FN:12,_ZN3LFPD2Ev
FNDA:1,_ZN3LFPD2Ev
FN:16,_ZN3LFP7addTaskESt8functionIFvvEE
FNDA:4,_ZN3LFP7addTaskESt8functionIFvvEE
FN:26,_ZN3LFP5startEv
FNDA:1,_ZN3LFP5startEv
FN:33,_ZN3LFP4stopEv
FNDA:1,_ZN3LFP4stopEv
FN:50,_ZN3LFP6workerEi
FNDA:4,_ZN3LFP6workerEi
FN:55,_ZZN3LFP6workerEiENKUlvE_clEv
FNDA:16,_ZZN3LFP6workerEiENKUlvE_clEv
DA:5,1
DA:6,5
DA:7,4
DA:8,4
DA:10,1
DA:12,1
DA:13,1
DA:14,1
DA:16,4
DA:19,4
DA:20,4
DA:21,4
DA:22,4
DA:23,4
DA:26,1
DA:28,1
DA:29,1
DA:30,1
DA:31,1
DA:33,1
DA:35,1
DA:36,1
DA:37,1
DA:40,1
DA:41,1
DA:42,1
DA:43,5
DA:44,4
DA:45,4
DA:48,1
DA:50,8
DA:52,8
DA:54,8
DA:55,8
DA:56,16
DA:57,32
DA:58,16
DA:60,8
DA:61,12
DA:62,8
DA:63,4
DA:64,4
DA:65,8
DA:67,4
DA:69,12
end_of_record
SF:/usr/include/c++/11/new
FN:174,_ZnwmPv
FNDA:0,_ZnwmPv
FN:180,_ZdlPvS_
FNDA:0,_ZdlPvS_
DA:174,0
DA:175,0
DA:180,0
end_of_record
SF:/usr/include/c++/11/bits/std_thread.h
FN:86,_ZNSt6thread2idC2Ev
FNDA:18,_ZNSt6thread2idC2Ev
FN:127,_ZNSt6threadC2IM3LFPFviEJPS1_RiEvEEOT_DpOT0_
FNDA:4,_ZNSt6threadC2IM3LFPFviEJPS1_RiEvEEOT_DpOT0_
FN:149,_ZNSt6threadD2Ev
FNDA:7,_ZNSt6threadD2Ev
FN:157,_ZNSt6threadC2EOS_
FNDA:3,_ZNSt6threadC2EOS_
FN:171,_ZNSt6thread4swapERS_
FNDA:3,_ZNSt6thread4swapERS_
FN:175,_ZNKSt6thread8joinableEv
FNDA:11,_ZNKSt6thread8joinableEv
FN:206,_ZNSt6thread11_State_implINS_8_InvokerISt5tupleIJM3LFPFviEPS3_iEEEEEC2IJS5_S6_RiEEEDpOT_
FNDA:4,_ZNSt6thread11_State_implINS_8_InvokerISt5tupleIJM3LFPFviEPS3_iEEEEEC2IJS5_S6_RiEEEDpOT_
FN:211,_ZNSt6thread11_State_implINS_8_InvokerISt5tupleIJM3LFPFviEPS3_iEEEEE6_M_runEv
FNDA:4,_ZNSt6thread11_State_implINS_8_InvokerISt5tupleIJM3LFPFviEPS3_iEEEEE6_M_runEv
FN:243,_ZNSt6thread8_InvokerISt5tupleIJM3LFPFviEPS2_iEEEC2IJS4_S5_RiEEEDpOT_
FNDA:4,_ZNSt6thread8_InvokerISt5tupleIJM3LFPFviEPS2_iEEEC2IJS4_S5_RiEEEDpOT_
FN:258,_ZNSt6thread8_InvokerISt5tupleIJM3LFPFviEPS2_iEEE9_M_invokeIJLm0ELm1ELm2EEEEvSt12_Index_tupleIJXspT_EEE
FNDA:4,_ZNSt6thread8_InvokerISt5tupleIJM3LFPFviEPS2_iEEE9_M_invokeIJLm0ELm1ELm2EEEEvSt12_Index_tupleIJXspT_EEE
FN:262,_ZNSt6thread8_InvokerISt5tupleIJM3LFPFviEPS2_iEEEclEv
FNDA:4,_ZNSt6thread8_InvokerISt5tupleIJM3LFPFviEPS2_iEEEclEv
FN:287,_ZSteqNSt6thread2idES0_
FNDA:11,_ZSteqNSt6thread2idES0_
DA:86,18
DA:127,4
DA:128,4
DA:138,4
DA:143,4
DA:144,4
DA:146,4
DA:149,7
DA:151,7
DA:152,0
DA:153,7
DA:157,3
DA:158,3
DA:171,3
DA:172,3
DA:175,11
DA:176,11
DA:206,4
DA:207,4
DA:208,4
DA:211,4
DA:243,4
DA:244,4
DA:245,4
DA:258,4
DA:259,4
DA:262,4
DA:266,4
DA:287,11
DA:293,11
end_of_record
SF:/usr/include/c++/11/bits/invoke.h
FN:71,_ZSt13__invoke_implIvM3LFPFviEPS0_JiEET_St21__invoke_memfun_derefOT0_OT1_DpOT2_
FNDA:4,_ZSt13__invoke_implIvM3LFPFviEPS0_JiEET_St21__invoke_memfun_derefOT0_OT1_DpOT2_
FN:90,_ZSt8__invokeIM3LFPFviEJPS0_iEENSt15__invoke_resultIT_JDpT0_EE4typeEOS5_DpOS6_
FNDA:4,_ZSt8__invokeIM3LFPFviEJPS0_iEENSt15__invoke_resultIT_JDpT0_EE4typeEOS5_DpOS6_
DA:71,4
DA:74,4
DA:90,4
DA:96,4
DA:97,4
end_of_record
SF:/usr/include/c++/11/bits/std_function.h
FN:239,_ZNSt14_Function_baseC2Ev
FNDA:0,_ZNSt14_Function_baseC2Ev
FN:241,_ZNSt14_Function_baseD2Ev
FNDA:0,_ZNSt14_Function_baseD2Ev
FN:247,_ZNKSt14_Function_base8_M_emptyEv
FNDA:20,_ZNKSt14_Function_base8_M_emptyEv
FN:368,_ZNSt8functionIFvvEEC2Ev
FNDA:8,_ZNSt8functionIFvvEEC2Ev
FN:386,_ZNSt8functionIFvvEEC2ERKS1_
FNDA:8,_ZNSt8functionIFvvEEC2ERKS1_
FN:469,_ZNSt8functionIFvvEEaSERKS1_
FNDA:4,_ZNSt8functionIFvvEEaSERKS1_
FN:555,_ZNSt8functionIFvvEE4swapERS1_
FNDA:4,_ZNSt8functionIFvvEE4swapERS1_
FN:572,_ZNKSt8functionIFvvEEcvbEv
FNDA:8,_ZNKSt8functionIFvvEEcvbEv
FN:586,_ZNKSt8functionIFvvEEclEv
FNDA:4,_ZNKSt8functionIFvvEEclEv
DA:239,0
DA:241,0
DA:243,0
DA:244,0
DA:245,0
DA:247,20
DA:368,8
DA:369,8
DA:386,8
DA:387,8
DA:389,8
DA:391,8
DA:392,8
DA:393,8
DA:395,8
DA:469,4
DA:471,4
DA:472,4
DA:555,4
DA:557,4
DA:558,4
DA:559,4
DA:560,4
DA:572,8
DA:573,8
DA:586,4
DA:588,4
DA:589,0
DA:590,4
end_of_record
SF:/usr/include/c++/11/bits/allocator.h
FN:156,_ZNSaISt8functionIFvvEEEC2Ev
FNDA:1,_ZNSaISt8functionIFvvEEEC2Ev
FN:156,_ZNSaIiEC2Ev
FNDA:0,_ZNSaIiEC2Ev
FN:156,_ZNSaISt6threadEC2Ev
FNDA:1,_ZNSaISt6threadEC2Ev
FN:169,_ZNSaIPSt8functionIFvvEEEC2IS1_EERKSaIT_E
FNDA:2,_ZNSaIPSt8functionIFvvEEEC2IS1_EERKSaIT_E
FN:174,_ZNSaIPSt8functionIFvvEEED2Ev
FNDA:2,_ZNSaIPSt8functionIFvvEEED2Ev
FN:174,_ZNSaISt8functionIFvvEEED2Ev
FNDA:1,_ZNSaISt8functionIFvvEEED2Ev
FN:174,_ZNSaIiED2Ev
FNDA:0,_ZNSaIiED2Ev
FN:174,_ZNSaISt6threadED2Ev
FNDA:1,_ZNSaISt6threadED2Ev
DA:156,1
DA:156,0
DA:156,1
DA:169,2
DA:174,2
DA:174,1
DA:174,0
DA:174,1
end_of_record
SF:/usr/include/x86_64-linux-gnu/c++/11/bits/gthr-default.h
FN:300,_ZL18__gthread_active_pv
FNDA:88,_ZL18__gthread_active_pv
FN:746,_ZL20__gthread_mutex_lockP15pthread_mutex_t
FNDA:44,_ZL20__gthread_mutex_lockP15pthread_mutex_t
FN:776,_ZL22__gthread_mutex_unlockP15pthread_mutex_t
FNDA:44,_ZL22__gthread_mutex_unlockP15pthread_mutex_t
DA:300,88
DA:302,88
DA:746,44
DA:748,44
DA:749,44
DA:751,0
DA:776,44
DA:778,44
DA:779,44
DA:781,0
end_of_record
SF:/usr/include/c++/11/bits/deque.tcc
FN:484,_ZNSt5dequeISt8functionIFvvEESaIS2_EE16_M_push_back_auxIJRKS2_EEEvDpOT_
FNDA:0,_ZNSt5dequeISt8functionIFvvEESaIS2_EE16_M_push_back_auxIJRKS2_EEEvDpOT_
FN:576,_ZNSt5dequeISt8functionIFvvEESaIS2_EE16_M_pop_front_auxEv
FNDA:0,_ZNSt5dequeISt8functionIFvvEESaIS2_EE16_M_pop_front_auxEv
FN:859,_ZNSt5dequeISt8functionIFvvEESaIS2_EE19_M_destroy_data_auxESt15_Deque_iteratorIS2_RS2_PS2_ES8_
FNDA:1,_ZNSt5dequeISt8functionIFvvEESaIS2_EE19_M_destroy_data_auxESt15_Deque_iteratorIS2_RS2_PS2_ES8_
FN:931,_ZNSt5dequeISt8functionIFvvEESaIS2_EE17_M_reallocate_mapEmb
FNDA:0,_ZNSt5dequeISt8functionIFvvEESaIS2_EE17_M_reallocate_mapEmb
DA:484,0
DA:492,0
DA:493,0
DA:496,0
DA:497,0
DA:501,0
DA:507,0
DA:509,0
DA:511,0
DA:513,0
DA:514,0
DA:516,0
DA:576,0
DA:579,0
DA:581,0
DA:582,0
DA:583,0
DA:584,0
DA:859,1
DA:862,1
DA:863,1
DA:864,0
DA:865,0
DA:867,1
DA:869,0
DA:870,0
DA:871,0
DA:872,0
DA:875,1
DA:876,1
DA:877,1
DA:931,0
DA:934,0
DA:935,0
DA:936,0
DA:939,0
DA:941,0
DA:942,0
DA:943,0
DA:944,0
DA:945,0
DA:946,0
DA:949,0
DA:950,0
DA:951,0
DA:955,0
DA:956,0
DA:959,0
DA:960,0
DA:961,0
DA:962,0
DA:963,0
DA:965,0
DA:967,0
DA:968,0
DA:971,0
DA:972,0
DA:973,0
end_of_record
SF:/usr/include/c++/11/ext/new_allocator.h
FN:79,_ZN9__gnu_cxx13new_allocatorISt6threadEC2Ev
FNDA:1,_ZN9__gnu_cxx13new_allocatorISt6threadEC2Ev
FN:79,_ZN9__gnu_cxx13new_allocatorIiEC2Ev
FNDA:0,_ZN9__gnu_cxx13new_allocatorIiEC2Ev
FN:79,_ZN9__gnu_cxx13new_allocatorIPSt8functionIFvvEEEC2Ev
FNDA:2,_ZN9__gnu_cxx13new_allocatorIPSt8functionIFvvEEEC2Ev
FN:79,_ZN9__gnu_cxx13new_allocatorISt8functionIFvvEEEC2Ev
FNDA:1,_ZN9__gnu_cxx13new_allocatorISt8functionIFvvEEEC2Ev
FN:89,_ZN9__gnu_cxx13new_allocatorISt6threadED2Ev
FNDA:1,_ZN9__gnu_cxx13new_allocatorISt6threadED2Ev
FN:89,_ZN9__gnu_cxx13new_allocatorIiED2Ev
FNDA:0,_ZN9__gnu_cxx13new_allocatorIiED2Ev
FN:89,_ZN9__gnu_cxx13new_allocatorISt8functionIFvvEEED2Ev
FNDA:1,_ZN9__gnu_cxx13new_allocatorISt8functionIFvvEEED2Ev
FN:89,_ZN9__gnu_cxx13new_allocatorIPSt8functionIFvvEEED2Ev
FNDA:2,_ZN9__gnu_cxx13new_allocatorIPSt8functionIFvvEEED2Ev
FN:103,_ZN9__gnu_cxx13new_allocatorISt8functionIFvvEEE8allocateEmPKv
FNDA:1,_ZN9__gnu_cxx13new_allocatorISt8functionIFvvEEE8allocateEmPKv
FN:103,_ZN9__gnu_cxx13new_allocatorIPSt8functionIFvvEEE8allocateEmPKv
FNDA:1,_ZN9__gnu_cxx13new_allocatorIPSt8functionIFvvEEE8allocateEmPKv
FN:103,_ZN9__gnu_cxx13new_allocatorIiE8allocateEmPKv
FNDA:0,_ZN9__gnu_cxx13new_allocatorIiE8allocateEmPKv
FN:103,_ZN9__gnu_cxx13new_allocatorISt6threadE8allocateEmPKv
FNDA:3,_ZN9__gnu_cxx13new_allocatorISt6threadE8allocateEmPKv
FN:132,_ZN9__gnu_cxx13new_allocatorIPSt8functionIFvvEEE10deallocateEPS4_m
FNDA:1,_ZN9__gnu_cxx13new_allocatorIPSt8functionIFvvEEE10deallocateEPS4_m
FN:132,_ZN9__gnu_cxx13new_allocatorISt6threadE10deallocateEPS1_m
FNDA:3,_ZN9__gnu_cxx13new_allocatorISt6threadE10deallocateEPS1_m
FN:132,_ZN9__gnu_cxx13new_allocatorIiE10deallocateEPim
FNDA:0,_ZN9__gnu_cxx13new_allocatorIiE10deallocateEPim
FN:132,_ZN9__gnu_cxx13new_allocatorISt8functionIFvvEEE10deallocateEPS3_m
FNDA:1,_ZN9__gnu_cxx13new_allocatorISt8functionIFvvEEE10deallocateEPS3_m
FN:154,_ZNK9__gnu_cxx13new_allocatorISt6threadE8max_sizeEv
FNDA:6,_ZNK9__gnu_cxx13new_allocatorISt6threadE8max_sizeEv
FN:154,_ZNK9__gnu_cxx13new_allocatorIiE8max_sizeEv
FNDA:0,_ZNK9__gnu_cxx13new_allocatorIiE8max_sizeEv
FN:154,_ZNK9__gnu_cxx13new_allocatorISt8functionIFvvEEE8max_sizeEv
FNDA:0,_ZNK9__gnu_cxx13new_allocatorISt8functionIFvvEEE8max_sizeEv
FN:160,_ZN9__gnu_cxx13new_allocatorISt6threadE9constructIS1_JS1_EEEvPT_DpOT0_
FNDA:3,_ZN9__gnu_cxx13new_allocatorISt6threadE9constructIS1_JS1_EEEvPT_DpOT0_
FN:160,_ZN9__gnu_cxx13new_allocatorISt8functionIFvvEEE9constructIS3_JRKS3_EEEvPT_DpOT0_
FNDA:4,_ZN9__gnu_cxx13new_allocatorISt8functionIFvvEEE9constructIS3_JRKS3_EEEvPT_DpOT0_
FN:160,_ZN9__gnu_cxx13new_allocatorIiE9constructIiJRKiEEEvPT_DpOT0_
FNDA:4,_ZN9__gnu_cxx13new_allocatorIiE9constructIiJRKiEEEvPT_DpOT0_
FN:160,_ZN9__gnu_cxx13new_allocatorISt6threadE9constructIS1_JM3LFPFviEPS4_RiEEEvPT_DpOT0_
FNDA:4,_ZN9__gnu_cxx13new_allocatorISt6threadE9constructIS1_JM3LFPFviEPS4_RiEEEvPT_DpOT0_
FN:166,_ZN9__gnu_cxx13new_allocatorISt8functionIFvvEEE7destroyIS3_EEvPT_
FNDA:4,_ZN9__gnu_cxx13new_allocatorISt8functionIFvvEEE7destroyIS3_EEvPT_
FN:166,_ZN9__gnu_cxx13new_allocatorISt6threadE7destroyIS1_EEvPT_
FNDA:3,_ZN9__gnu_cxx13new_allocatorISt6threadE7destroyIS1_EEvPT_
FN:197,_ZNK9__gnu_cxx13new_allocatorISt6threadE11_M_max_sizeEv
FNDA:9,_ZNK9__gnu_cxx13new_allocatorISt6threadE11_M_max_sizeEv
FN:197,_ZNK9__gnu_cxx13new_allocatorIiE11_M_max_sizeEv
FNDA:0,_ZNK9__gnu_cxx13new_allocatorIiE11_M_max_sizeEv
FN:197,_ZNK9__gnu_cxx13new_allocatorIPSt8functionIFvvEEE11_M_max_sizeEv
FNDA:1,_ZNK9__gnu_cxx13new_allocatorIPSt8functionIFvvEEE11_M_max_sizeEv
FN:197,_ZNK9__gnu_cxx13new_allocatorISt8functionIFvvEEE11_M_max_sizeEv
FNDA:1,_ZNK9__gnu_cxx13new_allocatorISt8functionIFvvEEE11_M_max_sizeEv
DA:79,2
DA:79,1
DA:79,0
DA:79,1
DA:89,2
DA:89,1
DA:89,0
DA:89,1
DA:103,1
DA:111,1
DA:115,0
DA:116,0
DA:117,0
DA:127,1
DA:103,1
DA:111,1
DA:115,0
DA:116,0
DA:117,0
DA:127,1
DA:103,0
DA:111,0
DA:115,0
DA:116,0
DA:117,0
DA:127,0
DA:103,3
DA:111,3
DA:115,0
DA:116,0
DA:117,0
DA:127,3
DA:132,1
DA:145,1
DA:132,1
DA:145,1
DA:132,0
DA:145,0
DA:132,3
DA:145,3
DA:154,0
DA:155,0
DA:154,0
DA:155,0
DA:154,6
DA:155,6
DA:160,3
DA:162,3
DA:160,4
DA:162,4
DA:160,4
DA:162,4
DA:160,4
DA:162,4
DA:166,4
DA:168,4
DA:166,3
DA:168,3
DA:197,1
DA:200,1
DA:197,1
DA:200,1
DA:197,0
DA:200,0
DA:197,9
DA:200,9
end_of_record
