TN:
SF:/usr/include/c++/11/bits/allocator.h
FN:156,_ZNSaISt13_Rb_tree_nodeISt4pairIKmmEEEC2Ev
FNDA:0,_ZNSaISt13_Rb_tree_nodeISt4pairIKmmEEEC2Ev
FN:156,_ZNSaI4EdgeEC2Ev
FNDA:0,_ZNSaI4EdgeEC2Ev
FN:159,_ZNSaI4EdgeEC2ERKS0_
FNDA:0,_ZNSaI4EdgeEC2ERKS0_
FN:159,_ZNSaISt13_Rb_tree_nodeISt4pairIKmmEEEC2ERKS4_
FNDA:0,_ZNSaISt13_Rb_tree_nodeISt4pairIKmmEEEC2ERKS4_
FN:174,_ZNSaISt13_Rb_tree_nodeISt4pairIKmmEEED2Ev
FNDA:0,_ZNSaISt13_Rb_tree_nodeISt4pairIKmmEEED2Ev
FN:174,_ZNSaI4EdgeED2Ev
FNDA:0,_ZNSaI4EdgeED2Ev
DA:156,0
DA:156,0
DA:159,0
DA:160,0
DA:159,0
DA:160,0
DA:174,0
DA:174,0
end_of_record
SF:/usr/include/c++/11/bits/stl_algo.h
FN:813,_ZSt11__remove_ifIN9__gnu_cxx17__normal_iteratorIP4EdgeSt6vectorIS2_SaIS2_EEEENS0_5__ops16_Iter_equals_valIKS2_EEET_SC_SC_T0_
FNDA:4,_ZSt11__remove_ifIN9__gnu_cxx17__normal_iteratorIP4EdgeSt6vectorIS2_SaIS2_EEEENS0_5__ops16_Iter_equals_valIKS2_EEET_SC_SC_T0_
FN:850,_ZSt6removeIN9__gnu_cxx17__normal_iteratorIP4EdgeSt6vectorIS2_SaIS2_EEEES2_ET_S8_S8_RKT0_
FNDA:4,_ZSt6removeIN9__gnu_cxx17__normal_iteratorIP4EdgeSt6vectorIS2_SaIS2_EEEES2_ET_S8_S8_RKT0_
FN:3876,_ZSt4findIN9__gnu_cxx17__normal_iteratorIP4EdgeSt6vectorIS2_SaIS2_EEEES2_ET_S8_S8_RKT0_
FNDA:28,_ZSt4findIN9__gnu_cxx17__normal_iteratorIP4EdgeSt6vectorIS2_SaIS2_EEEES2_ET_S8_S8_RKT0_
DA:813,4
DA:816,4
DA:817,4
DA:818,0
DA:819,4
DA:820,4
DA:821,7
DA:822,3
DA:824,3
DA:825,3
DA:827,4
DA:850,4
DA:860,4
DA:861,4
DA:3876,28
DA:3884,28
DA:3885,28
end_of_record
SF:/usr/include/c++/11/new
FN:174,_ZnwmPv
FNDA:0,_ZnwmPv
FN:180,_ZdlPvS_
FNDA:0,_ZdlPvS_
DA:174,0
DA:175,0
DA:180,0
end_of_record
SF:/usr/include/c++/11/bits/stl_construct.h
FN:109,_ZSt10_ConstructI4EdgeJRKS0_EEvPT_DpOT0_
FNDA:0,_ZSt10_ConstructI4EdgeJRKS0_EEvPT_DpOT0_
FN:146,_ZSt8_DestroyI4EdgeEvPT_
FNDA:0,_ZSt8_DestroyI4EdgeEvPT_
FN:160,_ZNSt12_Destroy_auxILb0EE9__destroyIP4EdgeEEvT_S4_
FNDA:0,_ZNSt12_Destroy_auxILb0EE9__destroyIP4EdgeEEvT_S4_
FN:182,_ZSt8_DestroyIP4EdgeEvT_S2_
FNDA:0,_ZSt8_DestroyIP4EdgeEvT_S2_
DA:109,0
DA:119,0
DA:120,0
DA:146,0
DA:151,0
DA:153,0
DA:160,0
DA:162,0
DA:163,0
DA:164,0
DA:182,0
DA:196,0
DA:197,0
end_of_record
SF:/usr/include/c++/11/bits/stl_algobase.h
FN:230,_ZSt3minImERKT_S2_S2_
FNDA:0,_ZSt3minImERKT_S2_S2_
FN:254,_ZSt3maxImERKT_S2_S2_
FNDA:0,_ZSt3maxImERKT_S2_S2_
FN:328,_ZSt12__niter_wrapIN9__gnu_cxx17__normal_iteratorIP4EdgeSt6vectorIS2_SaIS2_EEEES3_ET_S8_T0_
FNDA:4,_ZSt12__niter_wrapIN9__gnu_cxx17__normal_iteratorIP4EdgeSt6vectorIS2_SaIS2_EEEES3_ET_S8_T0_
FN:400,_ZNSt11__copy_moveILb1ELb0ESt26random_access_iterator_tagE8__copy_mIP4EdgeS4_EET0_T_S6_S5_
FNDA:0,_ZNSt11__copy_moveILb1ELb0ESt26random_access_iterator_tagE8__copy_mIP4EdgeS4_EET0_T_S6_S5_
FN:486,_ZSt14__copy_move_a2ILb1EP4EdgeS1_ET1_T0_S3_S2_
FNDA:0,_ZSt14__copy_move_a2ILb1EP4EdgeS1_ET1_T0_S3_S2_
FN:521,_ZSt14__copy_move_a1ILb1EP4EdgeS1_ET1_T0_S3_S2_
FNDA:0,_ZSt14__copy_move_a1ILb1EP4EdgeS1_ET1_T0_S3_S2_
FN:527,_ZSt13__copy_move_aILb1EN9__gnu_cxx17__normal_iteratorIP4EdgeSt6vectorIS2_SaIS2_EEEES7_ET1_T0_S9_S8_
FNDA:0,_ZSt13__copy_move_aILb1EN9__gnu_cxx17__normal_iteratorIP4EdgeSt6vectorIS2_SaIS2_EEEES7_ET1_T0_S9_S8_
FN:644,_ZSt4moveIN9__gnu_cxx17__normal_iteratorIP4EdgeSt6vectorIS2_SaIS2_EEEES7_ET0_T_S9_S8_
FNDA:0,_ZSt4moveIN9__gnu_cxx17__normal_iteratorIP4EdgeSt6vectorIS2_SaIS2_EEEES7_ET0_T_S9_S8_
FN:2061,_ZSt9__find_ifIN9__gnu_cxx17__normal_iteratorIP4EdgeSt6vectorIS2_SaIS2_EEEENS0_5__ops16_Iter_equals_valIKS2_EEET_SC_SC_T0_St26random_access_iterator_tag
FNDA:32,_ZSt9__find_ifIN9__gnu_cxx17__normal_iteratorIP4EdgeSt6vectorIS2_SaIS2_EEEENS0_5__ops16_Iter_equals_valIKS2_EEET_SC_SC_T0_St26random_access_iterator_tag
FN:2112,_ZSt9__find_ifIN9__gnu_cxx17__normal_iteratorIP4EdgeSt6vectorIS2_SaIS2_EEEENS0_5__ops16_Iter_equals_valIKS2_EEET_SC_SC_T0_
FNDA:32,_ZSt9__find_ifIN9__gnu_cxx17__normal_iteratorIP4EdgeSt6vectorIS2_SaIS2_EEEENS0_5__ops16_Iter_equals_valIKS2_EEET_SC_SC_T0_
DA:230,0
DA:235,0
DA:236,0
DA:237,0
DA:254,0
DA:259,0
DA:260,0
DA:261,0
DA:328,4
DA:329,4
DA:400,0
DA:403,0
DA:405,0
DA:406,0
DA:407,0
DA:409,0
DA:486,0
DA:495,0
DA:521,0
DA:522,0
DA:527,0
DA:529,0
DA:532,0
DA:644,0
DA:652,0
DA:653,0
DA:2061,32
DA:2065,32
DA:2067,32
DA:2069,0
DA:2070,0
DA:2071,0
DA:2073,0
DA:2074,0
DA:2075,0
DA:2077,0
DA:2078,0
DA:2079,0
DA:2081,0
DA:2082,0
DA:2083,0
DA:2086,32
DA:2088,0
DA:2089,0
DA:2090,0
DA:2091,0
DA:2093,3
DA:2094,3
DA:2095,3
DA:2096,0
DA:2098,10
DA:2099,10
DA:2100,1
DA:2101,9
DA:2103,28
DA:2105,28
DA:2112,32
DA:2114,32
DA:2115,64
end_of_record
SF:/usr/include/c++/11/bits/vector.tcc
FN:184,_ZNSt6vectorI4EdgeSaIS0_EE8_M_eraseEN9__gnu_cxx17__normal_iteratorIPS0_S2_EES6_
FNDA:4,_ZNSt6vectorI4EdgeSaIS0_EE8_M_eraseEN9__gnu_cxx17__normal_iteratorIPS0_S2_EES6_
FN:426,_ZNSt6vectorI4EdgeSaIS0_EE17_M_realloc_insertIJRKS0_EEEvN9__gnu_cxx17__normal_iteratorIPS0_S2_EEDpOT_
FNDA:64,_ZNSt6vectorI4EdgeSaIS0_EE17_M_realloc_insertIJRKS0_EEEvN9__gnu_cxx17__normal_iteratorIPS0_S2_EEDpOT_
DA:184,4
DA:187,4
DA:189,4
DA:190,0
DA:191,4
DA:193,4
DA:426,64
DA:436,64
DA:437,64
DA:438,64
DA:439,64
DA:440,64
DA:441,64
DA:449,64
DA:450,64
DA:456,64
DA:474,64
DA:475,64
DA:477,64
DA:481,64
DA:482,64
DA:485,0
DA:487,0
DA:488,0
DA:489,0
DA:491,0
DA:492,0
DA:493,0
DA:498,64
DA:500,64
DA:501,64
DA:502,64
DA:503,64
DA:504,64
DA:505,64
end_of_record
SF:/usr/include/c++/11/bits/cpp_type_traits.h
FN:560,_ZSt12__miter_baseIN9__gnu_cxx17__normal_iteratorIP4EdgeSt6vectorIS2_SaIS2_EEEEET_S8_
FNDA:8,_ZSt12__miter_baseIN9__gnu_cxx17__normal_iteratorIP4EdgeSt6vectorIS2_SaIS2_EEEEET_S8_
DA:560,8
DA:561,8
end_of_record
SF:/usr/include/c++/11/bits/stl_tree.h
FN:112,_ZNSt18_Rb_tree_node_base10_S_minimumEPS_
FNDA:0,_ZNSt18_Rb_tree_node_base10_S_minimumEPS_
FN:126,_ZNSt18_Rb_tree_node_base10_S_maximumEPS_
FNDA:0,_ZNSt18_Rb_tree_node_base10_S_maximumEPS_
FN:146,_ZNSt20_Rb_tree_key_compareISt4lessImEEC2Ev
FNDA:0,_ZNSt20_Rb_tree_key_compareISt4lessImEEC2Ev
FN:152,_ZNSt20_Rb_tree_key_compareISt4lessImEEC2ERKS1_
FNDA:0,_ZNSt20_Rb_tree_key_compareISt4lessImEEC2ERKS1_
FN:173,_ZNSt15_Rb_tree_headerC2Ev
FNDA:0,_ZNSt15_Rb_tree_headerC2Ev
FN:206,_ZNSt15_Rb_tree_header8_M_resetEv
FNDA:0,_ZNSt15_Rb_tree_header8_M_resetEv
FN:234,_ZNSt13_Rb_tree_nodeISt4pairIKmmEE9_M_valptrEv
FNDA:0,_ZNSt13_Rb_tree_nodeISt4pairIKmmEE9_M_valptrEv
FN:238,_ZNKSt13_Rb_tree_nodeISt4pairIKmmEE9_M_valptrEv
FNDA:0,_ZNKSt13_Rb_tree_nodeISt4pairIKmmEE9_M_valptrEv
FN:273,_ZNSt17_Rb_tree_iteratorISt4pairIKmmEEC2EPSt18_Rb_tree_node_base
FNDA:0,_ZNSt17_Rb_tree_iteratorISt4pairIKmmEEC2EPSt18_Rb_tree_node_base
FN:350,_ZNSt23_Rb_tree_const_iteratorISt4pairIKmmEEC2ERKSt17_Rb_tree_iteratorIS2_E
FNDA:0,_ZNSt23_Rb_tree_const_iteratorISt4pairIKmmEEC2ERKSt17_Rb_tree_iteratorIS2_E
FN:373,_ZNSt23_Rb_tree_const_iteratorISt4pairIKmmEEppEi
FNDA:0,_ZNSt23_Rb_tree_const_iteratorISt4pairIKmmEEppEi
FN:396,_ZSteqRKSt23_Rb_tree_const_iteratorISt4pairIKmmEES5_
FNDA:0,_ZSteqRKSt23_Rb_tree_const_iteratorISt4pairIKmmEES5_
FN:401,_ZStneRKSt23_Rb_tree_const_iteratorISt4pairIKmmEES5_
FNDA:0,_ZStneRKSt23_Rb_tree_const_iteratorISt4pairIKmmEES5_
FN:523,_ZNSt8_Rb_treeImSt4pairIKmmESt10_Select1stIS2_ESt4lessImESaIS2_EE11_Alloc_nodeC2ERS8_
FNDA:0,_ZNSt8_Rb_treeImSt4pairIKmmESt10_Select1stIS2_ESt4lessImESaIS2_EE11_Alloc_nodeC2ERS8_
FN:528,_ZNKSt8_Rb_treeImSt4pairIKmmESt10_Select1stIS2_ESt4lessImESaIS2_EE11_Alloc_nodeclIRKS2_EEPSt13_Rb_tree_nodeIS2_EOT_
FNDA:0,_ZNKSt8_Rb_treeImSt4pairIKmmESt10_Select1stIS2_ESt4lessImESaIS2_EE11_Alloc_nodeclIRKS2_EEPSt13_Rb_tree_nodeIS2_EOT_
FN:547,_ZNSt8_Rb_treeImSt4pairIKmmESt10_Select1stIS2_ESt4lessImESaIS2_EE21_M_get_Node_allocatorEv
FNDA:0,_ZNSt8_Rb_treeImSt4pairIKmmESt10_Select1stIS2_ESt4lessImESaIS2_EE21_M_get_Node_allocatorEv
FN:560,_ZNSt8_Rb_treeImSt4pairIKmmESt10_Select1stIS2_ESt4lessImESaIS2_EE11_M_get_nodeEv
FNDA:0,_ZNSt8_Rb_treeImSt4pairIKmmESt10_Select1stIS2_ESt4lessImESaIS2_EE11_M_get_nodeEv
FN:564,_ZNSt8_Rb_treeImSt4pairIKmmESt10_Select1stIS2_ESt4lessImESaIS2_EE11_M_put_nodeEPSt13_Rb_tree_nodeIS2_E
FNDA:0,_ZNSt8_Rb_treeImSt4pairIKmmESt10_Select1stIS2_ESt4lessImESaIS2_EE11_M_put_nodeEPSt13_Rb_tree_nodeIS2_E
FN:590,_ZNSt8_Rb_treeImSt4pairIKmmESt10_Select1stIS2_ESt4lessImESaIS2_EE17_M_construct_nodeIJRKS2_EEEvPSt13_Rb_tree_nodeIS2_EDpOT_
FNDA:0,_ZNSt8_Rb_treeImSt4pairIKmmESt10_Select1stIS2_ESt4lessImESaIS2_EE17_M_construct_nodeIJRKS2_EEEvPSt13_Rb_tree_nodeIS2_EDpOT_
FN:609,_ZNSt8_Rb_treeImSt4pairIKmmESt10_Select1stIS2_ESt4lessImESaIS2_EE14_M_create_nodeIJRKS2_EEEPSt13_Rb_tree_nodeIS2_EDpOT_
FNDA:0,_ZNSt8_Rb_treeImSt4pairIKmmESt10_Select1stIS2_ESt4lessImESaIS2_EE14_M_create_nodeIJRKS2_EEEPSt13_Rb_tree_nodeIS2_EDpOT_
FN:618,_ZNSt8_Rb_treeImSt4pairIKmmESt10_Select1stIS2_ESt4lessImESaIS2_EE15_M_destroy_nodeEPSt13_Rb_tree_nodeIS2_E
FNDA:0,_ZNSt8_Rb_treeImSt4pairIKmmESt10_Select1stIS2_ESt4lessImESaIS2_EE15_M_destroy_nodeEPSt13_Rb_tree_nodeIS2_E
FN:629,_ZNSt8_Rb_treeImSt4pairIKmmESt10_Select1stIS2_ESt4lessImESaIS2_EE12_M_drop_nodeEPSt13_Rb_tree_nodeIS2_E
FNDA:0,_ZNSt8_Rb_treeImSt4pairIKmmESt10_Select1stIS2_ESt4lessImESaIS2_EE12_M_drop_nodeEPSt13_Rb_tree_nodeIS2_E
FN:637,_ZNSt8_Rb_treeImSt4pairIKmmESt10_Select1stIS2_ESt4lessImESaIS2_EE13_M_clone_nodeILb0ENS8_11_Alloc_nodeEEEPSt13_Rb_tree_nodeIS2_ESD_RT0_
FNDA:0,_ZNSt8_Rb_treeImSt4pairIKmmESt10_Select1stIS2_ESt4lessImESaIS2_EE13_M_clone_nodeILb0ENS8_11_Alloc_nodeEEEPSt13_Rb_tree_nodeIS2_ESD_RT0_
FN:667,_ZNSt8_Rb_treeImSt4pairIKmmESt10_Select1stIS2_ESt4lessImESaIS2_EE13_Rb_tree_implIS6_Lb1EEC2Ev
FNDA:0,_ZNSt8_Rb_treeImSt4pairIKmmESt10_Select1stIS2_ESt4lessImESaIS2_EE13_Rb_tree_implIS6_Lb1EEC2Ev
FN:674,_ZNSt8_Rb_treeImSt4pairIKmmESt10_Select1stIS2_ESt4lessImESaIS2_EE13_Rb_tree_implIS6_Lb1EEC2ERKSA_
FNDA:0,_ZNSt8_Rb_treeImSt4pairIKmmESt10_Select1stIS2_ESt4lessImESaIS2_EE13_Rb_tree_implIS6_Lb1EEC2ERKSA_
FN:710,_ZNSt8_Rb_treeImSt4pairIKmmESt10_Select1stIS2_ESt4lessImESaIS2_EE7_M_rootEv
FNDA:0,_ZNSt8_Rb_treeImSt4pairIKmmESt10_Select1stIS2_ESt4lessImESaIS2_EE7_M_rootEv
FN:714,_ZNKSt8_Rb_treeImSt4pairIKmmESt10_Select1stIS2_ESt4lessImESaIS2_EE7_M_rootEv
FNDA:0,_ZNKSt8_Rb_treeImSt4pairIKmmESt10_Select1stIS2_ESt4lessImESaIS2_EE7_M_rootEv
FN:718,_ZNSt8_Rb_treeImSt4pairIKmmESt10_Select1stIS2_ESt4lessImESaIS2_EE11_M_leftmostEv
FNDA:0,_ZNSt8_Rb_treeImSt4pairIKmmESt10_Select1stIS2_ESt4lessImESaIS2_EE11_M_leftmostEv
FN:726,_ZNSt8_Rb_treeImSt4pairIKmmESt10_Select1stIS2_ESt4lessImESaIS2_EE12_M_rightmostEv
FNDA:0,_ZNSt8_Rb_treeImSt4pairIKmmESt10_Select1stIS2_ESt4lessImESaIS2_EE12_M_rightmostEv
FN:734,_ZNKSt8_Rb_treeImSt4pairIKmmESt10_Select1stIS2_ESt4lessImESaIS2_EE9_M_mbeginEv
FNDA:0,_ZNKSt8_Rb_treeImSt4pairIKmmESt10_Select1stIS2_ESt4lessImESaIS2_EE9_M_mbeginEv
FN:738,_ZNSt8_Rb_treeImSt4pairIKmmESt10_Select1stIS2_ESt4lessImESaIS2_EE8_M_beginEv
FNDA:0,_ZNSt8_Rb_treeImSt4pairIKmmESt10_Select1stIS2_ESt4lessImESaIS2_EE8_M_beginEv
FN:749,_ZNSt8_Rb_treeImSt4pairIKmmESt10_Select1stIS2_ESt4lessImESaIS2_EE6_M_endEv
FNDA:0,_ZNSt8_Rb_treeImSt4pairIKmmESt10_Select1stIS2_ESt4lessImESaIS2_EE6_M_endEv
FN:757,_ZNSt8_Rb_treeImSt4pairIKmmESt10_Select1stIS2_ESt4lessImESaIS2_EE6_S_keyEPKSt13_Rb_tree_nodeIS2_E
FNDA:0,_ZNSt8_Rb_treeImSt4pairIKmmESt10_Select1stIS2_ESt4lessImESaIS2_EE6_S_keyEPKSt13_Rb_tree_nodeIS2_E
FN:779,_ZNSt8_Rb_treeImSt4pairIKmmESt10_Select1stIS2_ESt4lessImESaIS2_EE7_S_leftEPSt18_Rb_tree_node_base
FNDA:0,_ZNSt8_Rb_treeImSt4pairIKmmESt10_Select1stIS2_ESt4lessImESaIS2_EE7_S_leftEPSt18_Rb_tree_node_base
FN:787,_ZNSt8_Rb_treeImSt4pairIKmmESt10_Select1stIS2_ESt4lessImESaIS2_EE8_S_rightEPSt18_Rb_tree_node_base
FNDA:0,_ZNSt8_Rb_treeImSt4pairIKmmESt10_Select1stIS2_ESt4lessImESaIS2_EE8_S_rightEPSt18_Rb_tree_node_base
FN:799,_ZNSt8_Rb_treeImSt4pairIKmmESt10_Select1stIS2_ESt4lessImESaIS2_EE10_S_minimumEPSt18_Rb_tree_node_base
FNDA:0,_ZNSt8_Rb_treeImSt4pairIKmmESt10_Select1stIS2_ESt4lessImESaIS2_EE10_S_minimumEPSt18_Rb_tree_node_base
FN:807,_ZNSt8_Rb_treeImSt4pairIKmmESt10_Select1stIS2_ESt4lessImESaIS2_EE10_S_maximumEPSt18_Rb_tree_node_base
FNDA:0,_ZNSt8_Rb_treeImSt4pairIKmmESt10_Select1stIS2_ESt4lessImESaIS2_EE10_S_maximumEPSt18_Rb_tree_node_base
FN:887,_ZNSt8_Rb_treeImSt4pairIKmmESt10_Select1stIS2_ESt4lessImESaIS2_EE7_M_copyILb0ENS8_11_Alloc_nodeEEEPSt13_Rb_tree_nodeIS2_ERKS8_RT0_
FNDA:0,_ZNSt8_Rb_treeImSt4pairIKmmESt10_Select1stIS2_ESt4lessImESaIS2_EE7_M_copyILb0ENS8_11_Alloc_nodeEEEPSt13_Rb_tree_nodeIS2_ERKS8_RT0_
FN:898,_ZNSt8_Rb_treeImSt4pairIKmmESt10_Select1stIS2_ESt4lessImESaIS2_EE7_M_copyERKS8_
FNDA:0,_ZNSt8_Rb_treeImSt4pairIKmmESt10_Select1stIS2_ESt4lessImESaIS2_EE7_M_copyERKS8_
FN:928,_ZNSt8_Rb_treeImSt4pairIKmmESt10_Select1stIS2_ESt4lessImESaIS2_EEC2Ev
FNDA:0,_ZNSt8_Rb_treeImSt4pairIKmmESt10_Select1stIS2_ESt4lessImESaIS2_EEC2Ev
FN:935,_ZNSt8_Rb_treeImSt4pairIKmmESt10_Select1stIS2_ESt4lessImESaIS2_EEC2ERKS8_
FNDA:0,_ZNSt8_Rb_treeImSt4pairIKmmESt10_Select1stIS2_ESt4lessImESaIS2_EEC2ERKS8_
FN:983,_ZNSt8_Rb_treeImSt4pairIKmmESt10_Select1stIS2_ESt4lessImESaIS2_EED2Ev
FNDA:0,_ZNSt8_Rb_treeImSt4pairIKmmESt10_Select1stIS2_ESt4lessImESaIS2_EED2Ev
FN:995,_ZNSt8_Rb_treeImSt4pairIKmmESt10_Select1stIS2_ESt4lessImESaIS2_EE5beginEv
FNDA:0,_ZNSt8_Rb_treeImSt4pairIKmmESt10_Select1stIS2_ESt4lessImESaIS2_EE5beginEv
FN:1003,_ZNSt8_Rb_treeImSt4pairIKmmESt10_Select1stIS2_ESt4lessImESaIS2_EE3endEv
FNDA:0,_ZNSt8_Rb_treeImSt4pairIKmmESt10_Select1stIS2_ESt4lessImESaIS2_EE3endEv
FN:1031,_ZNKSt8_Rb_treeImSt4pairIKmmESt10_Select1stIS2_ESt4lessImESaIS2_EE4sizeEv
FNDA:0,_ZNKSt8_Rb_treeImSt4pairIKmmESt10_Select1stIS2_ESt4lessImESaIS2_EE4sizeEv
FN:1252,_ZNSt8_Rb_treeImSt4pairIKmmESt10_Select1stIS2_ESt4lessImESaIS2_EE5clearEv
FNDA:0,_ZNSt8_Rb_treeImSt4pairIKmmESt10_Select1stIS2_ESt4lessImESaIS2_EE5clearEv
FN:1845,_ZNSt8_Rb_treeImSt4pairIKmmESt10_Select1stIS2_ESt4lessImESaIS2_EE7_M_copyILb0ENS8_11_Alloc_nodeEEEPSt13_Rb_tree_nodeIS2_ESD_PSt18_Rb_tree_node_baseRT0_
FNDA:0,_ZNSt8_Rb_treeImSt4pairIKmmESt10_Select1stIS2_ESt4lessImESaIS2_EE7_M_copyILb0ENS8_11_Alloc_nodeEEEPSt13_Rb_tree_nodeIS2_ESD_PSt18_Rb_tree_node_baseRT0_
FN:1883,_ZNSt8_Rb_treeImSt4pairIKmmESt10_Select1stIS2_ESt4lessImESaIS2_EE8_M_eraseEPSt13_Rb_tree_nodeIS2_E
FNDA:0,_ZNSt8_Rb_treeImSt4pairIKmmESt10_Select1stIS2_ESt4lessImESaIS2_EE8_M_eraseEPSt13_Rb_tree_nodeIS2_E
FN:1900,_ZNSt8_Rb_treeImSt4pairIKmmESt10_Select1stIS2_ESt4lessImESaIS2_EE14_M_lower_boundEPSt13_Rb_tree_nodeIS2_EPSt18_Rb_tree_node_baseRS1_
FNDA:0,_ZNSt8_Rb_treeImSt4pairIKmmESt10_Select1stIS2_ESt4lessImESaIS2_EE14_M_lower_boundEPSt13_Rb_tree_nodeIS2_EPSt18_Rb_tree_node_baseRS1_
FN:1932,_ZNSt8_Rb_treeImSt4pairIKmmESt10_Select1stIS2_ESt4lessImESaIS2_EE14_M_upper_boundEPSt13_Rb_tree_nodeIS2_EPSt18_Rb_tree_node_baseRS1_
FNDA:0,_ZNSt8_Rb_treeImSt4pairIKmmESt10_Select1stIS2_ESt4lessImESaIS2_EE14_M_upper_boundEPSt13_Rb_tree_nodeIS2_EPSt18_Rb_tree_node_baseRS1_
FN:1966,_ZNSt8_Rb_treeImSt4pairIKmmESt10_Select1stIS2_ESt4lessImESaIS2_EE11equal_rangeERS1_
FNDA:0,_ZNSt8_Rb_treeImSt4pairIKmmESt10_Select1stIS2_ESt4lessImESaIS2_EE11equal_rangeERS1_
FN:2480,_ZNSt8_Rb_treeImSt4pairIKmmESt10_Select1stIS2_ESt4lessImESaIS2_EE12_M_erase_auxESt23_Rb_tree_const_iteratorIS2_E
FNDA:0,_ZNSt8_Rb_treeImSt4pairIKmmESt10_Select1stIS2_ESt4lessImESaIS2_EE12_M_erase_auxESt23_Rb_tree_const_iteratorIS2_E
FN:2494,_ZNSt8_Rb_treeImSt4pairIKmmESt10_Select1stIS2_ESt4lessImESaIS2_EE12_M_erase_auxESt23_Rb_tree_const_iteratorIS2_ESA_
FNDA:0,_ZNSt8_Rb_treeImSt4pairIKmmESt10_Select1stIS2_ESt4lessImESaIS2_EE12_M_erase_auxESt23_Rb_tree_const_iteratorIS2_ESA_
FN:2507,_ZNSt8_Rb_treeImSt4pairIKmmESt10_Select1stIS2_ESt4lessImESaIS2_EE5eraseERS1_
FNDA:0,_ZNSt8_Rb_treeImSt4pairIKmmESt10_Select1stIS2_ESt4lessImESaIS2_EE5eraseERS1_
DA:112,0
DA:114,0
DA:115,0
DA:126,0
DA:128,0
DA:129,0
DA:146,0
DA:150,0
DA:152,0
DA:154,0
DA:173,0
DA:174,0
DA:175,0
DA:176,0
DA:177,0
DA:206,0
DA:208,0
DA:209,0
DA:210,0
DA:211,0
DA:212,0
DA:234,0
DA:235,0
DA:238,0
DA:239,0
DA:273,0
DA:274,0
DA:350,0
DA:351,0
DA:373,0
DA:375,0
DA:376,0
DA:377,0
DA:396,0
DA:397,0
DA:401,0
DA:402,0
DA:523,0
DA:524,0
DA:528,0
DA:529,0
DA:547,0
DA:548,0
DA:560,0
DA:561,0
DA:564,0
DA:565,0
DA:590,0
DA:594,0
DA:595,0
DA:605,0
DA:609,0
DA:611,0
DA:612,0
DA:613,0
DA:618,0
DA:623,0
DA:624,0
DA:626,0
DA:629,0
DA:631,0
DA:632,0
DA:633,0
DA:637,0
DA:645,0
DA:646,0
DA:647,0
DA:648,0
DA:649,0
DA:667,0
DA:671,0
DA:672,0
DA:674,0
DA:676,0
DA:677,0
DA:678,0
DA:710,0
DA:711,0
DA:714,0
DA:715,0
DA:718,0
DA:719,0
DA:726,0
DA:727,0
DA:734,0
DA:735,0
DA:738,0
DA:739,0
DA:749,0
DA:750,0
DA:757,0
DA:775,0
DA:779,0
DA:780,0
DA:787,0
DA:788,0
DA:799,0
DA:800,0
DA:807,0
DA:808,0
DA:887,0
DA:890,0
DA:891,0
DA:892,0
DA:893,0
DA:894,0
DA:898,0
DA:900,0
DA:901,0
DA:928,0
DA:935,0
DA:936,0
DA:938,0
DA:939,0
DA:940,0
DA:983,0
DA:984,0
DA:995,0
DA:996,0
DA:1003,0
DA:1004,0
DA:1031,0
DA:1032,0
DA:1252,0
DA:1254,0
DA:1255,0
DA:1256,0
DA:1845,0
DA:1849,0
DA:1850,0
DA:1854,0
DA:1855,0
DA:1856,0
DA:1857,0
DA:1858,0
DA:1860,0
DA:1862,0
DA:1863,0
DA:1864,0
DA:1865,0
DA:1866,0
DA:1868,0
DA:1869,0
DA:1872,0
DA:1874,0
DA:1875,0
DA:1877,0
DA:1883,0
DA:1887,0
DA:1889,0
DA:1890,0
DA:1891,0
DA:1892,0
DA:1894,0
DA:1900,0
DA:1904,0
DA:1905,0
DA:1906,0
DA:1908,0
DA:1909,0
DA:1932,0
DA:1936,0
DA:1937,0
DA:1938,0
DA:1940,0
DA:1941,0
DA:1966,0
DA:1969,0
DA:1970,0
DA:1971,0
DA:1973,0
DA:1974,0
DA:1975,0
DA:1976,0
DA:1979,0
DA:1980,0
DA:1981,0
DA:1982,0
DA:1983,0
DA:1984,0
DA:1985,0
DA:1988,0
DA:1989,0
DA:2480,0
DA:2485,0
DA:2486,0
DA:2487,0
DA:2488,0
DA:2489,0
DA:2494,0
DA:2497,0
DA:2498,0
DA:2500,0
DA:2501,0
DA:2502,0
DA:2507,0
DA:2510,0
DA:2511,0
DA:2512,0
DA:2513,0
end_of_record
SF:/usr/include/c++/11/bits/stl_uninitialized.h
FN:85,_ZNSt20__uninitialized_copyILb0EE13__uninit_copyIPK4EdgePS2_EET0_T_S7_S6_
FNDA:128,_ZNSt20__uninitialized_copyILb0EE13__uninit_copyIPK4EdgePS2_EET0_T_S7_S6_
FN:85,_ZNSt20__uninitialized_copyILb0EE13__uninit_copyIN9__gnu_cxx17__normal_iteratorIPK4EdgeSt6vectorIS4_SaIS4_EEEEPS4_EET0_T_SD_SC_
FNDA:0,_ZNSt20__uninitialized_copyILb0EE13__uninit_copyIN9__gnu_cxx17__normal_iteratorIPK4EdgeSt6vectorIS4_SaIS4_EEEEPS4_EET0_T_SD_SC_
FN:126,_ZSt18uninitialized_copyIPK4EdgePS0_ET0_T_S5_S4_
FNDA:128,_ZSt18uninitialized_copyIPK4EdgePS0_ET0_T_S5_S4_
FN:126,_ZSt18uninitialized_copyIN9__gnu_cxx17__normal_iteratorIPK4EdgeSt6vectorIS2_SaIS2_EEEEPS2_ET0_T_SB_SA_
FNDA:0,_ZSt18uninitialized_copyIN9__gnu_cxx17__normal_iteratorIPK4EdgeSt6vectorIS2_SaIS2_EEEEPS2_ET0_T_SB_SA_
FN:331,_ZSt22__uninitialized_copy_aIPK4EdgePS0_S0_ET0_T_S5_S4_RSaIT1_E
FNDA:128,_ZSt22__uninitialized_copy_aIPK4EdgePS0_S0_ET0_T_S5_S4_RSaIT1_E
FN:331,_ZSt22__uninitialized_copy_aIN9__gnu_cxx17__normal_iteratorIPK4EdgeSt6vectorIS2_SaIS2_EEEEPS2_S2_ET0_T_SB_SA_RSaIT1_E
FNDA:0,_ZSt22__uninitialized_copy_aIN9__gnu_cxx17__normal_iteratorIPK4EdgeSt6vectorIS2_SaIS2_EEEEPS2_S2_ET0_T_SB_SA_RSaIT1_E
FN:349,_ZSt34__uninitialized_move_if_noexcept_aIP4EdgeS1_SaIS0_EET0_T_S4_S3_RT1_
FNDA:128,_ZSt34__uninitialized_move_if_noexcept_aIP4EdgeS1_SaIS0_EET0_T_S4_S3_RT1_
DA:85,128
DA:88,128
DA:91,161
DA:92,33
DA:93,128
DA:95,0
DA:97,0
DA:98,0
DA:85,0
DA:88,0
DA:91,0
DA:92,0
DA:93,0
DA:95,0
DA:97,0
DA:98,0
DA:126,128
DA:145,128
DA:151,128
DA:126,0
DA:145,0
DA:151,0
DA:331,128
DA:333,128
DA:331,0
DA:333,0
DA:349,128
DA:355,128
DA:356,128
end_of_record
SF:/usr/include/c++/11/bits/stl_map.h
FN:185,_ZNSt3mapImmSt4lessImESaISt4pairIKmmEEEC2Ev
FNDA:0,_ZNSt3mapImmSt4lessImESaISt4pairIKmmEEEC2Ev
FN:207,_ZNSt3mapImmSt4lessImESaISt4pairIKmmEEEC2ERKS6_
FNDA:0,_ZNSt3mapImmSt4lessImESaISt4pairIKmmEEEC2ERKS6_
FN:302,_ZNSt3mapImmSt4lessImESaISt4pairIKmmEEED2Ev
FNDA:0,_ZNSt3mapImmSt4lessImESaISt4pairIKmmEEED2Ev
FN:356,_ZNSt3mapImmSt4lessImESaISt4pairIKmmEEE5beginEv
FNDA:3,_ZNSt3mapImmSt4lessImESaISt4pairIKmmEEE5beginEv
FN:374,_ZNSt3mapImmSt4lessImESaISt4pairIKmmEEE3endEv
FNDA:0,_ZNSt3mapImmSt4lessImESaISt4pairIKmmEEE3endEv
FN:1068,_ZNSt3mapImmSt4lessImESaISt4pairIKmmEEE5eraseERS3_
FNDA:0,_ZNSt3mapImmSt4lessImESaISt4pairIKmmEEE5eraseERS3_
FN:1133,_ZNSt3mapImmSt4lessImESaISt4pairIKmmEEE5clearEv
FNDA:0,_ZNSt3mapImmSt4lessImESaISt4pairIKmmEEE5clearEv
DA:185,0
DA:207,0
DA:302,0
DA:356,3
DA:357,3
DA:374,0
DA:375,0
DA:1068,0
DA:1069,0
DA:1133,0
DA:1134,0
end_of_record
SF:/usr/include/c++/11/ext/alloc_traits.h
FN:97,_ZN9__gnu_cxx14__alloc_traitsISaISt13_Rb_tree_nodeISt4pairIKmmEEES5_E17_S_select_on_copyERKS6_
FNDA:0,_ZN9__gnu_cxx14__alloc_traitsISaISt13_Rb_tree_nodeISt4pairIKmmEEES5_E17_S_select_on_copyERKS6_
FN:97,_ZN9__gnu_cxx14__alloc_traitsISaI4EdgeES1_E17_S_select_on_copyERKS2_
FNDA:0,_ZN9__gnu_cxx14__alloc_traitsISaI4EdgeES1_E17_S_select_on_copyERKS2_
DA:97,0
DA:98,0
DA:97,0
DA:98,0
end_of_record
SF:/usr/include/c++/11/bits/stl_iterator.h
FN:1027,_ZN9__gnu_cxx17__normal_iteratorIPK4EdgeSt6vectorIS1_SaIS1_EEEC2ERKS3_
FNDA:0,_ZN9__gnu_cxx17__normal_iteratorIPK4EdgeSt6vectorIS1_SaIS1_EEEC2ERKS3_
FN:1027,_ZN9__gnu_cxx17__normal_iteratorIP4EdgeSt6vectorIS1_SaIS1_EEEC2ERKS2_
FNDA:276,_ZN9__gnu_cxx17__normal_iteratorIP4EdgeSt6vectorIS1_SaIS1_EEEC2ERKS2_
FN:1033,_ZN9__gnu_cxx17__normal_iteratorIPK4EdgeSt6vectorIS1_SaIS1_EEEC2IPS1_EERKNS0_IT_NS_11__enable_ifIXsrSt10__are_sameISA_S9_E7__valueES6_E6__typeEEE
FNDA:8,_ZN9__gnu_cxx17__normal_iteratorIPK4EdgeSt6vectorIS1_SaIS1_EEEC2IPS1_EERKNS0_IT_NS_11__enable_ifIXsrSt10__are_sameISA_S9_E7__valueES6_E6__typeEEE
FN:1042,_ZNK9__gnu_cxx17__normal_iteratorIP4EdgeSt6vectorIS1_SaIS1_EEEdeEv
FNDA:0,_ZNK9__gnu_cxx17__normal_iteratorIP4EdgeSt6vectorIS1_SaIS1_EEEdeEv
FN:1042,_ZNK9__gnu_cxx17__normal_iteratorIPK4EdgeSt6vectorIS1_SaIS1_EEEdeEv
FNDA:0,_ZNK9__gnu_cxx17__normal_iteratorIPK4EdgeSt6vectorIS1_SaIS1_EEEdeEv
FN:1052,_ZN9__gnu_cxx17__normal_iteratorIPK4EdgeSt6vectorIS1_SaIS1_EEEppEv
FNDA:0,_ZN9__gnu_cxx17__normal_iteratorIPK4EdgeSt6vectorIS1_SaIS1_EEEppEv
FN:1052,_ZN9__gnu_cxx17__normal_iteratorIP4EdgeSt6vectorIS1_SaIS1_EEEppEv
FNDA:0,_ZN9__gnu_cxx17__normal_iteratorIP4EdgeSt6vectorIS1_SaIS1_EEEppEv
FN:1090,_ZNK9__gnu_cxx17__normal_iteratorIP4EdgeSt6vectorIS1_SaIS1_EEEplEl
FNDA:18,_ZNK9__gnu_cxx17__normal_iteratorIP4EdgeSt6vectorIS1_SaIS1_EEEplEl
FN:1105,_ZNK9__gnu_cxx17__normal_iteratorIPK4EdgeSt6vectorIS1_SaIS1_EEE4baseEv
FNDA:0,_ZNK9__gnu_cxx17__normal_iteratorIPK4EdgeSt6vectorIS1_SaIS1_EEE4baseEv
FN:1105,_ZNK9__gnu_cxx17__normal_iteratorIP4EdgeSt6vectorIS1_SaIS1_EEE4baseEv
FNDA:0,_ZNK9__gnu_cxx17__normal_iteratorIP4EdgeSt6vectorIS1_SaIS1_EEE4baseEv
FN:1163,_ZN9__gnu_cxxeqIP4EdgeSt6vectorIS1_SaIS1_EEEEbRKNS_17__normal_iteratorIT_T0_EESB_
FNDA:34,_ZN9__gnu_cxxeqIP4EdgeSt6vectorIS1_SaIS1_EEEEbRKNS_17__normal_iteratorIT_T0_EESB_
FN:1179,_ZN9__gnu_cxxneIP4EdgeSt6vectorIS1_SaIS1_EEEEbRKNS_17__normal_iteratorIT_T0_EESB_
FNDA:0,_ZN9__gnu_cxxneIP4EdgeSt6vectorIS1_SaIS1_EEEEbRKNS_17__normal_iteratorIT_T0_EESB_
FN:1179,_ZN9__gnu_cxxneIPK4EdgeSt6vectorIS1_SaIS1_EEEEbRKNS_17__normal_iteratorIT_T0_EESC_
FNDA:0,_ZN9__gnu_cxxneIPK4EdgeSt6vectorIS1_SaIS1_EEEEbRKNS_17__normal_iteratorIT_T0_EESC_
FN:1268,_ZN9__gnu_cxxmiIPK4EdgeSt6vectorIS1_SaIS1_EEEENS_17__normal_iteratorIT_T0_E15difference_typeERKSA_SD_
FNDA:8,_ZN9__gnu_cxxmiIPK4EdgeSt6vectorIS1_SaIS1_EEEENS_17__normal_iteratorIT_T0_E15difference_typeERKSA_SD_
FN:1268,_ZN9__gnu_cxxmiIP4EdgeSt6vectorIS1_SaIS1_EEEENS_17__normal_iteratorIT_T0_E15difference_typeERKS9_SC_
FNDA:138,_ZN9__gnu_cxxmiIP4EdgeSt6vectorIS1_SaIS1_EEEENS_17__normal_iteratorIT_T0_E15difference_typeERKS9_SC_
FN:1291,_ZSt12__niter_baseIP4EdgeSt6vectorIS0_SaIS0_EEET_N9__gnu_cxx17__normal_iteratorIS5_T0_EE
FNDA:16,_ZSt12__niter_baseIP4EdgeSt6vectorIS0_SaIS0_EEET_N9__gnu_cxx17__normal_iteratorIS5_T0_EE
FN:1723,_ZSt32__make_move_if_noexcept_iteratorI4EdgePKS0_ET0_PT_
FNDA:256,_ZSt32__make_move_if_noexcept_iteratorI4EdgePKS0_ET0_PT_
DA:1027,0
DA:1028,0
DA:1027,276
DA:1028,276
DA:1033,8
DA:1037,8
DA:1042,0
DA:1043,0
DA:1042,0
DA:1043,0
DA:1052,0
DA:1054,0
DA:1055,0
DA:1052,0
DA:1054,0
DA:1055,0
DA:1090,18
DA:1091,18
DA:1105,0
DA:1106,0
DA:1105,0
DA:1106,0
DA:1163,34
DA:1166,34
DA:1179,0
DA:1182,0
DA:1179,0
DA:1182,0
DA:1268,138
DA:1271,138
DA:1268,8
DA:1271,8
DA:1291,16
DA:1293,16
DA:1723,256
DA:1724,256
end_of_record
SF:/usr/include/c++/11/bits/stl_vector.h
FN:97,_ZNSt12_Vector_baseI4EdgeSaIS0_EE17_Vector_impl_dataC2Ev
FNDA:0,_ZNSt12_Vector_baseI4EdgeSaIS0_EE17_Vector_impl_dataC2Ev
FN:131,_ZNSt12_Vector_baseI4EdgeSaIS0_EE12_Vector_implC2Ev
FNDA:0,_ZNSt12_Vector_baseI4EdgeSaIS0_EE12_Vector_implC2Ev
FN:136,_ZNSt12_Vector_baseI4EdgeSaIS0_EE12_Vector_implC2ERKS1_
FNDA:0,_ZNSt12_Vector_baseI4EdgeSaIS0_EE12_Vector_implC2ERKS1_
FN:276,_ZNSt12_Vector_baseI4EdgeSaIS0_EE19_M_get_Tp_allocatorEv
FNDA:0,_ZNSt12_Vector_baseI4EdgeSaIS0_EE19_M_get_Tp_allocatorEv
FN:280,_ZNKSt12_Vector_baseI4EdgeSaIS0_EE19_M_get_Tp_allocatorEv
FNDA:0,_ZNKSt12_Vector_baseI4EdgeSaIS0_EE19_M_get_Tp_allocatorEv
FN:288,_ZNSt12_Vector_baseI4EdgeSaIS0_EEC2Ev
FNDA:0,_ZNSt12_Vector_baseI4EdgeSaIS0_EEC2Ev
FN:303,_ZNSt12_Vector_baseI4EdgeSaIS0_EEC2EmRKS1_
FNDA:0,_ZNSt12_Vector_baseI4EdgeSaIS0_EEC2EmRKS1_
FN:333,_ZNSt12_Vector_baseI4EdgeSaIS0_EED2Ev
FNDA:0,_ZNSt12_Vector_baseI4EdgeSaIS0_EED2Ev
FN:343,_ZNSt12_Vector_baseI4EdgeSaIS0_EE11_M_allocateEm
FNDA:0,_ZNSt12_Vector_baseI4EdgeSaIS0_EE11_M_allocateEm
FN:350,_ZNSt12_Vector_baseI4EdgeSaIS0_EE13_M_deallocateEPS0_m
FNDA:0,_ZNSt12_Vector_baseI4EdgeSaIS0_EE13_M_deallocateEPS0_m
FN:359,_ZNSt12_Vector_baseI4EdgeSaIS0_EE17_M_create_storageEm
FNDA:0,_ZNSt12_Vector_baseI4EdgeSaIS0_EE17_M_create_storageEm
FN:487,_ZNSt6vectorI4EdgeSaIS0_EEC2Ev
FNDA:0,_ZNSt6vectorI4EdgeSaIS0_EEC2Ev
FN:553,_ZNSt6vectorI4EdgeSaIS0_EEC2ERKS2_
FNDA:0,_ZNSt6vectorI4EdgeSaIS0_EEC2ERKS2_
FN:678,_ZNSt6vectorI4EdgeSaIS0_EED2Ev
FNDA:0,_ZNSt6vectorI4EdgeSaIS0_EED2Ev
FN:811,_ZNSt6vectorI4EdgeSaIS0_EE5beginEv
FNDA:111,_ZNSt6vectorI4EdgeSaIS0_EE5beginEv
FN:820,_ZNKSt6vectorI4EdgeSaIS0_EE5beginEv
FNDA:0,_ZNKSt6vectorI4EdgeSaIS0_EE5beginEv
FN:829,_ZNSt6vectorI4EdgeSaIS0_EE3endEv
FNDA:147,_ZNSt6vectorI4EdgeSaIS0_EE3endEv
FN:838,_ZNKSt6vectorI4EdgeSaIS0_EE3endEv
FNDA:0,_ZNKSt6vectorI4EdgeSaIS0_EE3endEv
FN:884,_ZNKSt6vectorI4EdgeSaIS0_EE6cbeginEv
FNDA:4,_ZNKSt6vectorI4EdgeSaIS0_EE6cbeginEv
FN:918,_ZNKSt6vectorI4EdgeSaIS0_EE4sizeEv
FNDA:0,_ZNKSt6vectorI4EdgeSaIS0_EE4sizeEv
FN:923,_ZNKSt6vectorI4EdgeSaIS0_EE8max_sizeEv
FNDA:128,_ZNKSt6vectorI4EdgeSaIS0_EE8max_sizeEv
FN:1187,_ZNSt6vectorI4EdgeSaIS0_EE9push_backERKS0_
FNDA:84,_ZNSt6vectorI4EdgeSaIS0_EE9push_backERKS0_
FN:1457,_ZNSt6vectorI4EdgeSaIS0_EE5eraseEN9__gnu_cxx17__normal_iteratorIPKS0_S2_EES7_
FNDA:4,_ZNSt6vectorI4EdgeSaIS0_EE5eraseEN9__gnu_cxx17__normal_iteratorIPKS0_S2_EES7_
FN:1498,_ZNSt6vectorI4EdgeSaIS0_EE5clearEv
FNDA:12,_ZNSt6vectorI4EdgeSaIS0_EE5clearEv
FN:1756,_ZNKSt6vectorI4EdgeSaIS0_EE12_M_check_lenEmPKc
FNDA:64,_ZNKSt6vectorI4EdgeSaIS0_EE12_M_check_lenEmPKc
FN:1776,_ZNSt6vectorI4EdgeSaIS0_EE11_S_max_sizeERKS1_
FNDA:130,_ZNSt6vectorI4EdgeSaIS0_EE11_S_max_sizeERKS1_
FN:1792,_ZNSt6vectorI4EdgeSaIS0_EE15_M_erase_at_endEPS0_
FNDA:16,_ZNSt6vectorI4EdgeSaIS0_EE15_M_erase_at_endEPS0_
DA:97,0
DA:98,0
DA:99,0
DA:131,0
DA:133,0
DA:134,0
DA:136,0
DA:137,0
DA:138,0
DA:276,0
DA:277,0
DA:280,0
DA:281,0
DA:288,0
DA:303,0
DA:304,0
DA:305,0
DA:333,0
DA:335,0
DA:336,0
DA:337,0
DA:343,0
DA:346,0
DA:350,0
DA:353,0
DA:354,0
DA:355,0
DA:359,0
DA:361,0
DA:362,0
DA:363,0
DA:364,0
DA:487,0
DA:553,0
DA:555,0
DA:557,0
DA:558,0
DA:560,0
DA:561,0
DA:678,0
DA:680,0
DA:681,0
DA:683,0
DA:811,111
DA:812,111
DA:820,0
DA:821,0
DA:829,147
DA:830,147
DA:838,0
DA:839,0
DA:884,4
DA:885,4
DA:918,0
DA:919,0
DA:923,128
DA:924,128
DA:1187,84
DA:1189,84
DA:1192,20
DA:1194,20
DA:1198,64
DA:1199,84
DA:1457,4
DA:1459,4
DA:1460,4
DA:1461,8
DA:1498,12
DA:1499,12
DA:1756,64
DA:1758,64
DA:1759,0
DA:1761,64
DA:1762,64
DA:1776,130
DA:1781,130
DA:1783,130
DA:1784,130
DA:1792,16
DA:1794,16
DA:1796,16
DA:1797,16
DA:1798,16
DA:1801,16
end_of_record
SF:/usr/include/c++/11/ext/new_allocator.h
FN:79,_ZN9__gnu_cxx13new_allocatorI4EdgeEC2Ev
FNDA:0,_ZN9__gnu_cxx13new_allocatorI4EdgeEC2Ev
FN:79,_ZN9__gnu_cxx13new_allocatorISt13_Rb_tree_nodeISt4pairIKmmEEEC2Ev
FNDA:0,_ZN9__gnu_cxx13new_allocatorISt13_Rb_tree_nodeISt4pairIKmmEEEC2Ev
FN:82,_ZN9__gnu_cxx13new_allocatorISt13_Rb_tree_nodeISt4pairIKmmEEEC2ERKS6_
FNDA:0,_ZN9__gnu_cxx13new_allocatorISt13_Rb_tree_nodeISt4pairIKmmEEEC2ERKS6_
FN:82,_ZN9__gnu_cxx13new_allocatorI4EdgeEC2ERKS2_
FNDA:0,_ZN9__gnu_cxx13new_allocatorI4EdgeEC2ERKS2_
FN:89,_ZN9__gnu_cxx13new_allocatorI4EdgeED2Ev
FNDA:0,_ZN9__gnu_cxx13new_allocatorI4EdgeED2Ev
FN:89,_ZN9__gnu_cxx13new_allocatorISt13_Rb_tree_nodeISt4pairIKmmEEED2Ev
FNDA:0,_ZN9__gnu_cxx13new_allocatorISt13_Rb_tree_nodeISt4pairIKmmEEED2Ev
FN:103,_ZN9__gnu_cxx13new_allocatorISt13_Rb_tree_nodeISt4pairIKmmEEE8allocateEmPKv
FNDA:0,_ZN9__gnu_cxx13new_allocatorISt13_Rb_tree_nodeISt4pairIKmmEEE8allocateEmPKv
FN:103,_ZN9__gnu_cxx13new_allocatorI4EdgeE8allocateEmPKv
FNDA:0,_ZN9__gnu_cxx13new_allocatorI4EdgeE8allocateEmPKv
FN:132,_ZN9__gnu_cxx13new_allocatorI4EdgeE10deallocateEPS1_m
FNDA:0,_ZN9__gnu_cxx13new_allocatorI4EdgeE10deallocateEPS1_m
FN:132,_ZN9__gnu_cxx13new_allocatorISt13_Rb_tree_nodeISt4pairIKmmEEE10deallocateEPS5_m
FNDA:0,_ZN9__gnu_cxx13new_allocatorISt13_Rb_tree_nodeISt4pairIKmmEEE10deallocateEPS5_m
FN:154,_ZNK9__gnu_cxx13new_allocatorI4EdgeE8max_sizeEv
FNDA:130,_ZNK9__gnu_cxx13new_allocatorI4EdgeE8max_sizeEv
FN:160,_ZN9__gnu_cxx13new_allocatorI4EdgeE9constructIS1_JRKS1_EEEvPT_DpOT0_
FNDA:84,_ZN9__gnu_cxx13new_allocatorI4EdgeE9constructIS1_JRKS1_EEEvPT_DpOT0_
FN:160,_ZN9__gnu_cxx13new_allocatorISt13_Rb_tree_nodeISt4pairIKmmEEE9constructIS4_JRKS4_EEEvPT_DpOT0_
FNDA:0,_ZN9__gnu_cxx13new_allocatorISt13_Rb_tree_nodeISt4pairIKmmEEE9constructIS4_JRKS4_EEEvPT_DpOT0_
FN:166,_ZN9__gnu_cxx13new_allocatorISt13_Rb_tree_nodeISt4pairIKmmEEE7destroyIS4_EEvPT_
FNDA:0,_ZN9__gnu_cxx13new_allocatorISt13_Rb_tree_nodeISt4pairIKmmEEE7destroyIS4_EEvPT_
FN:166,_ZN9__gnu_cxx13new_allocatorI4EdgeE7destroyIS1_EEvPT_
FNDA:0,_ZN9__gnu_cxx13new_allocatorI4EdgeE7destroyIS1_EEvPT_
FN:197,_ZNK9__gnu_cxx13new_allocatorI4EdgeE11_M_max_sizeEv
FNDA:0,_ZNK9__gnu_cxx13new_allocatorI4EdgeE11_M_max_sizeEv
FN:197,_ZNK9__gnu_cxx13new_allocatorISt13_Rb_tree_nodeISt4pairIKmmEEE11_M_max_sizeEv
FNDA:0,_ZNK9__gnu_cxx13new_allocatorISt13_Rb_tree_nodeISt4pairIKmmEEE11_M_max_sizeEv
DA:79,0
DA:79,0
DA:82,0
DA:82,0
DA:89,0
DA:89,0
DA:103,0
DA:111,0
DA:115,0
DA:116,0
DA:117,0
DA:127,0
DA:103,0
DA:111,0
DA:115,0
DA:116,0
DA:117,0
DA:127,0
DA:132,0
DA:145,0
DA:132,0
DA:145,0
DA:154,130
DA:155,130
DA:160,0
DA:162,0
DA:160,84
DA:162,84
DA:166,0
DA:168,0
DA:166,0
DA:168,0
DA:197,0
DA:200,0
DA:197,0
DA:200,0
end_of_record
SF:/usr/include/c++/11/bits/stl_pair.h
FN:352,_ZNSt4pairISt17_Rb_tree_iteratorIS_IKmmEES3_EC2IS3_S3_Lb1EEEOT_OT0_
FNDA:0,_ZNSt4pairISt17_Rb_tree_iteratorIS_IKmmEES3_EC2IS3_S3_Lb1EEEOT_OT0_
DA:352,0
DA:353,0
end_of_record
SF:/usr/include/c++/11/bits/alloc_traits.h
FN:463,_ZNSt16allocator_traitsISaISt13_Rb_tree_nodeISt4pairIKmmEEEE8allocateERS5_m
FNDA:0,_ZNSt16allocator_traitsISaISt13_Rb_tree_nodeISt4pairIKmmEEEE8allocateERS5_m
FN:463,_ZNSt16allocator_traitsISaI4EdgeEE8allocateERS1_m
FNDA:0,_ZNSt16allocator_traitsISaI4EdgeEE8allocateERS1_m
FN:495,_ZNSt16allocator_traitsISaISt13_Rb_tree_nodeISt4pairIKmmEEEE10deallocateERS5_PS4_m
FNDA:0,_ZNSt16allocator_traitsISaISt13_Rb_tree_nodeISt4pairIKmmEEEE10deallocateERS5_PS4_m
FN:495,_ZNSt16allocator_traitsISaI4EdgeEE10deallocateERS1_PS0_m
FNDA:0,_ZNSt16allocator_traitsISaI4EdgeEE10deallocateERS1_PS0_m
FN:511,_ZNSt16allocator_traitsISaISt13_Rb_tree_nodeISt4pairIKmmEEEE9constructIS3_JRKS3_EEEvRS5_PT_DpOT0_
FNDA:0,_ZNSt16allocator_traitsISaISt13_Rb_tree_nodeISt4pairIKmmEEEE9constructIS3_JRKS3_EEEvRS5_PT_DpOT0_
FN:511,_ZNSt16allocator_traitsISaI4EdgeEE9constructIS0_JRKS0_EEEvRS1_PT_DpOT0_
FNDA:84,_ZNSt16allocator_traitsISaI4EdgeEE9constructIS0_JRKS0_EEEvRS1_PT_DpOT0_
FN:531,_ZNSt16allocator_traitsISaISt13_Rb_tree_nodeISt4pairIKmmEEEE7destroyIS3_EEvRS5_PT_
FNDA:0,_ZNSt16allocator_traitsISaISt13_Rb_tree_nodeISt4pairIKmmEEEE7destroyIS3_EEvRS5_PT_
FN:531,_ZNSt16allocator_traitsISaI4EdgeEE7destroyIS0_EEvRS1_PT_
FNDA:0,_ZNSt16allocator_traitsISaI4EdgeEE7destroyIS0_EEvRS1_PT_
FN:547,_ZNSt16allocator_traitsISaI4EdgeEE8max_sizeERKS1_
FNDA:130,_ZNSt16allocator_traitsISaI4EdgeEE8max_sizeERKS1_
FN:562,_ZNSt16allocator_traitsISaISt13_Rb_tree_nodeISt4pairIKmmEEEE37select_on_container_copy_constructionERKS5_
FNDA:0,_ZNSt16allocator_traitsISaISt13_Rb_tree_nodeISt4pairIKmmEEEE37select_on_container_copy_constructionERKS5_
FN:562,_ZNSt16allocator_traitsISaI4EdgeEE37select_on_container_copy_constructionERKS1_
FNDA:0,_ZNSt16allocator_traitsISaI4EdgeEE37select_on_container_copy_constructionERKS1_
FN:845,_ZSt8_DestroyIP4EdgeS0_EvT_S2_RSaIT0_E
FNDA:0,_ZSt8_DestroyIP4EdgeS0_EvT_S2_RSaIT0_E
DA:463,0
DA:464,0
DA:463,0
DA:464,0
DA:495,0
DA:496,0
DA:495,0
DA:496,0
DA:511,0
DA:516,0
DA:520,0
DA:511,84
DA:516,84
DA:520,84
DA:531,0
DA:535,0
DA:539,0
DA:531,0
DA:535,0
DA:539,0
DA:547,130
DA:550,130
DA:562,0
DA:563,0
DA:562,0
DA:563,0
DA:845,0
DA:848,0
DA:849,0
end_of_record
SF:/usr/include/c++/11/iostream
end_of_record
SF:/home/imri/OS-FinalProject/GraphObj/vertex.hpp
end_of_record
SF:/usr/include/c++/11/bits/move.h
FN:49,_ZSt11__addressofI4EdgeEPT_RS1_
FNDA:0,_ZSt11__addressofI4EdgeEPT_RS1_
FN:77,_ZSt7forwardIRKSt4pairIKmmEEOT_RNSt16remove_referenceIS5_E4typeE
FNDA:0,_ZSt7forwardIRKSt4pairIKmmEEOT_RNSt16remove_referenceIS5_E4typeE
FN:77,_ZSt7forwardISt17_Rb_tree_iteratorISt4pairIKmmEEEOT_RNSt16remove_referenceIS5_E4typeE
FNDA:0,_ZSt7forwardISt17_Rb_tree_iteratorISt4pairIKmmEEEOT_RNSt16remove_referenceIS5_E4typeE
FN:77,_ZSt7forwardIRK4EdgeEOT_RNSt16remove_referenceIS3_E4typeE
FNDA:0,_ZSt7forwardIRK4EdgeEOT_RNSt16remove_referenceIS3_E4typeE
FN:104,_ZSt4moveIR4EdgeEONSt16remove_referenceIT_E4typeEOS3_
FNDA:17,_ZSt4moveIR4EdgeEONSt16remove_referenceIT_E4typeEOS3_
DA:49,0
DA:50,0
DA:77,0
DA:78,0
DA:77,0
DA:78,0
DA:77,0
DA:78,0
DA:104,17
DA:105,17
end_of_record
SF:/home/imri/OS-FinalProject/GraphObj/vertex.cpp
FN:6,_ZN6VertexC2Em
FNDA:7,_ZN6VertexC2Em
FN:10,_ZN6Vertex5getIdEv
FNDA:245,_ZN6Vertex5getIdEv
FN:11,_ZNK6Vertex5getIdEv
FNDA:53,_ZNK6Vertex5getIdEv
FN:14,_ZN6Vertex7addEdgeE4Edge
FNDA:28,_ZN6Vertex7addEdgeE4Edge
FN:21,_ZN6Vertex10removeEdgeE4Edge
FNDA:4,_ZN6Vertex10removeEdgeE4Edge
FN:28,_ZN6Vertex14removeAllEdgesEv
FNDA:12,_ZN6Vertex14removeAllEdgesEv
FN:35,_ZN6Vertex5beginEv
FNDA:7,_ZN6Vertex5beginEv
FN:39,_ZN6Vertex3endEv
FNDA:7,_ZN6Vertex3endEv
FN:44,_ZNK6Vertex6getAdjEv
FNDA:0,_ZNK6Vertex6getAdjEv
FN:49,_ZN6Vertex6getAdjEv
FNDA:44,_ZN6Vertex6getAdjEv
FN:55,_ZN6Vertex8adjBeginEv
FNDA:3,_ZN6Vertex8adjBeginEv
FN:60,_ZN6Vertex6adjEndEv
FNDA:9,_ZN6Vertex6adjEndEv
FN:66,_ZNK6Vertex7hasEdgeES_
FNDA:0,_ZNK6Vertex7hasEdgeES_
FN:76,_ZNK6VertexeqERKS_
FNDA:63,_ZNK6VertexeqERKS_
FN:81,_ZN6VertexaSERKS_
FNDA:63,_ZN6VertexaSERKS_
FN:91,_ZlsRSoRK6Vertex
FNDA:0,_ZlsRSoRK6Vertex
DA:6,7
DA:10,245
DA:11,53
DA:14,28
DA:16,28
DA:17,28
DA:18,28
DA:21,4
DA:23,4
DA:24,4
DA:25,4
DA:28,12
DA:30,12
DA:31,12
DA:32,12
DA:35,7
DA:37,7
DA:39,7
DA:41,7
DA:44,0
DA:46,0
DA:49,44
DA:51,44
DA:55,3
DA:57,3
DA:60,9
DA:62,9
DA:66,0
DA:68,0
DA:70,0
DA:71,0
DA:72,0
DA:73,0
DA:76,63
DA:78,63
DA:81,63
DA:83,63
DA:84,116
DA:86,53
DA:87,53
DA:88,63
DA:91,0
DA:93,0
DA:94,0
end_of_record
SF:/usr/include/c++/11/bits/stl_iterator_base_types.h
FN:238,_ZSt19__iterator_categoryIN9__gnu_cxx17__normal_iteratorIP4EdgeSt6vectorIS2_SaIS2_EEEEENSt15iterator_traitsIT_E17iterator_categoryERKS9_
FNDA:32,_ZSt19__iterator_categoryIN9__gnu_cxx17__normal_iteratorIP4EdgeSt6vectorIS2_SaIS2_EEEEENSt15iterator_traitsIT_E17iterator_categoryERKS9_
DA:238,32
DA:239,32
end_of_record
SF:/usr/include/c++/11/bits/predefined_ops.h
FN:262,_ZN9__gnu_cxx5__ops16_Iter_equals_valIK4EdgeEC2ERS3_
FNDA:32,_ZN9__gnu_cxx5__ops16_Iter_equals_valIK4EdgeEC2ERS3_
FN:269,_ZN9__gnu_cxx5__ops16_Iter_equals_valIK4EdgeEclINS_17__normal_iteratorIPS2_St6vectorIS2_SaIS2_EEEEEEbT_
FNDA:16,_ZN9__gnu_cxx5__ops16_Iter_equals_valIK4EdgeEclINS_17__normal_iteratorIPS2_St6vectorIS2_SaIS2_EEEEEEbT_
FN:276,_ZN9__gnu_cxx5__ops17__iter_equals_valIK4EdgeEENS0_16_Iter_equals_valIT_EERS5_
FNDA:32,_ZN9__gnu_cxx5__ops17__iter_equals_valIK4EdgeEENS0_16_Iter_equals_valIT_EERS5_
DA:262,32
DA:263,32
DA:264,32
DA:269,16
DA:270,16
DA:276,32
DA:277,32
end_of_record
SF:/usr/include/c++/11/ext/aligned_buffer.h
FN:64,_ZN9__gnu_cxx16__aligned_membufISt4pairIKmmEE7_M_addrEv
FNDA:0,_ZN9__gnu_cxx16__aligned_membufISt4pairIKmmEE7_M_addrEv
FN:68,_ZNK9__gnu_cxx16__aligned_membufISt4pairIKmmEE7_M_addrEv
FNDA:0,_ZNK9__gnu_cxx16__aligned_membufISt4pairIKmmEE7_M_addrEv
FN:72,_ZN9__gnu_cxx16__aligned_membufISt4pairIKmmEE6_M_ptrEv
FNDA:0,_ZN9__gnu_cxx16__aligned_membufISt4pairIKmmEE6_M_ptrEv
FN:76,_ZNK9__gnu_cxx16__aligned_membufISt4pairIKmmEE6_M_ptrEv
FNDA:0,_ZNK9__gnu_cxx16__aligned_membufISt4pairIKmmEE6_M_ptrEv
DA:64,0
DA:65,0
DA:68,0
DA:69,0
DA:72,0
DA:73,0
DA:76,0
DA:77,0
end_of_record
SF:/home/imri/OS-FinalProject/GraphObj/edge.hpp
end_of_record
SF:/usr/include/c++/11/bits/stl_function.h
FN:399,_ZNKSt4lessImEclERKmS2_
FNDA:0,_ZNKSt4lessImEclERKmS2_
FN:1174,_ZNKSt10_Select1stISt4pairIKmmEEclERKS2_
FNDA:0,_ZNKSt10_Select1stISt4pairIKmmEEclERKS2_
DA:399,0
DA:400,0
DA:1174,0
DA:1175,0
end_of_record
TN:
SF:/usr/include/c++/11/bits/deque.tcc
FN:164,_ZNSt5dequeImSaImEE12emplace_backIJmEEERmDpOT_
FNDA:5,_ZNSt5dequeImSaImEE12emplace_backIJmEEERmDpOT_
FN:484,_ZNSt5dequeImSaImEE16_M_push_back_auxIJmEEEvDpOT_
FNDA:0,_ZNSt5dequeImSaImEE16_M_push_back_auxIJmEEEvDpOT_
FN:484,_ZNSt5dequeImSaImEE16_M_push_back_auxIJRKmEEEvDpOT_
FNDA:0,_ZNSt5dequeImSaImEE16_M_push_back_auxIJRKmEEEvDpOT_
FN:576,_ZNSt5dequeImSaImEE16_M_pop_front_auxEv
FNDA:0,_ZNSt5dequeImSaImEE16_M_pop_front_auxEv
FN:931,_ZNSt5dequeImSaImEE17_M_reallocate_mapEmb
FNDA:0,_ZNSt5dequeImSaImEE17_M_reallocate_mapEmb
DA:164,5
DA:167,5
DA:168,5
DA:170,5
DA:173,5
DA:176,0
DA:178,5
DA:484,0
DA:492,0
DA:493,0
DA:496,0
DA:497,0
DA:501,0
DA:507,0
DA:509,0
DA:516,0
DA:484,0
DA:492,0
DA:493,0
DA:496,0
DA:497,0
DA:501,0
DA:507,0
DA:509,0
DA:516,0
DA:576,0
DA:579,0
DA:581,0
DA:582,0
DA:583,0
DA:584,0
DA:931,0
DA:934,0
DA:935,0
DA:936,0
DA:939,0
DA:941,0
DA:942,0
DA:943,0
DA:944,0
DA:945,0
DA:946,0
DA:949,0
DA:950,0
DA:951,0
DA:955,0
DA:956,0
DA:959,0
DA:960,0
DA:961,0
DA:962,0
DA:963,0
DA:965,0
DA:967,0
DA:968,0
DA:971,0
DA:972,0
DA:973,0
end_of_record
SF:/usr/include/c++/11/bits/stl_vector.h
FN:97,_ZNSt12_Vector_baseIiSaIiEE17_Vector_impl_dataC2Ev
FNDA:16,_ZNSt12_Vector_baseIiSaIiEE17_Vector_impl_dataC2Ev
FN:97,_ZNSt12_Vector_baseISt6vectorImSaImEESaIS2_EE17_Vector_impl_dataC2Ev
FNDA:147,_ZNSt12_Vector_baseISt6vectorImSaImEESaIS2_EE17_Vector_impl_dataC2Ev
FN:97,_ZNSt12_Vector_baseI4EdgeSaIS0_EE17_Vector_impl_dataC2Ev
FNDA:0,_ZNSt12_Vector_baseI4EdgeSaIS0_EE17_Vector_impl_dataC2Ev
FN:97,_ZNSt12_Vector_baseImSaImEE17_Vector_impl_dataC2Ev
FNDA:152,_ZNSt12_Vector_baseImSaImEE17_Vector_impl_dataC2Ev
FN:109,_ZNSt12_Vector_baseISt6vectorImSaImEESaIS2_EE17_Vector_impl_data12_M_copy_dataERKS5_
FNDA:144,_ZNSt12_Vector_baseISt6vectorImSaImEESaIS2_EE17_Vector_impl_data12_M_copy_dataERKS5_
FN:117,_ZNSt12_Vector_baseISt6vectorImSaImEESaIS2_EE17_Vector_impl_data12_M_swap_dataERS5_
FNDA:48,_ZNSt12_Vector_baseISt6vectorImSaImEESaIS2_EE17_Vector_impl_data12_M_swap_dataERS5_
FN:131,_ZNSt12_Vector_baseI4EdgeSaIS0_EE12_Vector_implC2Ev
FNDA:39,_ZNSt12_Vector_baseI4EdgeSaIS0_EE12_Vector_implC2Ev
FN:131,_ZNSt12_Vector_baseIiSaIiEE12_Vector_implC2Ev
FNDA:13,_ZNSt12_Vector_baseIiSaIiEE12_Vector_implC2Ev
FN:131,_ZNSt12_Vector_baseISt6vectorImSaImEESaIS2_EE12_Vector_implC2Ev
FNDA:30,_ZNSt12_Vector_baseISt6vectorImSaImEESaIS2_EE12_Vector_implC2Ev
FN:136,_ZNSt12_Vector_baseISt6vectorImSaImEESaIS2_EE12_Vector_implC2ERKS3_
FNDA:69,_ZNSt12_Vector_baseISt6vectorImSaImEESaIS2_EE12_Vector_implC2ERKS3_
FN:136,_ZNSt12_Vector_baseImSaImEE12_Vector_implC2ERKS0_
FNDA:152,_ZNSt12_Vector_baseImSaImEE12_Vector_implC2ERKS0_
FN:136,_ZNSt12_Vector_baseI4EdgeSaIS0_EE12_Vector_implC2ERKS1_
FNDA:0,_ZNSt12_Vector_baseI4EdgeSaIS0_EE12_Vector_implC2ERKS1_
FN:276,_ZNSt12_Vector_baseImSaImEE19_M_get_Tp_allocatorEv
FNDA:304,_ZNSt12_Vector_baseImSaImEE19_M_get_Tp_allocatorEv
FN:276,_ZNSt12_Vector_baseIiSaIiEE19_M_get_Tp_allocatorEv
FNDA:81,_ZNSt12_Vector_baseIiSaIiEE19_M_get_Tp_allocatorEv
FN:276,_ZNSt12_Vector_baseISt6vectorImSaImEESaIS2_EE19_M_get_Tp_allocatorEv
FNDA:192,_ZNSt12_Vector_baseISt6vectorImSaImEESaIS2_EE19_M_get_Tp_allocatorEv
FN:276,_ZNSt12_Vector_baseI4EdgeSaIS0_EE19_M_get_Tp_allocatorEv
FNDA:0,_ZNSt12_Vector_baseI4EdgeSaIS0_EE19_M_get_Tp_allocatorEv
FN:280,_ZNKSt12_Vector_baseIiSaIiEE19_M_get_Tp_allocatorEv
FNDA:62,_ZNKSt12_Vector_baseIiSaIiEE19_M_get_Tp_allocatorEv
FN:280,_ZNKSt12_Vector_baseI4EdgeSaIS0_EE19_M_get_Tp_allocatorEv
FNDA:0,_ZNKSt12_Vector_baseI4EdgeSaIS0_EE19_M_get_Tp_allocatorEv
FN:280,_ZNKSt12_Vector_baseImSaImEE19_M_get_Tp_allocatorEv
FNDA:135,_ZNKSt12_Vector_baseImSaImEE19_M_get_Tp_allocatorEv
FN:280,_ZNKSt12_Vector_baseISt6vectorImSaImEESaIS2_EE19_M_get_Tp_allocatorEv
FNDA:56,_ZNKSt12_Vector_baseISt6vectorImSaImEESaIS2_EE19_M_get_Tp_allocatorEv
FN:284,_ZNKSt12_Vector_baseISt6vectorImSaImEESaIS2_EE13get_allocatorEv
FNDA:24,_ZNKSt12_Vector_baseISt6vectorImSaImEESaIS2_EE13get_allocatorEv
FN:288,_ZNSt12_Vector_baseIiSaIiEEC2Ev
FNDA:13,_ZNSt12_Vector_baseIiSaIiEEC2Ev
FN:288,_ZNSt12_Vector_baseISt6vectorImSaImEESaIS2_EEC2Ev
FNDA:30,_ZNSt12_Vector_baseISt6vectorImSaImEESaIS2_EEC2Ev
FN:288,_ZNSt12_Vector_baseI4EdgeSaIS0_EEC2Ev
FNDA:39,_ZNSt12_Vector_baseI4EdgeSaIS0_EEC2Ev
FN:293,_ZNSt12_Vector_baseISt6vectorImSaImEESaIS2_EEC2ERKS3_
FNDA:24,_ZNSt12_Vector_baseISt6vectorImSaImEESaIS2_EEC2ERKS3_
FN:303,_ZNSt12_Vector_baseI4EdgeSaIS0_EEC2EmRKS1_
FNDA:0,_ZNSt12_Vector_baseI4EdgeSaIS0_EEC2EmRKS1_
FN:303,_ZNSt12_Vector_baseImSaImEEC2EmRKS0_
FNDA:152,_ZNSt12_Vector_baseImSaImEEC2EmRKS0_
FN:303,_ZNSt12_Vector_baseISt6vectorImSaImEESaIS2_EEC2EmRKS3_
FNDA:45,_ZNSt12_Vector_baseISt6vectorImSaImEESaIS2_EEC2EmRKS3_
FN:333,_ZNSt12_Vector_baseISt6vectorImSaImEESaIS2_EED2Ev
FNDA:99,_ZNSt12_Vector_baseISt6vectorImSaImEESaIS2_EED2Ev
FN:333,_ZNSt12_Vector_baseImSaImEED2Ev
FNDA:152,_ZNSt12_Vector_baseImSaImEED2Ev
FN:333,_ZNSt12_Vector_baseIiSaIiEED2Ev
FNDA:16,_ZNSt12_Vector_baseIiSaIiEED2Ev
FN:333,_ZNSt12_Vector_baseI4EdgeSaIS0_EED2Ev
FNDA:0,_ZNSt12_Vector_baseI4EdgeSaIS0_EED2Ev
FN:343,_ZNSt12_Vector_baseIiSaIiEE11_M_allocateEm
FNDA:34,_ZNSt12_Vector_baseIiSaIiEE11_M_allocateEm
FN:343,_ZNSt12_Vector_baseI4EdgeSaIS0_EE11_M_allocateEm
FNDA:0,_ZNSt12_Vector_baseI4EdgeSaIS0_EE11_M_allocateEm
FN:343,_ZNSt12_Vector_baseImSaImEE11_M_allocateEm
FNDA:152,_ZNSt12_Vector_baseImSaImEE11_M_allocateEm
FN:343,_ZNSt12_Vector_baseISt6vectorImSaImEESaIS2_EE11_M_allocateEm
FNDA:45,_ZNSt12_Vector_baseISt6vectorImSaImEESaIS2_EE11_M_allocateEm
FN:350,_ZNSt12_Vector_baseISt6vectorImSaImEESaIS2_EE13_M_deallocateEPS2_m
FNDA:99,_ZNSt12_Vector_baseISt6vectorImSaImEESaIS2_EE13_M_deallocateEPS2_m
FN:350,_ZNSt12_Vector_baseIiSaIiEE13_M_deallocateEPim
FNDA:47,_ZNSt12_Vector_baseIiSaIiEE13_M_deallocateEPim
FN:350,_ZNSt12_Vector_baseI4EdgeSaIS0_EE13_M_deallocateEPS0_m
FNDA:0,_ZNSt12_Vector_baseI4EdgeSaIS0_EE13_M_deallocateEPS0_m
FN:350,_ZNSt12_Vector_baseImSaImEE13_M_deallocateEPmm
FNDA:152,_ZNSt12_Vector_baseImSaImEE13_M_deallocateEPmm
FN:359,_ZNSt12_Vector_baseI4EdgeSaIS0_EE17_M_create_storageEm
FNDA:0,_ZNSt12_Vector_baseI4EdgeSaIS0_EE17_M_create_storageEm
FN:359,_ZNSt12_Vector_baseImSaImEE17_M_create_storageEm
FNDA:152,_ZNSt12_Vector_baseImSaImEE17_M_create_storageEm
FN:359,_ZNSt12_Vector_baseISt6vectorImSaImEESaIS2_EE17_M_create_storageEm
FNDA:45,_ZNSt12_Vector_baseISt6vectorImSaImEESaIS2_EE17_M_create_storageEm
FN:453,_ZNSt6vectorIiSaIiEE14_S_do_relocateEPiS2_S2_RS0_St17integral_constantIbLb1EE
FNDA:62,_ZNSt6vectorIiSaIiEE14_S_do_relocateEPiS2_S2_RS0_St17integral_constantIbLb1EE
FN:465,_ZNSt6vectorIiSaIiEE11_S_relocateEPiS2_S2_RS0_
FNDA:62,_ZNSt6vectorIiSaIiEE11_S_relocateEPiS2_S2_RS0_
FN:487,_ZNSt6vectorIS_ImSaImEESaIS1_EEC2Ev
FNDA:30,_ZNSt6vectorIS_ImSaImEESaIS1_EEC2Ev
FN:487,_ZNSt6vectorIiSaIiEEC2Ev
FNDA:13,_ZNSt6vectorIiSaIiEEC2Ev
FN:487,_ZNSt6vectorI4EdgeSaIS0_EEC2Ev
FNDA:39,_ZNSt6vectorI4EdgeSaIS0_EEC2Ev
FN:497,_ZNSt6vectorIS_ImSaImEESaIS1_EEC2ERKS2_
FNDA:24,_ZNSt6vectorIS_ImSaImEESaIS1_EEC2ERKS2_
FN:522,_ZNSt6vectorIS_ImSaImEESaIS1_EEC2EmRKS1_RKS2_
FNDA:13,_ZNSt6vectorIS_ImSaImEESaIS1_EEC2EmRKS1_RKS2_
FN:522,_ZNSt6vectorImSaImEEC2EmRKmRKS0_
FNDA:13,_ZNSt6vectorImSaImEEC2EmRKmRKS0_
FN:553,_ZNSt6vectorIS_ImSaImEESaIS1_EEC2ERKS3_
FNDA:32,_ZNSt6vectorIS_ImSaImEESaIS1_EEC2ERKS3_
FN:553,_ZNSt6vectorI4EdgeSaIS0_EEC2ERKS2_
FNDA:0,_ZNSt6vectorI4EdgeSaIS0_EEC2ERKS2_
FN:553,_ZNSt6vectorImSaImEEC2ERKS1_
FNDA:135,_ZNSt6vectorImSaImEEC2ERKS1_
FN:678,_ZNSt6vectorImSaImEED2Ev
FNDA:152,_ZNSt6vectorImSaImEED2Ev
FN:678,_ZNSt6vectorIiSaIiEED2Ev
FNDA:16,_ZNSt6vectorIiSaIiEED2Ev
FN:678,_ZNSt6vectorI4EdgeSaIS0_EED2Ev
FNDA:0,_ZNSt6vectorI4EdgeSaIS0_EED2Ev
FN:678,_ZNSt6vectorIS_ImSaImEESaIS1_EED2Ev
FNDA:99,_ZNSt6vectorIS_ImSaImEESaIS1_EED2Ev
FN:709,_ZNSt6vectorIS_ImSaImEESaIS1_EEaSEOS3_
FNDA:24,_ZNSt6vectorIS_ImSaImEESaIS1_EEaSEOS3_
FN:811,_ZNSt6vectorIiSaIiEE5beginEv
FNDA:71,_ZNSt6vectorIiSaIiEE5beginEv
FN:820,_ZNKSt6vectorImSaImEE5beginEv
FNDA:135,_ZNKSt6vectorImSaImEE5beginEv
FN:820,_ZNKSt6vectorIS_ImSaImEESaIS1_EE5beginEv
FNDA:48,_ZNKSt6vectorIS_ImSaImEESaIS1_EE5beginEv
FN:820,_ZNKSt6vectorI4EdgeSaIS0_EE5beginEv
FNDA:0,_ZNKSt6vectorI4EdgeSaIS0_EE5beginEv
FN:829,_ZNSt6vectorIiSaIiEE3endEv
FNDA:71,_ZNSt6vectorIiSaIiEE3endEv
FN:838,_ZNKSt6vectorI4EdgeSaIS0_EE3endEv
FNDA:0,_ZNKSt6vectorI4EdgeSaIS0_EE3endEv
FN:838,_ZNKSt6vectorImSaImEE3endEv
FNDA:135,_ZNKSt6vectorImSaImEE3endEv
FN:838,_ZNKSt6vectorIS_ImSaImEESaIS1_EE3endEv
FNDA:48,_ZNKSt6vectorIS_ImSaImEESaIS1_EE3endEv
FN:847,_ZNSt6vectorIiSaIiEE6rbeginEv
FNDA:12,_ZNSt6vectorIiSaIiEE6rbeginEv
FN:865,_ZNSt6vectorIiSaIiEE4rendEv
FNDA:40,_ZNSt6vectorIiSaIiEE4rendEv
FN:918,_ZNKSt6vectorImSaImEE4sizeEv
FNDA:135,_ZNKSt6vectorImSaImEE4sizeEv
FN:918,_ZNKSt6vectorIS_ImSaImEESaIS1_EE4sizeEv
FNDA:68,_ZNKSt6vectorIS_ImSaImEESaIS1_EE4sizeEv
FN:918,_ZNKSt6vectorIiSaIiEE4sizeEv
FNDA:124,_ZNKSt6vectorIiSaIiEE4sizeEv
FN:918,_ZNKSt6vectorI4EdgeSaIS0_EE4sizeEv
FNDA:0,_ZNKSt6vectorI4EdgeSaIS0_EE4sizeEv
FN:923,_ZNKSt6vectorIiSaIiEE8max_sizeEv
FNDA:62,_ZNKSt6vectorIiSaIiEE8max_sizeEv
FN:1007,_ZNKSt6vectorIS_ImSaImEESaIS1_EE5emptyEv
FNDA:16,_ZNKSt6vectorIS_ImSaImEESaIS1_EE5emptyEv
FN:1043,_ZNSt6vectorImSaImEEixEm
FNDA:754,_ZNSt6vectorImSaImEEixEm
FN:1043,_ZNSt6vectorIS_ImSaImEESaIS1_EEixEm
FNDA:683,_ZNSt6vectorIS_ImSaImEESaIS1_EEixEm
FN:1061,_ZNKSt6vectorImSaImEEixEm
FNDA:116,_ZNKSt6vectorImSaImEEixEm
FN:1061,_ZNKSt6vectorIS_ImSaImEESaIS1_EEixEm
FNDA:116,_ZNKSt6vectorIS_ImSaImEESaIS1_EEixEm
FN:1143,_ZNSt6vectorIiSaIiEE4backEv
FNDA:28,_ZNSt6vectorIiSaIiEE4backEv
FN:1203,_ZNSt6vectorIiSaIiEE9push_backEOi
FNDA:28,_ZNSt6vectorIiSaIiEE9push_backEOi
FN:1498,_ZNSt6vectorImSaImEE5clearEv
FNDA:0,_ZNSt6vectorImSaImEE5clearEv
FN:1498,_ZNSt6vectorIS_ImSaImEESaIS1_EE5clearEv
FNDA:32,_ZNSt6vectorIS_ImSaImEESaIS1_EE5clearEv
FN:1593,_ZNSt6vectorIS_ImSaImEESaIS1_EE18_M_fill_initializeEmRKS1_
FNDA:13,_ZNSt6vectorIS_ImSaImEESaIS1_EE18_M_fill_initializeEmRKS1_
FN:1593,_ZNSt6vectorImSaImEE18_M_fill_initializeEmRKm
FNDA:13,_ZNSt6vectorImSaImEE18_M_fill_initializeEmRKm
FN:1756,_ZNKSt6vectorIiSaIiEE12_M_check_lenEmPKc
FNDA:31,_ZNKSt6vectorIiSaIiEE12_M_check_lenEmPKc
FN:1767,_ZNSt6vectorImSaImEE17_S_check_init_lenEmRKS0_
FNDA:17,_ZNSt6vectorImSaImEE17_S_check_init_lenEmRKS0_
FN:1767,_ZNSt6vectorIS_ImSaImEESaIS1_EE17_S_check_init_lenEmRKS2_
FNDA:13,_ZNSt6vectorIS_ImSaImEESaIS1_EE17_S_check_init_lenEmRKS2_
FN:1776,_ZNSt6vectorIS_ImSaImEESaIS1_EE11_S_max_sizeERKS2_
FNDA:13,_ZNSt6vectorIS_ImSaImEESaIS1_EE11_S_max_sizeERKS2_
FN:1776,_ZNSt6vectorIiSaIiEE11_S_max_sizeERKS0_
FNDA:65,_ZNSt6vectorIiSaIiEE11_S_max_sizeERKS0_
FN:1776,_ZNSt6vectorImSaImEE11_S_max_sizeERKS0_
FNDA:17,_ZNSt6vectorImSaImEE11_S_max_sizeERKS0_
FN:1792,_ZNSt6vectorIS_ImSaImEESaIS1_EE15_M_erase_at_endEPS1_
FNDA:32,_ZNSt6vectorIS_ImSaImEESaIS1_EE15_M_erase_at_endEPS1_
FN:1792,_ZNSt6vectorImSaImEE15_M_erase_at_endEPm
FNDA:0,_ZNSt6vectorImSaImEE15_M_erase_at_endEPm
FN:1815,_ZNSt6vectorIS_ImSaImEESaIS1_EE14_M_move_assignEOS3_St17integral_constantIbLb1EE
FNDA:24,_ZNSt6vectorIS_ImSaImEESaIS1_EE14_M_move_assignEOS3_St17integral_constantIbLb1EE
DA:97,152
DA:98,152
DA:99,152
DA:97,0
DA:98,0
DA:99,0
DA:97,16
DA:98,16
DA:99,16
DA:97,147
DA:98,147
DA:99,147
DA:109,144
DA:111,144
DA:112,144
DA:113,144
DA:114,144
DA:117,48
DA:121,48
DA:122,48
DA:123,48
DA:124,48
DA:125,48
DA:131,39
DA:133,39
DA:134,39
DA:131,13
DA:133,13
DA:134,13
DA:131,30
DA:133,30
DA:134,30
DA:136,69
DA:137,69
DA:138,69
DA:136,152
DA:137,152
DA:138,152
DA:136,0
DA:137,0
DA:138,0
DA:276,81
DA:277,81
DA:276,304
DA:277,304
DA:276,0
DA:277,0
DA:276,192
DA:277,192
DA:280,135
DA:281,135
DA:280,62
DA:281,62
DA:280,56
DA:281,56
DA:280,0
DA:281,0
DA:284,24
DA:285,24
DA:288,39
DA:288,13
DA:288,30
DA:293,24
DA:294,24
DA:303,45
DA:304,45
DA:305,45
DA:303,152
DA:304,152
DA:305,152
DA:303,0
DA:304,0
DA:305,0
DA:333,152
DA:335,152
DA:336,152
DA:337,152
DA:333,0
DA:335,0
DA:336,0
DA:337,0
DA:333,16
DA:335,16
DA:336,16
DA:337,16
DA:333,99
DA:335,99
DA:336,99
DA:337,99
DA:343,34
DA:346,34
DA:343,45
DA:346,45
DA:343,152
DA:346,152
DA:343,0
DA:346,0
DA:350,152
DA:353,152
DA:354,152
DA:355,152
DA:350,0
DA:353,0
DA:354,0
DA:355,0
DA:350,47
DA:353,47
DA:354,34
DA:355,47
DA:350,99
DA:353,99
DA:354,45
DA:355,99
DA:359,45
DA:361,45
DA:362,45
DA:363,45
DA:364,45
DA:359,152
DA:361,152
DA:362,152
DA:363,152
DA:364,152
DA:359,0
DA:361,0
DA:362,0
DA:363,0
DA:364,0
DA:453,62
DA:456,62
DA:465,62
DA:469,62
DA:487,39
DA:487,13
DA:487,30
DA:497,24
DA:498,24
DA:522,13
DA:524,13
DA:525,13
DA:522,13
DA:524,13
DA:525,13
DA:553,135
DA:555,135
DA:557,135
DA:558,135
DA:560,135
DA:561,135
DA:553,32
DA:555,32
DA:557,32
DA:558,32
DA:560,32
DA:561,32
DA:553,0
DA:555,0
DA:557,0
DA:558,0
DA:560,0
DA:561,0
DA:678,16
DA:680,16
DA:681,16
DA:683,16
DA:678,152
DA:680,152
DA:681,152
DA:683,152
DA:678,0
DA:680,0
DA:681,0
DA:683,0
DA:678,99
DA:680,99
DA:681,99
DA:683,99
DA:709,24
DA:711,24
DA:714,24
DA:715,24
DA:811,71
DA:812,71
DA:820,135
DA:821,135
DA:820,48
DA:821,48
DA:820,0
DA:821,0
DA:829,71
DA:830,71
DA:838,135
DA:839,135
DA:838,48
DA:839,48
DA:838,0
DA:839,0
DA:847,12
DA:848,12
DA:865,40
DA:866,40
DA:918,135
DA:919,135
DA:918,124
DA:919,124
DA:918,0
DA:919,0
DA:918,68
DA:919,68
DA:923,62
DA:924,62
DA:1007,16
DA:1008,16
DA:1043,754
DA:1046,754
DA:1043,683
DA:1046,683
DA:1061,116
DA:1064,116
DA:1061,116
DA:1064,116
DA:1143,28
DA:1146,28
DA:1203,28
DA:1204,28
DA:1498,32
DA:1499,32
DA:1498,0
DA:1499,0
DA:1593,13
DA:1595,13
DA:1596,13
DA:1597,13
DA:1598,13
DA:1593,13
DA:1595,13
DA:1596,13
DA:1597,13
DA:1598,13
DA:1756,31
DA:1758,31
DA:1759,0
DA:1761,31
DA:1762,31
DA:1767,13
DA:1769,13
DA:1770,0
DA:1772,13
DA:1767,17
DA:1769,17
DA:1770,0
DA:1772,17
DA:1776,65
DA:1781,65
DA:1783,65
DA:1784,65
DA:1776,13
DA:1781,13
DA:1783,13
DA:1784,13
DA:1776,17
DA:1781,17
DA:1783,17
DA:1784,17
DA:1792,32
DA:1794,32
DA:1796,0
DA:1797,0
DA:1798,0
DA:1801,32
DA:1792,0
DA:1794,0
DA:1796,0
DA:1797,0
DA:1798,0
DA:1801,0
DA:1815,24
DA:1817,24
DA:1818,24
DA:1819,24
DA:1820,24
DA:1821,24
end_of_record
SF:/usr/include/c++/11/ext/new_allocator.h
FN:79,_ZN9__gnu_cxx13new_allocatorI4EdgeEC2Ev
FNDA:41,_ZN9__gnu_cxx13new_allocatorI4EdgeEC2Ev
FN:79,_ZN9__gnu_cxx13new_allocatorIcEC2Ev
FNDA:0,_ZN9__gnu_cxx13new_allocatorIcEC2Ev
FN:79,_ZN9__gnu_cxx13new_allocatorIbEC2Ev
FNDA:6,_ZN9__gnu_cxx13new_allocatorIbEC2Ev
FN:79,_ZN9__gnu_cxx13new_allocatorImEC2Ev
FNDA:28,_ZN9__gnu_cxx13new_allocatorImEC2Ev
FN:79,_ZN9__gnu_cxx13new_allocatorISt6vectorImSaImEEEC2Ev
FNDA:43,_ZN9__gnu_cxx13new_allocatorISt6vectorImSaImEEEC2Ev
FN:79,_ZN9__gnu_cxx13new_allocatorISt13_Rb_tree_nodeISt4pairIKi6VertexEEEC2Ev
FNDA:7,_ZN9__gnu_cxx13new_allocatorISt13_Rb_tree_nodeISt4pairIKi6VertexEEEC2Ev
FN:79,_ZN9__gnu_cxx13new_allocatorINSt8__detail10_Hash_nodeI4EdgeLb1EEEEC2Ev
FNDA:7,_ZN9__gnu_cxx13new_allocatorINSt8__detail10_Hash_nodeI4EdgeLb1EEEEC2Ev
FN:79,_ZN9__gnu_cxx13new_allocatorIiEC2Ev
FNDA:16,_ZN9__gnu_cxx13new_allocatorIiEC2Ev
FN:79,_ZN9__gnu_cxx13new_allocatorIPmEC2Ev
FNDA:10,_ZN9__gnu_cxx13new_allocatorIPmEC2Ev
FN:79,_ZN9__gnu_cxx13new_allocatorIPNSt8__detail15_Hash_node_baseEEC2Ev
FNDA:24,_ZN9__gnu_cxx13new_allocatorIPNSt8__detail15_Hash_node_baseEEC2Ev
FN:79,_ZN9__gnu_cxx13new_allocatorISt13_Rb_tree_nodeISt4pairIKmmEEEC2Ev
FNDA:38,_ZN9__gnu_cxx13new_allocatorISt13_Rb_tree_nodeISt4pairIKmmEEEC2Ev
FN:82,_ZN9__gnu_cxx13new_allocatorI4EdgeEC2ERKS2_
FNDA:0,_ZN9__gnu_cxx13new_allocatorI4EdgeEC2ERKS2_
FN:82,_ZN9__gnu_cxx13new_allocatorImEC2ERKS1_
FNDA:310,_ZN9__gnu_cxx13new_allocatorImEC2ERKS1_
FN:82,_ZN9__gnu_cxx13new_allocatorISt13_Rb_tree_nodeISt4pairIKmmEEEC2ERKS6_
FNDA:0,_ZN9__gnu_cxx13new_allocatorISt13_Rb_tree_nodeISt4pairIKmmEEEC2ERKS6_
FN:82,_ZN9__gnu_cxx13new_allocatorIcEC2ERKS1_
FNDA:0,_ZN9__gnu_cxx13new_allocatorIcEC2ERKS1_
FN:82,_ZN9__gnu_cxx13new_allocatorISt6vectorImSaImEEEC2ERKS4_
FNDA:138,_ZN9__gnu_cxx13new_allocatorISt6vectorImSaImEEEC2ERKS4_
FN:89,_ZN9__gnu_cxx13new_allocatorISt13_Rb_tree_nodeISt4pairIKmmEEED2Ev
FNDA:0,_ZN9__gnu_cxx13new_allocatorISt13_Rb_tree_nodeISt4pairIKmmEEED2Ev
FN:89,_ZN9__gnu_cxx13new_allocatorIPmED2Ev
FNDA:10,_ZN9__gnu_cxx13new_allocatorIPmED2Ev
FN:89,_ZN9__gnu_cxx13new_allocatorIPNSt8__detail15_Hash_node_baseEED2Ev
FNDA:24,_ZN9__gnu_cxx13new_allocatorIPNSt8__detail15_Hash_node_baseEED2Ev
FN:89,_ZN9__gnu_cxx13new_allocatorI4EdgeED2Ev
FNDA:0,_ZN9__gnu_cxx13new_allocatorI4EdgeED2Ev
FN:89,_ZN9__gnu_cxx13new_allocatorIiED2Ev
FNDA:22,_ZN9__gnu_cxx13new_allocatorIiED2Ev
FN:89,_ZN9__gnu_cxx13new_allocatorISt6vectorImSaImEEED2Ev
FNDA:181,_ZN9__gnu_cxx13new_allocatorISt6vectorImSaImEEED2Ev
FN:89,_ZN9__gnu_cxx13new_allocatorImED2Ev
FNDA:338,_ZN9__gnu_cxx13new_allocatorImED2Ev
FN:89,_ZN9__gnu_cxx13new_allocatorIcED2Ev
FNDA:0,_ZN9__gnu_cxx13new_allocatorIcED2Ev
FN:89,_ZN9__gnu_cxx13new_allocatorINSt8__detail10_Hash_nodeI4EdgeLb1EEEED2Ev
FNDA:7,_ZN9__gnu_cxx13new_allocatorINSt8__detail10_Hash_nodeI4EdgeLb1EEEED2Ev
FN:89,_ZN9__gnu_cxx13new_allocatorISt13_Rb_tree_nodeISt4pairIKi6VertexEEED2Ev
FNDA:7,_ZN9__gnu_cxx13new_allocatorISt13_Rb_tree_nodeISt4pairIKi6VertexEEED2Ev
FN:89,_ZN9__gnu_cxx13new_allocatorIbED2Ev
FNDA:6,_ZN9__gnu_cxx13new_allocatorIbED2Ev
FN:103,_ZN9__gnu_cxx13new_allocatorIiE8allocateEmPKv
FNDA:34,_ZN9__gnu_cxx13new_allocatorIiE8allocateEmPKv
FN:103,_ZN9__gnu_cxx13new_allocatorISt13_Rb_tree_nodeISt4pairIKmmEEE8allocateEmPKv
FNDA:0,_ZN9__gnu_cxx13new_allocatorISt13_Rb_tree_nodeISt4pairIKmmEEE8allocateEmPKv
FN:103,_ZN9__gnu_cxx13new_allocatorImE8allocateEmPKv
FNDA:163,_ZN9__gnu_cxx13new_allocatorImE8allocateEmPKv
FN:103,_ZN9__gnu_cxx13new_allocatorIPNSt8__detail15_Hash_node_baseEE8allocateEmPKv
FNDA:12,_ZN9__gnu_cxx13new_allocatorIPNSt8__detail15_Hash_node_baseEE8allocateEmPKv
FN:103,_ZN9__gnu_cxx13new_allocatorIPmE8allocateEmPKv
FNDA:5,_ZN9__gnu_cxx13new_allocatorIPmE8allocateEmPKv
FN:103,_ZN9__gnu_cxx13new_allocatorISt6vectorImSaImEEE8allocateEmPKv
FNDA:45,_ZN9__gnu_cxx13new_allocatorISt6vectorImSaImEEE8allocateEmPKv
FN:103,_ZN9__gnu_cxx13new_allocatorINSt8__detail10_Hash_nodeI4EdgeLb1EEEE8allocateEmPKv
FNDA:14,_ZN9__gnu_cxx13new_allocatorINSt8__detail10_Hash_nodeI4EdgeLb1EEEE8allocateEmPKv
FN:103,_ZN9__gnu_cxx13new_allocatorISt13_Rb_tree_nodeISt4pairIKi6VertexEEE8allocateEmPKv
FNDA:19,_ZN9__gnu_cxx13new_allocatorISt13_Rb_tree_nodeISt4pairIKi6VertexEEE8allocateEmPKv
FN:103,_ZN9__gnu_cxx13new_allocatorI4EdgeE8allocateEmPKv
FNDA:0,_ZN9__gnu_cxx13new_allocatorI4EdgeE8allocateEmPKv
FN:132,_ZN9__gnu_cxx13new_allocatorISt6vectorImSaImEEE10deallocateEPS3_m
FNDA:45,_ZN9__gnu_cxx13new_allocatorISt6vectorImSaImEEE10deallocateEPS3_m
FN:132,_ZN9__gnu_cxx13new_allocatorIiE10deallocateEPim
FNDA:34,_ZN9__gnu_cxx13new_allocatorIiE10deallocateEPim
FN:132,_ZN9__gnu_cxx13new_allocatorImE10deallocateEPmm
FNDA:163,_ZN9__gnu_cxx13new_allocatorImE10deallocateEPmm
FN:132,_ZN9__gnu_cxx13new_allocatorIPmE10deallocateEPS1_m
FNDA:5,_ZN9__gnu_cxx13new_allocatorIPmE10deallocateEPS1_m
FN:132,_ZN9__gnu_cxx13new_allocatorI4EdgeE10deallocateEPS1_m
FNDA:0,_ZN9__gnu_cxx13new_allocatorI4EdgeE10deallocateEPS1_m
FN:132,_ZN9__gnu_cxx13new_allocatorISt13_Rb_tree_nodeISt4pairIKmmEEE10deallocateEPS5_m
FNDA:0,_ZN9__gnu_cxx13new_allocatorISt13_Rb_tree_nodeISt4pairIKmmEEE10deallocateEPS5_m
FN:132,_ZN9__gnu_cxx13new_allocatorIPNSt8__detail15_Hash_node_baseEE10deallocateEPS3_m
FNDA:12,_ZN9__gnu_cxx13new_allocatorIPNSt8__detail15_Hash_node_baseEE10deallocateEPS3_m
FN:132,_ZN9__gnu_cxx13new_allocatorINSt8__detail10_Hash_nodeI4EdgeLb1EEEE10deallocateEPS4_m
FNDA:14,_ZN9__gnu_cxx13new_allocatorINSt8__detail10_Hash_nodeI4EdgeLb1EEEE10deallocateEPS4_m
FN:132,_ZN9__gnu_cxx13new_allocatorISt13_Rb_tree_nodeISt4pairIKi6VertexEEE10deallocateEPS6_m
FNDA:19,_ZN9__gnu_cxx13new_allocatorISt13_Rb_tree_nodeISt4pairIKi6VertexEEE10deallocateEPS6_m
FN:154,_ZNK9__gnu_cxx13new_allocatorISt6vectorImSaImEEE8max_sizeEv
FNDA:13,_ZNK9__gnu_cxx13new_allocatorISt6vectorImSaImEEE8max_sizeEv
FN:154,_ZNK9__gnu_cxx13new_allocatorIiE8max_sizeEv
FNDA:65,_ZNK9__gnu_cxx13new_allocatorIiE8max_sizeEv
FN:154,_ZNK9__gnu_cxx13new_allocatorImE8max_sizeEv
FNDA:17,_ZNK9__gnu_cxx13new_allocatorImE8max_sizeEv
FN:160,_ZN9__gnu_cxx13new_allocatorISt13_Rb_tree_nodeISt4pairIKi6VertexEEE9constructIS5_JRKSt21piecewise_construct_tSt5tupleIJOiEESC_IJEEEEEvPT_DpOT0_
FNDA:7,_ZN9__gnu_cxx13new_allocatorISt13_Rb_tree_nodeISt4pairIKi6VertexEEE9constructIS5_JRKSt21piecewise_construct_tSt5tupleIJOiEESC_IJEEEEEvPT_DpOT0_
FN:160,_ZN9__gnu_cxx13new_allocatorISt13_Rb_tree_nodeISt4pairIKi6VertexEEE9constructIS5_JRKSt21piecewise_construct_tSt5tupleIJRS3_EESC_IJEEEEEvPT_DpOT0_
FNDA:12,_ZN9__gnu_cxx13new_allocatorISt13_Rb_tree_nodeISt4pairIKi6VertexEEE9constructIS5_JRKSt21piecewise_construct_tSt5tupleIJRS3_EESC_IJEEEEEvPT_DpOT0_
FN:160,_ZN9__gnu_cxx13new_allocatorImE9constructImJmEEEvPT_DpOT0_
FNDA:5,_ZN9__gnu_cxx13new_allocatorImE9constructImJmEEEvPT_DpOT0_
FN:160,_ZN9__gnu_cxx13new_allocatorISt13_Rb_tree_nodeISt4pairIKmmEEE9constructIS4_JRKS4_EEEvPT_DpOT0_
FNDA:0,_ZN9__gnu_cxx13new_allocatorISt13_Rb_tree_nodeISt4pairIKmmEEE9constructIS4_JRKS4_EEEvPT_DpOT0_
FN:160,_ZN9__gnu_cxx13new_allocatorINSt8__detail10_Hash_nodeI4EdgeLb1EEEE9constructIS3_JRKS3_EEEvPT_DpOT0_
FNDA:14,_ZN9__gnu_cxx13new_allocatorINSt8__detail10_Hash_nodeI4EdgeLb1EEEE9constructIS3_JRKS3_EEEvPT_DpOT0_
FN:160,_ZN9__gnu_cxx13new_allocatorIiE9constructIiJiEEEvPT_DpOT0_
FNDA:28,_ZN9__gnu_cxx13new_allocatorIiE9constructIiJiEEEvPT_DpOT0_
FN:160,_ZN9__gnu_cxx13new_allocatorImE9constructImJRKmEEEvPT_DpOT0_
FNDA:9,_ZN9__gnu_cxx13new_allocatorImE9constructImJRKmEEEvPT_DpOT0_
FN:160,_ZN9__gnu_cxx13new_allocatorISt13_Rb_tree_nodeISt4pairIKmmEEE9constructIS4_JRKSt21piecewise_construct_tSt5tupleIJRS3_EESB_IJEEEEEvPT_DpOT0_
FNDA:28,_ZN9__gnu_cxx13new_allocatorISt13_Rb_tree_nodeISt4pairIKmmEEE9constructIS4_JRKSt21piecewise_construct_tSt5tupleIJRS3_EESB_IJEEEEEvPT_DpOT0_
FN:166,_ZN9__gnu_cxx13new_allocatorINSt8__detail10_Hash_nodeI4EdgeLb1EEEE7destroyIS3_EEvPT_
FNDA:14,_ZN9__gnu_cxx13new_allocatorINSt8__detail10_Hash_nodeI4EdgeLb1EEEE7destroyIS3_EEvPT_
FN:166,_ZN9__gnu_cxx13new_allocatorImE7destroyImEEvPT_
FNDA:14,_ZN9__gnu_cxx13new_allocatorImE7destroyImEEvPT_
FN:166,_ZN9__gnu_cxx13new_allocatorISt13_Rb_tree_nodeISt4pairIKmmEEE7destroyIS4_EEvPT_
FNDA:0,_ZN9__gnu_cxx13new_allocatorISt13_Rb_tree_nodeISt4pairIKmmEEE7destroyIS4_EEvPT_
FN:166,_ZN9__gnu_cxx13new_allocatorISt13_Rb_tree_nodeISt4pairIKi6VertexEEE7destroyIS5_EEvPT_
FNDA:19,_ZN9__gnu_cxx13new_allocatorISt13_Rb_tree_nodeISt4pairIKi6VertexEEE7destroyIS5_EEvPT_
FN:197,_ZNK9__gnu_cxx13new_allocatorISt13_Rb_tree_nodeISt4pairIKmmEEE11_M_max_sizeEv
FNDA:0,_ZNK9__gnu_cxx13new_allocatorISt13_Rb_tree_nodeISt4pairIKmmEEE11_M_max_sizeEv
FN:197,_ZNK9__gnu_cxx13new_allocatorISt6vectorImSaImEEE11_M_max_sizeEv
FNDA:58,_ZNK9__gnu_cxx13new_allocatorISt6vectorImSaImEEE11_M_max_sizeEv
FN:197,_ZNK9__gnu_cxx13new_allocatorIiE11_M_max_sizeEv
FNDA:99,_ZNK9__gnu_cxx13new_allocatorIiE11_M_max_sizeEv
FN:197,_ZNK9__gnu_cxx13new_allocatorISt13_Rb_tree_nodeISt4pairIKi6VertexEEE11_M_max_sizeEv
FNDA:19,_ZNK9__gnu_cxx13new_allocatorISt13_Rb_tree_nodeISt4pairIKi6VertexEEE11_M_max_sizeEv
FN:197,_ZNK9__gnu_cxx13new_allocatorIPNSt8__detail15_Hash_node_baseEE11_M_max_sizeEv
FNDA:12,_ZNK9__gnu_cxx13new_allocatorIPNSt8__detail15_Hash_node_baseEE11_M_max_sizeEv
FN:197,_ZNK9__gnu_cxx13new_allocatorI4EdgeE11_M_max_sizeEv
FNDA:0,_ZNK9__gnu_cxx13new_allocatorI4EdgeE11_M_max_sizeEv
FN:197,_ZNK9__gnu_cxx13new_allocatorImE11_M_max_sizeEv
FNDA:180,_ZNK9__gnu_cxx13new_allocatorImE11_M_max_sizeEv
FN:197,_ZNK9__gnu_cxx13new_allocatorINSt8__detail10_Hash_nodeI4EdgeLb1EEEE11_M_max_sizeEv
FNDA:14,_ZNK9__gnu_cxx13new_allocatorINSt8__detail10_Hash_nodeI4EdgeLb1EEEE11_M_max_sizeEv
FN:197,_ZNK9__gnu_cxx13new_allocatorIPmE11_M_max_sizeEv
FNDA:5,_ZNK9__gnu_cxx13new_allocatorIPmE11_M_max_sizeEv
DA:79,38
DA:79,41
DA:79,24
DA:79,10
DA:79,16
DA:79,7
DA:79,7
DA:79,43
DA:79,28
DA:79,6
DA:79,0
DA:82,0
DA:82,310
DA:82,0
DA:82,0
DA:82,138
DA:89,24
DA:89,10
DA:89,0
DA:89,0
DA:89,22
DA:89,338
DA:89,181
DA:89,7
DA:89,7
DA:89,6
DA:89,0
DA:103,12
DA:111,12
DA:115,0
DA:116,0
DA:117,0
DA:127,12
DA:103,14
DA:111,14
DA:115,0
DA:116,0
DA:117,0
DA:127,14
DA:103,34
DA:111,34
DA:115,0
DA:116,0
DA:117,0
DA:127,34
DA:103,0
DA:111,0
DA:115,0
DA:116,0
DA:117,0
DA:127,0
DA:103,45
DA:111,45
DA:115,0
DA:116,0
DA:117,0
DA:127,45
DA:103,19
DA:111,19
DA:115,0
DA:116,0
DA:117,0
DA:127,19
DA:103,0
DA:111,0
DA:115,0
DA:116,0
DA:117,0
DA:127,0
DA:103,5
DA:111,5
DA:115,0
DA:116,0
DA:117,0
DA:127,5
DA:103,163
DA:111,163
DA:115,0
DA:116,0
DA:117,0
DA:127,163
DA:132,14
DA:145,14
DA:132,0
DA:145,0
DA:132,12
DA:145,12
DA:132,19
DA:145,19
DA:132,0
DA:145,0
DA:132,5
DA:145,5
DA:132,163
DA:145,163
DA:132,34
DA:145,34
DA:132,45
DA:145,45
DA:154,65
DA:155,65
DA:154,13
DA:155,13
DA:154,17
DA:155,17
DA:160,0
DA:162,0
DA:160,14
DA:162,14
DA:160,28
DA:162,28
DA:160,12
DA:162,12
DA:160,7
DA:162,7
DA:160,5
DA:162,5
DA:160,28
DA:162,28
DA:160,9
DA:162,9
DA:166,0
DA:168,0
DA:166,14
DA:168,14
DA:166,19
DA:168,19
DA:166,14
DA:168,14
DA:197,12
DA:200,12
DA:197,14
DA:200,14
DA:197,99
DA:200,99
DA:197,0
DA:200,0
DA:197,58
DA:200,58
DA:197,19
DA:200,19
DA:197,0
DA:200,0
DA:197,5
DA:200,5
DA:197,180
DA:200,180
end_of_record
SF:/usr/include/c++/11/bits/alloc_traits.h
FN:463,_ZNSt16allocator_traitsISaIPNSt8__detail15_Hash_node_baseEEE8allocateERS3_m
FNDA:12,_ZNSt16allocator_traitsISaIPNSt8__detail15_Hash_node_baseEEE8allocateERS3_m
FN:463,_ZNSt16allocator_traitsISaIPmEE8allocateERS1_m
FNDA:5,_ZNSt16allocator_traitsISaIPmEE8allocateERS1_m
FN:463,_ZNSt16allocator_traitsISaI4EdgeEE8allocateERS1_m
FNDA:0,_ZNSt16allocator_traitsISaI4EdgeEE8allocateERS1_m
FN:463,_ZNSt16allocator_traitsISaISt13_Rb_tree_nodeISt4pairIKi6VertexEEEE8allocateERS6_m
FNDA:19,_ZNSt16allocator_traitsISaISt13_Rb_tree_nodeISt4pairIKi6VertexEEEE8allocateERS6_m
FN:463,_ZNSt16allocator_traitsISaImEE8allocateERS0_m
FNDA:163,_ZNSt16allocator_traitsISaImEE8allocateERS0_m
FN:463,_ZNSt16allocator_traitsISaISt6vectorImSaImEEEE8allocateERS3_m
FNDA:45,_ZNSt16allocator_traitsISaISt6vectorImSaImEEEE8allocateERS3_m
FN:463,_ZNSt16allocator_traitsISaISt13_Rb_tree_nodeISt4pairIKmmEEEE8allocateERS5_m
FNDA:0,_ZNSt16allocator_traitsISaISt13_Rb_tree_nodeISt4pairIKmmEEEE8allocateERS5_m
FN:463,_ZNSt16allocator_traitsISaIiEE8allocateERS0_m
FNDA:34,_ZNSt16allocator_traitsISaIiEE8allocateERS0_m
FN:463,_ZNSt16allocator_traitsISaINSt8__detail10_Hash_nodeI4EdgeLb1EEEEE8allocateERS4_m
FNDA:14,_ZNSt16allocator_traitsISaINSt8__detail10_Hash_nodeI4EdgeLb1EEEEE8allocateERS4_m
FN:495,_ZNSt16allocator_traitsISaINSt8__detail10_Hash_nodeI4EdgeLb1EEEEE10deallocateERS4_PS3_m
FNDA:14,_ZNSt16allocator_traitsISaINSt8__detail10_Hash_nodeI4EdgeLb1EEEEE10deallocateERS4_PS3_m
FN:495,_ZNSt16allocator_traitsISaImEE10deallocateERS0_Pmm
FNDA:163,_ZNSt16allocator_traitsISaImEE10deallocateERS0_Pmm
FN:495,_ZNSt16allocator_traitsISaIiEE10deallocateERS0_Pim
FNDA:34,_ZNSt16allocator_traitsISaIiEE10deallocateERS0_Pim
FN:495,_ZNSt16allocator_traitsISaISt6vectorImSaImEEEE10deallocateERS3_PS2_m
FNDA:45,_ZNSt16allocator_traitsISaISt6vectorImSaImEEEE10deallocateERS3_PS2_m
FN:495,_ZNSt16allocator_traitsISaISt13_Rb_tree_nodeISt4pairIKmmEEEE10deallocateERS5_PS4_m
FNDA:0,_ZNSt16allocator_traitsISaISt13_Rb_tree_nodeISt4pairIKmmEEEE10deallocateERS5_PS4_m
FN:495,_ZNSt16allocator_traitsISaIPmEE10deallocateERS1_PS0_m
FNDA:5,_ZNSt16allocator_traitsISaIPmEE10deallocateERS1_PS0_m
FN:495,_ZNSt16allocator_traitsISaIPNSt8__detail15_Hash_node_baseEEE10deallocateERS3_PS2_m
FNDA:12,_ZNSt16allocator_traitsISaIPNSt8__detail15_Hash_node_baseEEE10deallocateERS3_PS2_m
FN:495,_ZNSt16allocator_traitsISaISt13_Rb_tree_nodeISt4pairIKi6VertexEEEE10deallocateERS6_PS5_m
FNDA:19,_ZNSt16allocator_traitsISaISt13_Rb_tree_nodeISt4pairIKi6VertexEEEE10deallocateERS6_PS5_m
FN:495,_ZNSt16allocator_traitsISaI4EdgeEE10deallocateERS1_PS0_m
FNDA:0,_ZNSt16allocator_traitsISaI4EdgeEE10deallocateERS1_PS0_m
FN:511,_ZNSt16allocator_traitsISaIiEE9constructIiJiEEEvRS0_PT_DpOT0_
FNDA:28,_ZNSt16allocator_traitsISaIiEE9constructIiJiEEEvRS0_PT_DpOT0_
FN:511,_ZNSt16allocator_traitsISaImEE9constructImJRKmEEEvRS0_PT_DpOT0_
FNDA:9,_ZNSt16allocator_traitsISaImEE9constructImJRKmEEEvRS0_PT_DpOT0_
FN:511,_ZNSt16allocator_traitsISaImEE9constructImJmEEEvRS0_PT_DpOT0_
FNDA:5,_ZNSt16allocator_traitsISaImEE9constructImJmEEEvRS0_PT_DpOT0_
FN:511,_ZNSt16allocator_traitsISaISt13_Rb_tree_nodeISt4pairIKmmEEEE9constructIS3_JRKS3_EEEvRS5_PT_DpOT0_
FNDA:0,_ZNSt16allocator_traitsISaISt13_Rb_tree_nodeISt4pairIKmmEEEE9constructIS3_JRKS3_EEEvRS5_PT_DpOT0_
FN:511,_ZNSt16allocator_traitsISaISt13_Rb_tree_nodeISt4pairIKi6VertexEEEE9constructIS4_JRKSt21piecewise_construct_tSt5tupleIJOiEESC_IJEEEEEvRS6_PT_DpOT0_
FNDA:7,_ZNSt16allocator_traitsISaISt13_Rb_tree_nodeISt4pairIKi6VertexEEEE9constructIS4_JRKSt21piecewise_construct_tSt5tupleIJOiEESC_IJEEEEEvRS6_PT_DpOT0_
FN:511,_ZNSt16allocator_traitsISaISt13_Rb_tree_nodeISt4pairIKi6VertexEEEE9constructIS4_JRKSt21piecewise_construct_tSt5tupleIJRS2_EESC_IJEEEEEvRS6_PT_DpOT0_
FNDA:12,_ZNSt16allocator_traitsISaISt13_Rb_tree_nodeISt4pairIKi6VertexEEEE9constructIS4_JRKSt21piecewise_construct_tSt5tupleIJRS2_EESC_IJEEEEEvRS6_PT_DpOT0_
FN:511,_ZNSt16allocator_traitsISaINSt8__detail10_Hash_nodeI4EdgeLb1EEEEE9constructIS2_JRKS2_EEEvRS4_PT_DpOT0_
FNDA:14,_ZNSt16allocator_traitsISaINSt8__detail10_Hash_nodeI4EdgeLb1EEEEE9constructIS2_JRKS2_EEEvRS4_PT_DpOT0_
FN:511,_ZNSt16allocator_traitsISaISt13_Rb_tree_nodeISt4pairIKmmEEEE9constructIS3_JRKSt21piecewise_construct_tSt5tupleIJRS2_EESB_IJEEEEEvRS5_PT_DpOT0_
FNDA:28,_ZNSt16allocator_traitsISaISt13_Rb_tree_nodeISt4pairIKmmEEEE9constructIS3_JRKSt21piecewise_construct_tSt5tupleIJRS2_EESB_IJEEEEEvRS5_PT_DpOT0_
FN:531,_ZNSt16allocator_traitsISaImEE7destroyImEEvRS0_PT_
FNDA:14,_ZNSt16allocator_traitsISaImEE7destroyImEEvRS0_PT_
FN:531,_ZNSt16allocator_traitsISaISt13_Rb_tree_nodeISt4pairIKi6VertexEEEE7destroyIS4_EEvRS6_PT_
FNDA:19,_ZNSt16allocator_traitsISaISt13_Rb_tree_nodeISt4pairIKi6VertexEEEE7destroyIS4_EEvRS6_PT_
FN:531,_ZNSt16allocator_traitsISaINSt8__detail10_Hash_nodeI4EdgeLb1EEEEE7destroyIS2_EEvRS4_PT_
FNDA:14,_ZNSt16allocator_traitsISaINSt8__detail10_Hash_nodeI4EdgeLb1EEEEE7destroyIS2_EEvRS4_PT_
FN:531,_ZNSt16allocator_traitsISaISt13_Rb_tree_nodeISt4pairIKmmEEEE7destroyIS3_EEvRS5_PT_
FNDA:0,_ZNSt16allocator_traitsISaISt13_Rb_tree_nodeISt4pairIKmmEEEE7destroyIS3_EEvRS5_PT_
FN:547,_ZNSt16allocator_traitsISaImEE8max_sizeERKS0_
FNDA:17,_ZNSt16allocator_traitsISaImEE8max_sizeERKS0_
FN:547,_ZNSt16allocator_traitsISaIiEE8max_sizeERKS0_
FNDA:65,_ZNSt16allocator_traitsISaIiEE8max_sizeERKS0_
FN:547,_ZNSt16allocator_traitsISaISt6vectorImSaImEEEE8max_sizeERKS3_
FNDA:13,_ZNSt16allocator_traitsISaISt6vectorImSaImEEEE8max_sizeERKS3_
FN:562,_ZNSt16allocator_traitsISaISt6vectorImSaImEEEE37select_on_container_copy_constructionERKS3_
FNDA:32,_ZNSt16allocator_traitsISaISt6vectorImSaImEEEE37select_on_container_copy_constructionERKS3_
FN:562,_ZNSt16allocator_traitsISaIcEE37select_on_container_copy_constructionERKS0_
FNDA:0,_ZNSt16allocator_traitsISaIcEE37select_on_container_copy_constructionERKS0_
FN:562,_ZNSt16allocator_traitsISaI4EdgeEE37select_on_container_copy_constructionERKS1_
FNDA:0,_ZNSt16allocator_traitsISaI4EdgeEE37select_on_container_copy_constructionERKS1_
FN:562,_ZNSt16allocator_traitsISaISt13_Rb_tree_nodeISt4pairIKmmEEEE37select_on_container_copy_constructionERKS5_
FNDA:0,_ZNSt16allocator_traitsISaISt13_Rb_tree_nodeISt4pairIKmmEEEE37select_on_container_copy_constructionERKS5_
FN:562,_ZNSt16allocator_traitsISaImEE37select_on_container_copy_constructionERKS0_
FNDA:135,_ZNSt16allocator_traitsISaImEE37select_on_container_copy_constructionERKS0_
FN:710,_ZSt15__alloc_on_moveISaISt6vectorImSaImEEEEvRT_S5_
FNDA:24,_ZSt15__alloc_on_moveISaISt6vectorImSaImEEEEvRT_S5_
FN:845,_ZSt8_DestroyIPiiEvT_S1_RSaIT0_E
FNDA:16,_ZSt8_DestroyIPiiEvT_S1_RSaIT0_E
FN:845,_ZSt8_DestroyIPmmEvT_S1_RSaIT0_E
FNDA:152,_ZSt8_DestroyIPmmEvT_S1_RSaIT0_E
FN:845,_ZSt8_DestroyIP4EdgeS0_EvT_S2_RSaIT0_E
FNDA:0,_ZSt8_DestroyIP4EdgeS0_EvT_S2_RSaIT0_E
FN:845,_ZSt8_DestroyIPSt6vectorImSaImEES2_EvT_S4_RSaIT0_E
FNDA:99,_ZSt8_DestroyIPSt6vectorImSaImEES2_EvT_S4_RSaIT0_E
DA:463,12
DA:464,12
DA:463,14
DA:464,14
DA:463,34
DA:464,34
DA:463,0
DA:464,0
DA:463,45
DA:464,45
DA:463,19
DA:464,19
DA:463,0
DA:464,0
DA:463,5
DA:464,5
DA:463,163
DA:464,163
DA:495,14
DA:496,14
DA:495,0
DA:496,0
DA:495,12
DA:496,12
DA:495,19
DA:496,19
DA:495,0
DA:496,0
DA:495,5
DA:496,5
DA:495,163
DA:496,163
DA:495,34
DA:496,34
DA:495,45
DA:496,45
DA:511,0
DA:516,0
DA:520,0
DA:511,14
DA:516,14
DA:520,14
DA:511,28
DA:516,28
DA:520,28
DA:511,12
DA:516,12
DA:520,12
DA:511,7
DA:516,7
DA:520,7
DA:511,5
DA:516,5
DA:520,5
DA:511,28
DA:516,28
DA:520,28
DA:511,9
DA:516,9
DA:520,9
DA:531,0
DA:535,0
DA:539,0
DA:531,14
DA:535,14
DA:539,14
DA:531,19
DA:535,19
DA:539,19
DA:531,14
DA:535,14
DA:539,14
DA:547,65
DA:550,65
DA:547,13
DA:550,13
DA:547,17
DA:550,17
DA:562,135
DA:563,135
DA:562,0
DA:563,0
DA:562,0
DA:563,0
DA:562,32
DA:563,32
DA:562,0
DA:563,0
DA:710,24
DA:716,24
DA:720,24
DA:845,16
DA:848,16
DA:849,16
DA:845,152
DA:848,152
DA:849,152
DA:845,0
DA:848,0
DA:849,0
DA:845,99
DA:848,99
DA:849,99
end_of_record
SF:/usr/include/c++/11/bits/stl_pair.h
FN:266,_ZNSt4pairISt6vectorIS0_ImSaImEESaIS2_EES4_EC2IS4_S4_Lb1EEERKS4_S8_
FNDA:4,_ZNSt4pairISt6vectorIS0_ImSaImEESaIS2_EES4_EC2IS4_S4_Lb1EEERKS4_S8_
FN:322,_ZNSt4pairIPSt18_Rb_tree_node_baseS1_EC2IRS1_Lb1EEEOT_RKS1_
FNDA:0,_ZNSt4pairIPSt18_Rb_tree_node_baseS1_EC2IRS1_Lb1EEEOT_RKS1_
FN:336,_ZNSt4pairIPSt18_Rb_tree_node_baseS1_EC2IRS1_Lb1EEERKS1_OT_
FNDA:19,_ZNSt4pairIPSt18_Rb_tree_node_baseS1_EC2IRS1_Lb1EEERKS1_OT_
FN:352,_ZNSt4pairIPSt18_Rb_tree_node_baseS1_EC2IRPSt13_Rb_tree_nodeIS_IKmmEERS1_Lb1EEEOT_OT0_
FNDA:19,_ZNSt4pairIPSt18_Rb_tree_node_baseS1_EC2IRPSt13_Rb_tree_nodeIS_IKmmEERS1_Lb1EEEOT_OT0_
FN:352,_ZNSt4pairIPSt18_Rb_tree_node_baseS1_EC2IRPSt13_Rb_tree_nodeIS_IKi6VertexEERS1_Lb1EEEOT_OT0_
FNDA:7,_ZNSt4pairIPSt18_Rb_tree_node_baseS1_EC2IRPSt13_Rb_tree_nodeIS_IKi6VertexEERS1_Lb1EEEOT_OT0_
FN:352,_ZNSt4pairISt17_Rb_tree_iteratorIS_IKmmEES3_EC2IS3_S3_Lb1EEEOT_OT0_
FNDA:8,_ZNSt4pairISt17_Rb_tree_iteratorIS_IKmmEES3_EC2IS3_S3_Lb1EEEOT_OT0_
FN:352,_ZNSt4pairINSt8__detail14_Node_iteratorI4EdgeLb1ELb1EEEbEC2IRS3_bLb1EEEOT_OT0_
FNDA:14,_ZNSt4pairINSt8__detail14_Node_iteratorI4EdgeLb1ELb1EEEbEC2IRS3_bLb1EEEOT_OT0_
FN:352,_ZNSt4pairINSt8__detail14_Node_iteratorI4EdgeLb1ELb1EEEbEC2IS3_bLb1EEEOT_OT0_
FNDA:0,_ZNSt4pairINSt8__detail14_Node_iteratorI4EdgeLb1ELb1EEEbEC2IS3_bLb1EEEOT_OT0_
FN:352,_ZNSt4pairIPSt18_Rb_tree_node_baseS1_EC2IRS1_S4_Lb1EEEOT_OT0_
FNDA:8,_ZNSt4pairIPSt18_Rb_tree_node_baseS1_EC2IRS1_S4_Lb1EEEOT_OT0_
FN:352,_ZNSt4pairISt6vectorIS0_ImSaImEESaIS2_EES4_EC2IRS4_S7_Lb1EEEOT_OT0_
FNDA:4,_ZNSt4pairISt6vectorIS0_ImSaImEESaIS2_EES4_EC2IRS4_S7_Lb1EEEOT_OT0_
FN:567,_ZSt9make_pairIRKSt6vectorIS0_ImSaImEESaIS2_EES6_ESt4pairINSt25__strip_reference_wrapperINSt5decayIT_E4typeEE6__typeENS8_INS9_IT0_E4typeEE6__typeEEOSA_OSF_
FNDA:4,_ZSt9make_pairIRKSt6vectorIS0_ImSaImEESaIS2_EES6_ESt4pairINSt25__strip_reference_wrapperINSt5decayIT_E4typeEE6__typeENS8_INS9_IT0_E4typeEE6__typeEEOSA_OSF_
DA:266,4
DA:267,4
DA:322,0
DA:323,0
DA:336,19
DA:337,19
DA:352,19
DA:353,19
DA:352,7
DA:353,7
DA:352,8
DA:353,8
DA:352,14
DA:353,14
DA:352,0
DA:353,0
DA:352,8
DA:353,8
DA:352,4
DA:353,4
DA:567,4
DA:572,4
end_of_record
SF:/usr/include/c++/11/bits/stl_uninitialized.h
FN:85,_ZNSt20__uninitialized_copyILb0EE13__uninit_copyIN9__gnu_cxx17__normal_iteratorIPK4EdgeSt6vectorIS4_SaIS4_EEEEPS4_EET0_T_SD_SC_
FNDA:0,_ZNSt20__uninitialized_copyILb0EE13__uninit_copyIN9__gnu_cxx17__normal_iteratorIPK4EdgeSt6vectorIS4_SaIS4_EEEEPS4_EET0_T_SD_SC_
FN:85,_ZNSt20__uninitialized_copyILb0EE13__uninit_copyIN9__gnu_cxx17__normal_iteratorIPKSt6vectorImSaImEES4_IS6_SaIS6_EEEEPS6_EET0_T_SE_SD_
FNDA:32,_ZNSt20__uninitialized_copyILb0EE13__uninit_copyIN9__gnu_cxx17__normal_iteratorIPKSt6vectorImSaImEES4_IS6_SaIS6_EEEEPS6_EET0_T_SE_SD_
FN:108,_ZNSt20__uninitialized_copyILb1EE13__uninit_copyIN9__gnu_cxx17__normal_iteratorIPKmSt6vectorImSaImEEEEPmEET0_T_SC_SB_
FNDA:135,_ZNSt20__uninitialized_copyILb1EE13__uninit_copyIN9__gnu_cxx17__normal_iteratorIPKmSt6vectorImSaImEEEEPmEET0_T_SC_SB_
FN:126,_ZSt18uninitialized_copyIN9__gnu_cxx17__normal_iteratorIPKmSt6vectorImSaImEEEEPmET0_T_SA_S9_
FNDA:135,_ZSt18uninitialized_copyIN9__gnu_cxx17__normal_iteratorIPKmSt6vectorImSaImEEEEPmET0_T_SA_S9_
FN:126,_ZSt18uninitialized_copyIN9__gnu_cxx17__normal_iteratorIPK4EdgeSt6vectorIS2_SaIS2_EEEEPS2_ET0_T_SB_SA_
FNDA:0,_ZSt18uninitialized_copyIN9__gnu_cxx17__normal_iteratorIPK4EdgeSt6vectorIS2_SaIS2_EEEEPS2_ET0_T_SB_SA_
FN:126,_ZSt18uninitialized_copyIN9__gnu_cxx17__normal_iteratorIPKSt6vectorImSaImEES2_IS4_SaIS4_EEEEPS4_ET0_T_SC_SB_
FNDA:32,_ZSt18uninitialized_copyIN9__gnu_cxx17__normal_iteratorIPKSt6vectorImSaImEES2_IS4_SaIS4_EEEEPS4_ET0_T_SC_SB_
FN:230,_ZNSt22__uninitialized_fill_nILb0EE15__uninit_fill_nIPSt6vectorImSaImEEmS4_EET_S6_T0_RKT1_
FNDA:13,_ZNSt22__uninitialized_fill_nILb0EE15__uninit_fill_nIPSt6vectorImSaImEEmS4_EET_S6_T0_RKT1_
FN:253,_ZNSt22__uninitialized_fill_nILb1EE15__uninit_fill_nIPmmmEET_S3_T0_RKT1_
FNDA:13,_ZNSt22__uninitialized_fill_nILb1EE15__uninit_fill_nIPmmmEET_S3_T0_RKT1_
FN:273,_ZSt20uninitialized_fill_nIPSt6vectorImSaImEEmS2_ET_S4_T0_RKT1_
FNDA:13,_ZSt20uninitialized_fill_nIPSt6vectorImSaImEEmS2_ET_S4_T0_RKT1_
FN:273,_ZSt20uninitialized_fill_nIPmmmET_S1_T0_RKT1_
FNDA:13,_ZSt20uninitialized_fill_nIPmmmET_S1_T0_RKT1_
FN:331,_ZSt22__uninitialized_copy_aIN9__gnu_cxx17__normal_iteratorIPKmSt6vectorImSaImEEEEPmmET0_T_SA_S9_RSaIT1_E
FNDA:135,_ZSt22__uninitialized_copy_aIN9__gnu_cxx17__normal_iteratorIPKmSt6vectorImSaImEEEEPmmET0_T_SA_S9_RSaIT1_E
FN:331,_ZSt22__uninitialized_copy_aIN9__gnu_cxx17__normal_iteratorIPKSt6vectorImSaImEES2_IS4_SaIS4_EEEEPS4_S4_ET0_T_SC_SB_RSaIT1_E
FNDA:32,_ZSt22__uninitialized_copy_aIN9__gnu_cxx17__normal_iteratorIPKSt6vectorImSaImEES2_IS4_SaIS4_EEEEPS4_S4_ET0_T_SC_SB_RSaIT1_E
FN:331,_ZSt22__uninitialized_copy_aIN9__gnu_cxx17__normal_iteratorIPK4EdgeSt6vectorIS2_SaIS2_EEEEPS2_S2_ET0_T_SB_SA_RSaIT1_E
FNDA:0,_ZSt22__uninitialized_copy_aIN9__gnu_cxx17__normal_iteratorIPK4EdgeSt6vectorIS2_SaIS2_EEEEPS2_S2_ET0_T_SB_SA_RSaIT1_E
FN:408,_ZSt24__uninitialized_fill_n_aIPSt6vectorImSaImEEmS2_S2_ET_S4_T0_RKT1_RSaIT2_E
FNDA:13,_ZSt24__uninitialized_fill_n_aIPSt6vectorImSaImEEmS2_S2_ET_S4_T0_RKT1_RSaIT2_E
FN:408,_ZSt24__uninitialized_fill_n_aIPmmmmET_S1_T0_RKT1_RSaIT2_E
FNDA:13,_ZSt24__uninitialized_fill_n_aIPmmmmET_S1_T0_RKT1_RSaIT2_E
FN:1006,_ZSt14__relocate_a_1IiiENSt9enable_ifIXsrSt24__is_bitwise_relocatableIT_vE5valueEPS2_E4typeES4_S4_S4_RSaIT0_E
FNDA:62,_ZSt14__relocate_a_1IiiENSt9enable_ifIXsrSt24__is_bitwise_relocatableIT_vE5valueEPS2_E4typeES4_S4_S4_RSaIT0_E
FN:1040,_ZSt12__relocate_aIPiS0_SaIiEET0_T_S3_S2_RT1_
FNDA:62,_ZSt12__relocate_aIPiS0_SaIiEET0_T_S3_S2_RT1_
DA:85,32
DA:88,32
DA:91,128
DA:92,96
DA:93,32
DA:95,0
DA:97,0
DA:98,0
DA:85,0
DA:88,0
DA:91,0
DA:92,0
DA:93,0
DA:95,0
DA:97,0
DA:98,0
DA:108,135
DA:110,135
DA:126,135
DA:145,135
DA:151,135
DA:126,32
DA:145,32
DA:151,32
DA:126,0
DA:145,0
DA:151,0
DA:230,13
DA:233,13
DA:236,52
DA:237,39
DA:238,13
DA:240,0
DA:242,0
DA:243,0
DA:253,13
DA:255,13
DA:273,13
DA:293,13
DA:297,13
DA:273,13
DA:293,13
DA:297,13
DA:331,135
DA:333,135
DA:331,32
DA:333,32
DA:331,0
DA:333,0
DA:408,13
DA:410,13
DA:408,13
DA:410,13
DA:1006,62
DA:1009,62
DA:1010,62
DA:1011,18
DA:1012,62
DA:1040,62
DA:1046,62
DA:1048,62
end_of_record
SF:/usr/include/c++/11/bits/stl_map.h
FN:185,_ZNSt3mapIi6VertexSt4lessIiESaISt4pairIKiS0_EEEC2Ev
FNDA:7,_ZNSt3mapIi6VertexSt4lessIiESaISt4pairIKiS0_EEEC2Ev
FN:185,_ZNSt3mapImmSt4lessImESaISt4pairIKmmEEEC2Ev
FNDA:38,_ZNSt3mapImmSt4lessImESaISt4pairIKmmEEEC2Ev
FN:207,_ZNSt3mapImmSt4lessImESaISt4pairIKmmEEEC2ERKS6_
FNDA:0,_ZNSt3mapImmSt4lessImESaISt4pairIKmmEEEC2ERKS6_
FN:302,_ZNSt3mapIi6VertexSt4lessIiESaISt4pairIKiS0_EEED2Ev
FNDA:7,_ZNSt3mapIi6VertexSt4lessIiESaISt4pairIKiS0_EEED2Ev
FN:302,_ZNSt3mapImmSt4lessImESaISt4pairIKmmEEED2Ev
FNDA:0,_ZNSt3mapImmSt4lessImESaISt4pairIKmmEEED2Ev
FN:356,_ZNSt3mapIi6VertexSt4lessIiESaISt4pairIKiS0_EEE5beginEv
FNDA:5,_ZNSt3mapIi6VertexSt4lessIiESaISt4pairIKiS0_EEE5beginEv
FN:365,_ZNKSt3mapIi6VertexSt4lessIiESaISt4pairIKiS0_EEE5beginEv
FNDA:4,_ZNKSt3mapIi6VertexSt4lessIiESaISt4pairIKiS0_EEE5beginEv
FN:374,_ZNSt3mapImmSt4lessImESaISt4pairIKmmEEE3endEv
FNDA:37,_ZNSt3mapImmSt4lessImESaISt4pairIKmmEEE3endEv
FN:374,_ZNSt3mapIi6VertexSt4lessIiESaISt4pairIKiS0_EEE3endEv
FNDA:152,_ZNSt3mapIi6VertexSt4lessIiESaISt4pairIKiS0_EEE3endEv
FN:383,_ZNKSt3mapIi6VertexSt4lessIiESaISt4pairIKiS0_EEE3endEv
FNDA:4,_ZNKSt3mapIi6VertexSt4lessIiESaISt4pairIKiS0_EEE3endEv
FN:470,_ZNKSt3mapIi6VertexSt4lessIiESaISt4pairIKiS0_EEE4sizeEv
FNDA:58,_ZNKSt3mapIi6VertexSt4lessIiESaISt4pairIKiS0_EEE4sizeEv
FN:492,_ZNSt3mapImmSt4lessImESaISt4pairIKmmEEEixERS3_
FNDA:28,_ZNSt3mapImmSt4lessImESaISt4pairIKmmEEEixERS3_
FN:492,_ZNSt3mapIi6VertexSt4lessIiESaISt4pairIKiS0_EEEixERS4_
FNDA:44,_ZNSt3mapIi6VertexSt4lessIiESaISt4pairIKiS0_EEEixERS4_
FN:512,_ZNSt3mapIi6VertexSt4lessIiESaISt4pairIKiS0_EEEixEOi
FNDA:103,_ZNSt3mapIi6VertexSt4lessIiESaISt4pairIKiS0_EEEixEOi
FN:546,_ZNKSt3mapIi6VertexSt4lessIiESaISt4pairIKiS0_EEE2atERS4_
FNDA:0,_ZNKSt3mapIi6VertexSt4lessIiESaISt4pairIKiS0_EEE2atERS4_
FN:1068,_ZNSt3mapImmSt4lessImESaISt4pairIKmmEEE5eraseERS3_
FNDA:8,_ZNSt3mapImmSt4lessImESaISt4pairIKmmEEE5eraseERS3_
FN:1133,_ZNSt3mapImmSt4lessImESaISt4pairIKmmEEE5clearEv
FNDA:24,_ZNSt3mapImmSt4lessImESaISt4pairIKmmEEE5clearEv
FN:1142,_ZNKSt3mapIi6VertexSt4lessIiESaISt4pairIKiS0_EEE8key_compEv
FNDA:132,_ZNKSt3mapIi6VertexSt4lessIiESaISt4pairIKiS0_EEE8key_compEv
FN:1142,_ZNKSt3mapImmSt4lessImESaISt4pairIKmmEEE8key_compEv
FNDA:2,_ZNKSt3mapImmSt4lessImESaISt4pairIKmmEEE8key_compEv
FN:1194,_ZNKSt3mapIi6VertexSt4lessIiESaISt4pairIKiS0_EEE4findERS4_
FNDA:0,_ZNKSt3mapIi6VertexSt4lessIiESaISt4pairIKiS0_EEE4findERS4_
FN:1258,_ZNSt3mapIi6VertexSt4lessIiESaISt4pairIKiS0_EEE11lower_boundERS4_
FNDA:147,_ZNSt3mapIi6VertexSt4lessIiESaISt4pairIKiS0_EEE11lower_boundERS4_
FN:1258,_ZNSt3mapImmSt4lessImESaISt4pairIKmmEEE11lower_boundERS3_
FNDA:28,_ZNSt3mapImmSt4lessImESaISt4pairIKmmEEE11lower_boundERS3_
FN:1283,_ZNKSt3mapIi6VertexSt4lessIiESaISt4pairIKiS0_EEE11lower_boundERS4_
FNDA:0,_ZNKSt3mapIi6VertexSt4lessIiESaISt4pairIKiS0_EEE11lower_boundERS4_
DA:185,38
DA:185,7
DA:207,0
DA:302,0
DA:302,7
DA:356,5
DA:357,5
DA:365,4
DA:366,4
DA:374,37
DA:375,37
DA:374,152
DA:375,152
DA:383,4
DA:384,4
DA:470,58
DA:471,58
DA:492,28
DA:497,28
DA:499,28
DA:501,28
DA:502,28
DA:503,28
DA:507,28
DA:492,44
DA:497,44
DA:499,44
DA:501,12
DA:502,12
DA:503,12
DA:507,44
DA:512,103
DA:517,103
DA:519,103
DA:520,7
DA:521,7
DA:522,7
DA:523,103
DA:546,0
DA:548,0
DA:549,0
DA:550,0
DA:551,0
DA:1068,8
DA:1069,8
DA:1133,24
DA:1134,24
DA:1142,2
DA:1143,2
DA:1142,132
DA:1143,132
DA:1194,0
DA:1195,0
DA:1258,28
DA:1259,28
DA:1258,147
DA:1259,147
DA:1283,0
DA:1284,0
end_of_record
SF:/usr/include/c++/11/bits/charconv.h
FN:47,_ZNSt8__detail14__to_chars_lenImEEjT_i
FNDA:63,_ZNSt8__detail14__to_chars_lenImEEjT_i
FN:47,_ZNSt8__detail14__to_chars_lenIjEEjT_i
FNDA:60,_ZNSt8__detail14__to_chars_lenIjEEjT_i
FN:72,_ZNSt8__detail18__to_chars_10_implImEEvPcjT_
FNDA:63,_ZNSt8__detail18__to_chars_10_implImEEvPcjT_
FN:72,_ZNSt8__detail18__to_chars_10_implIjEEvPcjT_
FNDA:60,_ZNSt8__detail18__to_chars_10_implIjEEvPcjT_
DA:47,63
DA:52,63
DA:53,63
DA:54,63
DA:55,63
[...]
FNDA:4,_ZNSt11_Tuple_implILm1EJP3LFPiEE7_M_headERS2_
FN:268,_ZNSt11_Tuple_implILm0EJPNSt6thread6_StateESt14default_deleteIS1_EEE7_M_headERS5_
FNDA:8,_ZNSt11_Tuple_implILm0EJPNSt6thread6_StateESt14default_deleteIS1_EEE7_M_headERS5_
FN:279,_ZNSt11_Tuple_implILm0EJPNSt6thread6_StateESt14default_deleteIS1_EEEC2Ev
FNDA:4,_ZNSt11_Tuple_implILm0EJPNSt6thread6_StateESt14default_deleteIS1_EEEC2Ev
FN:290,_ZNSt11_Tuple_implILm0EJM3LFPFviEPS0_iEEC2IS2_JS3_RiEvEEOT_DpOT0_
FNDA:4,_ZNSt11_Tuple_implILm0EJM3LFPFviEPS0_iEEC2IS2_JS3_RiEvEEOT_DpOT0_
FN:290,_ZNSt11_Tuple_implILm1EJP3LFPiEEC2IS1_JRiEvEEOT_DpOT0_
FNDA:4,_ZNSt11_Tuple_implILm1EJP3LFPiEEC2IS1_JRiEvEEOT_DpOT0_
FN:424,_ZNSt11_Tuple_implILm1EJSt14default_deleteINSt6thread6_StateEEEE7_M_headERS4_
FNDA:0,_ZNSt11_Tuple_implILm1EJSt14default_deleteINSt6thread6_StateEEEE7_M_headERS4_
FN:424,_ZNSt11_Tuple_implILm2EJiEE7_M_headERS0_
FNDA:4,_ZNSt11_Tuple_implILm2EJiEE7_M_headERS0_
FN:430,_ZNSt11_Tuple_implILm1EJSt14default_deleteINSt6thread6_StateEEEEC2Ev
FNDA:4,_ZNSt11_Tuple_implILm1EJSt14default_deleteINSt6thread6_StateEEEEC2Ev
FN:440,_ZNSt11_Tuple_implILm2EJiEEC2IRiEEOT_
FNDA:4,_ZNSt11_Tuple_implILm2EJiEEC2IRiEEOT_
FN:742,_ZNSt5tupleIJM3LFPFviEPS0_iEEC2IJS2_S3_RiELb1ELb1EEEDpOT_
FNDA:4,_ZNSt5tupleIJM3LFPFviEPS0_iEEC2IJS2_S3_RiELb1ELb1EEEDpOT_
FN:1049,_ZNSt5tupleIJPNSt6thread6_StateESt14default_deleteIS1_EEEC2ILb1ELb1EEEv
FNDA:4,_ZNSt5tupleIJPNSt6thread6_StateESt14default_deleteIS1_EEEC2ILb1ELb1EEEv
FN:1377,_ZSt12__get_helperILm1ESt14default_deleteINSt6thread6_StateEEJEERT0_RSt11_Tuple_implIXT_EJS4_DpT1_EE
FNDA:0,_ZSt12__get_helperILm1ESt14default_deleteINSt6thread6_StateEEJEERT0_RSt11_Tuple_implIXT_EJS4_DpT1_EE
FN:1377,_ZSt12__get_helperILm2EiJEERT0_RSt11_Tuple_implIXT_EJS0_DpT1_EE
FNDA:4,_ZSt12__get_helperILm2EiJEERT0_RSt11_Tuple_implIXT_EJS0_DpT1_EE
FN:1377,_ZSt12__get_helperILm1EP3LFPJiEERT0_RSt11_Tuple_implIXT_EJS2_DpT1_EE
FNDA:4,_ZSt12__get_helperILm1EP3LFPJiEERT0_RSt11_Tuple_implIXT_EJS2_DpT1_EE
FN:1377,_ZSt12__get_helperILm0EPNSt6thread6_StateEJSt14default_deleteIS1_EEERT0_RSt11_Tuple_implIXT_EJS5_DpT1_EE
FNDA:8,_ZSt12__get_helperILm0EPNSt6thread6_StateEJSt14default_deleteIS1_EEERT0_RSt11_Tuple_implIXT_EJS5_DpT1_EE
FN:1377,_ZSt12__get_helperILm0EM3LFPFviEJPS0_iEERT0_RSt11_Tuple_implIXT_EJS4_DpT1_EE
FNDA:4,_ZSt12__get_helperILm0EM3LFPFviEJPS0_iEERT0_RSt11_Tuple_implIXT_EJS4_DpT1_EE
FN:1393,_ZSt3getILm1EJPNSt6thread6_StateESt14default_deleteIS1_EEERNSt13tuple_elementIXT_ESt5tupleIJDpT0_EEE4typeERS9_
FNDA:0,_ZSt3getILm1EJPNSt6thread6_StateESt14default_deleteIS1_EEERNSt13tuple_elementIXT_ESt5tupleIJDpT0_EEE4typeERS9_
FN:1393,_ZSt3getILm0EJPNSt6thread6_StateESt14default_deleteIS1_EEERNSt13tuple_elementIXT_ESt5tupleIJDpT0_EEE4typeERS9_
FNDA:8,_ZSt3getILm0EJPNSt6thread6_StateESt14default_deleteIS1_EEERNSt13tuple_elementIXT_ESt5tupleIJDpT0_EEE4typeERS9_
FN:1405,_ZSt3getILm0EJM3LFPFviEPS0_iEEONSt13tuple_elementIXT_ESt5tupleIJDpT0_EEE4typeEOS8_
FNDA:4,_ZSt3getILm0EJM3LFPFviEPS0_iEEONSt13tuple_elementIXT_ESt5tupleIJDpT0_EEE4typeEOS8_
FN:1405,_ZSt3getILm1EJM3LFPFviEPS0_iEEONSt13tuple_elementIXT_ESt5tupleIJDpT0_EEE4typeEOS8_
FNDA:4,_ZSt3getILm1EJM3LFPFviEPS0_iEEONSt13tuple_elementIXT_ESt5tupleIJDpT0_EEE4typeEOS8_
FN:1405,_ZSt3getILm2EJM3LFPFviEPS0_iEEONSt13tuple_elementIXT_ESt5tupleIJDpT0_EEE4typeEOS8_
FNDA:4,_ZSt3getILm2EJM3LFPFviEPS0_iEEONSt13tuple_elementIXT_ESt5tupleIJDpT0_EEE4typeEOS8_
DA:80,4
DA:81,4
DA:124,0
DA:189,4
DA:190,4
DA:199,4
DA:200,4
DA:199,4
DA:200,4
DA:199,4
DA:200,4
DA:233,4
DA:233,4
DA:233,4
DA:233,8
DA:268,4
DA:268,4
DA:268,8
DA:279,4
DA:280,4
DA:290,4
DA:292,4
DA:293,4
DA:290,4
DA:292,4
DA:293,4
DA:424,4
DA:424,0
DA:430,4
DA:431,4
DA:440,4
DA:441,4
DA:442,4
DA:742,4
DA:744,4
DA:1049,4
DA:1051,4
DA:1377,4
DA:1378,4
DA:1377,4
DA:1378,4
DA:1377,4
DA:1378,4
DA:1377,0
DA:1378,0
DA:1377,8
DA:1378,8
DA:1393,0
DA:1394,0
DA:1393,8
DA:1394,8
DA:1405,4
DA:1408,4
DA:1405,4
DA:1408,4
DA:1405,4
DA:1408,4
end_of_record
SF:/usr/include/c++/11/new
FN:174,_ZnwmPv
FNDA:0,_ZnwmPv
FN:180,_ZdlPvS_
FNDA:0,_ZdlPvS_
DA:174,0
DA:175,0
DA:180,0
end_of_record
SF:/usr/include/c++/11/bits/stl_construct.h
FN:146,_ZSt8_DestroyISt8functionIFvvEEEvPT_
FNDA:0,_ZSt8_DestroyISt8functionIFvvEEEvPT_
FN:146,_ZSt8_DestroyISt6threadEvPT_
FNDA:4,_ZSt8_DestroyISt6threadEvPT_
FN:160,_ZNSt12_Destroy_auxILb0EE9__destroyIPSt8functionIFvvEEEEvT_S6_
FNDA:1,_ZNSt12_Destroy_auxILb0EE9__destroyIPSt8functionIFvvEEEEvT_S6_
FN:160,_ZNSt12_Destroy_auxILb0EE9__destroyIPSt6threadEEvT_S4_
FNDA:1,_ZNSt12_Destroy_auxILb0EE9__destroyIPSt6threadEEvT_S4_
FN:172,_ZNSt12_Destroy_auxILb1EE9__destroyIPiEEvT_S3_
FNDA:0,_ZNSt12_Destroy_auxILb1EE9__destroyIPiEEvT_S3_
FN:182,_ZSt8_DestroyIPSt8functionIFvvEEEvT_S4_
FNDA:1,_ZSt8_DestroyIPSt8functionIFvvEEEvT_S4_
FN:182,_ZSt8_DestroyIPiEvT_S1_
FNDA:0,_ZSt8_DestroyIPiEvT_S1_
FN:182,_ZSt8_DestroyIPSt6threadEvT_S2_
FNDA:1,_ZSt8_DestroyIPSt6threadEvT_S2_
DA:146,0
DA:151,0
DA:153,0
DA:146,4
DA:151,4
DA:153,4
DA:160,1
DA:162,1
DA:163,0
DA:164,1
DA:160,1
DA:162,5
DA:163,4
DA:164,1
DA:172,0
DA:182,1
DA:196,1
DA:197,1
DA:182,0
DA:196,0
DA:197,0
DA:182,1
DA:196,1
DA:197,1
end_of_record
SF:/usr/include/c++/11/bits/stl_deque.h
FN:96,_ZSt16__deque_buf_sizem
FNDA:0,_ZSt16__deque_buf_sizem
FN:131,_ZNSt15_Deque_iteratorISt8functionIFvvEERS2_PS2_E14_S_buffer_sizeEv
FNDA:2,_ZNSt15_Deque_iteratorISt8functionIFvvEERS2_PS2_E14_S_buffer_sizeEv
FN:151,_ZNSt15_Deque_iteratorISt8functionIFvvEERS2_PS2_EC2Ev
FNDA:2,_ZNSt15_Deque_iteratorISt8functionIFvvEERS2_PS2_EC2Ev
FN:168,_ZNSt15_Deque_iteratorISt8functionIFvvEERS2_PS2_EC2ERKS5_
FNDA:8,_ZNSt15_Deque_iteratorISt8functionIFvvEERS2_PS2_EC2ERKS5_
FN:180,_ZNKSt15_Deque_iteratorISt8functionIFvvEERS2_PS2_EdeEv
FNDA:4,_ZNKSt15_Deque_iteratorISt8functionIFvvEERS2_PS2_EdeEv
FN:260,_ZNSt15_Deque_iteratorISt8functionIFvvEERS2_PS2_E11_M_set_nodeEPS4_
FNDA:2,_ZNSt15_Deque_iteratorISt8functionIFvvEERS2_PS2_E11_M_set_nodeEPS4_
FN:268,_ZSteqRKSt15_Deque_iteratorISt8functionIFvvEERS2_PS2_ES7_
FNDA:16,_ZSteqRKSt15_Deque_iteratorISt8functionIFvvEERS2_PS2_ES7_
FN:353,_ZStmiRKSt15_Deque_iteratorISt8functionIFvvEERS2_PS2_ES7_
FNDA:0,_ZStmiRKSt15_Deque_iteratorISt8functionIFvvEERS2_PS2_ES7_
FN:437,_ZNSt11_Deque_baseISt8functionIFvvEESaIS2_EEC2Ev
FNDA:1,_ZNSt11_Deque_baseISt8functionIFvvEESaIS2_EEC2Ev
FN:495,_ZNSt11_Deque_baseISt8functionIFvvEESaIS2_EE16_Deque_impl_dataC2Ev
FNDA:1,_ZNSt11_Deque_baseISt8functionIFvvEESaIS2_EE16_Deque_impl_dataC2Ev
FN:524,_ZNSt11_Deque_baseISt8functionIFvvEESaIS2_EE11_Deque_implC2Ev
FNDA:1,_ZNSt11_Deque_baseISt8functionIFvvEESaIS2_EE11_Deque_implC2Ev
FN:547,_ZNSt11_Deque_baseISt8functionIFvvEESaIS2_EE19_M_get_Tp_allocatorEv
FNDA:6,_ZNSt11_Deque_baseISt8functionIFvvEESaIS2_EE19_M_get_Tp_allocatorEv
FN:551,_ZNKSt11_Deque_baseISt8functionIFvvEESaIS2_EE19_M_get_Tp_allocatorEv
FNDA:2,_ZNKSt11_Deque_baseISt8functionIFvvEESaIS2_EE19_M_get_Tp_allocatorEv
FN:555,_ZNKSt11_Deque_baseISt8functionIFvvEESaIS2_EE20_M_get_map_allocatorEv
FNDA:2,_ZNKSt11_Deque_baseISt8functionIFvvEESaIS2_EE20_M_get_map_allocatorEv
FN:559,_ZNSt11_Deque_baseISt8functionIFvvEESaIS2_EE16_M_allocate_nodeEv
FNDA:1,_ZNSt11_Deque_baseISt8functionIFvvEESaIS2_EE16_M_allocate_nodeEv
FN:566,_ZNSt11_Deque_baseISt8functionIFvvEESaIS2_EE18_M_deallocate_nodeEPS2_
FNDA:1,_ZNSt11_Deque_baseISt8functionIFvvEESaIS2_EE18_M_deallocate_nodeEPS2_
FN:573,_ZNSt11_Deque_baseISt8functionIFvvEESaIS2_EE15_M_allocate_mapEm
FNDA:1,_ZNSt11_Deque_baseISt8functionIFvvEESaIS2_EE15_M_allocate_mapEm
FN:580,_ZNSt11_Deque_baseISt8functionIFvvEESaIS2_EE17_M_deallocate_mapEPPS2_m
FNDA:1,_ZNSt11_Deque_baseISt8functionIFvvEESaIS2_EE17_M_deallocate_mapEPPS2_m
FN:596,_ZNSt11_Deque_baseISt8functionIFvvEESaIS2_EED2Ev
FNDA:1,_ZNSt11_Deque_baseISt8functionIFvvEESaIS2_EED2Ev
FN:617,_ZNSt11_Deque_baseISt8functionIFvvEESaIS2_EE17_M_initialize_mapEm
FNDA:1,_ZNSt11_Deque_baseISt8functionIFvvEESaIS2_EE17_M_initialize_mapEm
FN:656,_ZNSt11_Deque_baseISt8functionIFvvEESaIS2_EE15_M_create_nodesEPPS2_S6_
FNDA:1,_ZNSt11_Deque_baseISt8functionIFvvEESaIS2_EE15_M_create_nodesEPPS2_S6_
FN:674,_ZNSt11_Deque_baseISt8functionIFvvEESaIS2_EE16_M_destroy_nodesEPPS2_S6_
FNDA:1,_ZNSt11_Deque_baseISt8functionIFvvEESaIS2_EE16_M_destroy_nodesEPPS2_S6_
FN:807,_ZNSt5dequeISt8functionIFvvEESaIS2_EE14_S_buffer_sizeEv
FNDA:0,_ZNSt5dequeISt8functionIFvvEESaIS2_EE14_S_buffer_sizeEv
FN:834,_ZNSt5dequeISt8functionIFvvEESaIS2_EEC2Ev
FNDA:1,_ZNSt5dequeISt8functionIFvvEESaIS2_EEC2Ev
FN:1006,_ZNSt5dequeISt8functionIFvvEESaIS2_EED2Ev
FNDA:1,_ZNSt5dequeISt8functionIFvvEESaIS2_EED2Ev
FN:1128,_ZNSt5dequeISt8functionIFvvEESaIS2_EE5beginEv
FNDA:5,_ZNSt5dequeISt8functionIFvvEESaIS2_EE5beginEv
FN:1145,_ZNSt5dequeISt8functionIFvvEESaIS2_EE3endEv
FNDA:1,_ZNSt5dequeISt8functionIFvvEESaIS2_EE3endEv
FN:1233,_ZNKSt5dequeISt8functionIFvvEESaIS2_EE4sizeEv
FNDA:0,_ZNKSt5dequeISt8functionIFvvEESaIS2_EE4sizeEv
FN:1238,_ZNKSt5dequeISt8functionIFvvEESaIS2_EE8max_sizeEv
FNDA:0,_ZNKSt5dequeISt8functionIFvvEESaIS2_EE8max_sizeEv
FN:1311,_ZNKSt5dequeISt8functionIFvvEESaIS2_EE5emptyEv
FNDA:16,_ZNKSt5dequeISt8functionIFvvEESaIS2_EE5emptyEv
FN:1405,_ZNSt5dequeISt8functionIFvvEESaIS2_EE5frontEv
FNDA:4,_ZNSt5dequeISt8functionIFvvEESaIS2_EE5frontEv
FN:1496,_ZNSt5dequeISt8functionIFvvEESaIS2_EE9push_backERKS2_
FNDA:4,_ZNSt5dequeISt8functionIFvvEESaIS2_EE9push_backERKS2_
FN:1532,_ZNSt5dequeISt8functionIFvvEESaIS2_EE9pop_frontEv
FNDA:4,_ZNSt5dequeISt8functionIFvvEESaIS2_EE9pop_frontEv
FN:1834,_ZNSt5dequeISt8functionIFvvEESaIS2_EE11_S_max_sizeERKS3_
FNDA:0,_ZNSt5dequeISt8functionIFvvEESaIS2_EE11_S_max_sizeERKS3_
FN:2045,_ZNSt5dequeISt8functionIFvvEESaIS2_EE15_M_destroy_dataESt15_Deque_iteratorIS2_RS2_PS2_ES8_RKS3_
FNDA:1,_ZNSt5dequeISt8functionIFvvEESaIS2_EE15_M_destroy_dataESt15_Deque_iteratorIS2_RS2_PS2_ES8_RKS3_
FN:2126,_ZNSt5dequeISt8functionIFvvEESaIS2_EE22_M_reserve_map_at_backEm
FNDA:0,_ZNSt5dequeISt8functionIFvvEESaIS2_EE22_M_reserve_map_at_backEm
DA:96,0
DA:98,0
DA:131,2
DA:132,2
DA:151,2
DA:152,2
DA:168,8
DA:169,8
DA:170,8
DA:180,4
DA:181,4
DA:260,2
DA:262,2
DA:263,2
DA:264,2
DA:265,2
DA:268,16
DA:269,16
DA:353,0
DA:355,0
DA:356,0
DA:357,0
DA:358,0
DA:437,1
DA:438,1
DA:439,1
DA:495,1
DA:496,1
DA:497,1
DA:524,1
DA:526,1
DA:527,1
DA:547,6
DA:548,6
DA:551,2
DA:552,2
DA:555,2
DA:556,2
DA:559,1
DA:562,1
DA:566,1
DA:569,1
DA:570,1
DA:573,1
DA:575,1
DA:576,2
DA:577,1
DA:580,1
DA:582,1
DA:583,1
DA:584,1
DA:596,1
DA:599,1
DA:601,1
DA:602,1
DA:603,1
DA:605,1
DA:617,1
DA:620,1
DA:623,2
DA:624,1
DA:625,1
DA:632,1
DA:633,1
DA:634,1
DA:637,1
DA:638,0
DA:640,0
DA:641,0
DA:642,0
DA:643,0
DA:646,1
DA:647,1
DA:648,1
DA:649,2
DA:650,1
DA:651,1
DA:652,1
DA:656,1
DA:662,2
DA:663,1
DA:665,0
DA:667,0
DA:668,0
DA:670,1
DA:674,1
DA:678,2
DA:679,1
DA:680,1
DA:807,0
DA:808,0
DA:834,1
DA:1006,1
DA:1007,1
DA:1128,5
DA:1129,5
DA:1145,1
DA:1146,1
DA:1233,0
DA:1234,0
DA:1238,0
DA:1239,0
DA:1311,16
DA:1312,16
DA:1405,4
DA:1408,4
DA:1496,4
DA:1498,4
DA:1499,4
DA:1501,4
DA:1503,4
DA:1506,0
DA:1507,4
DA:1532,4
DA:1535,4
DA:1536,4
DA:1538,4
DA:1540,4
DA:1543,0
DA:1544,4
DA:1834,0
DA:1836,0
DA:1837,0
DA:1838,0
DA:2045,1
DA:2049,1
DA:2050,1
DA:2126,0
DA:2128,0
DA:2129,0
DA:2130,0
DA:2131,0
end_of_record
SF:/usr/include/c++/11/bits/std_thread.h
FN:86,_ZNSt6thread2idC2Ev
FNDA:18,_ZNSt6thread2idC2Ev
FN:127,_ZNSt6threadC2IM3LFPFviEJPS1_RiEvEEOT_DpOT0_
FNDA:4,_ZNSt6threadC2IM3LFPFviEJPS1_RiEvEEOT_DpOT0_
FN:149,_ZNSt6threadD2Ev
FNDA:7,_ZNSt6threadD2Ev
FN:157,_ZNSt6threadC2EOS_
FNDA:3,_ZNSt6threadC2EOS_
FN:171,_ZNSt6thread4swapERS_
FNDA:3,_ZNSt6thread4swapERS_
FN:175,_ZNKSt6thread8joinableEv
FNDA:11,_ZNKSt6thread8joinableEv
FN:206,_ZNSt6thread11_State_implINS_8_InvokerISt5tupleIJM3LFPFviEPS3_iEEEEEC2IJS5_S6_RiEEEDpOT_
FNDA:4,_ZNSt6thread11_State_implINS_8_InvokerISt5tupleIJM3LFPFviEPS3_iEEEEEC2IJS5_S6_RiEEEDpOT_
FN:211,_ZNSt6thread11_State_implINS_8_InvokerISt5tupleIJM3LFPFviEPS3_iEEEEE6_M_runEv
FNDA:4,_ZNSt6thread11_State_implINS_8_InvokerISt5tupleIJM3LFPFviEPS3_iEEEEE6_M_runEv
FN:243,_ZNSt6thread8_InvokerISt5tupleIJM3LFPFviEPS2_iEEEC2IJS4_S5_RiEEEDpOT_
FNDA:4,_ZNSt6thread8_InvokerISt5tupleIJM3LFPFviEPS2_iEEEC2IJS4_S5_RiEEEDpOT_
FN:258,_ZNSt6thread8_InvokerISt5tupleIJM3LFPFviEPS2_iEEE9_M_invokeIJLm0ELm1ELm2EEEEvSt12_Index_tupleIJXspT_EEE
FNDA:4,_ZNSt6thread8_InvokerISt5tupleIJM3LFPFviEPS2_iEEE9_M_invokeIJLm0ELm1ELm2EEEEvSt12_Index_tupleIJXspT_EEE
FN:262,_ZNSt6thread8_InvokerISt5tupleIJM3LFPFviEPS2_iEEEclEv
FNDA:4,_ZNSt6thread8_InvokerISt5tupleIJM3LFPFviEPS2_iEEEclEv
FN:287,_ZSteqNSt6thread2idES0_
FNDA:11,_ZSteqNSt6thread2idES0_
DA:86,18
DA:127,4
DA:128,4
DA:138,4
DA:143,4
DA:144,4
DA:146,4
DA:149,7
DA:151,7
DA:152,0
DA:153,7
DA:157,3
DA:158,3
DA:171,3
DA:172,3
DA:175,11
DA:176,11
DA:206,4
DA:207,4
DA:208,4
DA:211,4
DA:243,4
DA:244,4
DA:245,4
DA:258,4
DA:259,4
DA:262,4
DA:266,4
DA:287,11
DA:293,11
end_of_record
SF:/usr/include/c++/11/bits/invoke.h
FN:71,_ZSt13__invoke_implIvM3LFPFviEPS0_JiEET_St21__invoke_memfun_derefOT0_OT1_DpOT2_
FNDA:4,_ZSt13__invoke_implIvM3LFPFviEPS0_JiEET_St21__invoke_memfun_derefOT0_OT1_DpOT2_
FN:90,_ZSt8__invokeIM3LFPFviEJPS0_iEENSt15__invoke_resultIT_JDpT0_EE4typeEOS5_DpOS6_
FNDA:4,_ZSt8__invokeIM3LFPFviEJPS0_iEENSt15__invoke_resultIT_JDpT0_EE4typeEOS5_DpOS6_
DA:71,4
DA:74,4
DA:90,4
DA:96,4
DA:97,4
end_of_record
SF:/usr/include/c++/11/condition_variable
FN:100,_ZNSt18condition_variable4waitIZN3LFP6workerEiEUlvE_EEvRSt11unique_lockISt5mutexET_
FNDA:8,_ZNSt18condition_variable4waitIZN3LFP6workerEiEUlvE_EEvRSt11unique_lockISt5mutexET_
DA:100,8
DA:102,16
DA:103,8
DA:104,8
end_of_record
SF:/usr/include/c++/11/bits/stl_queue.h
FN:166,_ZNSt5queueISt8functionIFvvEESt5dequeIS2_SaIS2_EEEC2IS5_vEEv
FNDA:1,_ZNSt5queueISt8functionIFvvEESt5dequeIS2_SaIS2_EEEC2IS5_vEEv
FN:203,_ZNKSt5queueISt8functionIFvvEESt5dequeIS2_SaIS2_EEE5emptyEv
FNDA:16,_ZNKSt5queueISt8functionIFvvEESt5dequeIS2_SaIS2_EEE5emptyEv
FN:216,_ZNSt5queueISt8functionIFvvEESt5dequeIS2_SaIS2_EEE5frontEv
FNDA:4,_ZNSt5queueISt8functionIFvvEESt5dequeIS2_SaIS2_EEE5frontEv
FN:265,_ZNSt5queueISt8functionIFvvEESt5dequeIS2_SaIS2_EEE4pushERKS2_
FNDA:4,_ZNSt5queueISt8functionIFvvEESt5dequeIS2_SaIS2_EEE4pushERKS2_
FN:298,_ZNSt5queueISt8functionIFvvEESt5dequeIS2_SaIS2_EEE3popEv
FNDA:4,_ZNSt5queueISt8functionIFvvEESt5dequeIS2_SaIS2_EEE3popEv
DA:166,1
DA:167,1
DA:203,16
DA:204,16
DA:216,4
DA:219,4
DA:265,4
DA:266,4
DA:298,4
DA:301,4
DA:302,4
end_of_record
SF:/usr/include/c++/11/bits/std_function.h
FN:239,_ZNSt14_Function_baseC2Ev
FNDA:0,_ZNSt14_Function_baseC2Ev
FN:241,_ZNSt14_Function_baseD2Ev
FNDA:0,_ZNSt14_Function_baseD2Ev
FN:247,_ZNKSt14_Function_base8_M_emptyEv
FNDA:20,_ZNKSt14_Function_base8_M_emptyEv
FN:368,_ZNSt8functionIFvvEEC2Ev
FNDA:8,_ZNSt8functionIFvvEEC2Ev
FN:386,_ZNSt8functionIFvvEEC2ERKS1_
FNDA:8,_ZNSt8functionIFvvEEC2ERKS1_
FN:469,_ZNSt8functionIFvvEEaSERKS1_
FNDA:4,_ZNSt8functionIFvvEEaSERKS1_
FN:555,_ZNSt8functionIFvvEE4swapERS1_
FNDA:4,_ZNSt8functionIFvvEE4swapERS1_
FN:572,_ZNKSt8functionIFvvEEcvbEv
FNDA:8,_ZNKSt8functionIFvvEEcvbEv
FN:586,_ZNKSt8functionIFvvEEclEv
FNDA:4,_ZNKSt8functionIFvvEEclEv
DA:239,0
DA:241,0
DA:243,0
DA:244,0
DA:245,0
DA:247,20
DA:368,8
DA:369,8
DA:386,8
DA:387,8
DA:389,8
DA:391,8
DA:392,8
DA:393,8
DA:395,8
DA:469,4
DA:471,4
DA:472,4
DA:555,4
DA:557,4
DA:558,4
DA:559,4
DA:560,4
DA:572,8
DA:573,8
DA:586,4
DA:588,4
DA:589,0
DA:590,4
end_of_record
SF:/usr/include/c++/11/iostream
end_of_record
SF:/usr/include/x86_64-linux-gnu/c++/11/bits/gthr-default.h
FN:300,_ZL18__gthread_active_pv
FNDA:88,_ZL18__gthread_active_pv
FN:746,_ZL20__gthread_mutex_lockP15pthread_mutex_t
FNDA:44,_ZL20__gthread_mutex_lockP15pthread_mutex_t
FN:776,_ZL22__gthread_mutex_unlockP15pthread_mutex_t
FNDA:44,_ZL22__gthread_mutex_unlockP15pthread_mutex_t
DA:300,88
DA:302,88
DA:746,44
DA:748,44
DA:749,44
DA:751,0
DA:776,44
DA:778,44
DA:779,44
DA:781,0
end_of_record
SF:/usr/include/c++/11/bits/move.h
FN:49,_ZSt11__addressofISt8functionIFvvEEEPT_RS3_
FNDA:0,_ZSt11__addressofISt8functionIFvvEEEPT_RS3_
FN:49,_ZSt11__addressofISt6threadEPT_RS1_
FNDA:13,_ZSt11__addressofISt6threadEPT_RS1_
FN:49,_ZSt11__addressofISt5mutexEPT_RS1_
FNDA:8,_ZSt11__addressofISt5mutexEPT_RS1_
FN:77,_ZSt7forwardISt6threadEOT_RNSt16remove_referenceIS1_E4typeE
FNDA:6,_ZSt7forwardISt6threadEOT_RNSt16remove_referenceIS1_E4typeE
FN:77,_ZSt7forwardIiEOT_RNSt16remove_referenceIS0_E4typeE
FNDA:0,_ZSt7forwardIiEOT_RNSt16remove_referenceIS0_E4typeE
FN:77,_ZSt7forwardIRKSt8functionIFvvEEEOT_RNSt16remove_referenceIS5_E4typeE
FNDA:8,_ZSt7forwardIRKSt8functionIFvvEEEOT_RNSt16remove_referenceIS5_E4typeE
FN:77,_ZSt7forwardIM3LFPFviEEOT_RNSt16remove_referenceIS3_E4typeE
FNDA:47,_ZSt7forwardIM3LFPFviEEOT_RNSt16remove_referenceIS3_E4typeE
FN:77,_ZSt7forwardIP3LFPEOT_RNSt16remove_referenceIS2_E4typeE
FNDA:55,_ZSt7forwardIP3LFPEOT_RNSt16remove_referenceIS2_E4typeE
FN:77,_ZSt7forwardIRiEOT_RNSt16remove_referenceIS1_E4typeE
FNDA:56,_ZSt7forwardIRiEOT_RNSt16remove_referenceIS1_E4typeE
FN:77,_ZSt7forwardIRKiEOT_RNSt16remove_referenceIS2_E4typeE
FNDA:0,_ZSt7forwardIRKiEOT_RNSt16remove_referenceIS2_E4typeE
FN:104,_ZSt4moveIRPFbRSt9_Any_dataRKS0_St18_Manager_operationEEONSt16remove_referenceIT_E4typeEOS9_
FNDA:12,_ZSt4moveIRPFbRSt9_Any_dataRKS0_St18_Manager_operationEEONSt16remove_referenceIT_E4typeEOS9_
FN:104,_ZSt4moveIRNSt6thread2idEEONSt16remove_referenceIT_E4typeEOS4_
FNDA:9,_ZSt4moveIRNSt6thread2idEEONSt16remove_referenceIT_E4typeEOS4_
FN:104,_ZSt4moveIRSt9_Any_dataEONSt16remove_referenceIT_E4typeEOS3_
FNDA:12,_ZSt4moveIRSt9_Any_dataEONSt16remove_referenceIT_E4typeEOS3_
FN:104,_ZSt4moveIRSt5tupleIJM3LFPFviEPS1_iEEEONSt16remove_referenceIT_E4typeEOS8_
FNDA:12,_ZSt4moveIRSt5tupleIJM3LFPFviEPS1_iEEEONSt16remove_referenceIT_E4typeEOS8_
FN:104,_ZSt4moveIRPFvRKSt9_Any_dataEEONSt16remove_referenceIT_E4typeEOS7_
FNDA:12,_ZSt4moveIRPFvRKSt9_Any_dataEEONSt16remove_referenceIT_E4typeEOS7_
FN:104,_ZSt4moveIRPNSt6thread6_StateEEONSt16remove_referenceIT_E4typeEOS5_
FNDA:0,_ZSt4moveIRPNSt6thread6_StateEEONSt16remove_referenceIT_E4typeEOS5_
FN:104,_ZSt4moveIRSt6threadEONSt16remove_referenceIT_E4typeEOS3_
FNDA:3,_ZSt4moveIRSt6threadEONSt16remove_referenceIT_E4typeEOS3_
FN:196,_ZSt4swapISt9_Any_dataENSt9enable_ifIXsrSt6__and_IJSt6__not_ISt15__is_tuple_likeIT_EESt21is_move_constructibleIS5_ESt18is_move_assignableIS5_EEE5valueEvE4typeERS5_SF_
FNDA:4,_ZSt4swapISt9_Any_dataENSt9enable_ifIXsrSt6__and_IJSt6__not_ISt15__is_tuple_likeIT_EESt21is_move_constructibleIS5_ESt18is_move_assignableIS5_EEE5valueEvE4typeERS5_SF_
FN:196,_ZSt4swapIPFbRSt9_Any_dataRKS0_St18_Manager_operationEENSt9enable_ifIXsrSt6__and_IJSt6__not_ISt15__is_tuple_likeIT_EESt21is_move_constructibleISB_ESt18is_move_assignableISB_EEE5valueEvE4typeERSB_SL_
FNDA:4,_ZSt4swapIPFbRSt9_Any_dataRKS0_St18_Manager_operationEENSt9enable_ifIXsrSt6__and_IJSt6__not_ISt15__is_tuple_likeIT_EESt21is_move_constructibleISB_ESt18is_move_assignableISB_EEE5valueEvE4typeERSB_SL_
FN:196,_ZSt4swapIPFvRKSt9_Any_dataEENSt9enable_ifIXsrSt6__and_IJSt6__not_ISt15__is_tuple_likeIT_EESt21is_move_constructibleIS9_ESt18is_move_assignableIS9_EEE5valueEvE4typeERS9_SJ_
FNDA:4,_ZSt4swapIPFvRKSt9_Any_dataEENSt9enable_ifIXsrSt6__and_IJSt6__not_ISt15__is_tuple_likeIT_EESt21is_move_constructibleIS9_ESt18is_move_assignableIS9_EEE5valueEvE4typeERS9_SJ_
FN:196,_ZSt4swapINSt6thread2idEENSt9enable_ifIXsrSt6__and_IJSt6__not_ISt15__is_tuple_likeIT_EESt21is_move_constructibleIS6_ESt18is_move_assignableIS6_EEE5valueEvE4typeERS6_SG_
FNDA:3,_ZSt4swapINSt6thread2idEENSt9enable_ifIXsrSt6__and_IJSt6__not_ISt15__is_tuple_likeIT_EESt21is_move_constructibleIS6_ESt18is_move_assignableIS6_EEE5valueEvE4typeERS6_SG_
DA:49,0
DA:50,0
DA:49,13
DA:50,13
DA:49,8
DA:50,8
DA:77,6
DA:78,6
DA:77,8
DA:78,8
DA:77,0
DA:78,0
DA:77,56
DA:78,56
DA:77,55
DA:78,55
DA:77,47
DA:78,47
DA:77,0
DA:78,0
DA:104,12
DA:105,12
DA:104,3
DA:105,3
DA:104,0
DA:105,0
DA:104,12
DA:105,12
DA:104,12
DA:105,12
DA:104,12
DA:105,12
DA:104,9
DA:105,9
DA:196,4
DA:204,4
DA:205,4
DA:206,4
DA:207,4
DA:196,4
DA:204,4
DA:205,4
DA:206,4
DA:207,4
DA:196,4
DA:204,4
DA:205,4
DA:206,4
DA:207,4
DA:196,3
DA:204,3
DA:205,3
DA:206,3
DA:207,3
end_of_record
