TN:
SF:/usr/include/c++/11/bits/stl_iterator_base_funcs.h
FN:98,_ZSt10__distanceIPcENSt15iterator_traitsIT_E15difference_typeES2_S2_St26random_access_iterator_tag
FNDA:0,_ZSt10__distanceIPcENSt15iterator_traitsIT_E15difference_typeES2_S2_St26random_access_iterator_tag
FN:98,_ZSt10__distanceIPKNSt7__cxx1112basic_stringIcSt11char_traitsIcESaIcEEEENSt15iterator_traitsIT_E15difference_typeES9_S9_St26random_access_iterator_tag
FNDA:8,_ZSt10__distanceIPKNSt7__cxx1112basic_stringIcSt11char_traitsIcESaIcEEEENSt15iterator_traitsIT_E15difference_typeES9_S9_St26random_access_iterator_tag
FN:98,_ZSt10__distanceIPKcENSt15iterator_traitsIT_E15difference_typeES3_S3_St26random_access_iterator_tag
FNDA:0,_ZSt10__distanceIPKcENSt15iterator_traitsIT_E15difference_typeES3_S3_St26random_access_iterator_tag
FN:98,_ZSt10__distanceIPKSt8functionIFvPvEEENSt15iterator_traitsIT_E15difference_typeES7_S7_St26random_access_iterator_tag
FNDA:4,_ZSt10__distanceIPKSt8functionIFvPvEEENSt15iterator_traitsIT_E15difference_typeES7_S7_St26random_access_iterator_tag
FN:138,_ZSt8distanceIPcENSt15iterator_traitsIT_E15difference_typeES2_S2_
FNDA:0,_ZSt8distanceIPcENSt15iterator_traitsIT_E15difference_typeES2_S2_
FN:138,_ZSt8distanceIPKNSt7__cxx1112basic_stringIcSt11char_traitsIcESaIcEEEENSt15iterator_traitsIT_E15difference_typeES9_S9_
FNDA:8,_ZSt8distanceIPKNSt7__cxx1112basic_stringIcSt11char_traitsIcESaIcEEEENSt15iterator_traitsIT_E15difference_typeES9_S9_
FN:138,_ZSt8distanceIPKcENSt15iterator_traitsIT_E15difference_typeES3_S3_
FNDA:0,_ZSt8distanceIPKcENSt15iterator_traitsIT_E15difference_typeES3_S3_
FN:138,_ZSt8distanceIPKSt8functionIFvPvEEENSt15iterator_traitsIT_E15difference_typeES7_S7_
FNDA:4,_ZSt8distanceIPKSt8functionIFvPvEEENSt15iterator_traitsIT_E15difference_typeES7_S7_
DA:98,0
DA:104,0
DA:98,8
DA:104,8
DA:98,0
DA:104,0
DA:98,4
DA:104,4
DA:138,0
DA:141,0
DA:142,0
DA:138,8
DA:141,8
DA:142,16
DA:138,0
DA:141,0
DA:142,0
DA:138,4
DA:141,4
DA:142,8
end_of_record
SF:/usr/include/c++/11/new
FN:174,_ZnwmPv
FNDA:0,_ZnwmPv
FN:180,_ZdlPvS_
FNDA:0,_ZdlPvS_
DA:174,0
DA:175,0
DA:180,0
end_of_record
SF:/usr/include/x86_64-linux-gnu/c++/11/bits/gthr-default.h
FN:300,_ZL18__gthread_active_pv
FNDA:376,_ZL18__gthread_active_pv
FN:746,_ZL20__gthread_mutex_lockP15pthread_mutex_t
FNDA:188,_ZL20__gthread_mutex_lockP15pthread_mutex_t
FN:776,_ZL22__gthread_mutex_unlockP15pthread_mutex_t
FNDA:188,_ZL22__gthread_mutex_unlockP15pthread_mutex_t
DA:300,376
DA:302,376
DA:746,188
DA:748,188
DA:749,188
DA:751,0
DA:776,188
DA:778,188
DA:779,188
DA:781,0
end_of_record
SF:/usr/include/c++/11/bits/move.h
FN:49,_ZSt11__addressofIKZ4mainEUlPvE2_EPT_RS3_
FNDA:20,_ZSt11__addressofIKZ4mainEUlPvE2_EPT_RS3_
FN:49,_ZSt11__addressofINSt7__cxx1112basic_stringIcSt11char_traitsIcESaIcEEEEPT_RS6_
FNDA:690,_ZSt11__addressofINSt7__cxx1112basic_stringIcSt11char_traitsIcESaIcEEEEPT_RS6_
FN:49,_ZSt11__addressofISt5mutexEPT_RS1_
FNDA:113,_ZSt11__addressofISt5mutexEPT_RS1_
FN:49,_ZSt11__addressofIKZ4mainEUlPvE_EPT_RS3_
FNDA:28,_ZSt11__addressofIKZ4mainEUlPvE_EPT_RS3_
FN:49,_ZSt11__addressofIKZ4mainEUlPvE0_EPT_RS3_
FNDA:24,_ZSt11__addressofIKZ4mainEUlPvE0_EPT_RS3_
FN:49,_ZSt11__addressofIKZ4mainEUlPvE1_EPT_RS3_
FNDA:20,_ZSt11__addressofIKZ4mainEUlPvE1_EPT_RS3_
FN:49,_ZSt11__addressofI4EdgeEPT_RS1_
FNDA:0,_ZSt11__addressofI4EdgeEPT_RS1_
FN:49,_ZSt11__addressofIKZ4mainEUlPvE3_EPT_RS3_
FNDA:16,_ZSt11__addressofIKZ4mainEUlPvE3_EPT_RS3_
FN:49,_ZSt11__addressofISt6vectorImSaImEEEPT_RS3_
FNDA:0,_ZSt11__addressofISt6vectorImSaImEEEPT_RS3_
FN:49,_ZSt11__addressofISt8functionIFvPvEEEPT_RS4_
FNDA:20,_ZSt11__addressofISt8functionIFvPvEEEPT_RS4_
FN:49,_ZSt11__addressofINSt8__detail10_Hash_nodeI4EdgeLb1EEEEPT_RS4_
FNDA:0,_ZSt11__addressofINSt8__detail10_Hash_nodeI4EdgeLb1EEEEPT_RS4_
FN:49,_ZSt11__addressofIPNSt8__detail15_Hash_node_baseEEPT_RS3_
FNDA:0,_ZSt11__addressofIPNSt8__detail15_Hash_node_baseEEPT_RS3_
FN:77,_ZSt7forwardIZ4mainEUlPvE2_EOT_RNSt16remove_referenceIS2_E4typeE
FNDA:12,_ZSt7forwardIZ4mainEUlPvE2_EOT_RNSt16remove_referenceIS2_E4typeE
FN:77,_ZSt7forwardISt17_Rb_tree_iteratorISt4pairIKiS1_IP5GraphP6TripleEEEEOT_RNSt16remove_referenceISA_E4typeE
FNDA:10,_ZSt7forwardISt17_Rb_tree_iteratorISt4pairIKiS1_IP5GraphP6TripleEEEEOT_RNSt16remove_referenceISA_E4typeE
FN:77,_ZSt7forwardIRKNSt7__cxx1112basic_stringIcSt11char_traitsIcESaIcEEEEOT_RNSt16remove_referenceIS8_E4typeE
FNDA:632,_ZSt7forwardIRKNSt7__cxx1112basic_stringIcSt11char_traitsIcESaIcEEEEOT_RNSt16remove_referenceIS8_E4typeE
FN:77,_ZSt7forwardIPvEOT_RNSt16remove_referenceIS1_E4typeE
FNDA:160,_ZSt7forwardIPvEOT_RNSt16remove_referenceIS1_E4typeE
FN:77,_ZSt7forwardISt5tupleIJEEEOT_RNSt16remove_referenceIS2_E4typeE
FNDA:0,_ZSt7forwardISt5tupleIJEEEOT_RNSt16remove_referenceIS2_E4typeE
FN:77,_ZSt7forwardISt5tupleIJRKiEEEOT_RNSt16remove_referenceIS4_E4typeE
FNDA:0,_ZSt7forwardISt5tupleIJRKiEEEOT_RNSt16remove_referenceIS4_E4typeE
FN:77,_ZSt7forwardIRKSt21piecewise_construct_tEOT_RNSt16remove_referenceIS3_E4typeE
FNDA:0,_ZSt7forwardIRKSt21piecewise_construct_tEOT_RNSt16remove_referenceIS3_E4typeE
FN:77,_ZSt7forwardIZ4mainEUlPvE3_EOT_RNSt16remove_referenceIS2_E4typeE
FNDA:12,_ZSt7forwardIZ4mainEUlPvE3_EOT_RNSt16remove_referenceIS2_E4typeE
FN:77,_ZSt7forwardIRZ4mainEUlPvE_EOT_RNSt16remove_referenceIS3_E4typeE
FNDA:16,_ZSt7forwardIRZ4mainEUlPvE_EOT_RNSt16remove_referenceIS3_E4typeE
FN:77,_ZSt7forwardIZ4mainEUlPvE1_EOT_RNSt16remove_referenceIS2_E4typeE
FNDA:12,_ZSt7forwardIZ4mainEUlPvE1_EOT_RNSt16remove_referenceIS2_E4typeE
FN:77,_ZSt7forwardIZ4mainEUlPvE0_EOT_RNSt16remove_referenceIS2_E4typeE
FNDA:12,_ZSt7forwardIZ4mainEUlPvE0_EOT_RNSt16remove_referenceIS2_E4typeE
FN:77,_ZSt7forwardIZ4mainEUlPvE_EOT_RNSt16remove_referenceIS2_E4typeE
FNDA:12,_ZSt7forwardIZ4mainEUlPvE_EOT_RNSt16remove_referenceIS2_E4typeE
FN:77,_ZSt7forwardIRA1_KcEOT_RNSt16remove_referenceIS3_E4typeE
FNDA:8,_ZSt7forwardIRA1_KcEOT_RNSt16remove_referenceIS3_E4typeE
FN:77,_ZSt7forwardIDnEOT_RNSt16remove_referenceIS0_E4typeE
FNDA:54,_ZSt7forwardIDnEOT_RNSt16remove_referenceIS0_E4typeE
FN:77,_ZSt7forwardIRKiEOT_RNSt16remove_referenceIS2_E4typeE
FNDA:0,_ZSt7forwardIRKiEOT_RNSt16remove_referenceIS2_E4typeE
FN:77,_ZSt7forwardIRPSt13_Rb_tree_nodeISt4pairIKiS1_IP5GraphP6TripleEEEEOT_RNSt16remove_referenceISC_E4typeE
FNDA:4,_ZSt7forwardIRPSt13_Rb_tree_nodeISt4pairIKiS1_IP5GraphP6TripleEEEEOT_RNSt16remove_referenceISC_E4typeE
FN:77,_ZSt7forwardIRPSt13_Rb_tree_nodeISt4pairIKiSt5mutexEEEOT_RNSt16remove_referenceIS8_E4typeE
FNDA:4,_ZSt7forwardIRPSt13_Rb_tree_nodeISt4pairIKiSt5mutexEEEOT_RNSt16remove_referenceIS8_E4typeE
FN:77,_ZSt7forwardIRKZ4mainEUlPvE3_EOT_RNSt16remove_referenceIS4_E4typeE
FNDA:16,_ZSt7forwardIRKZ4mainEUlPvE3_EOT_RNSt16remove_referenceIS4_E4typeE
FN:77,_ZSt7forwardIRKZ4mainEUlPvE2_EOT_RNSt16remove_referenceIS4_E4typeE
FNDA:24,_ZSt7forwardIRKZ4mainEUlPvE2_EOT_RNSt16remove_referenceIS4_E4typeE
FN:77,_ZSt7forwardIRKZ4mainEUlPvE1_EOT_RNSt16remove_referenceIS4_E4typeE
FNDA:24,_ZSt7forwardIRKZ4mainEUlPvE1_EOT_RNSt16remove_referenceIS4_E4typeE
FN:77,_ZSt7forwardIRKZ4mainEUlPvE0_EOT_RNSt16remove_referenceIS4_E4typeE
FNDA:32,_ZSt7forwardIRKZ4mainEUlPvE0_EOT_RNSt16remove_referenceIS4_E4typeE
FN:77,_ZSt7forwardIRKZ4mainEUlPvE_EOT_RNSt16remove_referenceIS4_E4typeE
FNDA:40,_ZSt7forwardIRKZ4mainEUlPvE_EOT_RNSt16remove_referenceIS4_E4typeE
FN:77,_ZSt7forwardIRKSt8functionIFvPvEEEOT_RNSt16remove_referenceIS6_E4typeE
FNDA:20,_ZSt7forwardIRKSt8functionIFvPvEEEOT_RNSt16remove_referenceIS6_E4typeE
FN:77,_ZSt7forwardIRPSt18_Rb_tree_node_baseEOT_RNSt16remove_referenceIS3_E4typeE
FNDA:0,_ZSt7forwardIRPSt18_Rb_tree_node_baseEOT_RNSt16remove_referenceIS3_E4typeE
FN:77,_ZSt7forwardIRZ4mainEUlPvE3_EOT_RNSt16remove_referenceIS3_E4typeE
FNDA:16,_ZSt7forwardIRZ4mainEUlPvE3_EOT_RNSt16remove_referenceIS3_E4typeE
FN:77,_ZSt7forwardIRZ4mainEUlPvE2_EOT_RNSt16remove_referenceIS3_E4typeE
FNDA:16,_ZSt7forwardIRZ4mainEUlPvE2_EOT_RNSt16remove_referenceIS3_E4typeE
FN:77,_ZSt7forwardIRZ4mainEUlPvE1_EOT_RNSt16remove_referenceIS3_E4typeE
FNDA:16,_ZSt7forwardIRZ4mainEUlPvE1_EOT_RNSt16remove_referenceIS3_E4typeE
FN:77,_ZSt7forwardIRZ4mainEUlPvE0_EOT_RNSt16remove_referenceIS3_E4typeE
FNDA:16,_ZSt7forwardIRZ4mainEUlPvE0_EOT_RNSt16remove_referenceIS3_E4typeE
FN:104,_ZSt4moveIRNSt7__cxx1112basic_stringIcSt11char_traitsIcESaIcEEEEONSt16remove_referenceIT_E4typeEOS8_
FNDA:0,_ZSt4moveIRNSt7__cxx1112basic_stringIcSt11char_traitsIcESaIcEEEEONSt16remove_referenceIT_E4typeEOS8_
FN:104,_ZSt4moveIRSaIcEEONSt16remove_referenceIT_E4typeEOS3_
FNDA:0,_ZSt4moveIRSaIcEEONSt16remove_referenceIT_E4typeEOS3_
FN:145,_ZSt9addressofIPNSt8__detail15_Hash_node_baseEEPT_RS3_
FNDA:0,_ZSt9addressofIPNSt8__detail15_Hash_node_baseEEPT_RS3_
FN:145,_ZSt9addressofINSt8__detail10_Hash_nodeI4EdgeLb1EEEEPT_RS4_
FNDA:0,_ZSt9addressofINSt8__detail10_Hash_nodeI4EdgeLb1EEEEPT_RS4_
DA:49,0
DA:50,0
DA:49,0
DA:50,0
DA:49,0
DA:50,0
DA:49,20
DA:50,20
DA:49,0
DA:50,0
DA:49,16
DA:50,16
DA:49,20
DA:50,20
DA:49,20
DA:50,20
DA:49,24
DA:50,24
DA:49,28
DA:50,28
DA:49,113
DA:50,113
DA:49,690
DA:50,690
DA:77,16
DA:78,16
DA:77,54
DA:78,54
DA:77,8
DA:78,8
DA:77,12
DA:78,12
DA:77,12
DA:78,12
DA:77,12
DA:78,12
DA:77,12
DA:78,12
DA:77,12
DA:78,12
DA:77,0
DA:78,0
DA:77,0
DA:78,0
DA:77,0
DA:78,0
DA:77,160
DA:78,160
DA:77,16
DA:78,16
DA:77,16
DA:78,16
DA:77,0
DA:78,0
DA:77,16
DA:78,16
DA:77,16
DA:78,16
DA:77,0
DA:78,0
DA:77,40
DA:78,40
DA:77,32
DA:78,32
DA:77,24
DA:78,24
DA:77,24
DA:78,24
DA:77,16
DA:78,16
DA:77,10
DA:78,10
DA:77,4
DA:78,4
DA:77,4
DA:78,4
DA:77,20
DA:78,20
DA:77,632
DA:78,632
DA:104,0
DA:105,0
DA:104,0
DA:105,0
DA:145,0
DA:146,0
DA:145,0
DA:146,0
end_of_record
SF:/usr/include/c++/11/ext/new_allocator.h
FN:79,_ZN9__gnu_cxx13new_allocatorIcEC2Ev
FNDA:0,_ZN9__gnu_cxx13new_allocatorIcEC2Ev
FN:79,_ZN9__gnu_cxx13new_allocatorISt13_Rb_tree_nodeISt4pairIKiSt5mutexEEEC2Ev
FNDA:4,_ZN9__gnu_cxx13new_allocatorISt13_Rb_tree_nodeISt4pairIKiSt5mutexEEEC2Ev
FN:79,_ZN9__gnu_cxx13new_allocatorISt13_Rb_tree_nodeISt4pairIKiS2_IP5GraphP6TripleEEEEC2Ev
FNDA:4,_ZN9__gnu_cxx13new_allocatorISt13_Rb_tree_nodeISt4pairIKiS2_IP5GraphP6TripleEEEEC2Ev
FN:79,_ZN9__gnu_cxx13new_allocatorIPNSt8__detail15_Hash_node_baseEEC2Ev
FNDA:0,_ZN9__gnu_cxx13new_allocatorIPNSt8__detail15_Hash_node_baseEEC2Ev
FN:79,_ZN9__gnu_cxx13new_allocatorINSt7__cxx1112basic_stringIcSt11char_traitsIcESaIcEEEEC2Ev
FNDA:118,_ZN9__gnu_cxx13new_allocatorINSt7__cxx1112basic_stringIcSt11char_traitsIcESaIcEEEEC2Ev
FN:79,_ZN9__gnu_cxx13new_allocatorISt8functionIFvPvEEEC2Ev
FNDA:4,_ZN9__gnu_cxx13new_allocatorISt8functionIFvPvEEEC2Ev
FN:82,_ZN9__gnu_cxx13new_allocatorINSt7__cxx1112basic_stringIcSt11char_traitsIcESaIcEEEEC2ERKS7_
FNDA:16,_ZN9__gnu_cxx13new_allocatorINSt7__cxx1112basic_stringIcSt11char_traitsIcESaIcEEEEC2ERKS7_
FN:82,_ZN9__gnu_cxx13new_allocatorISt8functionIFvPvEEEC2ERKS5_
FNDA:8,_ZN9__gnu_cxx13new_allocatorISt8functionIFvPvEEEC2ERKS5_
FN:82,_ZN9__gnu_cxx13new_allocatorIcEC2ERKS1_
FNDA:0,_ZN9__gnu_cxx13new_allocatorIcEC2ERKS1_
FN:89,_ZN9__gnu_cxx13new_allocatorISt13_Rb_tree_nodeISt4pairIKiSt5mutexEEED2Ev
FNDA:4,_ZN9__gnu_cxx13new_allocatorISt13_Rb_tree_nodeISt4pairIKiSt5mutexEEED2Ev
FN:89,_ZN9__gnu_cxx13new_allocatorISt6vectorImSaImEEED2Ev
FNDA:0,_ZN9__gnu_cxx13new_allocatorISt6vectorImSaImEEED2Ev
FN:89,_ZN9__gnu_cxx13new_allocatorINSt8__detail10_Hash_nodeI4EdgeLb1EEEED2Ev
FNDA:0,_ZN9__gnu_cxx13new_allocatorINSt8__detail10_Hash_nodeI4EdgeLb1EEEED2Ev
FN:89,_ZN9__gnu_cxx13new_allocatorISt13_Rb_tree_nodeISt4pairIKi6VertexEEED2Ev
FNDA:0,_ZN9__gnu_cxx13new_allocatorISt13_Rb_tree_nodeISt4pairIKi6VertexEEED2Ev
FN:89,_ZN9__gnu_cxx13new_allocatorIcED2Ev
FNDA:0,_ZN9__gnu_cxx13new_allocatorIcED2Ev
FN:89,_ZN9__gnu_cxx13new_allocatorINSt7__cxx1112basic_stringIcSt11char_traitsIcESaIcEEEED2Ev
FNDA:126,_ZN9__gnu_cxx13new_allocatorINSt7__cxx1112basic_stringIcSt11char_traitsIcESaIcEEEED2Ev
FN:89,_ZN9__gnu_cxx13new_allocatorISt13_Rb_tree_nodeISt4pairIKiS2_IP5GraphP6TripleEEEED2Ev
FNDA:4,_ZN9__gnu_cxx13new_allocatorISt13_Rb_tree_nodeISt4pairIKiS2_IP5GraphP6TripleEEEED2Ev
FN:89,_ZN9__gnu_cxx13new_allocatorIPNSt8__detail15_Hash_node_baseEED2Ev
FNDA:0,_ZN9__gnu_cxx13new_allocatorIPNSt8__detail15_Hash_node_baseEED2Ev
FN:89,_ZN9__gnu_cxx13new_allocatorI4EdgeED2Ev
FNDA:0,_ZN9__gnu_cxx13new_allocatorI4EdgeED2Ev
FN:89,_ZN9__gnu_cxx13new_allocatorISt8functionIFvPvEEED2Ev
FNDA:8,_ZN9__gnu_cxx13new_allocatorISt8functionIFvPvEEED2Ev
FN:89,_ZN9__gnu_cxx13new_allocatorImED2Ev
FNDA:0,_ZN9__gnu_cxx13new_allocatorImED2Ev
FN:89,_ZN9__gnu_cxx13new_allocatorISt13_Rb_tree_nodeISt4pairIKmmEEED2Ev
FNDA:0,_ZN9__gnu_cxx13new_allocatorISt13_Rb_tree_nodeISt4pairIKmmEEED2Ev
FN:103,_ZN9__gnu_cxx13new_allocatorISt13_Rb_tree_nodeISt4pairIKiS2_IP5GraphP6TripleEEEE8allocateEmPKv
FNDA:16,_ZN9__gnu_cxx13new_allocatorISt13_Rb_tree_nodeISt4pairIKiS2_IP5GraphP6TripleEEEE8allocateEmPKv
FN:103,_ZN9__gnu_cxx13new_allocatorISt13_Rb_tree_nodeISt4pairIKiSt5mutexEEE8allocateEmPKv
FNDA:4,_ZN9__gnu_cxx13new_allocatorISt13_Rb_tree_nodeISt4pairIKiSt5mutexEEE8allocateEmPKv
FN:103,_ZN9__gnu_cxx13new_allocatorISt8functionIFvPvEEE8allocateEmPKv
FNDA:4,_ZN9__gnu_cxx13new_allocatorISt8functionIFvPvEEE8allocateEmPKv
FN:103,_ZN9__gnu_cxx13new_allocatorINSt7__cxx1112basic_stringIcSt11char_traitsIcESaIcEEEE8allocateEmPKv
FNDA:204,_ZN9__gnu_cxx13new_allocatorINSt7__cxx1112basic_stringIcSt11char_traitsIcESaIcEEEE8allocateEmPKv
FN:132,_ZN9__gnu_cxx13new_allocatorISt13_Rb_tree_nodeISt4pairIKiS2_IP5GraphP6TripleEEEE10deallocateEPSA_m
FNDA:16,_ZN9__gnu_cxx13new_allocatorISt13_Rb_tree_nodeISt4pairIKiS2_IP5GraphP6TripleEEEE10deallocateEPSA_m
FN:132,_ZN9__gnu_cxx13new_allocatorISt6vectorImSaImEEE10deallocateEPS3_m
FNDA:0,_ZN9__gnu_cxx13new_allocatorISt6vectorImSaImEEE10deallocateEPS3_m
FN:132,_ZN9__gnu_cxx13new_allocatorISt8functionIFvPvEEE10deallocateEPS4_m
FNDA:0,_ZN9__gnu_cxx13new_allocatorISt8functionIFvPvEEE10deallocateEPS4_m
FN:132,_ZN9__gnu_cxx13new_allocatorINSt7__cxx1112basic_stringIcSt11char_traitsIcESaIcEEEE10deallocateEPS6_m
FNDA:196,_ZN9__gnu_cxx13new_allocatorINSt7__cxx1112basic_stringIcSt11char_traitsIcESaIcEEEE10deallocateEPS6_m
FN:132,_ZN9__gnu_cxx13new_allocatorI4EdgeE10deallocateEPS1_m
FNDA:0,_ZN9__gnu_cxx13new_allocatorI4EdgeE10deallocateEPS1_m
FN:132,_ZN9__gnu_cxx13new_allocatorImE10deallocateEPmm
FNDA:0,_ZN9__gnu_cxx13new_allocatorImE10deallocateEPmm
FN:132,_ZN9__gnu_cxx13new_allocatorISt13_Rb_tree_nodeISt4pairIKmmEEE10deallocateEPS5_m
FNDA:0,_ZN9__gnu_cxx13new_allocatorISt13_Rb_tree_nodeISt4pairIKmmEEE10deallocateEPS5_m
FN:132,_ZN9__gnu_cxx13new_allocatorINSt8__detail10_Hash_nodeI4EdgeLb1EEEE10deallocateEPS4_m
FNDA:0,_ZN9__gnu_cxx13new_allocatorINSt8__detail10_Hash_nodeI4EdgeLb1EEEE10deallocateEPS4_m
FN:132,_ZN9__gnu_cxx13new_allocatorISt13_Rb_tree_nodeISt4pairIKiSt5mutexEEE10deallocateEPS6_m
FNDA:4,_ZN9__gnu_cxx13new_allocatorISt13_Rb_tree_nodeISt4pairIKiSt5mutexEEE10deallocateEPS6_m
FN:132,_ZN9__gnu_cxx13new_allocatorIPNSt8__detail15_Hash_node_baseEE10deallocateEPS3_m
FNDA:0,_ZN9__gnu_cxx13new_allocatorIPNSt8__detail15_Hash_node_baseEE10deallocateEPS3_m
FN:132,_ZN9__gnu_cxx13new_allocatorISt13_Rb_tree_nodeISt4pairIKi6VertexEEE10deallocateEPS6_m
FNDA:0,_ZN9__gnu_cxx13new_allocatorISt13_Rb_tree_nodeISt4pairIKi6VertexEEE10deallocateEPS6_m
FN:154,_ZNK9__gnu_cxx13new_allocatorINSt7__cxx1112basic_stringIcSt11char_traitsIcESaIcEEEE8max_sizeEv
FNDA:400,_ZNK9__gnu_cxx13new_allocatorINSt7__cxx1112basic_stringIcSt11char_traitsIcESaIcEEEE8max_sizeEv
FN:154,_ZNK9__gnu_cxx13new_allocatorISt8functionIFvPvEEE8max_sizeEv
FNDA:4,_ZNK9__gnu_cxx13new_allocatorISt8functionIFvPvEEE8max_sizeEv
FN:160,_ZN9__gnu_cxx13new_allocatorISt13_Rb_tree_nodeISt4pairIKiSt5mutexEEE9constructIS5_JRKSt21piecewise_construct_tSt5tupleIJRS3_EESC_IJEEEEEvPT_DpOT0_
FNDA:4,_ZN9__gnu_cxx13new_allocatorISt13_Rb_tree_nodeISt4pairIKiSt5mutexEEE9constructIS5_JRKSt21piecewise_construct_tSt5tupleIJRS3_EESC_IJEEEEEvPT_DpOT0_
FN:160,_ZN9__gnu_cxx13new_allocatorISt13_Rb_tree_nodeISt4pairIKiS2_IP5GraphP6TripleEEEE9constructIS9_JRKSt21piecewise_construct_tSt5tupleIJRS3_EESG_IJEEEEEvPT_DpOT0_
FNDA:16,_ZN9__gnu_cxx13new_allocatorISt13_Rb_tree_nodeISt4pairIKiS2_IP5GraphP6TripleEEEE9constructIS9_JRKSt21piecewise_construct_tSt5tupleIJRS3_EESG_IJEEEEEvPT_DpOT0_
FN:166,_ZN9__gnu_cxx13new_allocatorISt13_Rb_tree_nodeISt4pairIKmmEEE7destroyIS4_EEvPT_
FNDA:0,_ZN9__gnu_cxx13new_allocatorISt13_Rb_tree_nodeISt4pairIKmmEEE7destroyIS4_EEvPT_
FN:166,_ZN9__gnu_cxx13new_allocatorINSt8__detail10_Hash_nodeI4EdgeLb1EEEE7destroyIS3_EEvPT_
FNDA:0,_ZN9__gnu_cxx13new_allocatorINSt8__detail10_Hash_nodeI4EdgeLb1EEEE7destroyIS3_EEvPT_
FN:166,_ZN9__gnu_cxx13new_allocatorISt13_Rb_tree_nodeISt4pairIKi6VertexEEE7destroyIS5_EEvPT_
FNDA:0,_ZN9__gnu_cxx13new_allocatorISt13_Rb_tree_nodeISt4pairIKi6VertexEEE7destroyIS5_EEvPT_
FN:166,_ZN9__gnu_cxx13new_allocatorISt13_Rb_tree_nodeISt4pairIKiSt5mutexEEE7destroyIS5_EEvPT_
FNDA:4,_ZN9__gnu_cxx13new_allocatorISt13_Rb_tree_nodeISt4pairIKiSt5mutexEEE7destroyIS5_EEvPT_
FN:166,_ZN9__gnu_cxx13new_allocatorISt13_Rb_tree_nodeISt4pairIKiS2_IP5GraphP6TripleEEEE7destroyIS9_EEvPT_
FNDA:16,_ZN9__gnu_cxx13new_allocatorISt13_Rb_tree_nodeISt4pairIKiS2_IP5GraphP6TripleEEEE7destroyIS9_EEvPT_
FN:197,_ZNK9__gnu_cxx13new_allocatorISt13_Rb_tree_nodeISt4pairIKiS2_IP5GraphP6TripleEEEE11_M_max_sizeEv
FNDA:16,_ZNK9__gnu_cxx13new_allocatorISt13_Rb_tree_nodeISt4pairIKiS2_IP5GraphP6TripleEEEE11_M_max_sizeEv
FN:197,_ZNK9__gnu_cxx13new_allocatorISt13_Rb_tree_nodeISt4pairIKiSt5mutexEEE11_M_max_sizeEv
FNDA:4,_ZNK9__gnu_cxx13new_allocatorISt13_Rb_tree_nodeISt4pairIKiSt5mutexEEE11_M_max_sizeEv
FN:197,_ZNK9__gnu_cxx13new_allocatorISt8functionIFvPvEEE11_M_max_sizeEv
FNDA:8,_ZNK9__gnu_cxx13new_allocatorISt8functionIFvPvEEE11_M_max_sizeEv
FN:197,_ZNK9__gnu_cxx13new_allocatorINSt7__cxx1112basic_stringIcSt11char_traitsIcESaIcEEEE11_M_max_sizeEv
FNDA:604,_ZNK9__gnu_cxx13new_allocatorINSt7__cxx1112basic_stringIcSt11char_traitsIcESaIcEEEE11_M_max_sizeEv
DA:79,0
DA:79,4
DA:79,4
DA:79,118
DA:79,4
DA:79,0
DA:82,16
DA:82,8
DA:82,0
DA:89,0
DA:89,0
DA:89,0
DA:89,0
DA:89,0
DA:89,0
DA:89,0
DA:89,126
DA:89,8
DA:89,4
DA:89,4
DA:89,0
DA:103,16
DA:111,16
DA:115,0
DA:116,0
DA:117,0
DA:127,16
DA:103,4
DA:111,4
DA:115,0
DA:116,0
DA:117,0
DA:127,4
DA:103,204
DA:111,204
DA:115,0
DA:116,0
DA:117,0
DA:127,204
DA:103,4
DA:111,4
DA:115,0
DA:116,0
DA:117,0
DA:127,4
DA:132,0
DA:145,0
DA:132,0
DA:145,0
DA:132,0
DA:145,0
DA:132,0
DA:145,0
DA:132,0
DA:145,0
DA:132,0
DA:145,0
DA:132,4
DA:145,4
DA:132,16
DA:145,16
DA:132,196
DA:145,196
DA:132,0
DA:145,0
DA:132,0
DA:145,0
DA:154,400
DA:155,400
DA:154,4
DA:155,4
DA:160,16
DA:162,16
DA:160,4
DA:162,4
DA:166,0
DA:168,0
DA:166,0
DA:168,0
DA:166,0
DA:168,0
DA:166,4
DA:168,4
DA:166,16
DA:168,16
DA:197,16
DA:200,16
DA:197,4
DA:200,4
DA:197,604
DA:200,604
DA:197,8
DA:200,8
end_of_record
SF:/usr/include/c++/11/bits/alloc_traits.h
FN:463,_ZNSt16allocator_traitsISaISt13_Rb_tree_nodeISt4pairIKiSt5mutexEEEE8allocateERS6_m
FNDA:4,_ZNSt16allocator_traitsISaISt13_Rb_tree_nodeISt4pairIKiSt5mutexEEEE8allocateERS6_m
FN:463,_ZNSt16allocator_traitsISaISt13_Rb_tree_nodeISt4pairIKiS1_IP5GraphP6TripleEEEEE8allocateERSA_m
FNDA:16,_ZNSt16allocator_traitsISaISt13_Rb_tree_nodeISt4pairIKiS1_IP5GraphP6TripleEEEEE8allocateERSA_m
FN:463,_ZNSt16allocator_traitsISaINSt7__cxx1112basic_stringIcSt11char_traitsIcESaIcEEEEE8allocateERS6_m
FNDA:204,_ZNSt16allocator_traitsISaINSt7__cxx1112basic_stringIcSt11char_traitsIcESaIcEEEEE8allocateERS6_m
FN:463,_ZNSt16allocator_traitsISaISt8functionIFvPvEEEE8allocateERS4_m
FNDA:4,_ZNSt16allocator_traitsISaISt8functionIFvPvEEEE8allocateERS4_m
FN:495,_ZNSt16allocator_traitsISaIPNSt8__detail15_Hash_node_baseEEE10deallocateERS3_PS2_m
FNDA:0,_ZNSt16allocator_traitsISaIPNSt8__detail15_Hash_node_baseEEE10deallocateERS3_PS2_m
FN:495,_ZNSt16allocator_traitsISaISt13_Rb_tree_nodeISt4pairIKiS1_IP5GraphP6TripleEEEEE10deallocateERSA_PS9_m
FNDA:16,_ZNSt16allocator_traitsISaISt13_Rb_tree_nodeISt4pairIKiS1_IP5GraphP6TripleEEEEE10deallocateERSA_PS9_m
FN:495,_ZNSt16allocator_traitsISaISt13_Rb_tree_nodeISt4pairIKiSt5mutexEEEE10deallocateERS6_PS5_m
FNDA:4,_ZNSt16allocator_traitsISaISt13_Rb_tree_nodeISt4pairIKiSt5mutexEEEE10deallocateERS6_PS5_m
FN:495,_ZNSt16allocator_traitsISaISt13_Rb_tree_nodeISt4pairIKi6VertexEEEE10deallocateERS6_PS5_m
FNDA:0,_ZNSt16allocator_traitsISaISt13_Rb_tree_nodeISt4pairIKi6VertexEEEE10deallocateERS6_PS5_m
FN:495,_ZNSt16allocator_traitsISaINSt7__cxx1112basic_stringIcSt11char_traitsIcESaIcEEEEE10deallocateERS6_PS5_m
FNDA:196,_ZNSt16allocator_traitsISaINSt7__cxx1112basic_stringIcSt11char_traitsIcESaIcEEEEE10deallocateERS6_PS5_m
FN:495,_ZNSt16allocator_traitsISaINSt8__detail10_Hash_nodeI4EdgeLb1EEEEE10deallocateERS4_PS3_m
FNDA:0,_ZNSt16allocator_traitsISaINSt8__detail10_Hash_nodeI4EdgeLb1EEEEE10deallocateERS4_PS3_m
FN:495,_ZNSt16allocator_traitsISaISt8functionIFvPvEEEE10deallocateERS4_PS3_m
FNDA:0,_ZNSt16allocator_traitsISaISt8functionIFvPvEEEE10deallocateERS4_PS3_m
FN:495,_ZNSt16allocator_traitsISaISt6vectorImSaImEEEE10deallocateERS3_PS2_m
FNDA:0,_ZNSt16allocator_traitsISaISt6vectorImSaImEEEE10deallocateERS3_PS2_m
FN:495,_ZNSt16allocator_traitsISaImEE10deallocateERS0_Pmm
FNDA:0,_ZNSt16allocator_traitsISaImEE10deallocateERS0_Pmm
FN:495,_ZNSt16allocator_traitsISaI4EdgeEE10deallocateERS1_PS0_m
FNDA:0,_ZNSt16allocator_traitsISaI4EdgeEE10deallocateERS1_PS0_m
FN:495,_ZNSt16allocator_traitsISaISt13_Rb_tree_nodeISt4pairIKmmEEEE10deallocateERS5_PS4_m
FNDA:0,_ZNSt16allocator_traitsISaISt13_Rb_tree_nodeISt4pairIKmmEEEE10deallocateERS5_PS4_m
FN:511,_ZNSt16allocator_traitsISaISt13_Rb_tree_nodeISt4pairIKiS1_IP5GraphP6TripleEEEEE9constructIS8_JRKSt21piecewise_construct_tSt5tupleIJRS2_EESG_IJEEEEEvRSA_PT_DpOT0_
FNDA:16,_ZNSt16allocator_traitsISaISt13_Rb_tree_nodeISt4pairIKiS1_IP5GraphP6TripleEEEEE9constructIS8_JRKSt21piecewise_construct_tSt5tupleIJRS2_EESG_IJEEEEEvRSA_PT_DpOT0_
FN:511,_ZNSt16allocator_traitsISaISt13_Rb_tree_nodeISt4pairIKiSt5mutexEEEE9constructIS4_JRKSt21piecewise_construct_tSt5tupleIJRS2_EESC_IJEEEEEvRS6_PT_DpOT0_
FNDA:4,_ZNSt16allocator_traitsISaISt13_Rb_tree_nodeISt4pairIKiSt5mutexEEEE9constructIS4_JRKSt21piecewise_construct_tSt5tupleIJRS2_EESC_IJEEEEEvRS6_PT_DpOT0_
FN:531,_ZNSt16allocator_traitsISaISt13_Rb_tree_nodeISt4pairIKmmEEEE7destroyIS3_EEvRS5_PT_
FNDA:0,_ZNSt16allocator_traitsISaISt13_Rb_tree_nodeISt4pairIKmmEEEE7destroyIS3_EEvRS5_PT_
FN:531,_ZNSt16allocator_traitsISaISt13_Rb_tree_nodeISt4pairIKiS1_IP5GraphP6TripleEEEEE7destroyIS8_EEvRSA_PT_
FNDA:16,_ZNSt16allocator_traitsISaISt13_Rb_tree_nodeISt4pairIKiS1_IP5GraphP6TripleEEEEE7destroyIS8_EEvRSA_PT_
FN:531,_ZNSt16allocator_traitsISaISt13_Rb_tree_nodeISt4pairIKiSt5mutexEEEE7destroyIS4_EEvRS6_PT_
FNDA:4,_ZNSt16allocator_traitsISaISt13_Rb_tree_nodeISt4pairIKiSt5mutexEEEE7destroyIS4_EEvRS6_PT_
FN:531,_ZNSt16allocator_traitsISaISt13_Rb_tree_nodeISt4pairIKi6VertexEEEE7destroyIS4_EEvRS6_PT_
FNDA:0,_ZNSt16allocator_traitsISaISt13_Rb_tree_nodeISt4pairIKi6VertexEEEE7destroyIS4_EEvRS6_PT_
FN:531,_ZNSt16allocator_traitsISaINSt8__detail10_Hash_nodeI4EdgeLb1EEEEE7destroyIS2_EEvRS4_PT_
FNDA:0,_ZNSt16allocator_traitsISaINSt8__detail10_Hash_nodeI4EdgeLb1EEEEE7destroyIS2_EEvRS4_PT_
FN:547,_ZNSt16allocator_traitsISaISt8functionIFvPvEEEE8max_sizeERKS4_
FNDA:4,_ZNSt16allocator_traitsISaISt8functionIFvPvEEEE8max_sizeERKS4_
FN:547,_ZNSt16allocator_traitsISaINSt7__cxx1112basic_stringIcSt11char_traitsIcESaIcEEEEE8max_sizeERKS6_
FNDA:400,_ZNSt16allocator_traitsISaINSt7__cxx1112basic_stringIcSt11char_traitsIcESaIcEEEEE8max_sizeERKS6_
FN:562,_ZNSt16allocator_traitsISaIcEE37select_on_container_copy_constructionERKS0_
FNDA:8,_ZNSt16allocator_traitsISaIcEE37select_on_container_copy_constructionERKS0_
FN:845,_ZSt8_DestroyIPmmEvT_S1_RSaIT0_E
FNDA:0,_ZSt8_DestroyIPmmEvT_S1_RSaIT0_E
FN:845,_ZSt8_DestroyIP4EdgeS0_EvT_S2_RSaIT0_E
FNDA:0,_ZSt8_DestroyIP4EdgeS0_EvT_S2_RSaIT0_E
FN:845,_ZSt8_DestroyIPNSt7__cxx1112basic_stringIcSt11char_traitsIcESaIcEEES5_EvT_S7_RSaIT0_E
FNDA:110,_ZSt8_DestroyIPNSt7__cxx1112basic_stringIcSt11char_traitsIcESaIcEEES5_EvT_S7_RSaIT0_E
FN:845,_ZSt8_DestroyIPSt8functionIFvPvEES3_EvT_S5_RSaIT0_E
FNDA:0,_ZSt8_DestroyIPSt8functionIFvPvEES3_EvT_S5_RSaIT0_E
FN:845,_ZSt8_DestroyIPSt6vectorImSaImEES2_EvT_S4_RSaIT0_E
FNDA:0,_ZSt8_DestroyIPSt6vectorImSaImEES2_EvT_S4_RSaIT0_E
DA:463,16
DA:464,16
DA:463,4
DA:464,4
DA:463,204
DA:464,204
DA:463,4
DA:464,4
DA:495,0
DA:496,0
DA:495,0
DA:496,0
DA:495,0
DA:496,0
DA:495,0
DA:496,0
DA:495,0
DA:496,0
DA:495,0
DA:496,0
DA:495,4
DA:496,4
DA:495,16
DA:496,16
DA:495,196
DA:496,196
DA:495,0
DA:496,0
DA:495,0
DA:496,0
DA:511,16
DA:516,16
DA:520,16
DA:511,4
DA:516,4
DA:520,4
DA:531,0
DA:535,0
DA:539,0
DA:531,0
DA:535,0
DA:539,0
DA:531,0
DA:535,0
DA:539,0
DA:531,4
DA:535,4
DA:539,4
DA:531,16
DA:535,16
DA:539,16
DA:547,400
DA:550,400
DA:547,4
DA:550,4
DA:562,8
DA:563,8
DA:845,0
DA:848,0
DA:849,0
DA:845,0
DA:848,0
DA:849,0
DA:845,110
DA:848,110
DA:849,110
DA:845,0
DA:848,0
DA:849,0
DA:845,0
DA:848,0
DA:849,0
end_of_record
SF:/usr/include/c++/11/bits/stl_map.h
FN:185,_ZNSt3mapIiSt4pairIP5GraphP6TripleESt4lessIiESaIS0_IKiS5_EEEC2Ev
FNDA:4,_ZNSt3mapIiSt4pairIP5GraphP6TripleESt4lessIiESaIS0_IKiS5_EEEC2Ev
FN:185,_ZNSt3mapIiSt5mutexSt4lessIiESaISt4pairIKiS0_EEEC2Ev
FNDA:4,_ZNSt3mapIiSt5mutexSt4lessIiESaISt4pairIKiS0_EEEC2Ev
FN:302,_ZNSt3mapIiSt4pairIP5GraphP6TripleESt4lessIiESaIS0_IKiS5_EEED2Ev
FNDA:4,_ZNSt3mapIiSt4pairIP5GraphP6TripleESt4lessIiESaIS0_IKiS5_EEED2Ev
FN:302,_ZNSt3mapIi6VertexSt4lessIiESaISt4pairIKiS0_EEED2Ev
FNDA:0,_ZNSt3mapIi6VertexSt4lessIiESaISt4pairIKiS0_EEED2Ev
FN:302,_ZNSt3mapImmSt4lessImESaISt4pairIKmmEEED2Ev
FNDA:0,_ZNSt3mapImmSt4lessImESaISt4pairIKmmEEED2Ev
FN:302,_ZNSt3mapIiSt5mutexSt4lessIiESaISt4pairIKiS0_EEED2Ev
FNDA:4,_ZNSt3mapIiSt5mutexSt4lessIiESaISt4pairIKiS0_EEED2Ev
FN:356,_ZNSt3mapIiSt4pairIP5GraphP6TripleESt4lessIiESaIS0_IKiS5_EEE5beginEv
FNDA:4,_ZNSt3mapIiSt4pairIP5GraphP6TripleESt4lessIiESaIS0_IKiS5_EEE5beginEv
FN:356,_ZNSt3mapIiSt5mutexSt4lessIiESaISt4pairIKiS0_EEE5beginEv
FNDA:8,_ZNSt3mapIiSt5mutexSt4lessIiESaISt4pairIKiS0_EEE5beginEv
FN:374,_ZNSt3mapIiSt4pairIP5GraphP6TripleESt4lessIiESaIS0_IKiS5_EEE3endEv
FNDA:195,_ZNSt3mapIiSt4pairIP5GraphP6TripleESt4lessIiESaIS0_IKiS5_EEE3endEv
FN:374,_ZNSt3mapIiSt5mutexSt4lessIiESaISt4pairIKiS0_EEE3endEv
FNDA:61,_ZNSt3mapIiSt5mutexSt4lessIiESaISt4pairIKiS0_EEE3endEv
FN:492,_ZNSt3mapIiSt4pairIP5GraphP6TripleESt4lessIiESaIS0_IKiS5_EEEixERS8_
FNDA:191,_ZNSt3mapIiSt4pairIP5GraphP6TripleESt4lessIiESaIS0_IKiS5_EEEixERS8_
FN:492,_ZNSt3mapIiSt5mutexSt4lessIiESaISt4pairIKiS0_EEEixERS4_
FNDA:53,_ZNSt3mapIiSt5mutexSt4lessIiESaISt4pairIKiS0_EEEixERS4_
FN:1068,_ZNSt3mapIiSt4pairIP5GraphP6TripleESt4lessIiESaIS0_IKiS5_EEE5eraseERS8_
FNDA:5,_ZNSt3mapIiSt4pairIP5GraphP6TripleESt4lessIiESaIS0_IKiS5_EEE5eraseERS8_
FN:1142,_ZNKSt3mapIiSt5mutexSt4lessIiESaISt4pairIKiS0_EEE8key_compEv
FNDA:49,_ZNKSt3mapIiSt5mutexSt4lessIiESaISt4pairIKiS0_EEE8key_compEv
FN:1142,_ZNKSt3mapIiSt4pairIP5GraphP6TripleESt4lessIiESaIS0_IKiS5_EEE8key_compEv
FNDA:177,_ZNKSt3mapIiSt4pairIP5GraphP6TripleESt4lessIiESaIS0_IKiS5_EEE8key_compEv
FN:1258,_ZNSt3mapIiSt4pairIP5GraphP6TripleESt4lessIiESaIS0_IKiS5_EEE11lower_boundERS8_
FNDA:191,_ZNSt3mapIiSt4pairIP5GraphP6TripleESt4lessIiESaIS0_IKiS5_EEE11lower_boundERS8_
FN:1258,_ZNSt3mapIiSt5mutexSt4lessIiESaISt4pairIKiS0_EEE11lower_boundERS4_
FNDA:53,_ZNSt3mapIiSt5mutexSt4lessIiESaISt4pairIKiS0_EEE11lower_boundERS4_
DA:185,4
DA:185,4
DA:302,4
DA:302,4
DA:302,0
DA:302,0
DA:356,4
DA:357,4
DA:356,8
DA:357,8
DA:374,195
DA:375,195
DA:374,61
DA:375,61
DA:492,191
DA:497,191
DA:499,191
DA:501,16
DA:502,16
DA:503,16
DA:507,191
DA:492,53
DA:497,53
DA:499,53
DA:501,4
DA:502,4
DA:503,4
DA:507,53
DA:1068,5
DA:1069,5
DA:1142,177
DA:1143,177
DA:1142,49
DA:1143,49
DA:1258,191
DA:1259,191
DA:1258,53
DA:1259,53
end_of_record
SF:/usr/include/c++/11/bits/stl_tree.h
FN:146,_ZNSt20_Rb_tree_key_compareISt4lessIiEEC2Ev
FNDA:0,_ZNSt20_Rb_tree_key_compareISt4lessIiEEC2Ev
FN:173,_ZNSt15_Rb_tree_headerC2Ev
FNDA:0,_ZNSt15_Rb_tree_headerC2Ev
FN:206,_ZNSt15_Rb_tree_header8_M_resetEv
FNDA:0,_ZNSt15_Rb_tree_header8_M_resetEv
FN:234,_ZNSt13_Rb_tree_nodeISt4pairIKiSt5mutexEE9_M_valptrEv
FNDA:118,_ZNSt13_Rb_tree_nodeISt4pairIKiSt5mutexEE9_M_valptrEv
FN:234,_ZNSt13_Rb_tree_nodeISt4pairIKiS0_IP5GraphP6TripleEEE9_M_valptrEv
FNDA:411,_ZNSt13_Rb_tree_nodeISt4pairIKiS0_IP5GraphP6TripleEEE9_M_valptrEv
FN:234,_ZNSt13_Rb_tree_nodeISt4pairIKmmEE9_M_valptrEv
FNDA:0,_ZNSt13_Rb_tree_nodeISt4pairIKmmEE9_M_valptrEv
FN:234,_ZNSt13_Rb_tree_nodeISt4pairIKi6VertexEE9_M_valptrEv
FNDA:0,_ZNSt13_Rb_tree_nodeISt4pairIKi6VertexEE9_M_valptrEv
FN:238,_ZNKSt13_Rb_tree_nodeISt4pairIKiSt5mutexEE9_M_valptrEv
FNDA:53,_ZNKSt13_Rb_tree_nodeISt4pairIKiSt5mutexEE9_M_valptrEv
FN:238,_ZNKSt13_Rb_tree_nodeISt4pairIKiS0_IP5GraphP6TripleEEE9_M_valptrEv
FNDA:389,_ZNKSt13_Rb_tree_nodeISt4pairIKiS0_IP5GraphP6TripleEEE9_M_valptrEv
FN:273,_ZNSt17_Rb_tree_iteratorISt4pairIKiS0_IP5GraphP6TripleEEEC2EPSt18_Rb_tree_node_base
FNDA:450,_ZNSt17_Rb_tree_iteratorISt4pairIKiS0_IP5GraphP6TripleEEEC2EPSt18_Rb_tree_node_base
FN:273,_ZNSt17_Rb_tree_iteratorISt4pairIKiSt5mutexEEC2EPSt18_Rb_tree_node_base
FNDA:138,_ZNSt17_Rb_tree_iteratorISt4pairIKiSt5mutexEEC2EPSt18_Rb_tree_node_base
FN:277,_ZNKSt17_Rb_tree_iteratorISt4pairIKiSt5mutexEEdeEv
FNDA:110,_ZNKSt17_Rb_tree_iteratorISt4pairIKiSt5mutexEEdeEv
FN:277,_ZNKSt17_Rb_tree_iteratorISt4pairIKiS0_IP5GraphP6TripleEEEdeEv
FNDA:379,_ZNKSt17_Rb_tree_iteratorISt4pairIKiS0_IP5GraphP6TripleEEEdeEv
FN:285,_ZNSt17_Rb_tree_iteratorISt4pairIKiSt5mutexEEppEv
FNDA:8,_ZNSt17_Rb_tree_iteratorISt4pairIKiSt5mutexEEppEv
FN:285,_ZNSt17_Rb_tree_iteratorISt4pairIKiS0_IP5GraphP6TripleEEEppEv
FNDA:11,_ZNSt17_Rb_tree_iteratorISt4pairIKiS0_IP5GraphP6TripleEEEppEv
FN:300,_ZNSt17_Rb_tree_iteratorISt4pairIKiSt5mutexEEmmEv
FNDA:0,_ZNSt17_Rb_tree_iteratorISt4pairIKiSt5mutexEEmmEv
FN:300,_ZNSt17_Rb_tree_iteratorISt4pairIKiS0_IP5GraphP6TripleEEEmmEv
FNDA:0,_ZNSt17_Rb_tree_iteratorISt4pairIKiS0_IP5GraphP6TripleEEEmmEv
FN:315,_ZSteqRKSt17_Rb_tree_iteratorISt4pairIKiS0_IP5GraphP6TripleEEESA_
FNDA:195,_ZSteqRKSt17_Rb_tree_iteratorISt4pairIKiS0_IP5GraphP6TripleEEESA_
FN:315,_ZSteqRKSt17_Rb_tree_iteratorISt4pairIKiSt5mutexEES6_
FNDA:57,_ZSteqRKSt17_Rb_tree_iteratorISt4pairIKiSt5mutexEES6_
FN:320,_ZStneRKSt17_Rb_tree_iteratorISt4pairIKiSt5mutexEES6_
FNDA:16,_ZStneRKSt17_Rb_tree_iteratorISt4pairIKiSt5mutexEES6_
FN:320,_ZStneRKSt17_Rb_tree_iteratorISt4pairIKiS0_IP5GraphP6TripleEEESA_
FNDA:15,_ZStneRKSt17_Rb_tree_iteratorISt4pairIKiS0_IP5GraphP6TripleEEESA_
FN:350,_ZNSt23_Rb_tree_const_iteratorISt4pairIKiS0_IP5GraphP6TripleEEEC2ERKSt17_Rb_tree_iteratorIS7_E
FNDA:36,_ZNSt23_Rb_tree_const_iteratorISt4pairIKiS0_IP5GraphP6TripleEEEC2ERKSt17_Rb_tree_iteratorIS7_E
FN:350,_ZNSt23_Rb_tree_const_iteratorISt4pairIKiSt5mutexEEC2ERKSt17_Rb_tree_iteratorIS3_E
FNDA:4,_ZNSt23_Rb_tree_const_iteratorISt4pairIKiSt5mutexEEC2ERKSt17_Rb_tree_iteratorIS3_E
FN:354,_ZNKSt23_Rb_tree_const_iteratorISt4pairIKiS0_IP5GraphP6TripleEEE13_M_const_castEv
FNDA:16,_ZNKSt23_Rb_tree_const_iteratorISt4pairIKiS0_IP5GraphP6TripleEEE13_M_const_castEv
FN:354,_ZNKSt23_Rb_tree_const_iteratorISt4pairIKiSt5mutexEE13_M_const_castEv
FNDA:4,_ZNKSt23_Rb_tree_const_iteratorISt4pairIKiSt5mutexEE13_M_const_castEv
FN:373,_ZNSt23_Rb_tree_const_iteratorISt4pairIKiS0_IP5GraphP6TripleEEEppEi
FNDA:3,_ZNSt23_Rb_tree_const_iteratorISt4pairIKiS0_IP5GraphP6TripleEEEppEi
FN:396,_ZSteqRKSt23_Rb_tree_const_iteratorISt4pairIKiS0_IP5GraphP6TripleEEESA_
FNDA:10,_ZSteqRKSt23_Rb_tree_const_iteratorISt4pairIKiS0_IP5GraphP6TripleEEESA_
FN:401,_ZStneRKSt23_Rb_tree_const_iteratorISt4pairIKiS0_IP5GraphP6TripleEEESA_
FNDA:6,_ZStneRKSt23_Rb_tree_const_iteratorISt4pairIKiS0_IP5GraphP6TripleEEESA_
FN:547,_ZNSt8_Rb_treeImSt4pairIKmmESt10_Select1stIS2_ESt4lessImESaIS2_EE21_M_get_Node_allocatorEv
FNDA:0,_ZNSt8_Rb_treeImSt4pairIKmmESt10_Select1stIS2_ESt4lessImESaIS2_EE21_M_get_Node_allocatorEv
FN:547,_ZNSt8_Rb_treeIiSt4pairIKi6VertexESt10_Select1stIS3_ESt4lessIiESaIS3_EE21_M_get_Node_allocatorEv
FNDA:0,_ZNSt8_Rb_treeIiSt4pairIKi6VertexESt10_Select1stIS3_ESt4lessIiESaIS3_EE21_M_get_Node_allocatorEv
FN:547,_ZNSt8_Rb_treeIiSt4pairIKiSt5mutexESt10_Select1stIS3_ESt4lessIiESaIS3_EE21_M_get_Node_allocatorEv
FNDA:16,_ZNSt8_Rb_treeIiSt4pairIKiSt5mutexESt10_Select1stIS3_ESt4lessIiESaIS3_EE21_M_get_Node_allocatorEv
FN:547,_ZNSt8_Rb_treeIiSt4pairIKiS0_IP5GraphP6TripleEESt10_Select1stIS7_ESt4lessIiESaIS7_EE21_M_get_Node_allocatorEv
FNDA:64,_ZNSt8_Rb_treeIiSt4pairIKiS0_IP5GraphP6TripleEESt10_Select1stIS7_ESt4lessIiESaIS7_EE21_M_get_Node_allocatorEv
FN:560,_ZNSt8_Rb_treeIiSt4pairIKiS0_IP5GraphP6TripleEESt10_Select1stIS7_ESt4lessIiESaIS7_EE11_M_get_nodeEv
FNDA:16,_ZNSt8_Rb_treeIiSt4pairIKiS0_IP5GraphP6TripleEESt10_Select1stIS7_ESt4lessIiESaIS7_EE11_M_get_nodeEv
FN:560,_ZNSt8_Rb_treeIiSt4pairIKiSt5mutexESt10_Select1stIS3_ESt4lessIiESaIS3_EE11_M_get_nodeEv
FNDA:4,_ZNSt8_Rb_treeIiSt4pairIKiSt5mutexESt10_Select1stIS3_ESt4lessIiESaIS3_EE11_M_get_nodeEv
FN:564,_ZNSt8_Rb_treeImSt4pairIKmmESt10_Select1stIS2_ESt4lessImESaIS2_EE11_M_put_nodeEPSt13_Rb_tree_nodeIS2_E
FNDA:0,_ZNSt8_Rb_treeImSt4pairIKmmESt10_Select1stIS2_ESt4lessImESaIS2_EE11_M_put_nodeEPSt13_Rb_tree_nodeIS2_E
FN:564,_ZNSt8_Rb_treeIiSt4pairIKi6VertexESt10_Select1stIS3_ESt4lessIiESaIS3_EE11_M_put_nodeEPSt13_Rb_tree_nodeIS3_E
FNDA:0,_ZNSt8_Rb_treeIiSt4pairIKi6VertexESt10_Select1stIS3_ESt4lessIiESaIS3_EE11_M_put_nodeEPSt13_Rb_tree_nodeIS3_E
FN:564,_ZNSt8_Rb_treeIiSt4pairIKiS0_IP5GraphP6TripleEESt10_Select1stIS7_ESt4lessIiESaIS7_EE11_M_put_nodeEPSt13_Rb_tree_nodeIS7_E
FNDA:16,_ZNSt8_Rb_treeIiSt4pairIKiS0_IP5GraphP6TripleEESt10_Select1stIS7_ESt4lessIiESaIS7_EE11_M_put_nodeEPSt13_Rb_tree_nodeIS7_E
FN:564,_ZNSt8_Rb_treeIiSt4pairIKiSt5mutexESt10_Select1stIS3_ESt4lessIiESaIS3_EE11_M_put_nodeEPSt13_Rb_tree_nodeIS3_E
FNDA:4,_ZNSt8_Rb_treeIiSt4pairIKiSt5mutexESt10_Select1stIS3_ESt4lessIiESaIS3_EE11_M_put_nodeEPSt13_Rb_tree_nodeIS3_E
FN:590,_ZNSt8_Rb_treeIiSt4pairIKiS0_IP5GraphP6TripleEESt10_Select1stIS7_ESt4lessIiESaIS7_EE17_M_construct_nodeIJRKSt21piecewise_construct_tSt5tupleIJRS1_EESI_IJEEEEEvPSt13_Rb_tree_nodeIS7_EDpOT_
FNDA:16,_ZNSt8_Rb_treeIiSt4pairIKiS0_IP5GraphP6TripleEESt10_Select1stIS7_ESt4lessIiESaIS7_EE17_M_construct_nodeIJRKSt21piecewise_construct_tSt5tupleIJRS1_EESI_IJEEEEEvPSt13_Rb_tree_nodeIS7_EDpOT_
FN:590,_ZNSt8_Rb_treeIiSt4pairIKiSt5mutexESt10_Select1stIS3_ESt4lessIiESaIS3_EE17_M_construct_nodeIJRKSt21piecewise_construct_tSt5tupleIJRS1_EESE_IJEEEEEvPSt13_Rb_tree_nodeIS3_EDpOT_
FNDA:4,_ZNSt8_Rb_treeIiSt4pairIKiSt5mutexESt10_Select1stIS3_ESt4lessIiESaIS3_EE17_M_construct_nodeIJRKSt21piecewise_construct_tSt5tupleIJRS1_EESE_IJEEEEEvPSt13_Rb_tree_nodeIS3_EDpOT_
FN:609,_ZNSt8_Rb_treeIiSt4pairIKiSt5mutexESt10_Select1stIS3_ESt4lessIiESaIS3_EE14_M_create_nodeIJRKSt21piecewise_construct_tSt5tupleIJRS1_EESE_IJEEEEEPSt13_Rb_tree_nodeIS3_EDpOT_
FNDA:4,_ZNSt8_Rb_treeIiSt4pairIKiSt5mutexESt10_Select1stIS3_ESt4lessIiESaIS3_EE14_M_create_nodeIJRKSt21piecewise_construct_tSt5tupleIJRS1_EESE_IJEEEEEPSt13_Rb_tree_nodeIS3_EDpOT_
FN:609,_ZNSt8_Rb_treeIiSt4pairIKiS0_IP5GraphP6TripleEESt10_Select1stIS7_ESt4lessIiESaIS7_EE14_M_create_nodeIJRKSt21piecewise_construct_tSt5tupleIJRS1_EESI_IJEEEEEPSt13_Rb_tree_nodeIS7_EDpOT_
FNDA:16,_ZNSt8_Rb_treeIiSt4pairIKiS0_IP5GraphP6TripleEESt10_Select1stIS7_ESt4lessIiESaIS7_EE14_M_create_nodeIJRKSt21piecewise_construct_tSt5tupleIJRS1_EESI_IJEEEEEPSt13_Rb_tree_nodeIS7_EDpOT_
FN:618,_ZNSt8_Rb_treeIiSt4pairIKi6VertexESt10_Select1stIS3_ESt4lessIiESaIS3_EE15_M_destroy_nodeEPSt13_Rb_tree_nodeIS3_E
FNDA:0,_ZNSt8_Rb_treeIiSt4pairIKi6VertexESt10_Select1stIS3_ESt4lessIiESaIS3_EE15_M_destroy_nodeEPSt13_Rb_tree_nodeIS3_E
FN:618,_ZNSt8_Rb_treeIiSt4pairIKiSt5mutexESt10_Select1stIS3_ESt4lessIiESaIS3_EE15_M_destroy_nodeEPSt13_Rb_tree_nodeIS3_E
FNDA:4,_ZNSt8_Rb_treeIiSt4pairIKiSt5mutexESt10_Select1stIS3_ESt4lessIiESaIS3_EE15_M_destroy_nodeEPSt13_Rb_tree_nodeIS3_E
FN:618,_ZNSt8_Rb_treeImSt4pairIKmmESt10_Select1stIS2_ESt4lessImESaIS2_EE15_M_destroy_nodeEPSt13_Rb_tree_nodeIS2_E
FNDA:0,_ZNSt8_Rb_treeImSt4pairIKmmESt10_Select1stIS2_ESt4lessImESaIS2_EE15_M_destroy_nodeEPSt13_Rb_tree_nodeIS2_E
FN:618,_ZNSt8_Rb_treeIiSt4pairIKiS0_IP5GraphP6TripleEESt10_Select1stIS7_ESt4lessIiESaIS7_EE15_M_destroy_nodeEPSt13_Rb_tree_nodeIS7_E
FNDA:16,_ZNSt8_Rb_treeIiSt4pairIKiS0_IP5GraphP6TripleEESt10_Select1stIS7_ESt4lessIiESaIS7_EE15_M_destroy_nodeEPSt13_Rb_tree_nodeIS7_E
FN:629,_ZNSt8_Rb_treeIiSt4pairIKiSt5mutexESt10_Select1stIS3_ESt4lessIiESaIS3_EE12_M_drop_nodeEPSt13_Rb_tree_nodeIS3_E
FNDA:4,_ZNSt8_Rb_treeIiSt4pairIKiSt5mutexESt10_Select1stIS3_ESt4lessIiESaIS3_EE12_M_drop_nodeEPSt13_Rb_tree_nodeIS3_E
FN:629,_ZNSt8_Rb_treeIiSt4pairIKiS0_IP5GraphP6TripleEESt10_Select1stIS7_ESt4lessIiESaIS7_EE12_M_drop_nodeEPSt13_Rb_tree_nodeIS7_E
FNDA:16,_ZNSt8_Rb_treeIiSt4pairIKiS0_IP5GraphP6TripleEESt10_Select1stIS7_ESt4lessIiESaIS7_EE12_M_drop_nodeEPSt13_Rb_tree_nodeIS7_E
FN:629,_ZNSt8_Rb_treeImSt4pairIKmmESt10_Select1stIS2_ESt4lessImESaIS2_EE12_M_drop_nodeEPSt13_Rb_tree_nodeIS2_E
FNDA:0,_ZNSt8_Rb_treeImSt4pairIKmmESt10_Select1stIS2_ESt4lessImESaIS2_EE12_M_drop_nodeEPSt13_Rb_tree_nodeIS2_E
FN:629,_ZNSt8_Rb_treeIiSt4pairIKi6VertexESt10_Select1stIS3_ESt4lessIiESaIS3_EE12_M_drop_nodeEPSt13_Rb_tree_nodeIS3_E
FNDA:0,_ZNSt8_Rb_treeIiSt4pairIKi6VertexESt10_Select1stIS3_ESt4lessIiESaIS3_EE12_M_drop_nodeEPSt13_Rb_tree_nodeIS3_E
FN:667,_ZNSt8_Rb_treeIiSt4pairIKiSt5mutexESt10_Select1stIS3_ESt4lessIiESaIS3_EE13_Rb_tree_implIS7_Lb1EEC2Ev
FNDA:4,_ZNSt8_Rb_treeIiSt4pairIKiSt5mutexESt10_Select1stIS3_ESt4lessIiESaIS3_EE13_Rb_tree_implIS7_Lb1EEC2Ev
FN:667,_ZNSt8_Rb_treeIiSt4pairIKiS0_IP5GraphP6TripleEESt10_Select1stIS7_ESt4lessIiESaIS7_EE13_Rb_tree_implISB_Lb1EEC2Ev
FNDA:4,_ZNSt8_Rb_treeIiSt4pairIKiS0_IP5GraphP6TripleEESt10_Select1stIS7_ESt4lessIiESaIS7_EE13_Rb_tree_implISB_Lb1EEC2Ev
FN:718,_ZNSt8_Rb_treeIiSt4pairIKiS0_IP5GraphP6TripleEESt10_Select1stIS7_ESt4lessIiESaIS7_EE11_M_leftmostEv
FNDA:6,_ZNSt8_Rb_treeIiSt4pairIKiS0_IP5GraphP6TripleEESt10_Select1stIS7_ESt4lessIiESaIS7_EE11_M_leftmostEv
FN:718,_ZNSt8_Rb_treeIiSt4pairIKiSt5mutexESt10_Select1stIS3_ESt4lessIiESaIS3_EE11_M_leftmostEv
FNDA:0,_ZNSt8_Rb_treeIiSt4pairIKiSt5mutexESt10_Select1stIS3_ESt4lessIiESaIS3_EE11_M_leftmostEv
FN:726,_ZNSt8_Rb_treeIiSt4pairIKiS0_IP5GraphP6TripleEESt10_Select1stIS7_ESt4lessIiESaIS7_EE12_M_rightmostEv
FNDA:20,_ZNSt8_Rb_treeIiSt4pairIKiS0_IP5GraphP6TripleEESt10_Select1stIS7_ESt4lessIiESaIS7_EE12_M_rightmostEv
FN:726,_ZNSt8_Rb_treeIiSt4pairIKiSt5mutexESt10_Select1stIS3_ESt4lessIiESaIS3_EE12_M_rightmostEv
FNDA:0,_ZNSt8_Rb_treeIiSt4pairIKiSt5mutexESt10_Select1stIS3_ESt4lessIiESaIS3_EE12_M_rightmostEv
FN:734,_ZNKSt8_Rb_treeIiSt4pairIKi6VertexESt10_Select1stIS3_ESt4lessIiESaIS3_EE9_M_mbeginEv
FNDA:0,_ZNKSt8_Rb_treeIiSt4pairIKi6VertexESt10_Select1stIS3_ESt4lessIiESaIS3_EE9_M_mbeginEv
FN:734,_ZNKSt8_Rb_treeIiSt4pairIKiSt5mutexESt10_Select1stIS3_ESt4lessIiESaIS3_EE9_M_mbeginEv
FNDA:61,_ZNKSt8_Rb_treeIiSt4pairIKiSt5mutexESt10_Select1stIS3_ESt4lessIiESaIS3_EE9_M_mbeginEv
FN:734,_ZNKSt8_Rb_treeIiSt4pairIKiS0_IP5GraphP6TripleEESt10_Select1stIS7_ESt4lessIiESaIS7_EE9_M_mbeginEv
FNDA:206,_ZNKSt8_Rb_treeIiSt4pairIKiS0_IP5GraphP6TripleEESt10_Select1stIS7_ESt4lessIiESaIS7_EE9_M_mbeginEv
FN:734,_ZNKSt8_Rb_treeImSt4pairIKmmESt10_Select1stIS2_ESt4lessImESaIS2_EE9_M_mbeginEv
FNDA:0,_ZNKSt8_Rb_treeImSt4pairIKmmESt10_Select1stIS2_ESt4lessImESaIS2_EE9_M_mbeginEv
FN:738,_ZNSt8_Rb_treeIiSt4pairIKi6VertexESt10_Select1stIS3_ESt4lessIiESaIS3_EE8_M_beginEv
FNDA:0,_ZNSt8_Rb_treeIiSt4pairIKi6VertexESt10_Select1stIS3_ESt4lessIiESaIS3_EE8_M_beginEv
FN:738,_ZNSt8_Rb_treeImSt4pairIKmmESt10_Select1stIS2_ESt4lessImESaIS2_EE8_M_beginEv
FNDA:0,_ZNSt8_Rb_treeImSt4pairIKmmESt10_Select1stIS2_ESt4lessImESaIS2_EE8_M_beginEv
FN:738,_ZNSt8_Rb_treeIiSt4pairIKiS0_IP5GraphP6TripleEESt10_Select1stIS7_ESt4lessIiESaIS7_EE8_M_beginEv
FNDA:206,_ZNSt8_Rb_treeIiSt4pairIKiS0_IP5GraphP6TripleEESt10_Select1stIS7_ESt4lessIiESaIS7_EE8_M_beginEv
FN:738,_ZNSt8_Rb_treeIiSt4pairIKiSt5mutexESt10_Select1stIS3_ESt4lessIiESaIS3_EE8_M_beginEv
FNDA:61,_ZNSt8_Rb_treeIiSt4pairIKiSt5mutexESt10_Select1stIS3_ESt4lessIiESaIS3_EE8_M_beginEv
FN:749,_ZNSt8_Rb_treeIiSt4pairIKiSt5mutexESt10_Select1stIS3_ESt4lessIiESaIS3_EE6_M_endEv
FNDA:65,_ZNSt8_Rb_treeIiSt4pairIKiSt5mutexESt10_Select1stIS3_ESt4lessIiESaIS3_EE6_M_endEv
FN:749,_ZNSt8_Rb_treeIiSt4pairIKiS0_IP5GraphP6TripleEESt10_Select1stIS7_ESt4lessIiESaIS7_EE6_M_endEv
FNDA:230,_ZNSt8_Rb_treeIiSt4pairIKiS0_IP5GraphP6TripleEESt10_Select1stIS7_ESt4lessIiESaIS7_EE6_M_endEv
FN:757,_ZNSt8_Rb_treeIiSt4pairIKiS0_IP5GraphP6TripleEESt10_Select1stIS7_ESt4lessIiESaIS7_EE6_S_keyEPKSt13_Rb_tree_nodeIS7_E
FNDA:389,_ZNSt8_Rb_treeIiSt4pairIKiS0_IP5GraphP6TripleEESt10_Select1stIS7_ESt4lessIiESaIS7_EE6_S_keyEPKSt13_Rb_tree_nodeIS7_E
FN:757,_ZNSt8_Rb_treeIiSt4pairIKiSt5mutexESt10_Select1stIS3_ESt4lessIiESaIS3_EE6_S_keyEPKSt13_Rb_tree_nodeIS3_E
FNDA:53,_ZNSt8_Rb_treeIiSt4pairIKiSt5mutexESt10_Select1stIS3_ESt4lessIiESaIS3_EE6_S_keyEPKSt13_Rb_tree_nodeIS3_E
FN:779,_ZNSt8_Rb_treeIiSt4pairIKiSt5mutexESt10_Select1stIS3_ESt4lessIiESaIS3_EE7_S_leftEPSt18_Rb_tree_node_base
FNDA:53,_ZNSt8_Rb_treeIiSt4pairIKiSt5mutexESt10_Select1stIS3_ESt4lessIiESaIS3_EE7_S_leftEPSt18_Rb_tree_node_base
FN:779,_ZNSt8_Rb_treeIiSt4pairIKiS0_IP5GraphP6TripleEESt10_Select1stIS7_ESt4lessIiESaIS7_EE7_S_leftEPSt18_Rb_tree_node_base
FNDA:305,_ZNSt8_Rb_treeIiSt4pairIKiS0_IP5GraphP6TripleEESt10_Select1stIS7_ESt4lessIiESaIS7_EE7_S_leftEPSt18_Rb_tree_node_base
FN:779,_ZNSt8_Rb_treeImSt4pairIKmmESt10_Select1stIS2_ESt4lessImESaIS2_EE7_S_leftEPSt18_Rb_tree_node_base
FNDA:0,_ZNSt8_Rb_treeImSt4pairIKmmESt10_Select1stIS2_ESt4lessImESaIS2_EE7_S_leftEPSt18_Rb_tree_node_base
FN:779,_ZNSt8_Rb_treeIiSt4pairIKi6VertexESt10_Select1stIS3_ESt4lessIiESaIS3_EE7_S_leftEPSt18_Rb_tree_node_base
FNDA:0,_ZNSt8_Rb_treeIiSt4pairIKi6VertexESt10_Select1stIS3_ESt4lessIiESaIS3_EE7_S_leftEPSt18_Rb_tree_node_base
FN:787,_ZNSt8_Rb_treeIiSt4pairIKiS0_IP5GraphP6TripleEESt10_Select1stIS7_ESt4lessIiESaIS7_EE8_S_rightEPSt18_Rb_tree_node_base
FNDA:58,_ZNSt8_Rb_treeIiSt4pairIKiS0_IP5GraphP6TripleEESt10_Select1stIS7_ESt4lessIiESaIS7_EE8_S_rightEPSt18_Rb_tree_node_base
FN:787,_ZNSt8_Rb_treeImSt4pairIKmmESt10_Select1stIS2_ESt4lessImESaIS2_EE8_S_rightEPSt18_Rb_tree_node_base
FNDA:0,_ZNSt8_Rb_treeImSt4pairIKmmESt10_Select1stIS2_ESt4lessImESaIS2_EE8_S_rightEPSt18_Rb_tree_node_base
FN:787,_ZNSt8_Rb_treeIiSt4pairIKiSt5mutexESt10_Select1stIS3_ESt4lessIiESaIS3_EE8_S_rightEPSt18_Rb_tree_node_base
FNDA:4,_ZNSt8_Rb_treeIiSt4pairIKiSt5mutexESt10_Select1stIS3_ESt4lessIiESaIS3_EE8_S_rightEPSt18_Rb_tree_node_base
FN:787,_ZNSt8_Rb_treeIiSt4pairIKi6VertexESt10_Select1stIS3_ESt4lessIiESaIS3_EE8_S_rightEPSt18_Rb_tree_node_base
FNDA:0,_ZNSt8_Rb_treeIiSt4pairIKi6VertexESt10_Select1stIS3_ESt4lessIiESaIS3_EE8_S_rightEPSt18_Rb_tree_node_base
FN:795,_ZNSt8_Rb_treeIiSt4pairIKiSt5mutexESt10_Select1stIS3_ESt4lessIiESaIS3_EE6_S_keyEPKSt18_Rb_tree_node_base
FNDA:0,_ZNSt8_Rb_treeIiSt4pairIKiSt5mutexESt10_Select1stIS3_ESt4lessIiESaIS3_EE6_S_keyEPKSt18_Rb_tree_node_base
FN:795,_ZNSt8_Rb_treeIiSt4pairIKiS0_IP5GraphP6TripleEESt10_Select1stIS7_ESt4lessIiESaIS7_EE6_S_keyEPKSt18_Rb_tree_node_base
FNDA:22,_ZNSt8_Rb_treeIiSt4pairIKiS0_IP5GraphP6TripleEESt10_Select1stIS7_ESt4lessIiESaIS7_EE6_S_keyEPKSt18_Rb_tree_node_base
FN:928,_ZNSt8_Rb_treeIiSt4pairIKiSt5mutexESt10_Select1stIS3_ESt4lessIiESaIS3_EEC2Ev
FNDA:4,_ZNSt8_Rb_treeIiSt4pairIKiSt5mutexESt10_Select1stIS3_ESt4lessIiESaIS3_EEC2Ev
FN:928,_ZNSt8_Rb_treeIiSt4pairIKiS0_IP5GraphP6TripleEESt10_Select1stIS7_ESt4lessIiESaIS7_EEC2Ev
FNDA:4,_ZNSt8_Rb_treeIiSt4pairIKiS0_IP5GraphP6TripleEESt10_Select1stIS7_ESt4lessIiESaIS7_EEC2Ev
FN:983,_ZNSt8_Rb_treeIiSt4pairIKi6VertexESt10_Select1stIS3_ESt4lessIiESaIS3_EED2Ev
FNDA:0,_ZNSt8_Rb_treeIiSt4pairIKi6VertexESt10_Select1stIS3_ESt4lessIiESaIS3_EED2Ev
FN:983,_ZNSt8_Rb_treeIiSt4pairIKiSt5mutexESt10_Select1stIS3_ESt4lessIiESaIS3_EED2Ev
FNDA:4,_ZNSt8_Rb_treeIiSt4pairIKiSt5mutexESt10_Select1stIS3_ESt4lessIiESaIS3_EED2Ev
FN:983,_ZNSt8_Rb_treeIiSt4pairIKiS0_IP5GraphP6TripleEESt10_Select1stIS7_ESt4lessIiESaIS7_EED2Ev
FNDA:4,_ZNSt8_Rb_treeIiSt4pairIKiS0_IP5GraphP6TripleEESt10_Select1stIS7_ESt4lessIiESaIS7_EED2Ev
FN:983,_ZNSt8_Rb_treeImSt4pairIKmmESt10_Select1stIS2_ESt4lessImESaIS2_EED2Ev
FNDA:0,_ZNSt8_Rb_treeImSt4pairIKmmESt10_Select1stIS2_ESt4lessImESaIS2_EED2Ev
FN:991,_ZNKSt8_Rb_treeIiSt4pairIKiSt5mutexESt10_Select1stIS3_ESt4lessIiESaIS3_EE8key_compEv
FNDA:49,_ZNKSt8_Rb_treeIiSt4pairIKiSt5mutexESt10_Select1stIS3_ESt4lessIiESaIS3_EE8key_compEv
FN:991,_ZNKSt8_Rb_treeIiSt4pairIKiS0_IP5GraphP6TripleEESt10_Select1stIS7_ESt4lessIiESaIS7_EE8key_compEv
FNDA:177,_ZNKSt8_Rb_treeIiSt4pairIKiS0_IP5GraphP6TripleEESt10_Select1stIS7_ESt4lessIiESaIS7_EE8key_compEv
FN:995,_ZNSt8_Rb_treeIiSt4pairIKiS0_IP5GraphP6TripleEESt10_Select1stIS7_ESt4lessIiESaIS7_EE5beginEv
FNDA:13,_ZNSt8_Rb_treeIiSt4pairIKiS0_IP5GraphP6TripleEESt10_Select1stIS7_ESt4lessIiESaIS7_EE5beginEv
FN:995,_ZNSt8_Rb_treeIiSt4pairIKiSt5mutexESt10_Select1stIS3_ESt4lessIiESaIS3_EE5beginEv
FNDA:12,_ZNSt8_Rb_treeIiSt4pairIKiSt5mutexESt10_Select1stIS3_ESt4lessIiESaIS3_EE5beginEv
FN:1003,_ZNSt8_Rb_treeIiSt4pairIKiSt5mutexESt10_Select1stIS3_ESt4lessIiESaIS3_EE3endEv
FNDA:61,_ZNSt8_Rb_treeIiSt4pairIKiSt5mutexESt10_Select1stIS3_ESt4lessIiESaIS3_EE3endEv
FN:1003,_ZNSt8_Rb_treeIiSt4pairIKiS0_IP5GraphP6TripleEESt10_Select1stIS7_ESt4lessIiESaIS7_EE3endEv
FNDA:200,_ZNSt8_Rb_treeIiSt4pairIKiS0_IP5GraphP6TripleEESt10_Select1stIS7_ESt4lessIiESaIS7_EE3endEv
FN:1031,_ZNKSt8_Rb_treeIiSt4pairIKiS0_IP5GraphP6TripleEESt10_Select1stIS7_ESt4lessIiESaIS7_EE4sizeEv
FNDA:24,_ZNKSt8_Rb_treeIiSt4pairIKiS0_IP5GraphP6TripleEESt10_Select1stIS7_ESt4lessIiESaIS7_EE4sizeEv
FN:1031,_ZNKSt8_Rb_treeIiSt4pairIKiSt5mutexESt10_Select1stIS3_ESt4lessIiESaIS3_EE4sizeEv
FNDA:4,_ZNKSt8_Rb_treeIiSt4pairIKiSt5mutexESt10_Select1stIS3_ESt4lessIiESaIS3_EE4sizeEv
FN:1252,_ZNSt8_Rb_treeIiSt4pairIKiS0_IP5GraphP6TripleEESt10_Select1stIS7_ESt4lessIiESaIS7_EE5clearEv
FNDA:2,_ZNSt8_Rb_treeIiSt4pairIKiS0_IP5GraphP6TripleEESt10_Select1stIS7_ESt4lessIiESaIS7_EE5clearEv
FN:1269,_ZNSt8_Rb_treeIiSt4pairIKiS0_IP5GraphP6TripleEESt10_Select1stIS7_ESt4lessIiESaIS7_EE11lower_boundERS1_
FNDA:191,_ZNSt8_Rb_treeIiSt4pairIKiS0_IP5GraphP6TripleEESt10_Select1stIS7_ESt4lessIiESaIS7_EE11lower_boundERS1_
FN:1269,_ZNSt8_Rb_treeIiSt4pairIKiSt5mutexESt10_Select1stIS3_ESt4lessIiESaIS3_EE11lower_boundERS1_
FNDA:53,_ZNSt8_Rb_treeIiSt4pairIKiSt5mutexESt10_Select1stIS3_ESt4lessIiESaIS3_EE11lower_boundERS1_
FN:1883,_ZNSt8_Rb_treeImSt4pairIKmmESt10_Select1stIS2_ESt4lessImESaIS2_EE8_M_eraseEPSt13_Rb_tree_nodeIS2_E
FNDA:0,_ZNSt8_Rb_treeImSt4pairIKmmESt10_Select1stIS2_ESt4lessImESaIS2_EE8_M_eraseEPSt13_Rb_tree_nodeIS2_E
FN:1883,_ZNSt8_Rb_treeIiSt4pairIKiSt5mutexESt10_Select1stIS3_ESt4lessIiESaIS3_EE8_M_eraseEPSt13_Rb_tree_nodeIS3_E
FNDA:8,_ZNSt8_Rb_treeIiSt4pairIKiSt5mutexESt10_Select1stIS3_ESt4lessIiESaIS3_EE8_M_eraseEPSt13_Rb_tree_nodeIS3_E
FN:1883,_ZNSt8_Rb_treeIiSt4pairIKiS0_IP5GraphP6TripleEESt10_Select1stIS7_ESt4lessIiESaIS7_EE8_M_eraseEPSt13_Rb_tree_nodeIS7_E
FNDA:19,_ZNSt8_Rb_treeIiSt4pairIKiS0_IP5GraphP6TripleEESt10_Select1stIS7_ESt4lessIiESaIS7_EE8_M_eraseEPSt13_Rb_tree_nodeIS7_E
FN:1883,_ZNSt8_Rb_treeIiSt4pairIKi6VertexESt10_Select1stIS3_ESt4lessIiESaIS3_EE8_M_eraseEPSt13_Rb_tree_nodeIS3_E
FNDA:0,_ZNSt8_Rb_treeIiSt4pairIKi6VertexESt10_Select1stIS3_ESt4lessIiESaIS3_EE8_M_eraseEPSt13_Rb_tree_nodeIS3_E
FN:1900,_ZNSt8_Rb_treeIiSt4pairIKiS0_IP5GraphP6TripleEESt10_Select1stIS7_ESt4lessIiESaIS7_EE14_M_lower_boundEPSt13_Rb_tree_nodeIS7_EPSt18_Rb_tree_node_baseRS1_
FNDA:196,_ZNSt8_Rb_treeIiSt4pairIKiS0_IP5GraphP6TripleEESt10_Select1stIS7_ESt4lessIiESaIS7_EE14_M_lower_boundEPSt13_Rb_tree_nodeIS7_EPSt18_Rb_tree_node_baseRS1_
FN:1900,_ZNSt8_Rb_treeIiSt4pairIKiSt5mutexESt10_Select1stIS3_ESt4lessIiESaIS3_EE14_M_lower_boundEPSt13_Rb_tree_nodeIS3_EPSt18_Rb_tree_node_baseRS1_
FNDA:53,_ZNSt8_Rb_treeIiSt4pairIKiSt5mutexESt10_Select1stIS3_ESt4lessIiESaIS3_EE14_M_lower_boundEPSt13_Rb_tree_nodeIS3_EPSt18_Rb_tree_node_baseRS1_
FN:1932,_ZNSt8_Rb_treeIiSt4pairIKiS0_IP5GraphP6TripleEESt10_Select1stIS7_ESt4lessIiESaIS7_EE14_M_upper_boundEPSt13_Rb_tree_nodeIS7_EPSt18_Rb_tree_node_baseRS1_
FNDA:5,_ZNSt8_Rb_treeIiSt4pairIKiS0_IP5GraphP6TripleEESt10_Select1stIS7_ESt4lessIiESaIS7_EE14_M_upper_boundEPSt13_Rb_tree_nodeIS7_EPSt18_Rb_tree_node_baseRS1_
FN:1966,_ZNSt8_Rb_treeIiSt4pairIKiS0_IP5GraphP6TripleEESt10_Select1stIS7_ESt4lessIiESaIS7_EE11equal_rangeERS1_
FNDA:5,_ZNSt8_Rb_treeIiSt4pairIKiS0_IP5GraphP6TripleEESt10_Select1stIS7_ESt4lessIiESaIS7_EE11equal_rangeERS1_
FN:2061,_ZNSt8_Rb_treeIiSt4pairIKiSt5mutexESt10_Select1stIS3_ESt4lessIiESaIS3_EE24_M_get_insert_unique_posERS1_
FNDA:4,_ZNSt8_Rb_treeIiSt4pairIKiSt5mutexESt10_Select1stIS3_ESt4lessIiESaIS3_EE24_M_get_insert_unique_posERS1_
FN:2061,_ZNSt8_Rb_treeIiSt4pairIKiS0_IP5GraphP6TripleEESt10_Select1stIS7_ESt4lessIiESaIS7_EE24_M_get_insert_unique_posERS1_
FNDA:4,_ZNSt8_Rb_treeIiSt4pairIKiS0_IP5GraphP6TripleEESt10_Select1stIS7_ESt4lessIiESaIS7_EE24_M_get_insert_unique_posERS1_
FN:2163,_ZNSt8_Rb_treeIiSt4pairIKiSt5mutexESt10_Select1stIS3_ESt4lessIiESaIS3_EE29_M_get_insert_hint_unique_posESt23_Rb_tree_const_iteratorIS3_ERS1_
FNDA:4,_ZNSt8_Rb_treeIiSt4pairIKiSt5mutexESt10_Select1stIS3_ESt4lessIiESaIS3_EE29_M_get_insert_hint_unique_posESt23_Rb_tree_const_iteratorIS3_ERS1_
FN:2163,_ZNSt8_Rb_treeIiSt4pairIKiS0_IP5GraphP6TripleEESt10_Select1stIS7_ESt4lessIiESaIS7_EE29_M_get_insert_hint_unique_posESt23_Rb_tree_const_iteratorIS7_ERS1_
FNDA:16,_ZNSt8_Rb_treeIiSt4pairIKiS0_IP5GraphP6TripleEESt10_Select1stIS7_ESt4lessIiESaIS7_EE29_M_get_insert_hint_unique_posESt23_Rb_tree_const_iteratorIS7_ERS1_
FN:2330,_ZNSt8_Rb_treeIiSt4pairIKiSt5mutexESt10_Select1stIS3_ESt4lessIiESaIS3_EE14_M_insert_nodeEPSt18_Rb_tree_node_baseSB_PSt13_Rb_tree_nodeIS3_E
FNDA:4,_ZNSt8_Rb_treeIiSt4pairIKiSt5mutexESt10_Select1stIS3_ESt4lessIiESaIS3_EE14_M_insert_nodeEPSt18_Rb_tree_node_baseSB_PSt13_Rb_tree_nodeIS3_E
FN:2330,_ZNSt8_Rb_treeIiSt4pairIKiS0_IP5GraphP6TripleEESt10_Select1stIS7_ESt4lessIiESaIS7_EE14_M_insert_nodeEPSt18_Rb_tree_node_baseSF_PSt13_Rb_tree_nodeIS7_E
FNDA:16,_ZNSt8_Rb_treeIiSt4pairIKiS0_IP5GraphP6TripleEESt10_Select1stIS7_ESt4lessIiESaIS7_EE14_M_insert_nodeEPSt18_Rb_tree_node_baseSF_PSt13_Rb_tree_nodeIS7_E
FN:2428,_ZNSt8_Rb_treeIiSt4pairIKiSt5mutexESt10_Select1stIS3_ESt4lessIiESaIS3_EE22_M_emplace_hint_uniqueIJRKSt21piecewise_construct_tSt5tupleIJRS1_EESE_IJEEEEESt17_Rb_tree_iteratorIS3_ESt23_Rb_tree_const_iteratorIS3_EDpOT_
FNDA:4,_ZNSt8_Rb_treeIiSt4pairIKiSt5mutexESt10_Select1stIS3_ESt4lessIiESaIS3_EE22_M_emplace_hint_uniqueIJRKSt21piecewise_construct_tSt5tupleIJRS1_EESE_IJEEEEESt17_Rb_tree_iteratorIS3_ESt23_Rb_tree_const_iteratorIS3_EDpOT_
FN:2428,_ZNSt8_Rb_treeIiSt4pairIKiS0_IP5GraphP6TripleEESt10_Select1stIS7_ESt4lessIiESaIS7_EE22_M_emplace_hint_uniqueIJRKSt21piecewise_construct_tSt5tupleIJRS1_EESI_IJEEEEESt17_Rb_tree_iteratorIS7_ESt23_Rb_tree_const_iteratorIS7_EDpOT_
FNDA:16,_ZNSt8_Rb_treeIiSt4pairIKiS0_IP5GraphP6TripleEESt10_Select1stIS7_ESt4lessIiESaIS7_EE22_M_emplace_hint_uniqueIJRKSt21piecewise_construct_tSt5tupleIJRS1_EESI_IJEEEEESt17_Rb_tree_iteratorIS7_ESt23_Rb_tree_const_iteratorIS7_EDpOT_
FN:2480,_ZNSt8_Rb_treeIiSt4pairIKiS0_IP5GraphP6TripleEESt10_Select1stIS7_ESt4lessIiESaIS7_EE12_M_erase_auxESt23_Rb_tree_const_iteratorIS7_E
FNDA:3,_ZNSt8_Rb_treeIiSt4pairIKiS0_IP5GraphP6TripleEESt10_Select1stIS7_ESt4lessIiESaIS7_EE12_M_erase_auxESt23_Rb_tree_const_iteratorIS7_E
FN:2494,_ZNSt8_Rb_treeIiSt4pairIKiS0_IP5GraphP6TripleEESt10_Select1stIS7_ESt4lessIiESaIS7_EE12_M_erase_auxESt23_Rb_tree_const_iteratorIS7_ESF_
FNDA:5,_ZNSt8_Rb_treeIiSt4pairIKiS0_IP5GraphP6TripleEESt10_Select1stIS7_ESt4lessIiESaIS7_EE12_M_erase_auxESt23_Rb_tree_const_iteratorIS7_ESF_
FN:2507,_ZNSt8_Rb_treeIiSt4pairIKiS0_IP5GraphP6TripleEESt10_Select1stIS7_ESt4lessIiESaIS7_EE5eraseERS1_
FNDA:5,_ZNSt8_Rb_treeIiSt4pairIKiS0_IP5GraphP6TripleEESt10_Select1stIS7_ESt4lessIiESaIS7_EE5eraseERS1_
DA:146,0
DA:150,0
DA:173,0
DA:174,0
DA:175,0
DA:176,0
DA:177,0
DA:206,0
DA:208,0
DA:209,0
DA:210,0
DA:211,0
DA:212,0
DA:234,0
DA:235,0
DA:234,0
DA:235,0
DA:234,411
DA:235,411
DA:234,118
DA:235,118
DA:238,389
DA:239,389
DA:238,53
DA:239,53
DA:273,450
DA:274,450
DA:273,138
DA:274,138
DA:277,379
DA:278,379
DA:277,110
DA:278,110
DA:285,11
DA:287,11
DA:288,11
DA:285,8
DA:287,8
DA:288,8
DA:300,0
DA:302,0
DA:303,0
DA:300,0
DA:302,0
DA:303,0
DA:315,195
DA:316,195
DA:315,57
DA:316,57
DA:320,15
DA:321,15
DA:320,16
DA:321,16
DA:350,36
DA:351,36
DA:350,4
DA:351,4
DA:354,16
DA:355,16
DA:354,4
DA:355,4
DA:373,3
DA:375,3
DA:376,3
DA:377,3
DA:396,10
DA:397,10
DA:401,6
DA:402,6
DA:547,0
DA:548,0
DA:547,0
DA:548,0
DA:547,16
DA:548,16
DA:547,64
DA:548,64
DA:560,16
DA:561,16
DA:560,4
DA:561,4
DA:564,0
DA:565,0
DA:564,0
DA:565,0
DA:564,4
DA:565,4
DA:564,16
DA:565,16
DA:590,16
DA:594,16
DA:595,16
DA:599,0
DA:601,0
DA:602,0
DA:603,0
DA:605,16
DA:590,4
DA:594,4
DA:595,4
DA:599,0
DA:601,0
DA:602,0
DA:603,0
DA:605,4
DA:609,16
DA:611,16
DA:612,16
DA:613,16
DA:609,4
DA:611,4
DA:612,4
DA:613,4
DA:618,0
DA:623,0
DA:624,0
DA:626,0
DA:618,0
DA:623,0
DA:624,0
DA:626,0
DA:618,4
DA:623,4
DA:624,4
DA:626,4
DA:618,16
DA:623,16
DA:624,16
DA:626,16
DA:629,0
DA:631,0
DA:632,0
DA:633,0
DA:629,0
DA:631,0
DA:632,0
DA:633,0
DA:629,4
DA:631,4
DA:632,4
DA:633,4
DA:629,16
DA:631,16
DA:632,16
DA:633,16
DA:667,4
DA:671,4
DA:672,4
DA:667,4
DA:671,4
DA:672,4
DA:718,6
DA:719,6
DA:718,0
DA:719,0
DA:726,20
DA:727,20
DA:726,0
DA:727,0
DA:734,0
DA:735,0
DA:734,0
DA:735,0
DA:734,61
DA:735,61
DA:734,206
DA:735,206
DA:738,0
DA:739,0
DA:738,0
DA:739,0
DA:738,61
DA:739,61
DA:738,206
DA:739,206
DA:749,230
DA:750,230
DA:749,65
DA:750,65
DA:757,389
DA:775,389
DA:757,53
DA:775,53
DA:779,0
DA:780,0
DA:779,0
DA:780,0
DA:779,53
DA:780,53
DA:779,305
DA:780,305
DA:787,0
DA:788,0
DA:787,0
DA:788,0
DA:787,4
DA:788,4
DA:787,58
DA:788,58
DA:795,22
DA:796,22
DA:795,0
DA:796,0
DA:928,4
DA:928,4
DA:983,0
DA:984,0
DA:983,0
DA:984,0
DA:983,4
DA:984,4
DA:983,4
DA:984,4
DA:991,177
DA:992,177
DA:991,49
DA:992,49
DA:995,13
DA:996,13
DA:995,12
DA:996,12
DA:1003,200
DA:1004,200
DA:1003,61
DA:1004,61
DA:1031,4
DA:1032,4
DA:1031,24
DA:1032,24
DA:1252,2
DA:1254,2
DA:1255,2
DA:1256,2
DA:1269,191
DA:1270,191
DA:1269,53
DA:1270,53
DA:1883,0
DA:1887,0
DA:1889,0
DA:1890,0
DA:1891,0
DA:1892,0
DA:1894,0
DA:1883,0
DA:1887,0
DA:1889,0
DA:1890,0
DA:1891,0
DA:1892,0
DA:1894,0
DA:1883,8
DA:1887,12
DA:1889,4
DA:1890,4
DA:1891,4
DA:1892,4
DA:1894,8
DA:1883,19
DA:1887,32
DA:1889,13
DA:1890,13
DA:1891,13
DA:1892,13
DA:1894,19
DA:1900,196
DA:1904,519
DA:1905,323
DA:1906,283
DA:1908,40
DA:1909,196
DA:1900,53
DA:1904,102
DA:1905,49
DA:1906,49
DA:1908,0
DA:1909,53
DA:1932,5
DA:1936,5
DA:1937,0
DA:1938,0
DA:1940,0
DA:1941,5
DA:1966,5
DA:1969,5
DA:1970,5
DA:1971,9
DA:1973,9
DA:1974,0
DA:1975,9
DA:1976,4
DA:1979,5
DA:1980,5
DA:1981,5
DA:1982,5
DA:1983,5
DA:1984,5
DA:1985,10
DA:1988,0
DA:1989,0
DA:2061,4
DA:2065,4
DA:2066,4
DA:2067,4
DA:2068,4
DA:2070,0
DA:2071,0
DA:2072,0
DA:2074,4
DA:2075,4
DA:2077,4
DA:2078,4
DA:2080,0
DA:2082,0
DA:2083,0
DA:2084,0
DA:2061,4
DA:2065,4
DA:2066,4
DA:2067,4
DA:2068,4
DA:2070,0
DA:2071,0
DA:2072,0
DA:2074,4
DA:2075,4
DA:2077,4
DA:2078,4
DA:2080,0
DA:2082,0
DA:2083,0
DA:2084,0
DA:2163,16
DA:2167,16
DA:2171,16
DA:2173,14
DA:2174,14
DA:2175,10
DA:2177,4
DA:2179,2
DA:2182,2
DA:2183,2
DA:2184,2
DA:2185,0
DA:2187,0
DA:2188,0
DA:2190,0
DA:2193,0
DA:2195,0
DA:2198,0
DA:2199,0
DA:2200,0
DA:2201,0
DA:2203,0
DA:2204,0
DA:2206,0
DA:2209,0
DA:2213,0
DA:2163,4
DA:2167,4
DA:2171,4
DA:2173,4
DA:2174,4
DA:2175,0
DA:2177,4
DA:2179,0
DA:2182,0
DA:2183,0
DA:2184,0
DA:2185,0
DA:2187,0
DA:2188,0
DA:2190,0
DA:2193,0
DA:2195,0
DA:2198,0
DA:2199,0
DA:2200,0
DA:2201,0
DA:2203,0
DA:2204,0
DA:2206,0
DA:2209,0
DA:2213,0
DA:2330,16
DA:2333,14
DA:2334,30
DA:2337,16
DA:2338,16
DA:2339,16
DA:2340,16
DA:2330,4
DA:2333,4
DA:2334,8
DA:2337,4
DA:2338,4
DA:2339,4
DA:2340,4
DA:2428,16
DA:2431,16
DA:2435,16
DA:2437,16
DA:2438,16
DA:2440,0
DA:2441,0
DA:2443,0
DA:2445,0
DA:2446,0
DA:2428,4
DA:2431,4
DA:2435,4
DA:2437,4
DA:2438,4
DA:2440,0
DA:2441,0
DA:2443,0
DA:2445,0
DA:2446,0
DA:2480,3
DA:2485,3
DA:2486,3
DA:2487,3
DA:2488,3
DA:2489,3
DA:2494,5
DA:2497,5
DA:2498,2
DA:2500,6
DA:2501,3
DA:2502,5
DA:2507,5
DA:2510,5
DA:2511,5
DA:2512,5
DA:2513,5
end_of_record
SF:/usr/include/c++/11/bits/stl_construct.h
FN:109,_ZSt10_ConstructINSt7__cxx1112basic_stringIcSt11char_traitsIcESaIcEEEJRKS5_EEvPT_DpOT0_
FNDA:32,_ZSt10_ConstructINSt7__cxx1112basic_stringIcSt11char_traitsIcESaIcEEEJRKS5_EEvPT_DpOT0_
FN:109,_ZSt10_ConstructISt8functionIFvPvEEJRKS3_EEvPT_DpOT0_
FNDA:20,_ZSt10_ConstructISt8functionIFvPvEEJRKS3_EEvPT_DpOT0_
FN:146,_ZSt8_DestroyI4EdgeEvPT_
FNDA:0,_ZSt8_DestroyI4EdgeEvPT_
FN:146,_ZSt8_DestroyINSt7__cxx1112basic_stringIcSt11char_traitsIcESaIcEEEEvPT_
FNDA:202,_ZSt8_DestroyINSt7__cxx1112basic_stringIcSt11char_traitsIcESaIcEEEEvPT_
FN:146,_ZSt8_DestroyISt8functionIFvPvEEEvPT_
FNDA:0,_ZSt8_DestroyISt8functionIFvPvEEEvPT_
FN:146,_ZSt8_DestroyISt6vectorImSaImEEEvPT_
FNDA:0,_ZSt8_DestroyISt6vectorImSaImEEEvPT_
FN:160,_ZNSt12_Destroy_auxILb0EE9__destroyIP4EdgeEEvT_S4_
FNDA:0,_ZNSt12_Destroy_auxILb0EE9__destroyIP4EdgeEEvT_S4_
FN:160,_ZNSt12_Destroy_auxILb0EE9__destroyIPNSt7__cxx1112basic_stringIcSt11char_traitsIcESaIcEEEEEvT_S9_
FNDA:110,_ZNSt12_Destroy_auxILb0EE9__destroyIPNSt7__cxx1112basic_stringIcSt11char_traitsIcESaIcEEEEEvT_S9_
FN:160,_ZNSt12_Destroy_auxILb0EE9__destroyIPSt8functionIFvPvEEEEvT_S7_
FNDA:0,_ZNSt12_Destroy_auxILb0EE9__destroyIPSt8functionIFvPvEEEEvT_S7_
FN:160,_ZNSt12_Destroy_auxILb0EE9__destroyIPSt6vectorImSaImEEEEvT_S6_
FNDA:0,_ZNSt12_Destroy_auxILb0EE9__destroyIPSt6vectorImSaImEEEEvT_S6_
FN:172,_ZNSt12_Destroy_auxILb1EE9__destroyIPmEEvT_S3_
FNDA:0,_ZNSt12_Destroy_auxILb1EE9__destroyIPmEEvT_S3_
FN:182,_ZSt8_DestroyIP4EdgeEvT_S2_
FNDA:0,_ZSt8_DestroyIP4EdgeEvT_S2_
FN:182,_ZSt8_DestroyIPmEvT_S1_
FNDA:0,_ZSt8_DestroyIPmEvT_S1_
FN:182,_ZSt8_DestroyIPNSt7__cxx1112basic_stringIcSt11char_traitsIcESaIcEEEEvT_S7_
FNDA:110,_ZSt8_DestroyIPNSt7__cxx1112basic_stringIcSt11char_traitsIcESaIcEEEEvT_S7_
FN:182,_ZSt8_DestroyIPSt8functionIFvPvEEEvT_S5_
FNDA:0,_ZSt8_DestroyIPSt8functionIFvPvEEEvT_S5_
FN:182,_ZSt8_DestroyIPSt6vectorImSaImEEEvT_S4_
FNDA:0,_ZSt8_DestroyIPSt6vectorImSaImEEEvT_S4_
DA:109,32
DA:119,32
DA:120,32
DA:109,20
DA:119,20
DA:120,20
DA:146,0
DA:151,0
DA:153,0
DA:146,202
DA:151,202
DA:153,202
DA:146,0
DA:151,0
DA:153,0
DA:146,0
DA:151,0
DA:153,0
DA:160,0
DA:162,0
DA:163,0
DA:164,0
DA:160,110
DA:162,312
DA:163,202
DA:164,110
DA:160,0
DA:162,0
DA:163,0
DA:164,0
DA:160,0
DA:162,0
DA:163,0
DA:164,0
DA:172,0
DA:182,0
DA:196,0
DA:197,0
DA:182,0
DA:196,0
DA:197,0
DA:182,110
DA:196,110
DA:197,110
DA:182,0
DA:196,0
DA:197,0
DA:182,0
DA:196,0
DA:197,0
end_of_record
SF:/usr/include/c++/11/ext/alloc_traits.h
FN:97,_ZN9__gnu_cxx14__alloc_traitsISaIcEcE17_S_select_on_copyERKS1_
FNDA:8,_ZN9__gnu_cxx14__alloc_traitsISaIcEcE17_S_select_on_copyERKS1_
DA:97,8
DA:98,8
end_of_record
SF:/usr/include/c++/11/bits/stl_pair.h
FN:232,_ZNSt4pairIP5GraphP6TripleEC2IS1_S3_Lb1EEEv
FNDA:16,_ZNSt4pairIP5GraphP6TripleEC2IS1_S3_Lb1EEEv
FN:322,_ZNSt4pairIPSt18_Rb_tree_node_baseS1_EC2IRS1_Lb1EEEOT_RKS1_
FNDA:0,_ZNSt4pairIPSt18_Rb_tree_node_baseS1_EC2IRS1_Lb1EEEOT_RKS1_
FN:336,_ZNSt4pairIPSt18_Rb_tree_node_baseS1_EC2IRS1_Lb1EEERKS1_OT_
FNDA:0,_ZNSt4pairIPSt18_Rb_tree_node_baseS1_EC2IRS1_Lb1EEERKS1_OT_
FN:352,_ZNSt4pairIPSt18_Rb_tree_node_baseS1_EC2IRPSt13_Rb_tree_nodeIS_IKiS_IP5GraphP6TripleEEERS1_Lb1EEEOT_OT0_
FNDA:4,_ZNSt4pairIPSt18_Rb_tree_node_baseS1_EC2IRPSt13_Rb_tree_nodeIS_IKiS_IP5GraphP6TripleEEERS1_Lb1EEEOT_OT0_
FN:352,_ZNSt4pairIPSt18_Rb_tree_node_baseS1_EC2IRPSt13_Rb_tree_nodeIS_IKiSt5mutexEERS1_Lb1EEEOT_OT0_
FNDA:4,_ZNSt4pairIPSt18_Rb_tree_node_baseS1_EC2IRPSt13_Rb_tree_nodeIS_IKiSt5mutexEERS1_Lb1EEEOT_OT0_
FN:352,_ZNSt4pairISt17_Rb_tree_iteratorIS_IKiS_IP5GraphP6TripleEEES8_EC2IS8_S8_Lb1EEEOT_OT0_
FNDA:5,_ZNSt4pairISt17_Rb_tree_iteratorIS_IKiS_IP5GraphP6TripleEEES8_EC2IS8_S8_Lb1EEEOT_OT0_
FN:352,_ZNSt4pairIPSt18_Rb_tree_node_baseS1_EC2IRS1_S4_Lb1EEEOT_OT0_
FNDA:0,_ZNSt4pairIPSt18_Rb_tree_node_baseS1_EC2IRS1_S4_Lb1EEEOT_OT0_
FN:352,_ZNSt4pairINSt7__cxx1112basic_stringIcSt11char_traitsIcESaIcEEEP5GraphEC2IRA1_KcDnLb1EEEOT_OT0_
FNDA:8,_ZNSt4pairINSt7__cxx1112basic_stringIcSt11char_traitsIcESaIcEEEP5GraphEC2IRA1_KcDnLb1EEEOT_OT0_
DA:232,16
DA:233,16
DA:322,0
DA:323,0
DA:336,0
DA:337,0
DA:352,4
DA:353,4
DA:352,4
DA:353,4
DA:352,5
DA:353,5
DA:352,0
DA:353,0
DA:352,8
DA:353,8
end_of_record
SF:/usr/include/c++/11/bits/stl_iterator_base_types.h
FN:238,_ZSt19__iterator_categoryIPcENSt15iterator_traitsIT_E17iterator_categoryERKS2_
FNDA:0,_ZSt19__iterator_categoryIPcENSt15iterator_traitsIT_E17iterator_categoryERKS2_
FN:238,_ZSt19__iterator_categoryIN9__gnu_cxx17__normal_iteratorIPKNSt7__cxx1112basic_stringIcSt11char_traitsIcESaIcEEESt6vectorIS7_SaIS7_EEEEENSt15iterator_traitsIT_E17iterator_categoryERKSF_
FNDA:99,_ZSt19__iterator_categoryIN9__gnu_cxx17__normal_iteratorIPKNSt7__cxx1112basic_stringIcSt11char_traitsIcESaIcEEESt6vectorIS7_SaIS7_EEEEENSt15iterator_traitsIT_E17iterator_categoryERKSF_
FN:238,_ZSt19__iterator_categoryIPKNSt7__cxx1112basic_stringIcSt11char_traitsIcESaIcEEEENSt15iterator_traitsIT_E17iterator_categoryERKS9_
FNDA:8,_ZSt19__iterator_categoryIPKNSt7__cxx1112basic_stringIcSt11char_traitsIcESaIcEEEENSt15iterator_traitsIT_E17iterator_categoryERKS9_
FN:238,_ZSt19__iterator_categoryIPKcENSt15iterator_traitsIT_E17iterator_categoryERKS3_
FNDA:0,_ZSt19__iterator_categoryIPKcENSt15iterator_traitsIT_E17iterator_categoryERKS3_
FN:238,_ZSt19__iterator_categoryIPKSt8functionIFvPvEEENSt15iterator_traitsIT_E17iterator_categoryERKS7_
FNDA:4,_ZSt19__iterator_categoryIPKSt8functionIFvPvEEENSt15iterator_traitsIT_E17iterator_categoryERKS7_
DA:238,0
DA:239,0
DA:238,99
DA:239,99
DA:238,8
DA:239,8
DA:238,0
DA:239,0
DA:238,4
DA:239,4
end_of_record
SF:/usr/include/c++/11/bits/unique_lock.h
FN:66,_ZNSt11unique_lockISt5mutexEC2ERS0_
FNDA:113,_ZNSt11unique_lockISt5mutexEC2ERS0_
FN:101,_ZNSt11unique_lockISt5mutexED2Ev
FNDA:113,_ZNSt11unique_lockISt5mutexED2Ev
FN:131,_ZNSt11unique_lockISt5mutexE4lockEv
FNDA:113,_ZNSt11unique_lockISt5mutexE4lockEv
FN:189,_ZNSt11unique_lockISt5mutexE6unlockEv
FNDA:113,_ZNSt11unique_lockISt5mutexE6unlockEv
DA:66,113
DA:67,113
DA:69,113
DA:70,113
DA:71,113
DA:101,113
DA:103,113
DA:104,113
DA:105,113
DA:131,113
DA:133,113
DA:134,0
DA:135,113
DA:136,0
DA:139,113
DA:140,113
DA:142,113
DA:189,113
DA:191,113
DA:192,0
DA:193,113
DA:195,113
DA:196,113
DA:198,113
end_of_record
SF:/home/ido/Course-OperationSystems/OS-FinalProject/GraphObj/graph.hpp
end_of_record
SF:/usr/include/c++/11/bits/hashtable_policy.h
FN:237,_ZNSt8__detail21_Hash_node_value_baseI4EdgeE9_M_valptrEv
FNDA:0,_ZNSt8__detail21_Hash_node_value_baseI4EdgeE9_M_valptrEv
FN:282,_ZNKSt8__detail10_Hash_nodeI4EdgeLb1EE7_M_nextEv
FNDA:0,_ZNKSt8__detail10_Hash_nodeI4EdgeLb1EE7_M_nextEv
FN:1135,_ZNSt8__detail21_Hashtable_ebo_helperILi0ESaINS_10_Hash_nodeI4EdgeLb1EEEELb1EE6_M_getEv
FNDA:0,_ZNSt8__detail21_Hashtable_ebo_helperILi0ESaINS_10_Hash_nodeI4EdgeLb1EEEELb1EE6_M_getEv
FN:1833,_ZNSt8__detail16_Hashtable_allocISaINS_10_Hash_nodeI4EdgeLb1EEEEE17_M_node_allocatorEv
FNDA:0,_ZNSt8__detail16_Hashtable_allocISaINS_10_Hash_nodeI4EdgeLb1EEEEE17_M_node_allocatorEv
FN:1892,_ZNSt8__detail16_Hashtable_allocISaINS_10_Hash_nodeI4EdgeLb1EEEEE18_M_deallocate_nodeEPS3_
FNDA:0,_ZNSt8__detail16_Hashtable_allocISaINS_10_Hash_nodeI4EdgeLb1EEEEE18_M_deallocate_nodeEPS3_
FN:1900,_ZNSt8__detail16_Hashtable_allocISaINS_10_Hash_nodeI4EdgeLb1EEEEE22_M_deallocate_node_ptrEPS3_
FNDA:0,_ZNSt8__detail16_Hashtable_allocISaINS_10_Hash_nodeI4EdgeLb1EEEEE22_M_deallocate_node_ptrEPS3_
FN:1910,_ZNSt8__detail16_Hashtable_allocISaINS_10_Hash_nodeI4EdgeLb1EEEEE19_M_deallocate_nodesEPS3_
FNDA:0,_ZNSt8__detail16_Hashtable_allocISaINS_10_Hash_nodeI4EdgeLb1EEEEE19_M_deallocate_nodesEPS3_
FN:1935,_ZNSt8__detail16_Hashtable_allocISaINS_10_Hash_nodeI4EdgeLb1EEEEE21_M_deallocate_bucketsEPPNS_15_Hash_node_baseEm
FNDA:0,_ZNSt8__detail16_Hashtable_allocISaINS_10_Hash_nodeI4EdgeLb1EEEEE21_M_deallocate_bucketsEPPNS_15_Hash_node_baseEm
DA:237,0
DA:238,0
DA:282,0
DA:283,0
DA:1135,0
DA:1833,0
DA:1834,0
DA:1892,0
DA:1894,0
DA:1895,0
DA:1896,0
DA:1900,0
DA:1903,0
DA:1904,0
DA:1905,0
DA:1906,0
DA:1910,0
DA:1912,0
DA:1914,0
DA:1915,0
DA:1916,0
DA:1918,0
DA:1935,0
DA:1940,0
DA:1941,0
DA:1942,0
DA:1943,0
end_of_record
SF:/usr/include/c++/11/bits/std_mutex.h
FN:65,_ZNSt12__mutex_baseC2Ev
FNDA:24,_ZNSt12__mutex_baseC2Ev
FN:91,_ZNSt5mutexC2Ev
FNDA:24,_ZNSt5mutexC2Ev
FN:98,_ZNSt5mutex4lockEv
FNDA:188,_ZNSt5mutex4lockEv
FN:115,_ZNSt5mutex6unlockEv
FNDA:188,_ZNSt5mutex6unlockEv
DA:65,24
DA:91,24
DA:98,188
DA:100,188
DA:103,188
DA:104,0
DA:105,188
DA:115,188
DA:118,188
DA:119,188
end_of_record
SF:/usr/include/c++/11/bits/charconv.h
FN:47,_ZNSt8__detail14__to_chars_lenImEEjT_i
FNDA:0,_ZNSt8__detail14__to_chars_lenImEEjT_i
FN:72,_ZNSt8__detail18__to_chars_10_implImEEvPcjT_
FNDA:0,_ZNSt8__detail18__to_chars_10_implImEEvPcjT_
DA:47,0
DA:52,0
DA:53,0
DA:54,0
DA:55,0
DA:58,0
DA:59,0
DA:60,0
DA:61,0
DA:62,0
DA:63,0
DA:72,0
DA:83,0
DA:84,0
DA:86,0
DA:87,0
DA:88,0
DA:89,0
DA:90,0
DA:92,0
DA:94,0
DA:95,0
DA:96,0
DA:99,0
DA:100,0
end_of_record
SF:/usr/include/c++/11/bits/stl_vector.h
FN:97,_ZNSt12_Vector_baseISt8functionIFvPvEESaIS3_EE17_Vector_impl_dataC2Ev
FNDA:4,_ZNSt12_Vector_baseISt8functionIFvPvEESaIS3_EE17_Vector_impl_dataC2Ev
FN:97,_ZNSt12_Vector_baseINSt7__cxx1112basic_stringIcSt11char_traitsIcESaIcEEESaIS5_EE17_Vector_impl_dataC2Ev
FNDA:118,_ZNSt12_Vector_baseINSt7__cxx1112basic_stringIcSt11char_traitsIcESaIcEEESaIS5_EE17_Vector_impl_dataC2Ev
FN:136,_ZNSt12_Vector_baseISt8functionIFvPvEESaIS3_EE12_Vector_implC2ERKS4_
FNDA:4,_ZNSt12_Vector_baseISt8functionIFvPvEESaIS3_EE12_Vector_implC2ERKS4_
FN:136,_ZNSt12_Vector_baseINSt7__cxx1112basic_stringIcSt11char_traitsIcESaIcEEESaIS5_EE12_Vector_implC2ERKS6_
FNDA:8,_ZNSt12_Vector_baseINSt7__cxx1112basic_stringIcSt11char_traitsIcESaIcEEESaIS5_EE12_Vector_implC2ERKS6_
FN:276,_ZNSt12_Vector_baseISt8functionIFvPvEESaIS3_EE19_M_get_Tp_allocatorEv
FNDA:8,_ZNSt12_Vector_baseISt8functionIFvPvEESaIS3_EE19_M_get_Tp_allocatorEv
FN:276,_ZNSt12_Vector_baseINSt7__cxx1112basic_stringIcSt11char_traitsIcESaIcEEESaIS5_EE19_M_get_Tp_allocatorEv
FNDA:518,_ZNSt12_Vector_baseINSt7__cxx1112basic_stringIcSt11char_traitsIcESaIcEEESaIS5_EE19_M_get_Tp_allocatorEv
FN:276,_ZNSt12_Vector_baseISt6vectorImSaImEESaIS2_EE19_M_get_Tp_allocatorEv
FNDA:0,_ZNSt12_Vector_baseISt6vectorImSaImEESaIS2_EE19_M_get_Tp_allocatorEv
FN:276,_ZNSt12_Vector_baseImSaImEE19_M_get_Tp_allocatorEv
FNDA:0,_ZNSt12_Vector_baseImSaImEE19_M_get_Tp_allocatorEv
FN:276,_ZNSt12_Vector_baseI4EdgeSaIS0_EE19_M_get_Tp_allocatorEv
FNDA:0,_ZNSt12_Vector_baseI4EdgeSaIS0_EE19_M_get_Tp_allocatorEv
FN:293,_ZNSt12_Vector_baseISt8functionIFvPvEESaIS3_EEC2ERKS4_
FNDA:4,_ZNSt12_Vector_baseISt8functionIFvPvEESaIS3_EEC2ERKS4_
FN:293,_ZNSt12_Vector_baseINSt7__cxx1112basic_stringIcSt11char_traitsIcESaIcEEESaIS5_EEC2ERKS6_
FNDA:8,_ZNSt12_Vector_baseINSt7__cxx1112basic_stringIcSt11char_traitsIcESaIcEEESaIS5_EEC2ERKS6_
FN:333,_ZNSt12_Vector_baseISt8functionIFvPvEESaIS3_EED2Ev
FNDA:0,_ZNSt12_Vector_baseISt8functionIFvPvEESaIS3_EED2Ev
FN:333,_ZNSt12_Vector_baseImSaImEED2Ev
FNDA:0,_ZNSt12_Vector_baseImSaImEED2Ev
FN:333,_ZNSt12_Vector_baseINSt7__cxx1112basic_stringIcSt11char_traitsIcESaIcEEESaIS5_EED2Ev
FNDA:110,_ZNSt12_Vector_baseINSt7__cxx1112basic_stringIcSt11char_traitsIcESaIcEEESaIS5_EED2Ev
FN:333,_ZNSt12_Vector_baseI4EdgeSaIS0_EED2Ev
FNDA:0,_ZNSt12_Vector_baseI4EdgeSaIS0_EED2Ev
FN:333,_ZNSt12_Vector_baseISt6vectorImSaImEESaIS2_EED2Ev
FNDA:0,_ZNSt12_Vector_baseISt6vectorImSaImEESaIS2_EED2Ev
FN:343,_ZNSt12_Vector_baseINSt7__cxx1112basic_stringIcSt11char_traitsIcESaIcEEESaIS5_EE11_M_allocateEm
FNDA:204,_ZNSt12_Vector_baseINSt7__cxx1112basic_stringIcSt11char_traitsIcESaIcEEESaIS5_EE11_M_allocateEm
FN:343,_ZNSt12_Vector_baseISt8functionIFvPvEESaIS3_EE11_M_allocateEm
FNDA:4,_ZNSt12_Vector_baseISt8functionIFvPvEESaIS3_EE11_M_allocateEm
FN:350,_ZNSt12_Vector_baseImSaImEE13_M_deallocateEPmm
FNDA:0,_ZNSt12_Vector_baseImSaImEE13_M_deallocateEPmm
FN:350,_ZNSt12_Vector_baseISt6vectorImSaImEESaIS2_EE13_M_deallocateEPS2_m
FNDA:0,_ZNSt12_Vector_baseISt6vectorImSaImEESaIS2_EE13_M_deallocateEPS2_m
FN:350,_ZNSt12_Vector_baseINSt7__cxx1112basic_stringIcSt11char_traitsIcESaIcEEESaIS5_EE13_M_deallocateEPS5_m
FNDA:306,_ZNSt12_Vector_baseINSt7__cxx1112basic_stringIcSt11char_traitsIcESaIcEEESaIS5_EE13_M_deallocateEPS5_m
FN:350,_ZNSt12_Vector_baseI4EdgeSaIS0_EE13_M_deallocateEPS0_m
FNDA:0,_ZNSt12_Vector_baseI4EdgeSaIS0_EE13_M_deallocateEPS0_m
FN:350,_ZNSt12_Vector_baseISt8functionIFvPvEESaIS3_EE13_M_deallocateEPS3_m
FNDA:0,_ZNSt12_Vector_baseISt8functionIFvPvEESaIS3_EE13_M_deallocateEPS3_m
FN:625,_ZNSt6vectorISt8functionIFvPvEESaIS3_EEC2ESt16initializer_listIS3_ERKS4_
FNDA:4,_ZNSt6vectorISt8functionIFvPvEESaIS3_EEC2ESt16initializer_listIS3_ERKS4_
FN:625,_ZNSt6vectorINSt7__cxx1112basic_stringIcSt11char_traitsIcESaIcEEESaIS5_EEC2ESt16initializer_listIS5_ERKS6_
FNDA:8,_ZNSt6vectorINSt7__cxx1112basic_stringIcSt11char_traitsIcESaIcEEESaIS5_EEC2ESt16initializer_listIS5_ERKS6_
FN:678,_ZNSt6vectorI4EdgeSaIS0_EED2Ev
FNDA:0,_ZNSt6vectorI4EdgeSaIS0_EED2Ev
FN:678,_ZNSt6vectorIS_ImSaImEESaIS1_EED2Ev
FNDA:0,_ZNSt6vectorIS_ImSaImEESaIS1_EED2Ev
FN:678,_ZNSt6vectorISt8functionIFvPvEESaIS3_EED2Ev
FNDA:0,_ZNSt6vectorISt8functionIFvPvEESaIS3_EED2Ev
FN:678,_ZNSt6vectorINSt7__cxx1112basic_stringIcSt11char_traitsIcESaIcEEESaIS5_EED2Ev
FNDA:110,_ZNSt6vectorINSt7__cxx1112basic_stringIcSt11char_traitsIcESaIcEEESaIS5_EED2Ev
FN:678,_ZNSt6vectorImSaImEED2Ev
FNDA:0,_ZNSt6vectorImSaImEED2Ev
FN:820,_ZNKSt6vectorINSt7__cxx1112basic_stringIcSt11char_traitsIcESaIcEEESaIS5_EE5beginEv
FNDA:99,_ZNKSt6vectorINSt7__cxx1112basic_stringIcSt11char_traitsIcESaIcEEESaIS5_EE5beginEv
FN:838,_ZNKSt6vectorINSt7__cxx1112basic_stringIcSt11char_traitsIcESaIcEEESaIS5_EE3endEv
FNDA:198,_ZNKSt6vectorINSt7__cxx1112basic_stringIcSt11char_traitsIcESaIcEEESaIS5_EE3endEv
FN:1577,_ZNSt6vectorISt8functionIFvPvEESaIS3_EE19_M_range_initializeIPKS3_EEvT_S9_St20forward_iterator_tag
FNDA:4,_ZNSt6vectorISt8functionIFvPvEESaIS3_EE19_M_range_initializeIPKS3_EEvT_S9_St20forward_iterator_tag
FN:1577,_ZNSt6vectorINSt7__cxx1112basic_stringIcSt11char_traitsIcESaIcEEESaIS5_EE19_M_range_initializeIPKS5_EEvT_SB_St20forward_iterator_tag
FNDA:8,_ZNSt6vectorINSt7__cxx1112basic_stringIcSt11char_traitsIcESaIcEEESaIS5_EE19_M_range_initializeIPKS5_EEvT_SB_St20forward_iterator_tag
FN:1767,_ZNSt6vectorINSt7__cxx1112basic_stringIcSt11char_traitsIcESaIcEEESaIS5_EE17_S_check_init_lenEmRKS6_
FNDA:8,_ZNSt6vectorINSt7__cxx1112basic_stringIcSt11char_traitsIcESaIcEEESaIS5_EE17_S_check_init_lenEmRKS6_
FN:1767,_ZNSt6vectorISt8functionIFvPvEESaIS3_EE17_S_check_init_lenEmRKS4_
FNDA:4,_ZNSt6vectorISt8functionIFvPvEESaIS3_EE17_S_check_init_lenEmRKS4_
FN:1776,_ZNSt6vectorINSt7__cxx1112basic_stringIcSt11char_traitsIcESaIcEEESaIS5_EE11_S_max_sizeERKS6_
FNDA:400,_ZNSt6vectorINSt7__cxx1112basic_stringIcSt11char_traitsIcESaIcEEESaIS5_EE11_S_max_sizeERKS6_
FN:1776,_ZNSt6vectorISt8functionIFvPvEESaIS3_EE11_S_max_sizeERKS4_
FNDA:4,_ZNSt6vectorISt8functionIFvPvEESaIS3_EE11_S_max_sizeERKS4_
DA:97,118
DA:98,118
DA:99,118
DA:97,4
DA:98,4
DA:99,4
DA:136,8
DA:137,8
DA:138,8
DA:136,4
DA:137,4
DA:138,4
DA:276,0
DA:277,0
DA:276,0
DA:277,0
DA:276,518
DA:277,518
DA:276,8
DA:277,8
DA:276,0
DA:277,0
DA:293,8
DA:294,8
DA:293,4
DA:294,4
DA:333,0
DA:335,0
DA:336,0
DA:337,0
DA:333,0
DA:335,0
DA:336,0
DA:337,0
DA:333,110
DA:335,110
DA:336,110
DA:337,110
DA:333,0
DA:335,0
DA:336,0
DA:337,0
DA:333,0
DA:335,0
DA:336,0
DA:337,0
DA:343,204
DA:346,204
DA:343,4
DA:346,4
DA:350,0
DA:353,0
DA:354,0
DA:355,0
DA:350,0
DA:353,0
DA:354,0
DA:355,0
DA:350,306
DA:353,306
DA:354,196
DA:355,306
DA:350,0
DA:353,0
DA:354,0
DA:355,0
DA:350,0
DA:353,0
DA:354,0
DA:355,0
DA:625,8
DA:627,8
DA:629,8
DA:630,8
DA:631,8
DA:625,4
DA:627,4
DA:629,4
DA:630,4
DA:631,4
DA:678,0
DA:680,0
DA:681,0
DA:683,0
DA:678,0
DA:680,0
DA:681,0
DA:683,0
DA:678,110
DA:680,110
DA:681,110
DA:683,110
DA:678,0
DA:680,0
DA:681,0
DA:683,0
DA:678,0
DA:680,0
DA:681,0
DA:683,0
DA:820,99
DA:821,99
DA:838,198
DA:839,198
DA:1577,8
DA:1580,8
DA:1582,8
DA:1583,8
DA:1584,8
DA:1585,8
DA:1587,8
DA:1588,8
DA:1577,4
DA:1580,4
DA:1582,4
DA:1583,4
DA:1584,4
DA:1585,4
DA:1587,4
DA:1588,4
DA:1767,8
DA:1769,8
DA:1770,0
DA:1772,8
DA:1767,4
DA:1769,4
DA:1770,0
DA:1772,4
DA:1776,400
DA:1781,400
DA:1783,400
DA:1784,400
DA:1776,4
DA:1781,4
DA:1783,4
DA:1784,4
end_of_record
SF:/usr/include/c++/11/tuple
FN:192,_ZNSt10_Head_baseILm0ERKiLb0EEC2ES1_
FNDA:0,_ZNSt10_Head_baseILm0ERKiLb0EEC2ES1_
FN:233,_ZNSt10_Head_baseILm0ERKiLb0EE7_M_headERS2_
FNDA:0,_ZNSt10_Head_baseILm0ERKiLb0EE7_M_headERS2_
FN:424,_ZNSt11_Tuple_implILm0EJRKiEE7_M_headERS2_
FNDA:0,_ZNSt11_Tuple_implILm0EJRKiEE7_M_headERS2_
FN:434,_ZNSt11_Tuple_implILm0EJRKiEEC2ES1_
FNDA:0,_ZNSt11_Tuple_implILm0EJRKiEEC2ES1_
FN:454,_ZNSt11_Tuple_implILm0EJRKiEEC2EOS2_
FNDA:0,_ZNSt11_Tuple_implILm0EJRKiEEC2EOS2_
FN:727,_ZNSt5tupleIJRKiEEC2ILb1ELb1EEES1_
FNDA:0,_ZNSt5tupleIJRKiEEC2ILb1ELb1EEES1_
FN:756,_ZNSt5tupleIJRKiEEC2EOS2_
FNDA:0,_ZNSt5tupleIJRKiEEC2EOS2_
FN:1377,_ZSt12__get_helperILm0ERKiJEERT0_RSt11_Tuple_implIXT_EJS2_DpT1_EE
FNDA:0,_ZSt12__get_helperILm0ERKiJEERT0_RSt11_Tuple_implIXT_EJS2_DpT1_EE
FN:1393,_ZSt3getILm0EJRKiEERNSt13tuple_elementIXT_ESt5tupleIJDpT0_EEE4typeERS6_
FNDA:0,_ZSt3getILm0EJRKiEERNSt13tuple_elementIXT_ESt5tupleIJDpT0_EEE4typeERS6_
FN:1804,_ZNSt4pairIKiS_IP5GraphP6TripleEEC2IJRS0_EJEEESt21piecewise_construct_tSt5tupleIJDpT_EESA_IJDpT0_EE
FNDA:16,_ZNSt4pairIKiS_IP5GraphP6TripleEEC2IJRS0_EJEEESt21piecewise_construct_tSt5tupleIJDpT_EESA_IJDpT0_EE
FN:1804,_ZNSt4pairIKiSt5mutexEC2IJRS0_EJEEESt21piecewise_construct_tSt5tupleIJDpT_EES6_IJDpT0_EE
FNDA:4,_ZNSt4pairIKiSt5mutexEC2IJRS0_EJEEESt21piecewise_construct_tSt5tupleIJDpT_EES6_IJDpT0_EE
FN:1816,_ZNSt4pairIKiS_IP5GraphP6TripleEEC2IJRS0_EJLm0EEJEJEEERSt5tupleIJDpT_EERS9_IJDpT1_EESt12_Index_tupleIJXspT0_EEESI_IJXspT2_EEE
FNDA:16,_ZNSt4pairIKiS_IP5GraphP6TripleEEC2IJRS0_EJLm0EEJEJEEERSt5tupleIJDpT_EERS9_IJDpT1_EESt12_Index_tupleIJXspT0_EEESI_IJXspT2_EEE
FN:1816,_ZNSt4pairIKiSt5mutexEC2IJRS0_EJLm0EEJEJEEERSt5tupleIJDpT_EERS5_IJDpT1_EESt12_Index_tupleIJXspT0_EEESE_IJXspT2_EEE
FNDA:4,_ZNSt4pairIKiSt5mutexEC2IJRS0_EJLm0EEJEJEEERSt5tupleIJDpT_EERS5_IJDpT1_EESt12_Index_tupleIJXspT0_EEESE_IJXspT2_EEE
DA:192,0
DA:193,0
DA:233,0
DA:424,0
DA:434,0
DA:435,0
DA:436,0
DA:454,0
DA:456,0
DA:457,0
DA:727,0
DA:729,0
DA:756,0
DA:1377,0
DA:1378,0
DA:1393,0
DA:1394,0
DA:1804,16
DA:1809,16
DA:1810,16
DA:1804,4
DA:1809,4
DA:1810,4
DA:1816,16
DA:1819,16
DA:1820,16
DA:1821,16
DA:1816,4
DA:1819,4
DA:1820,4
DA:1821,4
end_of_record
SF:/usr/include/c++/11/bits/basic_string.h
FN:251,_ZNSt7__cxx1112basic_stringIcSt11char_traitsIcESaIcEE16_M_construct_auxIPcEEvT_S7_St12__false_type
FNDA:0,_ZNSt7__cxx1112basic_stringIcSt11char_traitsIcESaIcEE16_M_construct_auxIPcEEvT_S7_St12__false_type
FN:271,_ZNSt7__cxx1112basic_stringIcSt11char_traitsIcESaIcEE12_M_constructIPcEEvT_S7_
FNDA:0,_ZNSt7__cxx1112basic_stringIcSt11char_traitsIcESaIcEE12_M_constructIPcEEvT_S7_
FN:533,_ZNSt7__cxx1112basic_stringIcSt11char_traitsIcESaIcEEC2IS3_EEPKcRKS3_
FNDA:0,_ZNSt7__cxx1112basic_stringIcSt11char_traitsIcESaIcEEC2IS3_EEPKcRKS3_
FN:553,_ZNSt7__cxx1112basic_stringIcSt11char_traitsIcESaIcEEC2IS3_EEmcRKS3_
FNDA:0,_ZNSt7__cxx1112basic_stringIcSt11char_traitsIcESaIcEEC2IS3_EEmcRKS3_
FN:638,_ZNSt7__cxx1112basic_stringIcSt11char_traitsIcESaIcEEC2IPcvEET_S7_RKS3_
FNDA:0,_ZNSt7__cxx1112basic_stringIcSt11char_traitsIcESaIcEEC2IPcvEET_S7_RKS3_
FN:6194,_ZStplIcSt11char_traitsIcESaIcEENSt7__cxx1112basic_stringIT_T0_T1_EEPKS5_OS8_
FNDA:0,_ZStplIcSt11char_traitsIcESaIcEENSt7__cxx1112basic_stringIT_T0_T1_EEPKS5_OS8_
FN:6206,_ZStplIcSt11char_traitsIcESaIcEENSt7__cxx1112basic_stringIT_T0_T1_EEOS8_PKS5_
FNDA:0,_ZStplIcSt11char_traitsIcESaIcEENSt7__cxx1112basic_stringIT_T0_T1_EEOS8_PKS5_
FN:6234,_ZSteqIcEN9__gnu_cxx11__enable_ifIXsrSt9__is_charIT_E7__valueEbE6__typeERKNSt7__cxx1112basic_stringIS3_St11char_traitsIS3_ESaIS3_EEESE_
FNDA:264,_ZSteqIcEN9__gnu_cxx11__enable_ifIXsrSt9__is_charIT_E7__valueEbE6__typeERKNSt7__cxx1112basic_stringIS3_St11char_traitsIS3_ESaIS3_EEESE_
FN:6248,_ZSteqIcSt11char_traitsIcESaIcEEbRKNSt7__cxx1112basic_stringIT_T0_T1_EEPKS5_
FNDA:262,_ZSteqIcSt11char_traitsIcESaIcEEbRKNSt7__cxx1112basic_stringIT_T0_T1_EEPKS5_
FN:6690,_ZNSt7__cxx119to_stringEm
FNDA:0,_ZNSt7__cxx119to_stringEm
FN:6730,_ZNSt7__cxx119to_stringEd
FNDA:0,_ZNSt7__cxx119to_stringEd
DA:251,0
DA:255,0
DA:256,0
DA:271,0
DA:274,0
DA:275,0
DA:533,0
DA:534,0
DA:536,0
DA:539,0
DA:540,0
DA:553,0
DA:554,0
DA:555,0
DA:638,0
DA:640,0
DA:641,0
DA:6194,0
DA:6196,0
DA:6206,0
DA:6208,0
DA:6234,264
DA:6236,264
DA:6237,264
DA:6238,264
DA:6248,262
DA:6250,262
DA:6690,0
DA:6692,0
DA:6693,0
DA:6694,0
DA:6695,0
DA:6730,0
DA:6732,0
DA:6735,0
end_of_record
SF:/usr/include/c++/11/bits/allocator.h
FN:156,_ZNSaISt8functionIFvPvEEEC2Ev
FNDA:4,_ZNSaISt8functionIFvPvEEEC2Ev
FN:156,_ZNSaINSt7__cxx1112basic_stringIcSt11char_traitsIcESaIcEEEEC2Ev
FNDA:118,_ZNSaINSt7__cxx1112basic_stringIcSt11char_traitsIcESaIcEEEEC2Ev
FN:156,_ZNSaISt13_Rb_tree_nodeISt4pairIKiSt5mutexEEEC2Ev
FNDA:4,_ZNSaISt13_Rb_tree_nodeISt4pairIKiSt5mutexEEEC2Ev
FN:156,_ZNSaISt13_Rb_tree_nodeISt4pairIKiS0_IP5GraphP6TripleEEEEC2Ev
FNDA:4,_ZNSaISt13_Rb_tree_nodeISt4pairIKiS0_IP5GraphP6TripleEEEEC2Ev
FN:159,_ZNSaINSt7__cxx1112basic_stringIcSt11char_traitsIcESaIcEEEEC2ERKS5_
FNDA:16,_ZNSaINSt7__cxx1112basic_stringIcSt11char_traitsIcESaIcEEEEC2ERKS5_
FN:159,_ZNSaISt8functionIFvPvEEEC2ERKS3_
FNDA:8,_ZNSaISt8functionIFvPvEEEC2ERKS3_
FN:169,_ZNSaIPNSt8__detail15_Hash_node_baseEEC2INS_10_Hash_nodeI4EdgeLb1EEEEERKSaIT_E
FNDA:0,_ZNSaIPNSt8__detail15_Hash_node_baseEEC2INS_10_Hash_nodeI4EdgeLb1EEEEERKSaIT_E
FN:174,_ZNSaISt13_Rb_tree_nodeISt4pairIKi6VertexEEED2Ev
FNDA:0,_ZNSaISt13_Rb_tree_nodeISt4pairIKi6VertexEEED2Ev
FN:174,_ZNSaISt13_Rb_tree_nodeISt4pairIKiS0_IP5GraphP6TripleEEEED2Ev
FNDA:4,_ZNSaISt13_Rb_tree_nodeISt4pairIKiS0_IP5GraphP6TripleEEEED2Ev
FN:174,_ZNSaISt13_Rb_tree_nodeISt4pairIKiSt5mutexEEED2Ev
FNDA:4,_ZNSaISt13_Rb_tree_nodeISt4pairIKiSt5mutexEEED2Ev
FN:174,_ZNSaISt8functionIFvPvEEED2Ev
FNDA:8,_ZNSaISt8functionIFvPvEEED2Ev
FN:174,_ZNSaINSt7__cxx1112basic_stringIcSt11char_traitsIcESaIcEEEED2Ev
FNDA:126,_ZNSaINSt7__cxx1112basic_stringIcSt11char_traitsIcESaIcEEEED2Ev
FN:174,_ZNSaI4EdgeED2Ev
FNDA:0,_ZNSaI4EdgeED2Ev
FN:174,_ZNSaINSt8__detail10_Hash_nodeI4EdgeLb1EEEED2Ev
FNDA:0,_ZNSaINSt8__detail10_Hash_nodeI4EdgeLb1EEEED2Ev
FN:174,_ZNSaISt6vectorImSaImEEED2Ev
FNDA:0,_ZNSaISt6vectorImSaImEEED2Ev
FN:174,_ZNSaIPNSt8__detail15_Hash_node_baseEED2Ev
FNDA:0,_ZNSaIPNSt8__detail15_Hash_node_baseEED2Ev
FN:174,_ZNSaISt13_Rb_tree_nodeISt4pairIKmmEEED2Ev
FNDA:0,_ZNSaISt13_Rb_tree_nodeISt4pairIKmmEEED2Ev
FN:174,_ZNSaImED2Ev
FNDA:0,_ZNSaImED2Ev
DA:156,4
DA:156,4
DA:156,118
DA:156,4
DA:159,16
DA:160,16
DA:159,8
DA:160,8
DA:169,0
DA:174,0
DA:174,0
DA:174,0
DA:174,0
DA:174,0
DA:174,0
DA:174,0
DA:174,126
DA:174,8
DA:174,4
DA:174,4
end_of_record
SF:/usr/include/c++/11/bits/unordered_set.h
end_of_record
SF:/home/ido/Course-OperationSystems/OS-FinalProject/GraphObj/edge.hpp
end_of_record
SF:/usr/include/c++/11/bits/char_traits.h
FN:106,_ZN9__gnu_cxx11char_traitsIcE2eqERKcS3_
FNDA:0,_ZN9__gnu_cxx11char_traitsIcE2eqERKcS3_
FN:167,_ZN9__gnu_cxx11char_traitsIcE6lengthEPKc
FNDA:0,_ZN9__gnu_cxx11char_traitsIcE6lengthEPKc
FN:364,_ZNSt11char_traitsIcE2ltERKcS2_
FNDA:0,_ZNSt11char_traitsIcE2ltERKcS2_
FN:372,_ZNSt11char_traitsIcE7compareEPKcS2_m
FNDA:85,_ZNSt11char_traitsIcE7compareEPKcS2_m
FN:393,_ZNSt11char_traitsIcE6lengthEPKc
FNDA:0,_ZNSt11char_traitsIcE6lengthEPKc
FN:429,_ZNSt11char_traitsIcE4copyEPcPKcm
FNDA:0,_ZNSt11char_traitsIcE4copyEPcPKcm
DA:106,0
DA:107,0
DA:167,0
DA:170,0
DA:171,0
DA:172,0
DA:173,0
DA:290,0
DA:364,0
DA:367,0
DA:368,0
DA:372,85
DA:374,85
DA:375,0
DA:377,85
DA:379,85
DA:381,0
DA:382,0
DA:383,0
DA:384,0
DA:385,0
DA:386,0
DA:389,85
DA:393,0
DA:396,0
DA:397,0
DA:399,0
DA:429,0
DA:431,0
DA:432,0
DA:437,0
end_of_record
SF:/usr/include/c++/11/iostream
end_of_record
SF:/usr/include/c++/11/bits/stl_iterator.h
[...]
FNDA:0,_ZNSt11_Tuple_implILm1EJRSt6vectorIS0_ImSaImEESaIS2_EEEE7_M_headERS6_
FN:434,_ZNSt11_Tuple_implILm1EJRSt6vectorIS0_ImSaImEESaIS2_EEEEC2ES5_
FNDA:0,_ZNSt11_Tuple_implILm1EJRSt6vectorIS0_ImSaImEESaIS2_EEEEC2ES5_
FN:1063,_ZNSt5tupleIJRSt6vectorIS0_ImSaImEESaIS2_EES5_EEC2ILb1ELb1EEES5_S5_
FNDA:0,_ZNSt5tupleIJRSt6vectorIS0_ImSaImEESaIS2_EES5_EEC2ILb1ELb1EEES5_S5_
FN:1321,_ZNSt5tupleIJRSt6vectorIS0_ImSaImEESaIS2_EES5_EEaSIS4_S4_EENSt9enable_ifIXcl12__assignableIT_T0_EEERS6_E4typeEOSt4pairIS9_SA_E
FNDA:0,_ZNSt5tupleIJRSt6vectorIS0_ImSaImEESaIS2_EES5_EEaSIS4_S4_EENSt9enable_ifIXcl12__assignableIT_T0_EEERS6_E4typeEOSt4pairIS9_SA_E
FN:1746,_ZSt3tieIJSt6vectorIS0_ImSaImEESaIS2_EES4_EESt5tupleIJDpRT_EES8_
FNDA:0,_ZSt3tieIJSt6vectorIS0_ImSaImEESaIS2_EES4_EESt5tupleIJDpRT_EES8_
DA:192,0
DA:193,0
DA:192,0
DA:193,0
DA:233,0
DA:233,0
DA:268,0
DA:274,0
DA:283,0
DA:284,0
DA:285,0
DA:424,0
DA:434,0
DA:435,0
DA:436,0
DA:1063,0
DA:1065,0
DA:1321,0
DA:1324,0
DA:1325,0
DA:1326,0
DA:1746,0
DA:1747,0
end_of_record
SF:/usr/include/c++/11/bits/stl_heap.h
FN:134,_ZSt11__push_heapIN9__gnu_cxx17__normal_iteratorIP4EdgeSt6vectorIS2_SaIS2_EEEElS2_NS0_5__ops14_Iter_comp_valIZN6TarjanclEP5GraphEUlRKS2_SE_E_EEEvT_T0_SI_T1_RT2_
FNDA:0,_ZSt11__push_heapIN9__gnu_cxx17__normal_iteratorIP4EdgeSt6vectorIS2_SaIS2_EEEElS2_NS0_5__ops14_Iter_comp_valIZN6TarjanclEP5GraphEUlRKS2_SE_E_EEEvT_T0_SI_T1_RT2_
FN:223,_ZSt13__adjust_heapIN9__gnu_cxx17__normal_iteratorIP4EdgeSt6vectorIS2_SaIS2_EEEElS2_NS0_5__ops15_Iter_comp_iterIZN6TarjanclEP5GraphEUlRKS2_SE_E_EEEvT_T0_SI_T1_T2_
FNDA:0,_ZSt13__adjust_heapIN9__gnu_cxx17__normal_iteratorIP4EdgeSt6vectorIS2_SaIS2_EEEElS2_NS0_5__ops15_Iter_comp_iterIZN6TarjanclEP5GraphEUlRKS2_SE_E_EEEvT_T0_SI_T1_T2_
FN:253,_ZSt10__pop_heapIN9__gnu_cxx17__normal_iteratorIP4EdgeSt6vectorIS2_SaIS2_EEEENS0_5__ops15_Iter_comp_iterIZN6TarjanclEP5GraphEUlRKS2_SE_E_EEEvT_SH_SH_RT0_
FNDA:0,_ZSt10__pop_heapIN9__gnu_cxx17__normal_iteratorIP4EdgeSt6vectorIS2_SaIS2_EEEENS0_5__ops15_Iter_comp_iterIZN6TarjanclEP5GraphEUlRKS2_SE_E_EEEvT_SH_SH_RT0_
FN:339,_ZSt11__make_heapIN9__gnu_cxx17__normal_iteratorIP4EdgeSt6vectorIS2_SaIS2_EEEENS0_5__ops15_Iter_comp_iterIZN6TarjanclEP5GraphEUlRKS2_SE_E_EEEvT_SH_RT0_
FNDA:0,_ZSt11__make_heapIN9__gnu_cxx17__normal_iteratorIP4EdgeSt6vectorIS2_SaIS2_EEEENS0_5__ops15_Iter_comp_iterIZN6TarjanclEP5GraphEUlRKS2_SE_E_EEEvT_SH_RT0_
FN:418,_ZSt11__sort_heapIN9__gnu_cxx17__normal_iteratorIP4EdgeSt6vectorIS2_SaIS2_EEEENS0_5__ops15_Iter_comp_iterIZN6TarjanclEP5GraphEUlRKS2_SE_E_EEEvT_SH_RT0_
FNDA:0,_ZSt11__sort_heapIN9__gnu_cxx17__normal_iteratorIP4EdgeSt6vectorIS2_SaIS2_EEEENS0_5__ops15_Iter_comp_iterIZN6TarjanclEP5GraphEUlRKS2_SE_E_EEEvT_SH_RT0_
DA:134,0
DA:138,0
DA:139,0
DA:141,0
DA:142,0
DA:143,0
DA:145,0
DA:146,0
DA:223,0
DA:226,0
DA:227,0
DA:228,0
DA:230,0
DA:231,0
DA:233,0
DA:234,0
DA:235,0
DA:237,0
DA:239,0
DA:240,0
DA:242,0
DA:245,0
DA:246,0
DA:247,0
DA:248,0
DA:253,0
DA:261,0
DA:262,0
DA:263,0
DA:264,0
DA:265,0
DA:266,0
DA:339,0
DA:347,0
DA:348,0
DA:350,0
DA:351,0
DA:352,0
DA:354,0
DA:355,0
DA:357,0
DA:358,0
DA:359,0
DA:418,0
DA:421,0
DA:423,0
DA:424,0
DA:426,0
end_of_record
SF:/usr/include/c++/11/bits/stl_iterator_base_types.h
FN:238,_ZSt19__iterator_categoryIPiENSt15iterator_traitsIT_E17iterator_categoryERKS2_
FNDA:0,_ZSt19__iterator_categoryIPiENSt15iterator_traitsIT_E17iterator_categoryERKS2_
FN:238,_ZSt19__iterator_categoryINSt8__detail14_Node_iteratorI4EdgeLb1ELb1EEEENSt15iterator_traitsIT_E17iterator_categoryERKS5_
FNDA:2,_ZSt19__iterator_categoryINSt8__detail14_Node_iteratorI4EdgeLb1ELb1EEEENSt15iterator_traitsIT_E17iterator_categoryERKS5_
DA:238,0
DA:239,0
DA:238,2
DA:239,2
end_of_record
SF:/usr/include/c++/11/bits/stl_construct.h
FN:109,_ZSt10_ConstructIiJEEvPT_DpOT0_
FNDA:1,_ZSt10_ConstructIiJEEvPT_DpOT0_
FN:109,_ZSt10_ConstructI4EdgeJRKS0_EEvPT_DpOT0_
FNDA:0,_ZSt10_ConstructI4EdgeJRKS0_EEvPT_DpOT0_
FN:109,_ZSt10_ConstructISt6vectorImSaImEEJRKS2_EEvPT_DpOT0_
FNDA:0,_ZSt10_ConstructISt6vectorImSaImEEJRKS2_EEvPT_DpOT0_
FN:146,_ZSt8_DestroyISt6vectorImSaImEEEvPT_
FNDA:0,_ZSt8_DestroyISt6vectorImSaImEEEvPT_
FN:146,_ZSt8_DestroyI4EdgeEvPT_
FNDA:0,_ZSt8_DestroyI4EdgeEvPT_
FN:160,_ZNSt12_Destroy_auxILb0EE9__destroyIPSt6vectorImSaImEEEEvT_S6_
FNDA:0,_ZNSt12_Destroy_auxILb0EE9__destroyIPSt6vectorImSaImEEEEvT_S6_
FN:160,_ZNSt12_Destroy_auxILb0EE9__destroyIP4EdgeEEvT_S4_
FNDA:0,_ZNSt12_Destroy_auxILb0EE9__destroyIP4EdgeEEvT_S4_
FN:172,_ZNSt12_Destroy_auxILb1EE9__destroyIPmEEvT_S3_
FNDA:0,_ZNSt12_Destroy_auxILb1EE9__destroyIPmEEvT_S3_
FN:172,_ZNSt12_Destroy_auxILb1EE9__destroyIPiEEvT_S3_
FNDA:0,_ZNSt12_Destroy_auxILb1EE9__destroyIPiEEvT_S3_
FN:182,_ZSt8_DestroyIPmEvT_S1_
FNDA:0,_ZSt8_DestroyIPmEvT_S1_
FN:182,_ZSt8_DestroyIPSt6vectorImSaImEEEvT_S4_
FNDA:0,_ZSt8_DestroyIPSt6vectorImSaImEEEvT_S4_
FN:182,_ZSt8_DestroyIPiEvT_S1_
FNDA:0,_ZSt8_DestroyIPiEvT_S1_
FN:182,_ZSt8_DestroyIP4EdgeEvT_S2_
FNDA:0,_ZSt8_DestroyIP4EdgeEvT_S2_
DA:109,1
DA:119,1
DA:120,1
DA:109,0
DA:119,0
DA:120,0
DA:109,0
DA:119,0
DA:120,0
DA:146,0
DA:151,0
DA:153,0
DA:146,0
DA:151,0
DA:153,0
DA:160,0
DA:162,0
DA:163,0
DA:164,0
DA:160,0
DA:162,0
DA:163,0
DA:164,0
DA:172,0
DA:172,0
DA:182,0
DA:196,0
DA:197,0
DA:182,0
DA:196,0
DA:197,0
DA:182,0
DA:196,0
DA:197,0
DA:182,0
DA:196,0
DA:197,0
end_of_record
SF:/usr/include/c++/11/ext/alloc_traits.h
FN:97,_ZN9__gnu_cxx14__alloc_traitsISaImEmE17_S_select_on_copyERKS1_
FNDA:0,_ZN9__gnu_cxx14__alloc_traitsISaImEmE17_S_select_on_copyERKS1_
FN:97,_ZN9__gnu_cxx14__alloc_traitsISaISt6vectorImSaImEEES3_E17_S_select_on_copyERKS4_
FNDA:0,_ZN9__gnu_cxx14__alloc_traitsISaISt6vectorImSaImEEES3_E17_S_select_on_copyERKS4_
DA:97,0
DA:98,0
DA:97,0
DA:98,0
end_of_record
SF:/usr/include/c++/11/bits/stl_pair.h
end_of_record
SF:/usr/include/c++/11/bits/stl_map.h
FN:302,_ZNSt3mapImmSt4lessImESaISt4pairIKmmEEED2Ev
FNDA:0,_ZNSt3mapImmSt4lessImESaISt4pairIKmmEEED2Ev
DA:302,0
end_of_record
SF:/usr/include/c++/11/bits/alloc_traits.h
FN:463,_ZNSt16allocator_traitsISaISt6vectorImSaImEEEE8allocateERS3_m
FNDA:0,_ZNSt16allocator_traitsISaISt6vectorImSaImEEEE8allocateERS3_m
FN:463,_ZNSt16allocator_traitsISaIiEE8allocateERS0_m
FNDA:0,_ZNSt16allocator_traitsISaIiEE8allocateERS0_m
FN:463,_ZNSt16allocator_traitsISaImEE8allocateERS0_m
FNDA:0,_ZNSt16allocator_traitsISaImEE8allocateERS0_m
FN:463,_ZNSt16allocator_traitsISaI4EdgeEE8allocateERS1_m
FNDA:0,_ZNSt16allocator_traitsISaI4EdgeEE8allocateERS1_m
FN:495,_ZNSt16allocator_traitsISaImEE10deallocateERS0_Pmm
FNDA:0,_ZNSt16allocator_traitsISaImEE10deallocateERS0_Pmm
FN:495,_ZNSt16allocator_traitsISaISt6vectorImSaImEEEE10deallocateERS3_PS2_m
FNDA:0,_ZNSt16allocator_traitsISaISt6vectorImSaImEEEE10deallocateERS3_PS2_m
FN:495,_ZNSt16allocator_traitsISaISt13_Rb_tree_nodeISt4pairIKmmEEEE10deallocateERS5_PS4_m
FNDA:0,_ZNSt16allocator_traitsISaISt13_Rb_tree_nodeISt4pairIKmmEEEE10deallocateERS5_PS4_m
FN:495,_ZNSt16allocator_traitsISaIiEE10deallocateERS0_Pim
FNDA:0,_ZNSt16allocator_traitsISaIiEE10deallocateERS0_Pim
FN:495,_ZNSt16allocator_traitsISaI4EdgeEE10deallocateERS1_PS0_m
FNDA:0,_ZNSt16allocator_traitsISaI4EdgeEE10deallocateERS1_PS0_m
FN:531,_ZNSt16allocator_traitsISaISt13_Rb_tree_nodeISt4pairIKmmEEEE7destroyIS3_EEvRS5_PT_
FNDA:0,_ZNSt16allocator_traitsISaISt13_Rb_tree_nodeISt4pairIKmmEEEE7destroyIS3_EEvRS5_PT_
FN:547,_ZNSt16allocator_traitsISaI4EdgeEE8max_sizeERKS1_
FNDA:0,_ZNSt16allocator_traitsISaI4EdgeEE8max_sizeERKS1_
FN:547,_ZNSt16allocator_traitsISaIiEE8max_sizeERKS0_
FNDA:0,_ZNSt16allocator_traitsISaIiEE8max_sizeERKS0_
FN:562,_ZNSt16allocator_traitsISaImEE37select_on_container_copy_constructionERKS0_
FNDA:0,_ZNSt16allocator_traitsISaImEE37select_on_container_copy_constructionERKS0_
FN:562,_ZNSt16allocator_traitsISaISt6vectorImSaImEEEE37select_on_container_copy_constructionERKS3_
FNDA:0,_ZNSt16allocator_traitsISaISt6vectorImSaImEEEE37select_on_container_copy_constructionERKS3_
FN:710,_ZSt15__alloc_on_moveISaISt6vectorImSaImEEEEvRT_S5_
FNDA:0,_ZSt15__alloc_on_moveISaISt6vectorImSaImEEEEvRT_S5_
FN:845,_ZSt8_DestroyIPmmEvT_S1_RSaIT0_E
FNDA:0,_ZSt8_DestroyIPmmEvT_S1_RSaIT0_E
FN:845,_ZSt8_DestroyIPSt6vectorImSaImEES2_EvT_S4_RSaIT0_E
FNDA:0,_ZSt8_DestroyIPSt6vectorImSaImEES2_EvT_S4_RSaIT0_E
FN:845,_ZSt8_DestroyIPiiEvT_S1_RSaIT0_E
FNDA:0,_ZSt8_DestroyIPiiEvT_S1_RSaIT0_E
FN:845,_ZSt8_DestroyIP4EdgeS0_EvT_S2_RSaIT0_E
FNDA:0,_ZSt8_DestroyIP4EdgeS0_EvT_S2_RSaIT0_E
DA:463,0
DA:464,0
DA:463,0
DA:464,0
DA:463,0
DA:464,0
DA:463,0
DA:464,0
DA:495,0
DA:496,0
DA:495,0
DA:496,0
DA:495,0
DA:496,0
DA:495,0
DA:496,0
DA:495,0
DA:496,0
DA:531,0
DA:535,0
DA:539,0
DA:547,0
DA:550,0
DA:547,0
DA:550,0
DA:562,0
DA:563,0
DA:562,0
DA:563,0
DA:710,0
DA:716,0
DA:720,0
DA:845,0
DA:848,0
DA:849,0
DA:845,0
DA:848,0
DA:849,0
DA:845,0
DA:848,0
DA:849,0
DA:845,0
DA:848,0
DA:849,0
end_of_record
SF:/usr/include/c++/11/bits/stl_tree.h
FN:234,_ZNSt13_Rb_tree_nodeISt4pairIKmmEE9_M_valptrEv
FNDA:0,_ZNSt13_Rb_tree_nodeISt4pairIKmmEE9_M_valptrEv
FN:547,_ZNSt8_Rb_treeImSt4pairIKmmESt10_Select1stIS2_ESt4lessImESaIS2_EE21_M_get_Node_allocatorEv
FNDA:0,_ZNSt8_Rb_treeImSt4pairIKmmESt10_Select1stIS2_ESt4lessImESaIS2_EE21_M_get_Node_allocatorEv
FN:564,_ZNSt8_Rb_treeImSt4pairIKmmESt10_Select1stIS2_ESt4lessImESaIS2_EE11_M_put_nodeEPSt13_Rb_tree_nodeIS2_E
FNDA:0,_ZNSt8_Rb_treeImSt4pairIKmmESt10_Select1stIS2_ESt4lessImESaIS2_EE11_M_put_nodeEPSt13_Rb_tree_nodeIS2_E
FN:618,_ZNSt8_Rb_treeImSt4pairIKmmESt10_Select1stIS2_ESt4lessImESaIS2_EE15_M_destroy_nodeEPSt13_Rb_tree_nodeIS2_E
FNDA:0,_ZNSt8_Rb_treeImSt4pairIKmmESt10_Select1stIS2_ESt4lessImESaIS2_EE15_M_destroy_nodeEPSt13_Rb_tree_nodeIS2_E
FN:629,_ZNSt8_Rb_treeImSt4pairIKmmESt10_Select1stIS2_ESt4lessImESaIS2_EE12_M_drop_nodeEPSt13_Rb_tree_nodeIS2_E
FNDA:0,_ZNSt8_Rb_treeImSt4pairIKmmESt10_Select1stIS2_ESt4lessImESaIS2_EE12_M_drop_nodeEPSt13_Rb_tree_nodeIS2_E
FN:734,_ZNKSt8_Rb_treeImSt4pairIKmmESt10_Select1stIS2_ESt4lessImESaIS2_EE9_M_mbeginEv
FNDA:0,_ZNKSt8_Rb_treeImSt4pairIKmmESt10_Select1stIS2_ESt4lessImESaIS2_EE9_M_mbeginEv
FN:738,_ZNSt8_Rb_treeImSt4pairIKmmESt10_Select1stIS2_ESt4lessImESaIS2_EE8_M_beginEv
FNDA:0,_ZNSt8_Rb_treeImSt4pairIKmmESt10_Select1stIS2_ESt4lessImESaIS2_EE8_M_beginEv
FN:779,_ZNSt8_Rb_treeImSt4pairIKmmESt10_Select1stIS2_ESt4lessImESaIS2_EE7_S_leftEPSt18_Rb_tree_node_base
FNDA:0,_ZNSt8_Rb_treeImSt4pairIKmmESt10_Select1stIS2_ESt4lessImESaIS2_EE7_S_leftEPSt18_Rb_tree_node_base
FN:787,_ZNSt8_Rb_treeImSt4pairIKmmESt10_Select1stIS2_ESt4lessImESaIS2_EE8_S_rightEPSt18_Rb_tree_node_base
FNDA:0,_ZNSt8_Rb_treeImSt4pairIKmmESt10_Select1stIS2_ESt4lessImESaIS2_EE8_S_rightEPSt18_Rb_tree_node_base
FN:983,_ZNSt8_Rb_treeImSt4pairIKmmESt10_Select1stIS2_ESt4lessImESaIS2_EED2Ev
FNDA:0,_ZNSt8_Rb_treeImSt4pairIKmmESt10_Select1stIS2_ESt4lessImESaIS2_EED2Ev
FN:1883,_ZNSt8_Rb_treeImSt4pairIKmmESt10_Select1stIS2_ESt4lessImESaIS2_EE8_M_eraseEPSt13_Rb_tree_nodeIS2_E
FNDA:0,_ZNSt8_Rb_treeImSt4pairIKmmESt10_Select1stIS2_ESt4lessImESaIS2_EE8_M_eraseEPSt13_Rb_tree_nodeIS2_E
DA:234,0
DA:235,0
DA:547,0
DA:548,0
DA:564,0
DA:565,0
DA:618,0
DA:623,0
DA:624,0
DA:626,0
DA:629,0
DA:631,0
DA:632,0
DA:633,0
DA:734,0
DA:735,0
DA:738,0
DA:739,0
DA:779,0
DA:780,0
DA:787,0
DA:788,0
DA:983,0
DA:984,0
DA:1883,0
DA:1887,0
DA:1889,0
DA:1890,0
DA:1891,0
DA:1892,0
DA:1894,0
end_of_record
SF:/usr/include/c++/11/bits/cpp_type_traits.h
FN:560,_ZSt12__miter_baseIN9__gnu_cxx17__normal_iteratorIPKmSt6vectorImSaImEEEEET_S8_
FNDA:0,_ZSt12__miter_baseIN9__gnu_cxx17__normal_iteratorIPKmSt6vectorImSaImEEEEET_S8_
FN:560,_ZSt12__miter_baseIN9__gnu_cxx17__normal_iteratorIP4EdgeSt6vectorIS2_SaIS2_EEEEET_S8_
FNDA:0,_ZSt12__miter_baseIN9__gnu_cxx17__normal_iteratorIP4EdgeSt6vectorIS2_SaIS2_EEEEET_S8_
DA:560,0
DA:561,0
DA:560,0
DA:561,0
end_of_record
SF:/home/ido/Course-OperationSystems/OS-FinalProject/MST/Tarjan.cpp
FN:4,_ZN6TarjanclEP5Graph
FNDA:1,_ZN6TarjanclEP5Graph
FN:11,_ZZN6TarjanclEP5GraphENKUlRK4EdgeS4_E_clES4_S4_
FNDA:4,_ZZN6TarjanclEP5GraphENKUlRK4EdgeS4_E_clES4_S4_
FN:24,_ZZN6TarjanclEP5GraphENKUliE0_clEi
FNDA:8,_ZZN6TarjanclEP5GraphENKUliE0_clEi
FN:31,_ZZN6TarjanclEP5GraphENKUliiE1_clEii
FNDA:2,_ZZN6TarjanclEP5GraphENKUliiE1_clEii
DA:4,1
DA:7,1
DA:10,1
DA:11,1
DA:12,4
DA:16,1
DA:19,1
DA:20,4
DA:21,3
DA:24,8
DA:25,8
DA:26,8
DA:27,0
DA:28,1
DA:31,6
DA:32,2
DA:33,2
DA:34,2
DA:35,2
DA:36,3
DA:39,2
DA:41,2
DA:42,2
DA:45,2
DA:47,2
DA:48,2
DA:52,2
DA:53,1
DA:56,1
DA:57,1
DA:59,1
DA:60,1
DA:63,1
DA:64,1
end_of_record
SF:/usr/include/c++/11/bits/stl_iterator_base_funcs.h
FN:80,_ZSt10__distanceINSt8__detail14_Node_iteratorI4EdgeLb1ELb1EEEENSt15iterator_traitsIT_E15difference_typeES5_S5_St18input_iterator_tag
FNDA:1,_ZSt10__distanceINSt8__detail14_Node_iteratorI4EdgeLb1ELb1EEEENSt15iterator_traitsIT_E15difference_typeES5_S5_St18input_iterator_tag
FN:138,_ZSt8distanceINSt8__detail14_Node_iteratorI4EdgeLb1ELb1EEEENSt15iterator_traitsIT_E15difference_typeES5_S5_
FNDA:1,_ZSt8distanceINSt8__detail14_Node_iteratorI4EdgeLb1ELb1EEEENSt15iterator_traitsIT_E15difference_typeES5_S5_
DA:80,1
DA:86,1
DA:87,4
DA:89,3
DA:90,3
DA:92,1
DA:138,1
DA:141,1
DA:142,1
end_of_record
SF:/usr/include/c++/11/ext/new_allocator.h
FN:79,_ZN9__gnu_cxx13new_allocatorI4EdgeEC2Ev
FNDA:0,_ZN9__gnu_cxx13new_allocatorI4EdgeEC2Ev
FN:79,_ZN9__gnu_cxx13new_allocatorISt6vectorImSaImEEEC2Ev
FNDA:0,_ZN9__gnu_cxx13new_allocatorISt6vectorImSaImEEEC2Ev
FN:79,_ZN9__gnu_cxx13new_allocatorIiEC2Ev
FNDA:0,_ZN9__gnu_cxx13new_allocatorIiEC2Ev
FN:82,_ZN9__gnu_cxx13new_allocatorIiEC2ERKS1_
FNDA:0,_ZN9__gnu_cxx13new_allocatorIiEC2ERKS1_
FN:82,_ZN9__gnu_cxx13new_allocatorI4EdgeEC2ERKS2_
FNDA:0,_ZN9__gnu_cxx13new_allocatorI4EdgeEC2ERKS2_
FN:82,_ZN9__gnu_cxx13new_allocatorISt6vectorImSaImEEEC2ERKS4_
FNDA:0,_ZN9__gnu_cxx13new_allocatorISt6vectorImSaImEEEC2ERKS4_
FN:82,_ZN9__gnu_cxx13new_allocatorImEC2ERKS1_
FNDA:0,_ZN9__gnu_cxx13new_allocatorImEC2ERKS1_
FN:89,_ZN9__gnu_cxx13new_allocatorImED2Ev
FNDA:0,_ZN9__gnu_cxx13new_allocatorImED2Ev
FN:89,_ZN9__gnu_cxx13new_allocatorISt13_Rb_tree_nodeISt4pairIKmmEEED2Ev
FNDA:0,_ZN9__gnu_cxx13new_allocatorISt13_Rb_tree_nodeISt4pairIKmmEEED2Ev
FN:89,_ZN9__gnu_cxx13new_allocatorISt6vectorImSaImEEED2Ev
FNDA:0,_ZN9__gnu_cxx13new_allocatorISt6vectorImSaImEEED2Ev
FN:89,_ZN9__gnu_cxx13new_allocatorIiED2Ev
FNDA:0,_ZN9__gnu_cxx13new_allocatorIiED2Ev
FN:89,_ZN9__gnu_cxx13new_allocatorI4EdgeED2Ev
FNDA:0,_ZN9__gnu_cxx13new_allocatorI4EdgeED2Ev
FN:103,_ZN9__gnu_cxx13new_allocatorIiE8allocateEmPKv
FNDA:0,_ZN9__gnu_cxx13new_allocatorIiE8allocateEmPKv
FN:103,_ZN9__gnu_cxx13new_allocatorImE8allocateEmPKv
FNDA:0,_ZN9__gnu_cxx13new_allocatorImE8allocateEmPKv
FN:103,_ZN9__gnu_cxx13new_allocatorI4EdgeE8allocateEmPKv
FNDA:0,_ZN9__gnu_cxx13new_allocatorI4EdgeE8allocateEmPKv
FN:103,_ZN9__gnu_cxx13new_allocatorISt6vectorImSaImEEE8allocateEmPKv
FNDA:0,_ZN9__gnu_cxx13new_allocatorISt6vectorImSaImEEE8allocateEmPKv
FN:132,_ZN9__gnu_cxx13new_allocatorISt13_Rb_tree_nodeISt4pairIKmmEEE10deallocateEPS5_m
FNDA:0,_ZN9__gnu_cxx13new_allocatorISt13_Rb_tree_nodeISt4pairIKmmEEE10deallocateEPS5_m
FN:132,_ZN9__gnu_cxx13new_allocatorIiE10deallocateEPim
FNDA:0,_ZN9__gnu_cxx13new_allocatorIiE10deallocateEPim
FN:132,_ZN9__gnu_cxx13new_allocatorI4EdgeE10deallocateEPS1_m
FNDA:0,_ZN9__gnu_cxx13new_allocatorI4EdgeE10deallocateEPS1_m
FN:132,_ZN9__gnu_cxx13new_allocatorISt6vectorImSaImEEE10deallocateEPS3_m
FNDA:0,_ZN9__gnu_cxx13new_allocatorISt6vectorImSaImEEE10deallocateEPS3_m
FN:132,_ZN9__gnu_cxx13new_allocatorImE10deallocateEPmm
FNDA:0,_ZN9__gnu_cxx13new_allocatorImE10deallocateEPmm
FN:154,_ZNK9__gnu_cxx13new_allocatorIiE8max_sizeEv
FNDA:0,_ZNK9__gnu_cxx13new_allocatorIiE8max_sizeEv
FN:154,_ZNK9__gnu_cxx13new_allocatorI4EdgeE8max_sizeEv
FNDA:0,_ZNK9__gnu_cxx13new_allocatorI4EdgeE8max_sizeEv
FN:166,_ZN9__gnu_cxx13new_allocatorISt13_Rb_tree_nodeISt4pairIKmmEEE7destroyIS4_EEvPT_
FNDA:0,_ZN9__gnu_cxx13new_allocatorISt13_Rb_tree_nodeISt4pairIKmmEEE7destroyIS4_EEvPT_
FN:197,_ZNK9__gnu_cxx13new_allocatorI4EdgeE11_M_max_sizeEv
FNDA:0,_ZNK9__gnu_cxx13new_allocatorI4EdgeE11_M_max_sizeEv
FN:197,_ZNK9__gnu_cxx13new_allocatorIiE11_M_max_sizeEv
FNDA:0,_ZNK9__gnu_cxx13new_allocatorIiE11_M_max_sizeEv
FN:197,_ZNK9__gnu_cxx13new_allocatorISt6vectorImSaImEEE11_M_max_sizeEv
FNDA:0,_ZNK9__gnu_cxx13new_allocatorISt6vectorImSaImEEE11_M_max_sizeEv
FN:197,_ZNK9__gnu_cxx13new_allocatorImE11_M_max_sizeEv
FNDA:0,_ZNK9__gnu_cxx13new_allocatorImE11_M_max_sizeEv
DA:79,0
DA:79,0
DA:79,0
DA:82,0
DA:82,0
DA:82,0
DA:82,0
DA:89,0
DA:89,0
DA:89,0
DA:89,0
DA:89,0
DA:103,0
DA:111,0
DA:115,0
DA:116,0
DA:117,0
DA:127,0
DA:103,0
DA:111,0
DA:115,0
DA:116,0
DA:117,0
DA:127,0
DA:103,0
DA:111,0
DA:115,0
DA:116,0
DA:117,0
DA:127,0
DA:103,0
DA:111,0
DA:115,0
DA:116,0
DA:117,0
DA:127,0
DA:132,0
DA:145,0
DA:132,0
DA:145,0
DA:132,0
DA:145,0
DA:132,0
DA:145,0
DA:132,0
DA:145,0
DA:154,0
DA:155,0
DA:154,0
DA:155,0
DA:166,0
DA:168,0
DA:197,0
DA:200,0
DA:197,0
DA:200,0
DA:197,0
DA:200,0
DA:197,0
DA:200,0
end_of_record
SF:/usr/include/c++/11/new
FN:174,_ZnwmPv
FNDA:0,_ZnwmPv
FN:180,_ZdlPvS_
FNDA:0,_ZdlPvS_
DA:174,0
DA:175,0
DA:180,0
end_of_record
SF:/usr/include/c++/11/bits/move.h
FN:49,_ZSt11__addressofIKZN6TarjanclEP5GraphEUliE0_EPT_RS5_
FNDA:8,_ZSt11__addressofIKZN6TarjanclEP5GraphEUliE0_EPT_RS5_
FN:49,_ZSt11__addressofISt6vectorImSaImEEEPT_RS3_
FNDA:0,_ZSt11__addressofISt6vectorImSaImEEEPT_RS3_
FN:49,_ZSt11__addressofIiEPT_RS0_
FNDA:1,_ZSt11__addressofIiEPT_RS0_
FN:49,_ZSt11__addressofI4EdgeEPT_RS1_
FNDA:0,_ZSt11__addressofI4EdgeEPT_RS1_
FN:77,_ZSt7forwardIRK4EdgeEOT_RNSt16remove_referenceIS3_E4typeE
FNDA:0,_ZSt7forwardIRK4EdgeEOT_RNSt16remove_referenceIS3_E4typeE
FN:77,_ZSt7forwardIiEOT_RNSt16remove_referenceIS0_E4typeE
FNDA:0,_ZSt7forwardIiEOT_RNSt16remove_referenceIS0_E4typeE
FN:77,_ZSt7forwardIZN6TarjanclEP5GraphEUliE0_EOT_RNSt16remove_referenceIS4_E4typeE
FNDA:3,_ZSt7forwardIZN6TarjanclEP5GraphEUliE0_EOT_RNSt16remove_referenceIS4_E4typeE
FN:77,_ZSt7forwardISt6vectorIS0_ImSaImEESaIS2_EEEOT_RNSt16remove_referenceIS5_E4typeE
FNDA:0,_ZSt7forwardISt6vectorIS0_ImSaImEESaIS2_EEEOT_RNSt16remove_referenceIS5_E4typeE
FN:77,_ZSt7forwardIRZN6TarjanclEP5GraphEUliE0_EOT_RNSt16remove_referenceIS5_E4typeE
FNDA:16,_ZSt7forwardIRZN6TarjanclEP5GraphEUliE0_EOT_RNSt16remove_referenceIS5_E4typeE
FN:77,_ZSt7forwardIRKZN6TarjanclEP5GraphEUliE0_EOT_RNSt16remove_referenceIS6_E4typeE
FNDA:0,_ZSt7forwardIRKZN6TarjanclEP5GraphEUliE0_EOT_RNSt16remove_referenceIS6_E4typeE
FN:77,_ZSt7forwardIRKSt6vectorImSaImEEEOT_RNSt16remove_referenceIS5_E4typeE
FNDA:0,_ZSt7forwardIRKSt6vectorImSaImEEEOT_RNSt16remove_referenceIS5_E4typeE
FN:104,_ZSt4moveIR4EdgeEONSt16remove_referenceIT_E4typeEOS3_
FNDA:0,_ZSt4moveIR4EdgeEONSt16remove_referenceIT_E4typeEOS3_
FN:104,_ZSt4moveIRSaISt6vectorImSaImEEEEONSt16remove_referenceIT_E4typeEOS6_
FNDA:0,_ZSt4moveIRSaISt6vectorImSaImEEEEONSt16remove_referenceIT_E4typeEOS6_
FN:104,_ZSt4moveIRSt6vectorIS0_ImSaImEESaIS2_EEEONSt16remove_referenceIT_E4typeEOS7_
FNDA:0,_ZSt4moveIRSt6vectorIS0_ImSaImEESaIS2_EEEONSt16remove_referenceIT_E4typeEOS7_
FN:104,_ZSt4moveIRZN6TarjanclEP5GraphEUlRK4EdgeS5_E_EONSt16remove_referenceIT_E4typeEOS9_
FNDA:4,_ZSt4moveIRZN6TarjanclEP5GraphEUlRK4EdgeS5_E_EONSt16remove_referenceIT_E4typeEOS9_
FN:104,_ZSt4moveIRN9__gnu_cxx5__ops15_Iter_comp_iterIZN6TarjanclEP5GraphEUlRK4EdgeS8_E_EEEONSt16remove_referenceIT_E4typeEOSD_
FNDA:2,_ZSt4moveIRN9__gnu_cxx5__ops15_Iter_comp_iterIZN6TarjanclEP5GraphEUlRK4EdgeS8_E_EEEONSt16remove_referenceIT_E4typeEOSD_
FN:196,_ZSt4swapI4EdgeENSt9enable_ifIXsrSt6__and_IJSt6__not_ISt15__is_tuple_likeIT_EESt21is_move_constructibleIS5_ESt18is_move_assignableIS5_EEE5valueEvE4typeERS5_SF_
FNDA:0,_ZSt4swapI4EdgeENSt9enable_ifIXsrSt6__and_IJSt6__not_ISt15__is_tuple_likeIT_EESt21is_move_constructibleIS5_ESt18is_move_assignableIS5_EEE5valueEvE4typeERS5_SF_
DA:49,0
DA:50,0
DA:49,1
DA:50,1
DA:49,0
DA:50,0
DA:49,8
DA:50,8
DA:77,0
DA:78,0
DA:77,0
DA:78,0
DA:77,0
DA:78,0
DA:77,16
DA:78,16
DA:77,0
DA:78,0
DA:77,3
DA:78,3
DA:77,0
DA:78,0
DA:104,2
DA:105,2
DA:104,0
DA:105,0
DA:104,0
DA:105,0
DA:104,0
DA:105,0
DA:104,4
DA:105,4
DA:196,0
DA:204,0
DA:205,0
DA:206,0
DA:207,0
end_of_record
