TN:
SF:/usr/include/c++/11/bits/stl_function.h
FN:399,_ZNKSt4lessImEclERKmS2_
FNDA:0,_ZNKSt4lessImEclERKmS2_
FN:1174,_ZNKSt10_Select1stISt4pairIKmmEEclERKS2_
FNDA:0,_ZNKSt10_Select1stISt4pairIKmmEEclERKS2_
DA:399,0
DA:400,0
DA:1174,0
DA:1175,0
end_of_record
SF:/usr/include/c++/11/bits/stl_iterator.h
FN:1027,_ZN9__gnu_cxx17__normal_iteratorIPK4EdgeSt6vectorIS1_SaIS1_EEEC2ERKS3_
FNDA:0,_ZN9__gnu_cxx17__normal_iteratorIPK4EdgeSt6vectorIS1_SaIS1_EEEC2ERKS3_
FN:1027,_ZN9__gnu_cxx17__normal_iteratorIP4EdgeSt6vectorIS1_SaIS1_EEEC2ERKS2_
FNDA:48,_ZN9__gnu_cxx17__normal_iteratorIP4EdgeSt6vectorIS1_SaIS1_EEEC2ERKS2_
FN:1033,_ZN9__gnu_cxx17__normal_iteratorIPK4EdgeSt6vectorIS1_SaIS1_EEEC2IPS1_EERKNS0_IT_NS_11__enable_ifIXsrSt10__are_sameISA_S9_E7__valueES6_E6__typeEEE
FNDA:0,_ZN9__gnu_cxx17__normal_iteratorIPK4EdgeSt6vectorIS1_SaIS1_EEEC2IPS1_EERKNS0_IT_NS_11__enable_ifIXsrSt10__are_sameISA_S9_E7__valueES6_E6__typeEEE
FN:1042,_ZNK9__gnu_cxx17__normal_iteratorIP4EdgeSt6vectorIS1_SaIS1_EEEdeEv
FNDA:0,_ZNK9__gnu_cxx17__normal_iteratorIP4EdgeSt6vectorIS1_SaIS1_EEEdeEv
FN:1042,_ZNK9__gnu_cxx17__normal_iteratorIPK4EdgeSt6vectorIS1_SaIS1_EEEdeEv
FNDA:0,_ZNK9__gnu_cxx17__normal_iteratorIPK4EdgeSt6vectorIS1_SaIS1_EEEdeEv
FN:1052,_ZN9__gnu_cxx17__normal_iteratorIPK4EdgeSt6vectorIS1_SaIS1_EEEppEv
FNDA:0,_ZN9__gnu_cxx17__normal_iteratorIPK4EdgeSt6vectorIS1_SaIS1_EEEppEv
FN:1052,_ZN9__gnu_cxx17__normal_iteratorIP4EdgeSt6vectorIS1_SaIS1_EEEppEv
FNDA:0,_ZN9__gnu_cxx17__normal_iteratorIP4EdgeSt6vectorIS1_SaIS1_EEEppEv
FN:1090,_ZNK9__gnu_cxx17__normal_iteratorIP4EdgeSt6vectorIS1_SaIS1_EEEplEl
FNDA:0,_ZNK9__gnu_cxx17__normal_iteratorIP4EdgeSt6vectorIS1_SaIS1_EEEplEl
FN:1105,_ZNK9__gnu_cxx17__normal_iteratorIPK4EdgeSt6vectorIS1_SaIS1_EEE4baseEv
FNDA:0,_ZNK9__gnu_cxx17__normal_iteratorIPK4EdgeSt6vectorIS1_SaIS1_EEE4baseEv
FN:1105,_ZNK9__gnu_cxx17__normal_iteratorIP4EdgeSt6vectorIS1_SaIS1_EEE4baseEv
FNDA:0,_ZNK9__gnu_cxx17__normal_iteratorIP4EdgeSt6vectorIS1_SaIS1_EEE4baseEv
FN:1163,_ZN9__gnu_cxxeqIP4EdgeSt6vectorIS1_SaIS1_EEEEbRKNS_17__normal_iteratorIT_T0_EESB_
FNDA:8,_ZN9__gnu_cxxeqIP4EdgeSt6vectorIS1_SaIS1_EEEEbRKNS_17__normal_iteratorIT_T0_EESB_
FN:1179,_ZN9__gnu_cxxneIP4EdgeSt6vectorIS1_SaIS1_EEEEbRKNS_17__normal_iteratorIT_T0_EESB_
FNDA:0,_ZN9__gnu_cxxneIP4EdgeSt6vectorIS1_SaIS1_EEEEbRKNS_17__normal_iteratorIT_T0_EESB_
FN:1179,_ZN9__gnu_cxxneIPK4EdgeSt6vectorIS1_SaIS1_EEEEbRKNS_17__normal_iteratorIT_T0_EESC_
FNDA:0,_ZN9__gnu_cxxneIPK4EdgeSt6vectorIS1_SaIS1_EEEEbRKNS_17__normal_iteratorIT_T0_EESC_
FN:1268,_ZN9__gnu_cxxmiIPK4EdgeSt6vectorIS1_SaIS1_EEEENS_17__normal_iteratorIT_T0_E15difference_typeERKSA_SD_
FNDA:0,_ZN9__gnu_cxxmiIPK4EdgeSt6vectorIS1_SaIS1_EEEENS_17__normal_iteratorIT_T0_E15difference_typeERKSA_SD_
FN:1268,_ZN9__gnu_cxxmiIP4EdgeSt6vectorIS1_SaIS1_EEEENS_17__normal_iteratorIT_T0_E15difference_typeERKS9_SC_
FNDA:24,_ZN9__gnu_cxxmiIP4EdgeSt6vectorIS1_SaIS1_EEEENS_17__normal_iteratorIT_T0_E15difference_typeERKS9_SC_
FN:1291,_ZSt12__niter_baseIP4EdgeSt6vectorIS0_SaIS0_EEET_N9__gnu_cxx17__normal_iteratorIS5_T0_EE
FNDA:0,_ZSt12__niter_baseIP4EdgeSt6vectorIS0_SaIS0_EEET_N9__gnu_cxx17__normal_iteratorIS5_T0_EE
FN:1723,_ZSt32__make_move_if_noexcept_iteratorI4EdgePKS0_ET0_PT_
FNDA:32,_ZSt32__make_move_if_noexcept_iteratorI4EdgePKS0_ET0_PT_
DA:1027,0
DA:1028,0
DA:1027,48
DA:1028,48
DA:1033,0
DA:1037,0
DA:1042,0
DA:1043,0
DA:1042,0
DA:1043,0
DA:1052,0
DA:1054,0
DA:1055,0
DA:1052,0
DA:1054,0
DA:1055,0
DA:1090,0
DA:1091,0
DA:1105,0
DA:1106,0
DA:1105,0
DA:1106,0
DA:1163,8
DA:1166,8
DA:1179,0
DA:1182,0
DA:1179,0
DA:1182,0
DA:1268,24
DA:1271,24
DA:1268,0
DA:1271,0
DA:1291,0
DA:1293,0
DA:1723,32
DA:1724,32
end_of_record
SF:/home/imri/OS-FinalProject/GraphObj/edge.hpp
end_of_record
SF:/usr/include/c++/11/ext/new_allocator.h
FN:79,_ZN9__gnu_cxx13new_allocatorI4EdgeEC2Ev
FNDA:0,_ZN9__gnu_cxx13new_allocatorI4EdgeEC2Ev
FN:79,_ZN9__gnu_cxx13new_allocatorISt13_Rb_tree_nodeISt4pairIKmmEEEC2Ev
FNDA:0,_ZN9__gnu_cxx13new_allocatorISt13_Rb_tree_nodeISt4pairIKmmEEEC2Ev
FN:82,_ZN9__gnu_cxx13new_allocatorISt13_Rb_tree_nodeISt4pairIKmmEEEC2ERKS6_
FNDA:0,_ZN9__gnu_cxx13new_allocatorISt13_Rb_tree_nodeISt4pairIKmmEEEC2ERKS6_
FN:82,_ZN9__gnu_cxx13new_allocatorI4EdgeEC2ERKS2_
FNDA:0,_ZN9__gnu_cxx13new_allocatorI4EdgeEC2ERKS2_
FN:89,_ZN9__gnu_cxx13new_allocatorI4EdgeED2Ev
FNDA:0,_ZN9__gnu_cxx13new_allocatorI4EdgeED2Ev
FN:89,_ZN9__gnu_cxx13new_allocatorISt13_Rb_tree_nodeISt4pairIKmmEEED2Ev
FNDA:0,_ZN9__gnu_cxx13new_allocatorISt13_Rb_tree_nodeISt4pairIKmmEEED2Ev
FN:103,_ZN9__gnu_cxx13new_allocatorISt13_Rb_tree_nodeISt4pairIKmmEEE8allocateEmPKv
FNDA:0,_ZN9__gnu_cxx13new_allocatorISt13_Rb_tree_nodeISt4pairIKmmEEE8allocateEmPKv
FN:103,_ZN9__gnu_cxx13new_allocatorI4EdgeE8allocateEmPKv
FNDA:0,_ZN9__gnu_cxx13new_allocatorI4EdgeE8allocateEmPKv
FN:132,_ZN9__gnu_cxx13new_allocatorI4EdgeE10deallocateEPS1_m
FNDA:0,_ZN9__gnu_cxx13new_allocatorI4EdgeE10deallocateEPS1_m
FN:132,_ZN9__gnu_cxx13new_allocatorISt13_Rb_tree_nodeISt4pairIKmmEEE10deallocateEPS5_m
FNDA:0,_ZN9__gnu_cxx13new_allocatorISt13_Rb_tree_nodeISt4pairIKmmEEE10deallocateEPS5_m
FN:154,_ZNK9__gnu_cxx13new_allocatorI4EdgeE8max_sizeEv
FNDA:16,_ZNK9__gnu_cxx13new_allocatorI4EdgeE8max_sizeEv
FN:160,_ZN9__gnu_cxx13new_allocatorI4EdgeE9constructIS1_JRKS1_EEEvPT_DpOT0_
FNDA:12,_ZN9__gnu_cxx13new_allocatorI4EdgeE9constructIS1_JRKS1_EEEvPT_DpOT0_
FN:160,_ZN9__gnu_cxx13new_allocatorISt13_Rb_tree_nodeISt4pairIKmmEEE9constructIS4_JRKS4_EEEvPT_DpOT0_
FNDA:0,_ZN9__gnu_cxx13new_allocatorISt13_Rb_tree_nodeISt4pairIKmmEEE9constructIS4_JRKS4_EEEvPT_DpOT0_
FN:166,_ZN9__gnu_cxx13new_allocatorISt13_Rb_tree_nodeISt4pairIKmmEEE7destroyIS4_EEvPT_
FNDA:0,_ZN9__gnu_cxx13new_allocatorISt13_Rb_tree_nodeISt4pairIKmmEEE7destroyIS4_EEvPT_
FN:166,_ZN9__gnu_cxx13new_allocatorI4EdgeE7destroyIS1_EEvPT_
FNDA:0,_ZN9__gnu_cxx13new_allocatorI4EdgeE7destroyIS1_EEvPT_
FN:197,_ZNK9__gnu_cxx13new_allocatorI4EdgeE11_M_max_sizeEv
FNDA:0,_ZNK9__gnu_cxx13new_allocatorI4EdgeE11_M_max_sizeEv
FN:197,_ZNK9__gnu_cxx13new_allocatorISt13_Rb_tree_nodeISt4pairIKmmEEE11_M_max_sizeEv
FNDA:0,_ZNK9__gnu_cxx13new_allocatorISt13_Rb_tree_nodeISt4pairIKmmEEE11_M_max_sizeEv
DA:79,0
DA:79,0
DA:82,0
DA:82,0
DA:89,0
DA:89,0
DA:103,0
DA:111,0
DA:115,0
DA:116,0
DA:117,0
DA:127,0
DA:103,0
DA:111,0
DA:115,0
DA:116,0
DA:117,0
DA:127,0
DA:132,0
DA:145,0
DA:132,0
DA:145,0
DA:154,16
DA:155,16
DA:160,0
DA:162,0
DA:160,12
DA:162,12
DA:166,0
DA:168,0
DA:166,0
DA:168,0
DA:197,0
DA:200,0
DA:197,0
DA:200,0
end_of_record
SF:/usr/include/c++/11/bits/stl_iterator_base_types.h
FN:238,_ZSt19__iterator_categoryIN9__gnu_cxx17__normal_iteratorIP4EdgeSt6vectorIS2_SaIS2_EEEEENSt15iterator_traitsIT_E17iterator_categoryERKS9_
FNDA:8,_ZSt19__iterator_categoryIN9__gnu_cxx17__normal_iteratorIP4EdgeSt6vectorIS2_SaIS2_EEEEENSt15iterator_traitsIT_E17iterator_categoryERKS9_
DA:238,8
DA:239,8
end_of_record
SF:/usr/include/c++/11/bits/stl_map.h
FN:185,_ZNSt3mapImmSt4lessImESaISt4pairIKmmEEEC2Ev
FNDA:0,_ZNSt3mapImmSt4lessImESaISt4pairIKmmEEEC2Ev
FN:207,_ZNSt3mapImmSt4lessImESaISt4pairIKmmEEEC2ERKS6_
FNDA:0,_ZNSt3mapImmSt4lessImESaISt4pairIKmmEEEC2ERKS6_
FN:302,_ZNSt3mapImmSt4lessImESaISt4pairIKmmEEED2Ev
FNDA:0,_ZNSt3mapImmSt4lessImESaISt4pairIKmmEEED2Ev
FN:356,_ZNSt3mapImmSt4lessImESaISt4pairIKmmEEE5beginEv
FNDA:3,_ZNSt3mapImmSt4lessImESaISt4pairIKmmEEE5beginEv
FN:374,_ZNSt3mapImmSt4lessImESaISt4pairIKmmEEE3endEv
FNDA:0,_ZNSt3mapImmSt4lessImESaISt4pairIKmmEEE3endEv
FN:1068,_ZNSt3mapImmSt4lessImESaISt4pairIKmmEEE5eraseERS3_
FNDA:0,_ZNSt3mapImmSt4lessImESaISt4pairIKmmEEE5eraseERS3_
FN:1133,_ZNSt3mapImmSt4lessImESaISt4pairIKmmEEE5clearEv
FNDA:0,_ZNSt3mapImmSt4lessImESaISt4pairIKmmEEE5clearEv
DA:185,0
DA:207,0
DA:302,0
DA:356,3
DA:357,3
DA:374,0
DA:375,0
DA:1068,0
DA:1069,0
DA:1133,0
DA:1134,0
end_of_record
SF:/usr/include/c++/11/new
FN:174,_ZnwmPv
FNDA:0,_ZnwmPv
FN:180,_ZdlPvS_
FNDA:0,_ZdlPvS_
DA:174,0
DA:175,0
DA:180,0
end_of_record
SF:/usr/include/c++/11/bits/cpp_type_traits.h
FN:560,_ZSt12__miter_baseIN9__gnu_cxx17__normal_iteratorIP4EdgeSt6vectorIS2_SaIS2_EEEEET_S8_
FNDA:0,_ZSt12__miter_baseIN9__gnu_cxx17__normal_iteratorIP4EdgeSt6vectorIS2_SaIS2_EEEEET_S8_
DA:560,0
DA:561,0
end_of_record
SF:/usr/include/c++/11/bits/predefined_ops.h
FN:262,_ZN9__gnu_cxx5__ops16_Iter_equals_valIK4EdgeEC2ERS3_
FNDA:8,_ZN9__gnu_cxx5__ops16_Iter_equals_valIK4EdgeEC2ERS3_
FN:269,_ZN9__gnu_cxx5__ops16_Iter_equals_valIK4EdgeEclINS_17__normal_iteratorIPS2_St6vectorIS2_SaIS2_EEEEEEbT_
FNDA:2,_ZN9__gnu_cxx5__ops16_Iter_equals_valIK4EdgeEclINS_17__normal_iteratorIPS2_St6vectorIS2_SaIS2_EEEEEEbT_
FN:276,_ZN9__gnu_cxx5__ops17__iter_equals_valIK4EdgeEENS0_16_Iter_equals_valIT_EERS5_
FNDA:8,_ZN9__gnu_cxx5__ops17__iter_equals_valIK4EdgeEENS0_16_Iter_equals_valIT_EERS5_
DA:262,8
DA:263,8
DA:264,8
DA:269,2
DA:270,2
DA:276,8
DA:277,8
end_of_record
SF:/usr/include/c++/11/bits/stl_vector.h
FN:97,_ZNSt12_Vector_baseI4EdgeSaIS0_EE17_Vector_impl_dataC2Ev
FNDA:0,_ZNSt12_Vector_baseI4EdgeSaIS0_EE17_Vector_impl_dataC2Ev
FN:131,_ZNSt12_Vector_baseI4EdgeSaIS0_EE12_Vector_implC2Ev
FNDA:0,_ZNSt12_Vector_baseI4EdgeSaIS0_EE12_Vector_implC2Ev
FN:136,_ZNSt12_Vector_baseI4EdgeSaIS0_EE12_Vector_implC2ERKS1_
FNDA:0,_ZNSt12_Vector_baseI4EdgeSaIS0_EE12_Vector_implC2ERKS1_
FN:276,_ZNSt12_Vector_baseI4EdgeSaIS0_EE19_M_get_Tp_allocatorEv
FNDA:0,_ZNSt12_Vector_baseI4EdgeSaIS0_EE19_M_get_Tp_allocatorEv
FN:280,_ZNKSt12_Vector_baseI4EdgeSaIS0_EE19_M_get_Tp_allocatorEv
FNDA:0,_ZNKSt12_Vector_baseI4EdgeSaIS0_EE19_M_get_Tp_allocatorEv
FN:288,_ZNSt12_Vector_baseI4EdgeSaIS0_EEC2Ev
FNDA:0,_ZNSt12_Vector_baseI4EdgeSaIS0_EEC2Ev
FN:303,_ZNSt12_Vector_baseI4EdgeSaIS0_EEC2EmRKS1_
FNDA:0,_ZNSt12_Vector_baseI4EdgeSaIS0_EEC2EmRKS1_
FN:333,_ZNSt12_Vector_baseI4EdgeSaIS0_EED2Ev
FNDA:0,_ZNSt12_Vector_baseI4EdgeSaIS0_EED2Ev
FN:343,_ZNSt12_Vector_baseI4EdgeSaIS0_EE11_M_allocateEm
FNDA:0,_ZNSt12_Vector_baseI4EdgeSaIS0_EE11_M_allocateEm
FN:350,_ZNSt12_Vector_baseI4EdgeSaIS0_EE13_M_deallocateEPS0_m
FNDA:0,_ZNSt12_Vector_baseI4EdgeSaIS0_EE13_M_deallocateEPS0_m
FN:359,_ZNSt12_Vector_baseI4EdgeSaIS0_EE17_M_create_storageEm
FNDA:0,_ZNSt12_Vector_baseI4EdgeSaIS0_EE17_M_create_storageEm
FN:487,_ZNSt6vectorI4EdgeSaIS0_EEC2Ev
FNDA:0,_ZNSt6vectorI4EdgeSaIS0_EEC2Ev
FN:553,_ZNSt6vectorI4EdgeSaIS0_EEC2ERKS2_
FNDA:0,_ZNSt6vectorI4EdgeSaIS0_EEC2ERKS2_
FN:678,_ZNSt6vectorI4EdgeSaIS0_EED2Ev
FNDA:0,_ZNSt6vectorI4EdgeSaIS0_EED2Ev
FN:811,_ZNSt6vectorI4EdgeSaIS0_EE5beginEv
FNDA:20,_ZNSt6vectorI4EdgeSaIS0_EE5beginEv
FN:820,_ZNKSt6vectorI4EdgeSaIS0_EE5beginEv
FNDA:0,_ZNKSt6vectorI4EdgeSaIS0_EE5beginEv
FN:829,_ZNSt6vectorI4EdgeSaIS0_EE3endEv
FNDA:28,_ZNSt6vectorI4EdgeSaIS0_EE3endEv
FN:838,_ZNKSt6vectorI4EdgeSaIS0_EE3endEv
FNDA:0,_ZNKSt6vectorI4EdgeSaIS0_EE3endEv
FN:884,_ZNKSt6vectorI4EdgeSaIS0_EE6cbeginEv
FNDA:0,_ZNKSt6vectorI4EdgeSaIS0_EE6cbeginEv
FN:918,_ZNKSt6vectorI4EdgeSaIS0_EE4sizeEv
FNDA:0,_ZNKSt6vectorI4EdgeSaIS0_EE4sizeEv
FN:923,_ZNKSt6vectorI4EdgeSaIS0_EE8max_sizeEv
FNDA:16,_ZNKSt6vectorI4EdgeSaIS0_EE8max_sizeEv
FN:1187,_ZNSt6vectorI4EdgeSaIS0_EE9push_backERKS0_
FNDA:12,_ZNSt6vectorI4EdgeSaIS0_EE9push_backERKS0_
FN:1457,_ZNSt6vectorI4EdgeSaIS0_EE5eraseEN9__gnu_cxx17__normal_iteratorIPKS0_S2_EES7_
FNDA:0,_ZNSt6vectorI4EdgeSaIS0_EE5eraseEN9__gnu_cxx17__normal_iteratorIPKS0_S2_EES7_
FN:1498,_ZNSt6vectorI4EdgeSaIS0_EE5clearEv
FNDA:3,_ZNSt6vectorI4EdgeSaIS0_EE5clearEv
FN:1756,_ZNKSt6vectorI4EdgeSaIS0_EE12_M_check_lenEmPKc
FNDA:8,_ZNKSt6vectorI4EdgeSaIS0_EE12_M_check_lenEmPKc
FN:1776,_ZNSt6vectorI4EdgeSaIS0_EE11_S_max_sizeERKS1_
FNDA:16,_ZNSt6vectorI4EdgeSaIS0_EE11_S_max_sizeERKS1_
FN:1792,_ZNSt6vectorI4EdgeSaIS0_EE15_M_erase_at_endEPS0_
FNDA:3,_ZNSt6vectorI4EdgeSaIS0_EE15_M_erase_at_endEPS0_
DA:97,0
DA:98,0
DA:99,0
DA:131,0
DA:133,0
DA:134,0
DA:136,0
DA:137,0
DA:138,0
DA:276,0
DA:277,0
DA:280,0
DA:281,0
DA:288,0
DA:303,0
DA:304,0
DA:305,0
DA:333,0
DA:335,0
DA:336,0
DA:337,0
DA:343,0
DA:346,0
DA:350,0
DA:353,0
DA:354,0
DA:355,0
DA:359,0
DA:361,0
DA:362,0
DA:363,0
DA:364,0
DA:487,0
DA:553,0
DA:555,0
DA:557,0
DA:558,0
DA:560,0
DA:561,0
DA:678,0
DA:680,0
DA:681,0
DA:683,0
DA:811,20
DA:812,20
DA:820,0
DA:821,0
DA:829,28
DA:830,28
DA:838,0
DA:839,0
DA:884,0
DA:885,0
DA:918,0
DA:919,0
DA:923,16
DA:924,16
DA:1187,12
DA:1189,12
DA:1192,4
DA:1194,4
DA:1198,8
DA:1199,12
DA:1457,0
DA:1459,0
DA:1460,0
DA:1461,0
DA:1498,3
DA:1499,3
DA:1756,8
DA:1758,8
DA:1759,0
DA:1761,8
DA:1762,8
DA:1776,16
DA:1781,16
DA:1783,16
DA:1784,16
DA:1792,3
DA:1794,3
DA:1796,3
DA:1797,3
DA:1798,3
DA:1801,3
end_of_record
SF:/usr/include/c++/11/bits/stl_construct.h
FN:109,_ZSt10_ConstructI4EdgeJRKS0_EEvPT_DpOT0_
FNDA:0,_ZSt10_ConstructI4EdgeJRKS0_EEvPT_DpOT0_
FN:146,_ZSt8_DestroyI4EdgeEvPT_
FNDA:0,_ZSt8_DestroyI4EdgeEvPT_
FN:160,_ZNSt12_Destroy_auxILb0EE9__destroyIP4EdgeEEvT_S4_
FNDA:0,_ZNSt12_Destroy_auxILb0EE9__destroyIP4EdgeEEvT_S4_
FN:182,_ZSt8_DestroyIP4EdgeEvT_S2_
FNDA:0,_ZSt8_DestroyIP4EdgeEvT_S2_
DA:109,0
DA:119,0
DA:120,0
DA:146,0
DA:151,0
DA:153,0
DA:160,0
DA:162,0
DA:163,0
DA:164,0
DA:182,0
DA:196,0
DA:197,0
end_of_record
SF:/usr/include/c++/11/bits/stl_uninitialized.h
FN:85,_ZNSt20__uninitialized_copyILb0EE13__uninit_copyIPK4EdgePS2_EET0_T_S7_S6_
FNDA:16,_ZNSt20__uninitialized_copyILb0EE13__uninit_copyIPK4EdgePS2_EET0_T_S7_S6_
FN:85,_ZNSt20__uninitialized_copyILb0EE13__uninit_copyIN9__gnu_cxx17__normal_iteratorIPK4EdgeSt6vectorIS4_SaIS4_EEEEPS4_EET0_T_SD_SC_
FNDA:0,_ZNSt20__uninitialized_copyILb0EE13__uninit_copyIN9__gnu_cxx17__normal_iteratorIPK4EdgeSt6vectorIS4_SaIS4_EEEEPS4_EET0_T_SD_SC_
FN:126,_ZSt18uninitialized_copyIPK4EdgePS0_ET0_T_S5_S4_
FNDA:16,_ZSt18uninitialized_copyIPK4EdgePS0_ET0_T_S5_S4_
FN:126,_ZSt18uninitialized_copyIN9__gnu_cxx17__normal_iteratorIPK4EdgeSt6vectorIS2_SaIS2_EEEEPS2_ET0_T_SB_SA_
FNDA:0,_ZSt18uninitialized_copyIN9__gnu_cxx17__normal_iteratorIPK4EdgeSt6vectorIS2_SaIS2_EEEEPS2_ET0_T_SB_SA_
FN:331,_ZSt22__uninitialized_copy_aIPK4EdgePS0_S0_ET0_T_S5_S4_RSaIT1_E
FNDA:16,_ZSt22__uninitialized_copy_aIPK4EdgePS0_S0_ET0_T_S5_S4_RSaIT1_E
FN:331,_ZSt22__uninitialized_copy_aIN9__gnu_cxx17__normal_iteratorIPK4EdgeSt6vectorIS2_SaIS2_EEEEPS2_S2_ET0_T_SB_SA_RSaIT1_E
FNDA:0,_ZSt22__uninitialized_copy_aIN9__gnu_cxx17__normal_iteratorIPK4EdgeSt6vectorIS2_SaIS2_EEEEPS2_S2_ET0_T_SB_SA_RSaIT1_E
FN:349,_ZSt34__uninitialized_move_if_noexcept_aIP4EdgeS1_SaIS0_EET0_T_S4_S3_RT1_
FNDA:16,_ZSt34__uninitialized_move_if_noexcept_aIP4EdgeS1_SaIS0_EET0_T_S4_S3_RT1_
DA:85,16
DA:88,16
DA:91,18
DA:92,2
DA:93,16
DA:95,0
DA:97,0
DA:98,0
DA:85,0
DA:88,0
DA:91,0
DA:92,0
DA:93,0
DA:95,0
DA:97,0
DA:98,0
DA:126,16
DA:145,16
DA:151,16
DA:126,0
DA:145,0
DA:151,0
DA:331,16
DA:333,16
DA:331,0
DA:333,0
DA:349,16
DA:355,16
DA:356,16
end_of_record
SF:/usr/include/c++/11/bits/alloc_traits.h
FN:463,_ZNSt16allocator_traitsISaISt13_Rb_tree_nodeISt4pairIKmmEEEE8allocateERS5_m
FNDA:0,_ZNSt16allocator_traitsISaISt13_Rb_tree_nodeISt4pairIKmmEEEE8allocateERS5_m
FN:463,_ZNSt16allocator_traitsISaI4EdgeEE8allocateERS1_m
FNDA:0,_ZNSt16allocator_traitsISaI4EdgeEE8allocateERS1_m
FN:495,_ZNSt16allocator_traitsISaISt13_Rb_tree_nodeISt4pairIKmmEEEE10deallocateERS5_PS4_m
FNDA:0,_ZNSt16allocator_traitsISaISt13_Rb_tree_nodeISt4pairIKmmEEEE10deallocateERS5_PS4_m
FN:495,_ZNSt16allocator_traitsISaI4EdgeEE10deallocateERS1_PS0_m
FNDA:0,_ZNSt16allocator_traitsISaI4EdgeEE10deallocateERS1_PS0_m
FN:511,_ZNSt16allocator_traitsISaISt13_Rb_tree_nodeISt4pairIKmmEEEE9constructIS3_JRKS3_EEEvRS5_PT_DpOT0_
FNDA:0,_ZNSt16allocator_traitsISaISt13_Rb_tree_nodeISt4pairIKmmEEEE9constructIS3_JRKS3_EEEvRS5_PT_DpOT0_
FN:511,_ZNSt16allocator_traitsISaI4EdgeEE9constructIS0_JRKS0_EEEvRS1_PT_DpOT0_
FNDA:12,_ZNSt16allocator_traitsISaI4EdgeEE9constructIS0_JRKS0_EEEvRS1_PT_DpOT0_
FN:531,_ZNSt16allocator_traitsISaISt13_Rb_tree_nodeISt4pairIKmmEEEE7destroyIS3_EEvRS5_PT_
FNDA:0,_ZNSt16allocator_traitsISaISt13_Rb_tree_nodeISt4pairIKmmEEEE7destroyIS3_EEvRS5_PT_
FN:531,_ZNSt16allocator_traitsISaI4EdgeEE7destroyIS0_EEvRS1_PT_
FNDA:0,_ZNSt16allocator_traitsISaI4EdgeEE7destroyIS0_EEvRS1_PT_
FN:547,_ZNSt16allocator_traitsISaI4EdgeEE8max_sizeERKS1_
FNDA:16,_ZNSt16allocator_traitsISaI4EdgeEE8max_sizeERKS1_
FN:562,_ZNSt16allocator_traitsISaISt13_Rb_tree_nodeISt4pairIKmmEEEE37select_on_container_copy_constructionERKS5_
FNDA:0,_ZNSt16allocator_traitsISaISt13_Rb_tree_nodeISt4pairIKmmEEEE37select_on_container_copy_constructionERKS5_
FN:562,_ZNSt16allocator_traitsISaI4EdgeEE37select_on_container_copy_constructionERKS1_
FNDA:0,_ZNSt16allocator_traitsISaI4EdgeEE37select_on_container_copy_constructionERKS1_
FN:845,_ZSt8_DestroyIP4EdgeS0_EvT_S2_RSaIT0_E
FNDA:0,_ZSt8_DestroyIP4EdgeS0_EvT_S2_RSaIT0_E
DA:463,0
DA:464,0
DA:463,0
DA:464,0
DA:495,0
DA:496,0
DA:495,0
DA:496,0
DA:511,0
DA:516,0
DA:520,0
DA:511,12
DA:516,12
DA:520,12
DA:531,0
DA:535,0
DA:539,0
DA:531,0
DA:535,0
DA:539,0
DA:547,16
DA:550,16
DA:562,0
DA:563,0
DA:562,0
DA:563,0
DA:845,0
DA:848,0
DA:849,0
end_of_record
SF:/usr/include/c++/11/bits/stl_pair.h
FN:352,_ZNSt4pairISt17_Rb_tree_iteratorIS_IKmmEES3_EC2IS3_S3_Lb1EEEOT_OT0_
FNDA:0,_ZNSt4pairISt17_Rb_tree_iteratorIS_IKmmEES3_EC2IS3_S3_Lb1EEEOT_OT0_
DA:352,0
DA:353,0
end_of_record
SF:/usr/include/c++/11/ext/aligned_buffer.h
FN:64,_ZN9__gnu_cxx16__aligned_membufISt4pairIKmmEE7_M_addrEv
FNDA:0,_ZN9__gnu_cxx16__aligned_membufISt4pairIKmmEE7_M_addrEv
FN:68,_ZNK9__gnu_cxx16__aligned_membufISt4pairIKmmEE7_M_addrEv
FNDA:0,_ZNK9__gnu_cxx16__aligned_membufISt4pairIKmmEE7_M_addrEv
FN:72,_ZN9__gnu_cxx16__aligned_membufISt4pairIKmmEE6_M_ptrEv
FNDA:0,_ZN9__gnu_cxx16__aligned_membufISt4pairIKmmEE6_M_ptrEv
FN:76,_ZNK9__gnu_cxx16__aligned_membufISt4pairIKmmEE6_M_ptrEv
FNDA:0,_ZNK9__gnu_cxx16__aligned_membufISt4pairIKmmEE6_M_ptrEv
DA:64,0
DA:65,0
DA:68,0
DA:69,0
DA:72,0
DA:73,0
DA:76,0
DA:77,0
end_of_record
SF:/usr/include/c++/11/bits/vector.tcc
FN:184,_ZNSt6vectorI4EdgeSaIS0_EE8_M_eraseEN9__gnu_cxx17__normal_iteratorIPS0_S2_EES6_
FNDA:0,_ZNSt6vectorI4EdgeSaIS0_EE8_M_eraseEN9__gnu_cxx17__normal_iteratorIPS0_S2_EES6_
FN:426,_ZNSt6vectorI4EdgeSaIS0_EE17_M_realloc_insertIJRKS0_EEEvN9__gnu_cxx17__normal_iteratorIPS0_S2_EEDpOT_
FNDA:8,_ZNSt6vectorI4EdgeSaIS0_EE17_M_realloc_insertIJRKS0_EEEvN9__gnu_cxx17__normal_iteratorIPS0_S2_EEDpOT_
DA:184,0
DA:187,0
DA:189,0
DA:190,0
DA:191,0
DA:193,0
DA:426,8
DA:436,8
DA:437,8
DA:438,8
DA:439,8
DA:440,8
DA:441,8
DA:449,8
DA:450,8
DA:456,8
DA:474,8
DA:475,8
DA:477,8
DA:481,8
DA:482,8
DA:485,0
DA:487,0
DA:488,0
DA:489,0
DA:491,0
DA:492,0
DA:493,0
DA:498,8
DA:500,8
DA:501,8
DA:502,8
DA:503,8
DA:504,8
DA:505,8
end_of_record
SF:/usr/include/c++/11/ext/alloc_traits.h
FN:97,_ZN9__gnu_cxx14__alloc_traitsISaISt13_Rb_tree_nodeISt4pairIKmmEEES5_E17_S_select_on_copyERKS6_
FNDA:0,_ZN9__gnu_cxx14__alloc_traitsISaISt13_Rb_tree_nodeISt4pairIKmmEEES5_E17_S_select_on_copyERKS6_
FN:97,_ZN9__gnu_cxx14__alloc_traitsISaI4EdgeES1_E17_S_select_on_copyERKS2_
FNDA:0,_ZN9__gnu_cxx14__alloc_traitsISaI4EdgeES1_E17_S_select_on_copyERKS2_
DA:97,0
DA:98,0
DA:97,0
DA:98,0
end_of_record
SF:/home/imri/OS-FinalProject/GraphObj/vertex.cpp
FN:6,_ZN6VertexC2Em
FNDA:4,_ZN6VertexC2Em
FN:10,_ZN6Vertex5getIdEv
FNDA:52,_ZN6Vertex5getIdEv
FN:11,_ZNK6Vertex5getIdEv
FNDA:12,_ZNK6Vertex5getIdEv
FN:14,_ZN6Vertex7addEdgeE4Edge
FNDA:8,_ZN6Vertex7addEdgeE4Edge
FN:21,_ZN6Vertex10removeEdgeE4Edge
FNDA:0,_ZN6Vertex10removeEdgeE4Edge
FN:28,_ZN6Vertex14removeAllEdgesEv
FNDA:3,_ZN6Vertex14removeAllEdgesEv
FN:35,_ZN6Vertex5beginEv
FNDA:4,_ZN6Vertex5beginEv
FN:39,_ZN6Vertex3endEv
FNDA:4,_ZN6Vertex3endEv
FN:44,_ZNK6Vertex6getAdjEv
FNDA:0,_ZNK6Vertex6getAdjEv
FN:49,_ZN6Vertex6getAdjEv
FNDA:11,_ZN6Vertex6getAdjEv
FN:55,_ZN6Vertex8adjBeginEv
FNDA:3,_ZN6Vertex8adjBeginEv
FN:60,_ZN6Vertex6adjEndEv
FNDA:7,_ZN6Vertex6adjEndEv
FN:66,_ZNK6Vertex7hasEdgeES_
FNDA:0,_ZNK6Vertex7hasEdgeES_
FN:76,_ZNK6VertexeqERKS_
FNDA:12,_ZNK6VertexeqERKS_
FN:81,_ZN6VertexaSERKS_
FNDA:7,_ZN6VertexaSERKS_
FN:91,_ZlsRSoRK6Vertex
FNDA:0,_ZlsRSoRK6Vertex
DA:6,4
DA:10,52
DA:11,12
DA:14,8
DA:16,8
DA:17,8
DA:18,8
DA:21,0
DA:23,0
DA:24,0
DA:25,0
DA:28,3
DA:30,3
DA:31,3
DA:32,3
DA:35,4
DA:37,4
DA:39,4
DA:41,4
DA:44,0
DA:46,0
DA:49,11
DA:51,11
DA:55,3
DA:57,3
DA:60,7
DA:62,7
DA:66,0
DA:68,0
DA:70,0
DA:71,0
DA:72,0
DA:73,0
DA:76,12
DA:78,12
DA:81,7
DA:83,7
DA:84,11
DA:86,4
DA:87,4
DA:88,7
DA:91,0
DA:93,0
DA:94,0
end_of_record
SF:/usr/include/c++/11/bits/stl_algo.h
FN:813,_ZSt11__remove_ifIN9__gnu_cxx17__normal_iteratorIP4EdgeSt6vectorIS2_SaIS2_EEEENS0_5__ops16_Iter_equals_valIKS2_EEET_SC_SC_T0_
FNDA:0,_ZSt11__remove_ifIN9__gnu_cxx17__normal_iteratorIP4EdgeSt6vectorIS2_SaIS2_EEEENS0_5__ops16_Iter_equals_valIKS2_EEET_SC_SC_T0_
FN:850,_ZSt6removeIN9__gnu_cxx17__normal_iteratorIP4EdgeSt6vectorIS2_SaIS2_EEEES2_ET_S8_S8_RKT0_
FNDA:0,_ZSt6removeIN9__gnu_cxx17__normal_iteratorIP4EdgeSt6vectorIS2_SaIS2_EEEES2_ET_S8_S8_RKT0_
FN:3876,_ZSt4findIN9__gnu_cxx17__normal_iteratorIP4EdgeSt6vectorIS2_SaIS2_EEEES2_ET_S8_S8_RKT0_
FNDA:8,_ZSt4findIN9__gnu_cxx17__normal_iteratorIP4EdgeSt6vectorIS2_SaIS2_EEEES2_ET_S8_S8_RKT0_
DA:813,0
DA:816,0
DA:817,0
DA:818,0
DA:819,0
DA:820,0
DA:821,0
DA:822,0
DA:824,0
DA:825,0
DA:827,0
DA:850,0
DA:860,0
DA:861,0
DA:3876,8
DA:3884,8
DA:3885,8
end_of_record
SF:/home/imri/OS-FinalProject/GraphObj/vertex.hpp
end_of_record
SF:/usr/include/c++/11/bits/stl_algobase.h
FN:230,_ZSt3minImERKT_S2_S2_
FNDA:0,_ZSt3minImERKT_S2_S2_
FN:254,_ZSt3maxImERKT_S2_S2_
FNDA:0,_ZSt3maxImERKT_S2_S2_
FN:328,_ZSt12__niter_wrapIN9__gnu_cxx17__normal_iteratorIP4EdgeSt6vectorIS2_SaIS2_EEEES3_ET_S8_T0_
FNDA:0,_ZSt12__niter_wrapIN9__gnu_cxx17__normal_iteratorIP4EdgeSt6vectorIS2_SaIS2_EEEES3_ET_S8_T0_
FN:400,_ZNSt11__copy_moveILb1ELb0ESt26random_access_iterator_tagE8__copy_mIP4EdgeS4_EET0_T_S6_S5_
FNDA:0,_ZNSt11__copy_moveILb1ELb0ESt26random_access_iterator_tagE8__copy_mIP4EdgeS4_EET0_T_S6_S5_
FN:486,_ZSt14__copy_move_a2ILb1EP4EdgeS1_ET1_T0_S3_S2_
FNDA:0,_ZSt14__copy_move_a2ILb1EP4EdgeS1_ET1_T0_S3_S2_
FN:521,_ZSt14__copy_move_a1ILb1EP4EdgeS1_ET1_T0_S3_S2_
FNDA:0,_ZSt14__copy_move_a1ILb1EP4EdgeS1_ET1_T0_S3_S2_
FN:527,_ZSt13__copy_move_aILb1EN9__gnu_cxx17__normal_iteratorIP4EdgeSt6vectorIS2_SaIS2_EEEES7_ET1_T0_S9_S8_
FNDA:0,_ZSt13__copy_move_aILb1EN9__gnu_cxx17__normal_iteratorIP4EdgeSt6vectorIS2_SaIS2_EEEES7_ET1_T0_S9_S8_
FN:644,_ZSt4moveIN9__gnu_cxx17__normal_iteratorIP4EdgeSt6vectorIS2_SaIS2_EEEES7_ET0_T_S9_S8_
FNDA:0,_ZSt4moveIN9__gnu_cxx17__normal_iteratorIP4EdgeSt6vectorIS2_SaIS2_EEEES7_ET0_T_S9_S8_
FN:2061,_ZSt9__find_ifIN9__gnu_cxx17__normal_iteratorIP4EdgeSt6vectorIS2_SaIS2_EEEENS0_5__ops16_Iter_equals_valIKS2_EEET_SC_SC_T0_St26random_access_iterator_tag
FNDA:8,_ZSt9__find_ifIN9__gnu_cxx17__normal_iteratorIP4EdgeSt6vectorIS2_SaIS2_EEEENS0_5__ops16_Iter_equals_valIKS2_EEET_SC_SC_T0_St26random_access_iterator_tag
FN:2112,_ZSt9__find_ifIN9__gnu_cxx17__normal_iteratorIP4EdgeSt6vectorIS2_SaIS2_EEEENS0_5__ops16_Iter_equals_valIKS2_EEET_SC_SC_T0_
FNDA:8,_ZSt9__find_ifIN9__gnu_cxx17__normal_iteratorIP4EdgeSt6vectorIS2_SaIS2_EEEENS0_5__ops16_Iter_equals_valIKS2_EEET_SC_SC_T0_
DA:230,0
DA:235,0
DA:236,0
DA:237,0
DA:254,0
DA:259,0
DA:260,0
DA:261,0
DA:328,0
DA:329,0
DA:400,0
DA:403,0
DA:405,0
DA:406,0
DA:407,0
DA:409,0
DA:486,0
DA:495,0
DA:521,0
DA:522,0
DA:527,0
DA:529,0
DA:532,0
DA:644,0
DA:652,0
DA:653,0
DA:2061,8
DA:2065,8
DA:2067,8
DA:2069,0
DA:2070,0
DA:2071,0
DA:2073,0
DA:2074,0
DA:2075,0
DA:2077,0
DA:2078,0
DA:2079,0
DA:2081,0
DA:2082,0
DA:2083,0
DA:2086,8
DA:2088,0
DA:2089,0
DA:2090,0
DA:2091,0
DA:2093,0
DA:2094,0
DA:2095,0
DA:2096,0
DA:2098,2
DA:2099,2
DA:2100,0
DA:2101,2
DA:2103,8
DA:2105,8
DA:2112,8
DA:2114,8
DA:2115,16
end_of_record
SF:/usr/include/c++/11/bits/move.h
FN:49,_ZSt11__addressofI4EdgeEPT_RS1_
FNDA:0,_ZSt11__addressofI4EdgeEPT_RS1_
FN:77,_ZSt7forwardIRKSt4pairIKmmEEOT_RNSt16remove_referenceIS5_E4typeE
FNDA:0,_ZSt7forwardIRKSt4pairIKmmEEOT_RNSt16remove_referenceIS5_E4typeE
FN:77,_ZSt7forwardISt17_Rb_tree_iteratorISt4pairIKmmEEEOT_RNSt16remove_referenceIS5_E4typeE
FNDA:0,_ZSt7forwardISt17_Rb_tree_iteratorISt4pairIKmmEEEOT_RNSt16remove_referenceIS5_E4typeE
FN:77,_ZSt7forwardIRK4EdgeEOT_RNSt16remove_referenceIS3_E4typeE
FNDA:0,_ZSt7forwardIRK4EdgeEOT_RNSt16remove_referenceIS3_E4typeE
FN:104,_ZSt4moveIR4EdgeEONSt16remove_referenceIT_E4typeEOS3_
FNDA:0,_ZSt4moveIR4EdgeEONSt16remove_referenceIT_E4typeEOS3_
DA:49,0
DA:50,0
DA:77,0
DA:78,0
DA:77,0
DA:78,0
DA:77,0
DA:78,0
DA:104,0
DA:105,0
end_of_record
SF:/usr/include/c++/11/bits/allocator.h
FN:156,_ZNSaISt13_Rb_tree_nodeISt4pairIKmmEEEC2Ev
FNDA:0,_ZNSaISt13_Rb_tree_nodeISt4pairIKmmEEEC2Ev
FN:156,_ZNSaI4EdgeEC2Ev
FNDA:0,_ZNSaI4EdgeEC2Ev
FN:159,_ZNSaI4EdgeEC2ERKS0_
FNDA:0,_ZNSaI4EdgeEC2ERKS0_
FN:159,_ZNSaISt13_Rb_tree_nodeISt4pairIKmmEEEC2ERKS4_
FNDA:0,_ZNSaISt13_Rb_tree_nodeISt4pairIKmmEEEC2ERKS4_
FN:174,_ZNSaISt13_Rb_tree_nodeISt4pairIKmmEEED2Ev
FNDA:0,_ZNSaISt13_Rb_tree_nodeISt4pairIKmmEEED2Ev
FN:174,_ZNSaI4EdgeED2Ev
FNDA:0,_ZNSaI4EdgeED2Ev
DA:156,0
DA:156,0
DA:159,0
DA:160,0
DA:159,0
DA:160,0
DA:174,0
DA:174,0
end_of_record
SF:/usr/include/c++/11/bits/stl_tree.h
FN:112,_ZNSt18_Rb_tree_node_base10_S_minimumEPS_
FNDA:0,_ZNSt18_Rb_tree_node_base10_S_minimumEPS_
FN:126,_ZNSt18_Rb_tree_node_base10_S_maximumEPS_
FNDA:0,_ZNSt18_Rb_tree_node_base10_S_maximumEPS_
FN:146,_ZNSt20_Rb_tree_key_compareISt4lessImEEC2Ev
FNDA:0,_ZNSt20_Rb_tree_key_compareISt4lessImEEC2Ev
FN:152,_ZNSt20_Rb_tree_key_compareISt4lessImEEC2ERKS1_
FNDA:0,_ZNSt20_Rb_tree_key_compareISt4lessImEEC2ERKS1_
FN:173,_ZNSt15_Rb_tree_headerC2Ev
FNDA:0,_ZNSt15_Rb_tree_headerC2Ev
FN:206,_ZNSt15_Rb_tree_header8_M_resetEv
FNDA:0,_ZNSt15_Rb_tree_header8_M_resetEv
FN:234,_ZNSt13_Rb_tree_nodeISt4pairIKmmEE9_M_valptrEv
FNDA:0,_ZNSt13_Rb_tree_nodeISt4pairIKmmEE9_M_valptrEv
FN:238,_ZNKSt13_Rb_tree_nodeISt4pairIKmmEE9_M_valptrEv
FNDA:0,_ZNKSt13_Rb_tree_nodeISt4pairIKmmEE9_M_valptrEv
FN:273,_ZNSt17_Rb_tree_iteratorISt4pairIKmmEEC2EPSt18_Rb_tree_node_base
FNDA:0,_ZNSt17_Rb_tree_iteratorISt4pairIKmmEEC2EPSt18_Rb_tree_node_base
FN:350,_ZNSt23_Rb_tree_const_iteratorISt4pairIKmmEEC2ERKSt17_Rb_tree_iteratorIS2_E
FNDA:0,_ZNSt23_Rb_tree_const_iteratorISt4pairIKmmEEC2ERKSt17_Rb_tree_iteratorIS2_E
FN:373,_ZNSt23_Rb_tree_const_iteratorISt4pairIKmmEEppEi
FNDA:0,_ZNSt23_Rb_tree_const_iteratorISt4pairIKmmEEppEi
FN:396,_ZSteqRKSt23_Rb_tree_const_iteratorISt4pairIKmmEES5_
FNDA:0,_ZSteqRKSt23_Rb_tree_const_iteratorISt4pairIKmmEES5_
FN:401,_ZStneRKSt23_Rb_tree_const_iteratorISt4pairIKmmEES5_
FNDA:0,_ZStneRKSt23_Rb_tree_const_iteratorISt4pairIKmmEES5_
FN:523,_ZNSt8_Rb_treeImSt4pairIKmmESt10_Select1stIS2_ESt4lessImESaIS2_EE11_Alloc_nodeC2ERS8_
FNDA:0,_ZNSt8_Rb_treeImSt4pairIKmmESt10_Select1stIS2_ESt4lessImESaIS2_EE11_Alloc_nodeC2ERS8_
FN:528,_ZNKSt8_Rb_treeImSt4pairIKmmESt10_Select1stIS2_ESt4lessImESaIS2_EE11_Alloc_nodeclIRKS2_EEPSt13_Rb_tree_nodeIS2_EOT_
FNDA:0,_ZNKSt8_Rb_treeImSt4pairIKmmESt10_Select1stIS2_ESt4lessImESaIS2_EE11_Alloc_nodeclIRKS2_EEPSt13_Rb_tree_nodeIS2_EOT_
FN:547,_ZNSt8_Rb_treeImSt4pairIKmmESt10_Select1stIS2_ESt4lessImESaIS2_EE21_M_get_Node_allocatorEv
FNDA:0,_ZNSt8_Rb_treeImSt4pairIKmmESt10_Select1stIS2_ESt4lessImESaIS2_EE21_M_get_Node_allocatorEv
FN:560,_ZNSt8_Rb_treeImSt4pairIKmmESt10_Select1stIS2_ESt4lessImESaIS2_EE11_M_get_nodeEv
FNDA:0,_ZNSt8_Rb_treeImSt4pairIKmmESt10_Select1stIS2_ESt4lessImESaIS2_EE11_M_get_nodeEv
FN:564,_ZNSt8_Rb_treeImSt4pairIKmmESt10_Select1stIS2_ESt4lessImESaIS2_EE11_M_put_nodeEPSt13_Rb_tree_nodeIS2_E
FNDA:0,_ZNSt8_Rb_treeImSt4pairIKmmESt10_Select1stIS2_ESt4lessImESaIS2_EE11_M_put_nodeEPSt13_Rb_tree_nodeIS2_E
FN:590,_ZNSt8_Rb_treeImSt4pairIKmmESt10_Select1stIS2_ESt4lessImESaIS2_EE17_M_construct_nodeIJRKS2_EEEvPSt13_Rb_tree_nodeIS2_EDpOT_
FNDA:0,_ZNSt8_Rb_treeImSt4pairIKmmESt10_Select1stIS2_ESt4lessImESaIS2_EE17_M_construct_nodeIJRKS2_EEEvPSt13_Rb_tree_nodeIS2_EDpOT_
FN:609,_ZNSt8_Rb_treeImSt4pairIKmmESt10_Select1stIS2_ESt4lessImESaIS2_EE14_M_create_nodeIJRKS2_EEEPSt13_Rb_tree_nodeIS2_EDpOT_
FNDA:0,_ZNSt8_Rb_treeImSt4pairIKmmESt10_Select1stIS2_ESt4lessImESaIS2_EE14_M_create_nodeIJRKS2_EEEPSt13_Rb_tree_nodeIS2_EDpOT_
FN:618,_ZNSt8_Rb_treeImSt4pairIKmmESt10_Select1stIS2_ESt4lessImESaIS2_EE15_M_destroy_nodeEPSt13_Rb_tree_nodeIS2_E
FNDA:0,_ZNSt8_Rb_treeImSt4pairIKmmESt10_Select1stIS2_ESt4lessImESaIS2_EE15_M_destroy_nodeEPSt13_Rb_tree_nodeIS2_E
FN:629,_ZNSt8_Rb_treeImSt4pairIKmmESt10_Select1stIS2_ESt4lessImESaIS2_EE12_M_drop_nodeEPSt13_Rb_tree_nodeIS2_E
FNDA:0,_ZNSt8_Rb_treeImSt4pairIKmmESt10_Select1stIS2_ESt4lessImESaIS2_EE12_M_drop_nodeEPSt13_Rb_tree_nodeIS2_E
FN:637,_ZNSt8_Rb_treeImSt4pairIKmmESt10_Select1stIS2_ESt4lessImESaIS2_EE13_M_clone_nodeILb0ENS8_11_Alloc_nodeEEEPSt13_Rb_tree_nodeIS2_ESD_RT0_
FNDA:0,_ZNSt8_Rb_treeImSt4pairIKmmESt10_Select1stIS2_ESt4lessImESaIS2_EE13_M_clone_nodeILb0ENS8_11_Alloc_nodeEEEPSt13_Rb_tree_nodeIS2_ESD_RT0_
FN:667,_ZNSt8_Rb_treeImSt4pairIKmmESt10_Select1stIS2_ESt4lessImESaIS2_EE13_Rb_tree_implIS6_Lb1EEC2Ev
FNDA:0,_ZNSt8_Rb_treeImSt4pairIKmmESt10_Select1stIS2_ESt4lessImESaIS2_EE13_Rb_tree_implIS6_Lb1EEC2Ev
FN:674,_ZNSt8_Rb_treeImSt4pairIKmmESt10_Select1stIS2_ESt4lessImESaIS2_EE13_Rb_tree_implIS6_Lb1EEC2ERKSA_
FNDA:0,_ZNSt8_Rb_treeImSt4pairIKmmESt10_Select1stIS2_ESt4lessImESaIS2_EE13_Rb_tree_implIS6_Lb1EEC2ERKSA_
FN:710,_ZNSt8_Rb_treeImSt4pairIKmmESt10_Select1stIS2_ESt4lessImESaIS2_EE7_M_rootEv
FNDA:0,_ZNSt8_Rb_treeImSt4pairIKmmESt10_Select1stIS2_ESt4lessImESaIS2_EE7_M_rootEv
FN:714,_ZNKSt8_Rb_treeImSt4pairIKmmESt10_Select1stIS2_ESt4lessImESaIS2_EE7_M_rootEv
FNDA:0,_ZNKSt8_Rb_treeImSt4pairIKmmESt10_Select1stIS2_ESt4lessImESaIS2_EE7_M_rootEv
FN:718,_ZNSt8_Rb_treeImSt4pairIKmmESt10_Select1stIS2_ESt4lessImESaIS2_EE11_M_leftmostEv
FNDA:0,_ZNSt8_Rb_treeImSt4pairIKmmESt10_Select1stIS2_ESt4lessImESaIS2_EE11_M_leftmostEv
FN:726,_ZNSt8_Rb_treeImSt4pairIKmmESt10_Select1stIS2_ESt4lessImESaIS2_EE12_M_rightmostEv
FNDA:0,_ZNSt8_Rb_treeImSt4pairIKmmESt10_Select1stIS2_ESt4lessImESaIS2_EE12_M_rightmostEv
FN:734,_ZNKSt8_Rb_treeImSt4pairIKmmESt10_Select1stIS2_ESt4lessImESaIS2_EE9_M_mbeginEv
FNDA:0,_ZNKSt8_Rb_treeImSt4pairIKmmESt10_Select1stIS2_ESt4lessImESaIS2_EE9_M_mbeginEv
FN:738,_ZNSt8_Rb_treeImSt4pairIKmmESt10_Select1stIS2_ESt4lessImESaIS2_EE8_M_beginEv
FNDA:0,_ZNSt8_Rb_treeImSt4pairIKmmESt10_Select1stIS2_ESt4lessImESaIS2_EE8_M_beginEv
FN:749,_ZNSt8_Rb_treeImSt4pairIKmmESt10_Select1stIS2_ESt4lessImESaIS2_EE6_M_endEv
FNDA:0,_ZNSt8_Rb_treeImSt4pairIKmmESt10_Select1stIS2_ESt4lessImESaIS2_EE6_M_endEv
FN:757,_ZNSt8_Rb_treeImSt4pairIKmmESt10_Select1stIS2_ESt4lessImESaIS2_EE6_S_keyEPKSt13_Rb_tree_nodeIS2_E
FNDA:0,_ZNSt8_Rb_treeImSt4pairIKmmESt10_Select1stIS2_ESt4lessImESaIS2_EE6_S_keyEPKSt13_Rb_tree_nodeIS2_E
FN:779,_ZNSt8_Rb_treeImSt4pairIKmmESt10_Select1stIS2_ESt4lessImESaIS2_EE7_S_leftEPSt18_Rb_tree_node_base
FNDA:0,_ZNSt8_Rb_treeImSt4pairIKmmESt10_Select1stIS2_ESt4lessImESaIS2_EE7_S_leftEPSt18_Rb_tree_node_base
FN:787,_ZNSt8_Rb_treeImSt4pairIKmmESt10_Select1stIS2_ESt4lessImESaIS2_EE8_S_rightEPSt18_Rb_tree_node_base
FNDA:0,_ZNSt8_Rb_treeImSt4pairIKmmESt10_Select1stIS2_ESt4lessImESaIS2_EE8_S_rightEPSt18_Rb_tree_node_base
FN:799,_ZNSt8_Rb_treeImSt4pairIKmmESt10_Select1stIS2_ESt4lessImESaIS2_EE10_S_minimumEPSt18_Rb_tree_node_base
FNDA:0,_ZNSt8_Rb_treeImSt4pairIKmmESt10_Select1stIS2_ESt4lessImESaIS2_EE10_S_minimumEPSt18_Rb_tree_node_base
FN:807,_ZNSt8_Rb_treeImSt4pairIKmmESt10_Select1stIS2_ESt4lessImESaIS2_EE10_S_maximumEPSt18_Rb_tree_node_base
FNDA:0,_ZNSt8_Rb_treeImSt4pairIKmmESt10_Select1stIS2_ESt4lessImESaIS2_EE10_S_maximumEPSt18_Rb_tree_node_base
FN:887,_ZNSt8_Rb_treeImSt4pairIKmmESt10_Select1stIS2_ESt4lessImESaIS2_EE7_M_copyILb0ENS8_11_Alloc_nodeEEEPSt13_Rb_tree_nodeIS2_ERKS8_RT0_
FNDA:0,_ZNSt8_Rb_treeImSt4pairIKmmESt10_Select1stIS2_ESt4lessImESaIS2_EE7_M_copyILb0ENS8_11_Alloc_nodeEEEPSt13_Rb_tree_nodeIS2_ERKS8_RT0_
FN:898,_ZNSt8_Rb_treeImSt4pairIKmmESt10_Select1stIS2_ESt4lessImESaIS2_EE7_M_copyERKS8_
FNDA:0,_ZNSt8_Rb_treeImSt4pairIKmmESt10_Select1stIS2_ESt4lessImESaIS2_EE7_M_copyERKS8_
FN:928,_ZNSt8_Rb_treeImSt4pairIKmmESt10_Select1stIS2_ESt4lessImESaIS2_EEC2Ev
FNDA:0,_ZNSt8_Rb_treeImSt4pairIKmmESt10_Select1stIS2_ESt4lessImESaIS2_EEC2Ev
FN:935,_ZNSt8_Rb_treeImSt4pairIKmmESt10_Select1stIS2_ESt4lessImESaIS2_EEC2ERKS8_
FNDA:0,_ZNSt8_Rb_treeImSt4pairIKmmESt10_Select1stIS2_ESt4lessImESaIS2_EEC2ERKS8_
FN:983,_ZNSt8_Rb_treeImSt4pairIKmmESt10_Select1stIS2_ESt4lessImESaIS2_EED2Ev
FNDA:0,_ZNSt8_Rb_treeImSt4pairIKmmESt10_Select1stIS2_ESt4lessImESaIS2_EED2Ev
FN:995,_ZNSt8_Rb_treeImSt4pairIKmmESt10_Select1stIS2_ESt4lessImESaIS2_EE5beginEv
FNDA:0,_ZNSt8_Rb_treeImSt4pairIKmmESt10_Select1stIS2_ESt4lessImESaIS2_EE5beginEv
FN:1003,_ZNSt8_Rb_treeImSt4pairIKmmESt10_Select1stIS2_ESt4lessImESaIS2_EE3endEv
FNDA:0,_ZNSt8_Rb_treeImSt4pairIKmmESt10_Select1stIS2_ESt4lessImESaIS2_EE3endEv
FN:1031,_ZNKSt8_Rb_treeImSt4pairIKmmESt10_Select1stIS2_ESt4lessImESaIS2_EE4sizeEv
FNDA:0,_ZNKSt8_Rb_treeImSt4pairIKmmESt10_Select1stIS2_ESt4lessImESaIS2_EE4sizeEv
FN:1252,_ZNSt8_Rb_treeImSt4pairIKmmESt10_Select1stIS2_ESt4lessImESaIS2_EE5clearEv
FNDA:0,_ZNSt8_Rb_treeImSt4pairIKmmESt10_Select1stIS2_ESt4lessImESaIS2_EE5clearEv
FN:1845,_ZNSt8_Rb_treeImSt4pairIKmmESt10_Select1stIS2_ESt4lessImESaIS2_EE7_M_copyILb0ENS8_11_Alloc_nodeEEEPSt13_Rb_tree_nodeIS2_ESD_PSt18_Rb_tree_node_baseRT0_
FNDA:0,_ZNSt8_Rb_treeImSt4pairIKmmESt10_Select1stIS2_ESt4lessImESaIS2_EE7_M_copyILb0ENS8_11_Alloc_nodeEEEPSt13_Rb_tree_nodeIS2_ESD_PSt18_Rb_tree_node_baseRT0_
FN:1883,_ZNSt8_Rb_treeImSt4pairIKmmESt10_Select1stIS2_ESt4lessImESaIS2_EE8_M_eraseEPSt13_Rb_tree_nodeIS2_E
FNDA:0,_ZNSt8_Rb_treeImSt4pairIKmmESt10_Select1stIS2_ESt4lessImESaIS2_EE8_M_eraseEPSt13_Rb_tree_nodeIS2_E
FN:1900,_ZNSt8_Rb_treeImSt4pairIKmmESt10_Select1stIS2_ESt4lessImESaIS2_EE14_M_lower_boundEPSt13_Rb_tree_nodeIS2_EPSt18_Rb_tree_node_baseRS1_
FNDA:0,_ZNSt8_Rb_treeImSt4pairIKmmESt10_Select1stIS2_ESt4lessImESaIS2_EE14_M_lower_boundEPSt13_Rb_tree_nodeIS2_EPSt18_Rb_tree_node_baseRS1_
FN:1932,_ZNSt8_Rb_treeImSt4pairIKmmESt10_Select1stIS2_ESt4lessImESaIS2_EE14_M_upper_boundEPSt13_Rb_tree_nodeIS2_EPSt18_Rb_tree_node_baseRS1_
FNDA:0,_ZNSt8_Rb_treeImSt4pairIKmmESt10_Select1stIS2_ESt4lessImESaIS2_EE14_M_upper_boundEPSt13_Rb_tree_nodeIS2_EPSt18_Rb_tree_node_baseRS1_
FN:1966,_ZNSt8_Rb_treeImSt4pairIKmmESt10_Select1stIS2_ESt4lessImESaIS2_EE11equal_rangeERS1_
FNDA:0,_ZNSt8_Rb_treeImSt4pairIKmmESt10_Select1stIS2_ESt4lessImESaIS2_EE11equal_rangeERS1_
FN:2480,_ZNSt8_Rb_treeImSt4pairIKmmESt10_Select1stIS2_ESt4lessImESaIS2_EE12_M_erase_auxESt23_Rb_tree_const_iteratorIS2_E
FNDA:0,_ZNSt8_Rb_treeImSt4pairIKmmESt10_Select1stIS2_ESt4lessImESaIS2_EE12_M_erase_auxESt23_Rb_tree_const_iteratorIS2_E
FN:2494,_ZNSt8_Rb_treeImSt4pairIKmmESt10_Select1stIS2_ESt4lessImESaIS2_EE12_M_erase_auxESt23_Rb_tree_const_iteratorIS2_ESA_
FNDA:0,_ZNSt8_Rb_treeImSt4pairIKmmESt10_Select1stIS2_ESt4lessImESaIS2_EE12_M_erase_auxESt23_Rb_tree_const_iteratorIS2_ESA_
FN:2507,_ZNSt8_Rb_treeImSt4pairIKmmESt10_Select1stIS2_ESt4lessImESaIS2_EE5eraseERS1_
FNDA:0,_ZNSt8_Rb_treeImSt4pairIKmmESt10_Select1stIS2_ESt4lessImESaIS2_EE5eraseERS1_
DA:112,0
DA:114,0
DA:115,0
DA:126,0
DA:128,0
DA:129,0
DA:146,0
DA:150,0
DA:152,0
DA:154,0
DA:173,0
DA:174,0
DA:175,0
DA:176,0
DA:177,0
DA:206,0
DA:208,0
DA:209,0
DA:210,0
DA:211,0
DA:212,0
DA:234,0
DA:235,0
DA:238,0
DA:239,0
DA:273,0
DA:274,0
DA:350,0
DA:351,0
DA:373,0
DA:375,0
DA:376,0
DA:377,0
DA:396,0
DA:397,0
DA:401,0
DA:402,0
DA:523,0
DA:524,0
DA:528,0
DA:529,0
DA:547,0
DA:548,0
DA:560,0
DA:561,0
DA:564,0
DA:565,0
DA:590,0
DA:594,0
DA:595,0
DA:605,0
DA:609,0
DA:611,0
DA:612,0
DA:613,0
DA:618,0
DA:623,0
DA:624,0
DA:626,0
DA:629,0
DA:631,0
DA:632,0
DA:633,0
DA:637,0
DA:645,0
DA:646,0
DA:647,0
DA:648,0
DA:649,0
DA:667,0
DA:671,0
DA:672,0
DA:674,0
DA:676,0
DA:677,0
DA:678,0
DA:710,0
DA:711,0
DA:714,0
DA:715,0
DA:718,0
DA:719,0
DA:726,0
DA:727,0
DA:734,0
DA:735,0
DA:738,0
DA:739,0
DA:749,0
DA:750,0
DA:757,0
DA:775,0
DA:779,0
DA:780,0
DA:787,0
DA:788,0
DA:799,0
DA:800,0
DA:807,0
DA:808,0
DA:887,0
DA:890,0
DA:891,0
DA:892,0
DA:893,0
DA:894,0
DA:898,0
DA:900,0
DA:901,0
DA:928,0
DA:935,0
DA:936,0
DA:938,0
DA:939,0
DA:940,0
DA:983,0
DA:984,0
DA:995,0
DA:996,0
DA:1003,0
DA:1004,0
DA:1031,0
DA:1032,0
DA:1252,0
DA:1254,0
DA:1255,0
DA:1256,0
DA:1845,0
DA:1849,0
DA:1850,0
DA:1854,0
DA:1855,0
DA:1856,0
DA:1857,0
DA:1858,0
DA:1860,0
DA:1862,0
DA:1863,0
DA:1864,0
DA:1865,0
DA:1866,0
DA:1868,0
DA:1869,0
DA:1872,0
DA:1874,0
DA:1875,0
DA:1877,0
DA:1883,0
DA:1887,0
DA:1889,0
DA:1890,0
DA:1891,0
DA:1892,0
DA:1894,0
DA:1900,0
DA:1904,0
DA:1905,0
DA:1906,0
DA:1908,0
DA:1909,0
DA:1932,0
DA:1936,0
DA:1937,0
DA:1938,0
DA:1940,0
DA:1941,0
DA:1966,0
DA:1969,0
DA:1970,0
DA:1971,0
DA:1973,0
DA:1974,0
DA:1975,0
DA:1976,0
DA:1979,0
DA:1980,0
DA:1981,0
DA:1982,0
DA:1983,0
DA:1984,0
DA:1985,0
DA:1988,0
DA:1989,0
DA:2480,0
DA:2485,0
DA:2486,0
DA:2487,0
DA:2488,0
DA:2489,0
DA:2494,0
DA:2497,0
DA:2498,0
DA:2500,0
DA:2501,0
DA:2502,0
DA:2507,0
DA:2510,0
DA:2511,0
DA:2512,0
DA:2513,0
end_of_record
SF:/usr/include/c++/11/iostream
end_of_record
TN:
SF:/usr/include/c++/11/bits/char_traits.h
FN:106,_ZN9__gnu_cxx11char_traitsIcE2eqERKcS3_
FNDA:0,_ZN9__gnu_cxx11char_traitsIcE2eqERKcS3_
FN:167,_ZN9__gnu_cxx11char_traitsIcE6lengthEPKc
FNDA:0,_ZN9__gnu_cxx11char_traitsIcE6lengthEPKc
FN:393,_ZNSt11char_traitsIcE6lengthEPKc
FNDA:42,_ZNSt11char_traitsIcE6lengthEPKc
FN:429,_ZNSt11char_traitsIcE4copyEPcPKcm
FNDA:0,_ZNSt11char_traitsIcE4copyEPcPKcm
DA:106,0
DA:107,0
DA:167,0
DA:170,0
DA:171,0
DA:172,0
DA:173,0
DA:290,42
DA:393,42
DA:396,42
DA:397,0
DA:399,42
DA:429,0
DA:431,0
DA:432,0
DA:437,0
end_of_record
SF:/usr/include/c++/11/new
FN:174,_ZnwmPv
FNDA:0,_ZnwmPv
FN:180,_ZdlPvS_
FNDA:0,_ZdlPvS_
DA:174,0
DA:175,0
DA:180,0
end_of_record
SF:/usr/include/c++/11/bits/cpp_type_traits.h
FN:560,_ZSt12__miter_baseIN9__gnu_cxx17__normal_iteratorIPKmSt6vectorImSaImEEEEET_S8_
FNDA:42,_ZSt12__miter_baseIN9__gnu_cxx17__normal_iteratorIPKmSt6vectorImSaImEEEEET_S8_
FN:560,_ZSt12__miter_baseIPPmET_S2_
FNDA:0,_ZSt12__miter_baseIPPmET_S2_
DA:560,42
DA:561,42
DA:560,0
DA:561,0
end_of_record
SF:/usr/include/c++/11/bits/stl_vector.h
FN:97,_ZNSt12_Vector_baseISt6vectorImSaImEESaIS2_EE17_Vector_impl_dataC2Ev
FNDA:27,_ZNSt12_Vector_baseISt6vectorImSaImEESaIS2_EE17_Vector_impl_dataC2Ev
FN:97,_ZNSt12_Vector_baseIiSaIiEE17_Vector_impl_dataC2Ev
FNDA:5,_ZNSt12_Vector_baseIiSaIiEE17_Vector_impl_dataC2Ev
FN:97,_ZNSt12_Vector_baseI4EdgeSaIS0_EE17_Vector_impl_dataC2Ev
FNDA:0,_ZNSt12_Vector_baseI4EdgeSaIS0_EE17_Vector_impl_dataC2Ev
FN:97,_ZNSt12_Vector_baseImSaImEE17_Vector_impl_dataC2Ev
FNDA:24,_ZNSt12_Vector_baseImSaImEE17_Vector_impl_dataC2Ev
FN:102,_ZNSt12_Vector_baseISt6vectorImSaImEESaIS2_EE17_Vector_impl_dataC2EOS5_
FNDA:0,_ZNSt12_Vector_baseISt6vectorImSaImEESaIS2_EE17_Vector_impl_dataC2EOS5_
FN:109,_ZNSt12_Vector_baseISt6vectorImSaImEESaIS2_EE17_Vector_impl_data12_M_copy_dataERKS5_
FNDA:24,_ZNSt12_Vector_baseISt6vectorImSaImEESaIS2_EE17_Vector_impl_data12_M_copy_dataERKS5_
FN:117,_ZNSt12_Vector_baseISt6vectorImSaImEESaIS2_EE17_Vector_impl_data12_M_swap_dataERS5_
FNDA:8,_ZNSt12_Vector_baseISt6vectorImSaImEESaIS2_EE17_Vector_impl_data12_M_swap_dataERS5_
FN:131,_ZNSt12_Vector_baseI4EdgeSaIS0_EE12_Vector_implC2Ev
FNDA:11,_ZNSt12_Vector_baseI4EdgeSaIS0_EE12_Vector_implC2Ev
FN:131,_ZNSt12_Vector_baseIiSaIiEE12_Vector_implC2Ev
FNDA:3,_ZNSt12_Vector_baseIiSaIiEE12_Vector_implC2Ev
FN:131,_ZNSt12_Vector_baseISt6vectorImSaImEESaIS2_EE12_Vector_implC2Ev
FNDA:8,_ZNSt12_Vector_baseISt6vectorImSaImEESaIS2_EE12_Vector_implC2Ev
FN:136,_ZNSt12_Vector_baseImSaImEE12_Vector_implC2ERKS0_
FNDA:24,_ZNSt12_Vector_baseImSaImEE12_Vector_implC2ERKS0_
FN:136,_ZNSt12_Vector_baseI4EdgeSaIS0_EE12_Vector_implC2ERKS1_
FNDA:0,_ZNSt12_Vector_baseI4EdgeSaIS0_EE12_Vector_implC2ERKS1_
FN:136,_ZNSt12_Vector_baseISt6vectorImSaImEESaIS2_EE12_Vector_implC2ERKS3_
FNDA:11,_ZNSt12_Vector_baseISt6vectorImSaImEESaIS2_EE12_Vector_implC2ERKS3_
FN:143,_ZNSt12_Vector_baseISt6vectorImSaImEESaIS2_EE12_Vector_implC2EOS5_
FNDA:0,_ZNSt12_Vector_baseISt6vectorImSaImEESaIS2_EE12_Vector_implC2EOS5_
FN:276,_ZNSt12_Vector_baseISt6vectorImSaImEESaIS2_EE19_M_get_Tp_allocatorEv
FNDA:34,_ZNSt12_Vector_baseISt6vectorImSaImEESaIS2_EE19_M_get_Tp_allocatorEv
FN:276,_ZNSt12_Vector_baseImSaImEE19_M_get_Tp_allocatorEv
FNDA:48,_ZNSt12_Vector_baseImSaImEE19_M_get_Tp_allocatorEv
FN:276,_ZNSt12_Vector_baseI4EdgeSaIS0_EE19_M_get_Tp_allocatorEv
FNDA:0,_ZNSt12_Vector_baseI4EdgeSaIS0_EE19_M_get_Tp_allocatorEv
FN:276,_ZNSt12_Vector_baseIiSaIiEE19_M_get_Tp_allocatorEv
FNDA:21,_ZNSt12_Vector_baseIiSaIiEE19_M_get_Tp_allocatorEv
FN:280,_ZNKSt12_Vector_baseI4EdgeSaIS0_EE19_M_get_Tp_allocatorEv
FNDA:0,_ZNKSt12_Vector_baseI4EdgeSaIS0_EE19_M_get_Tp_allocatorEv
FN:280,_ZNKSt12_Vector_baseImSaImEE19_M_get_Tp_allocatorEv
FNDA:21,_ZNKSt12_Vector_baseImSaImEE19_M_get_Tp_allocatorEv
FN:280,_ZNKSt12_Vector_baseIiSaIiEE19_M_get_Tp_allocatorEv
FNDA:14,_ZNKSt12_Vector_baseIiSaIiEE19_M_get_Tp_allocatorEv
FN:280,_ZNKSt12_Vector_baseISt6vectorImSaImEESaIS2_EE19_M_get_Tp_allocatorEv
FNDA:8,_ZNKSt12_Vector_baseISt6vectorImSaImEESaIS2_EE19_M_get_Tp_allocatorEv
FN:284,_ZNKSt12_Vector_baseISt6vectorImSaImEESaIS2_EE13get_allocatorEv
FNDA:4,_ZNKSt12_Vector_baseISt6vectorImSaImEESaIS2_EE13get_allocatorEv
FN:288,_ZNSt12_Vector_baseISt6vectorImSaImEESaIS2_EEC2Ev
FNDA:8,_ZNSt12_Vector_baseISt6vectorImSaImEESaIS2_EEC2Ev
FN:288,_ZNSt12_Vector_baseI4EdgeSaIS0_EEC2Ev
FNDA:11,_ZNSt12_Vector_baseI4EdgeSaIS0_EEC2Ev
FN:288,_ZNSt12_Vector_baseIiSaIiEEC2Ev
FNDA:3,_ZNSt12_Vector_baseIiSaIiEEC2Ev
FN:293,_ZNSt12_Vector_baseISt6vectorImSaImEESaIS2_EEC2ERKS3_
FNDA:4,_ZNSt12_Vector_baseISt6vectorImSaImEESaIS2_EEC2ERKS3_
FN:303,_ZNSt12_Vector_baseI4EdgeSaIS0_EEC2EmRKS1_
FNDA:0,_ZNSt12_Vector_baseI4EdgeSaIS0_EEC2EmRKS1_
FN:303,_ZNSt12_Vector_baseImSaImEEC2EmRKS0_
FNDA:24,_ZNSt12_Vector_baseImSaImEEC2EmRKS0_
FN:303,_ZNSt12_Vector_baseISt6vectorImSaImEESaIS2_EEC2EmRKS3_
FNDA:7,_ZNSt12_Vector_baseISt6vectorImSaImEESaIS2_EEC2EmRKS3_
FN:308,_ZNSt12_Vector_baseISt6vectorImSaImEESaIS2_EEC2EOS4_
FNDA:0,_ZNSt12_Vector_baseISt6vectorImSaImEESaIS2_EEC2EOS4_
FN:333,_ZNSt12_Vector_baseImSaImEED2Ev
FNDA:24,_ZNSt12_Vector_baseImSaImEED2Ev
FN:333,_ZNSt12_Vector_baseI4EdgeSaIS0_EED2Ev
FNDA:0,_ZNSt12_Vector_baseI4EdgeSaIS0_EED2Ev
FN:333,_ZNSt12_Vector_baseISt6vectorImSaImEESaIS2_EED2Ev
FNDA:19,_ZNSt12_Vector_baseISt6vectorImSaImEESaIS2_EED2Ev
FN:333,_ZNSt12_Vector_baseIiSaIiEED2Ev
FNDA:5,_ZNSt12_Vector_baseIiSaIiEED2Ev
FN:343,_ZNSt12_Vector_baseIiSaIiEE11_M_allocateEm
FNDA:9,_ZNSt12_Vector_baseIiSaIiEE11_M_allocateEm
FN:343,_ZNSt12_Vector_baseISt6vectorImSaImEESaIS2_EE11_M_allocateEm
FNDA:7,_ZNSt12_Vector_baseISt6vectorImSaImEESaIS2_EE11_M_allocateEm
FN:343,_ZNSt12_Vector_baseImSaImEE11_M_allocateEm
FNDA:24,_ZNSt12_Vector_baseImSaImEE11_M_allocateEm
FN:343,_ZNSt12_Vector_baseI4EdgeSaIS0_EE11_M_allocateEm
FNDA:0,_ZNSt12_Vector_baseI4EdgeSaIS0_EE11_M_allocateEm
FN:350,_ZNSt12_Vector_baseI4EdgeSaIS0_EE13_M_deallocateEPS0_m
FNDA:0,_ZNSt12_Vector_baseI4EdgeSaIS0_EE13_M_deallocateEPS0_m
FN:350,_ZNSt12_Vector_baseISt6vectorImSaImEESaIS2_EE13_M_deallocateEPS2_m
FNDA:19,_ZNSt12_Vector_baseISt6vectorImSaImEESaIS2_EE13_M_deallocateEPS2_m
FN:350,_ZNSt12_Vector_baseIiSaIiEE13_M_deallocateEPim
FNDA:12,_ZNSt12_Vector_baseIiSaIiEE13_M_deallocateEPim
FN:350,_ZNSt12_Vector_baseImSaImEE13_M_deallocateEPmm
FNDA:24,_ZNSt12_Vector_baseImSaImEE13_M_deallocateEPmm
FN:359,_ZNSt12_Vector_baseISt6vectorImSaImEESaIS2_EE17_M_create_storageEm
FNDA:7,_ZNSt12_Vector_baseISt6vectorImSaImEESaIS2_EE17_M_create_storageEm
FN:359,_ZNSt12_Vector_baseImSaImEE17_M_create_storageEm
FNDA:24,_ZNSt12_Vector_baseImSaImEE17_M_create_storageEm
FN:359,_ZNSt12_Vector_baseI4EdgeSaIS0_EE17_M_create_storageEm
FNDA:0,_ZNSt12_Vector_baseI4EdgeSaIS0_EE17_M_create_storageEm
FN:453,_ZNSt6vectorIiSaIiEE14_S_do_relocateEPiS2_S2_RS0_St17integral_constantIbLb1EE
FNDA:14,_ZNSt6vectorIiSaIiEE14_S_do_relocateEPiS2_S2_RS0_St17integral_constantIbLb1EE
FN:465,_ZNSt6vectorIiSaIiEE11_S_relocateEPiS2_S2_RS0_
FNDA:14,_ZNSt6vectorIiSaIiEE11_S_relocateEPiS2_S2_RS0_
FN:487,_ZNSt6vectorIiSaIiEEC2Ev
FNDA:3,_ZNSt6vectorIiSaIiEEC2Ev
FN:487,_ZNSt6vectorIS_ImSaImEESaIS1_EEC2Ev
FNDA:8,_ZNSt6vectorIS_ImSaImEESaIS1_EEC2Ev
FN:487,_ZNSt6vectorI4EdgeSaIS0_EEC2Ev
FNDA:11,_ZNSt6vectorI4EdgeSaIS0_EEC2Ev
FN:497,_ZNSt6vectorIS_ImSaImEESaIS1_EEC2ERKS2_
FNDA:4,_ZNSt6vectorIS_ImSaImEESaIS1_EEC2ERKS2_
FN:522,_ZNSt6vectorImSaImEEC2EmRKmRKS0_
FNDA:3,_ZNSt6vectorImSaImEEC2EmRKmRKS0_
FN:522,_ZNSt6vectorIS_ImSaImEESaIS1_EEC2EmRKS1_RKS2_
FNDA:3,_ZNSt6vectorIS_ImSaImEESaIS1_EEC2EmRKS1_RKS2_
FN:553,_ZNSt6vectorI4EdgeSaIS0_EEC2ERKS2_
FNDA:0,_ZNSt6vectorI4EdgeSaIS0_EEC2ERKS2_
FN:553,_ZNSt6vectorIS_ImSaImEESaIS1_EEC2ERKS3_
FNDA:4,_ZNSt6vectorIS_ImSaImEESaIS1_EEC2ERKS3_
FN:553,_ZNSt6vectorImSaImEEC2ERKS1_
FNDA:21,_ZNSt6vectorImSaImEEC2ERKS1_
FN:572,_ZNSt6vectorIS_ImSaImEESaIS1_EEC2EOS3_
FNDA:0,_ZNSt6vectorIS_ImSaImEESaIS1_EEC2EOS3_
FN:678,_ZNSt6vectorImSaImEED2Ev
FNDA:24,_ZNSt6vectorImSaImEED2Ev
FN:678,_ZNSt6vectorI4EdgeSaIS0_EED2Ev
FNDA:0,_ZNSt6vectorI4EdgeSaIS0_EED2Ev
FN:678,_ZNSt6vectorIS_ImSaImEESaIS1_EED2Ev
FNDA:19,_ZNSt6vectorIS_ImSaImEESaIS1_EED2Ev
FN:678,_ZNSt6vectorIiSaIiEED2Ev
FNDA:5,_ZNSt6vectorIiSaIiEED2Ev
FN:709,_ZNSt6vectorIS_ImSaImEESaIS1_EEaSEOS3_
FNDA:4,_ZNSt6vectorIS_ImSaImEESaIS1_EEaSEOS3_
FN:811,_ZNSt6vectorIiSaIiEE5beginEv
FNDA:17,_ZNSt6vectorIiSaIiEE5beginEv
FN:820,_ZNKSt6vectorIS_ImSaImEESaIS1_EE5beginEv
FNDA:7,_ZNKSt6vectorIS_ImSaImEESaIS1_EE5beginEv
FN:820,_ZNKSt6vectorImSaImEE5beginEv
FNDA:21,_ZNKSt6vectorImSaImEE5beginEv
FN:820,_ZNKSt6vectorI4EdgeSaIS0_EE5beginEv
FNDA:0,_ZNKSt6vectorI4EdgeSaIS0_EE5beginEv
FN:829,_ZNSt6vectorIiSaIiEE3endEv
FNDA:17,_ZNSt6vectorIiSaIiEE3endEv
FN:838,_ZNKSt6vectorImSaImEE3endEv
FNDA:21,_ZNKSt6vectorImSaImEE3endEv
FN:838,_ZNKSt6vectorIS_ImSaImEESaIS1_EE3endEv
FNDA:7,_ZNKSt6vectorIS_ImSaImEESaIS1_EE3endEv
FN:838,_ZNKSt6vectorI4EdgeSaIS0_EE3endEv
FNDA:0,_ZNKSt6vectorI4EdgeSaIS0_EE3endEv
FN:847,_ZNSt6vectorIiSaIiEE6rbeginEv
FNDA:3,_ZNSt6vectorIiSaIiEE6rbeginEv
FN:865,_ZNSt6vectorIiSaIiEE4rendEv
FNDA:10,_ZNSt6vectorIiSaIiEE4rendEv
FN:918,_ZNKSt6vectorImSaImEE4sizeEv
FNDA:21,_ZNKSt6vectorImSaImEE4sizeEv
FN:918,_ZNKSt6vectorIiSaIiEE4sizeEv
FNDA:28,_ZNKSt6vectorIiSaIiEE4sizeEv
FN:918,_ZNKSt6vectorIS_ImSaImEESaIS1_EE4sizeEv
FNDA:13,_ZNKSt6vectorIS_ImSaImEESaIS1_EE4sizeEv
FN:918,_ZNKSt6vectorI4EdgeSaIS0_EE4sizeEv
FNDA:0,_ZNKSt6vectorI4EdgeSaIS0_EE4sizeEv
FN:923,_ZNKSt6vectorIiSaIiEE8max_sizeEv
FNDA:14,_ZNKSt6vectorIiSaIiEE8max_sizeEv
FN:1007,_ZNKSt6vectorIS_ImSaImEESaIS1_EE5emptyEv
FNDA:3,_ZNKSt6vectorIS_ImSaImEESaIS1_EE5emptyEv
FN:1043,_ZNSt6vectorImSaImEEixEm
FNDA:184,_ZNSt6vectorImSaImEEixEm
FN:1043,_ZNSt6vectorIS_ImSaImEESaIS1_EEixEm
FNDA:184,_ZNSt6vectorIS_ImSaImEESaIS1_EEixEm
FN:1061,_ZNKSt6vectorImSaImEEixEm
FNDA:31,_ZNKSt6vectorImSaImEEixEm
FN:1061,_ZNKSt6vectorIS_ImSaImEESaIS1_EEixEm
FNDA:31,_ZNKSt6vectorIS_ImSaImEESaIS1_EEixEm
FN:1143,_ZNSt6vectorIiSaIiEE4backEv
FNDA:7,_ZNSt6vectorIiSaIiEE4backEv
FN:1203,_ZNSt6vectorIiSaIiEE9push_backEOi
FNDA:7,_ZNSt6vectorIiSaIiEE9push_backEOi
FN:1498,_ZNSt6vectorImSaImEE5clearEv
FNDA:0,_ZNSt6vectorImSaImEE5clearEv
FN:1498,_ZNSt6vectorIS_ImSaImEESaIS1_EE5clearEv
FNDA:8,_ZNSt6vectorIS_ImSaImEESaIS1_EE5clearEv
FN:1593,_ZNSt6vectorImSaImEE18_M_fill_initializeEmRKm
FNDA:3,_ZNSt6vectorImSaImEE18_M_fill_initializeEmRKm
FN:1593,_ZNSt6vectorIS_ImSaImEESaIS1_EE18_M_fill_initializeEmRKS1_
FNDA:3,_ZNSt6vectorIS_ImSaImEESaIS1_EE18_M_fill_initializeEmRKS1_
FN:1756,_ZNKSt6vectorIiSaIiEE12_M_check_lenEmPKc
FNDA:7,_ZNKSt6vectorIiSaIiEE12_M_check_lenEmPKc
FN:1767,_ZNSt6vectorImSaImEE17_S_check_init_lenEmRKS0_
FNDA:3,_ZNSt6vectorImSaImEE17_S_check_init_lenEmRKS0_
FN:1767,_ZNSt6vectorIS_ImSaImEESaIS1_EE17_S_check_init_lenEmRKS2_
FNDA:3,_ZNSt6vectorIS_ImSaImEESaIS1_EE17_S_check_init_lenEmRKS2_
FN:1776,_ZNSt6vectorIS_ImSaImEESaIS1_EE11_S_max_sizeERKS2_
FNDA:3,_ZNSt6vectorIS_ImSaImEESaIS1_EE11_S_max_sizeERKS2_
FN:1776,_ZNSt6vectorImSaImEE11_S_max_sizeERKS0_
FNDA:3,_ZNSt6vectorImSaImEE11_S_max_sizeERKS0_
FN:1776,_ZNSt6vectorIiSaIiEE11_S_max_sizeERKS0_
FNDA:16,_ZNSt6vectorIiSaIiEE11_S_max_sizeERKS0_
FN:1792,_ZNSt6vectorIS_ImSaImEESaIS1_EE15_M_erase_at_endEPS1_
FNDA:8,_ZNSt6vectorIS_ImSaImEESaIS1_EE15_M_erase_at_endEPS1_
FN:1792,_ZNSt6vectorImSaImEE15_M_erase_at_endEPm
FNDA:0,_ZNSt6vectorImSaImEE15_M_erase_at_endEPm
FN:1815,_ZNSt6vectorIS_ImSaImEESaIS1_EE14_M_move_assignEOS3_St17integral_constantIbLb1EE
FNDA:4,_ZNSt6vectorIS_ImSaImEESaIS1_EE14_M_move_assignEOS3_St17integral_constantIbLb1EE
DA:97,24
DA:98,24
DA:99,24
DA:97,0
DA:98,0
DA:99,0
DA:97,5
DA:98,5
DA:99,5
DA:97,27
DA:98,27
DA:99,27
DA:102,0
DA:103,0
DA:104,0
DA:105,0
DA:109,24
DA:111,24
DA:112,24
DA:113,24
DA:114,24
DA:117,8
DA:121,8
DA:122,8
DA:123,8
DA:124,8
DA:125,8
DA:131,11
DA:133,11
DA:134,11
DA:131,3
DA:133,3
DA:134,3
DA:131,8
DA:133,8
DA:134,8
DA:136,11
DA:137,11
DA:138,11
DA:136,24
DA:137,24
DA:138,24
DA:136,0
DA:137,0
DA:138,0
DA:143,0
DA:144,0
DA:145,0
DA:276,21
DA:277,21
DA:276,48
DA:277,48
DA:276,0
DA:277,0
DA:276,34
DA:277,34
DA:280,21
DA:281,21
DA:280,14
DA:281,14
DA:280,8
DA:281,8
DA:280,0
DA:281,0
DA:284,4
DA:285,4
DA:288,11
DA:288,3
DA:288,8
DA:293,4
DA:294,4
DA:303,7
DA:304,7
DA:305,7
DA:303,24
DA:304,24
DA:305,24
DA:303,0
DA:304,0
DA:305,0
DA:308,0
DA:333,24
DA:335,24
DA:336,24
DA:337,24
DA:333,0
DA:335,0
DA:336,0
DA:337,0
DA:333,5
DA:335,5
DA:336,5
DA:337,5
DA:333,19
DA:335,19
DA:336,19
DA:337,19
DA:343,9
DA:346,9
DA:343,7
DA:346,7
DA:343,24
DA:346,24
DA:343,0
DA:346,0
DA:350,24
DA:353,24
DA:354,24
DA:355,24
DA:350,0
DA:353,0
DA:354,0
DA:355,0
DA:350,12
DA:353,12
DA:354,9
DA:355,12
DA:350,19
DA:353,19
DA:354,7
DA:355,19
DA:359,7
DA:361,7
DA:362,7
DA:363,7
DA:364,7
DA:359,24
DA:361,24
DA:362,24
DA:363,24
DA:364,24
DA:359,0
DA:361,0
DA:362,0
DA:363,0
DA:364,0
DA:453,14
DA:456,14
DA:465,14
DA:469,14
DA:487,11
DA:487,3
DA:487,8
DA:497,4
DA:498,4
DA:522,3
DA:524,3
DA:525,3
DA:522,3
DA:524,3
DA:525,3
DA:553,21
DA:555,21
DA:557,21
DA:558,21
DA:560,21
DA:561,21
DA:553,4
DA:555,4
DA:557,4
DA:558,4
DA:560,4
DA:561,4
DA:553,0
DA:555,0
DA:557,0
DA:558,0
DA:560,0
DA:561,0
DA:572,0
DA:678,5
DA:680,5
DA:681,5
DA:683,5
DA:678,24
DA:680,24
DA:681,24
DA:683,24
DA:678,0
DA:680,0
DA:681,0
DA:683,0
DA:678,19
DA:680,19
DA:681,19
DA:683,19
DA:709,4
DA:711,4
DA:714,4
DA:715,4
DA:811,17
DA:812,17
DA:820,21
DA:821,21
DA:820,7
DA:821,7
DA:820,0
DA:821,0
DA:829,17
DA:830,17
DA:838,21
DA:839,21
DA:838,7
DA:839,7
DA:838,0
DA:839,0
DA:847,3
DA:848,3
DA:865,10
DA:866,10
DA:918,21
DA:919,21
DA:918,28
DA:919,28
DA:918,0
DA:919,0
DA:918,13
DA:919,13
DA:923,14
DA:924,14
DA:1007,3
DA:1008,3
DA:1043,184
DA:1046,184
DA:1043,184
DA:1046,184
DA:1061,31
DA:1064,31
DA:1061,31
DA:1064,31
DA:1143,7
DA:1146,7
DA:1203,7
DA:1204,7
DA:1498,8
DA:1499,8
DA:1498,0
DA:1499,0
DA:1593,3
DA:1595,3
DA:1596,3
DA:1597,3
DA:1598,3
DA:1593,3
DA:1595,3
DA:1596,3
DA:1597,3
DA:1598,3
DA:1756,7
DA:1758,7
DA:1759,0
DA:1761,7
DA:1762,7
DA:1767,3
DA:1769,3
DA:1770,0
DA:1772,3
DA:1767,3
DA:1769,3
DA:1770,0
DA:1772,3
DA:1776,16
DA:1781,16
DA:1783,16
DA:1784,16
DA:1776,3
DA:1781,3
DA:1783,3
DA:1784,3
DA:1776,3
DA:1781,3
DA:1783,3
DA:1784,3
DA:1792,8
DA:1794,8
DA:1796,0
DA:1797,0
DA:1798,0
DA:1801,8
DA:1792,0
DA:1794,0
DA:1796,0
DA:1797,0
DA:1798,0
DA:1801,0
DA:1815,4
DA:1817,4
DA:1818,4
DA:1819,4
DA:1820,4
DA:1821,4
end_of_record
SF:/usr/include/c++/11/bits/alloc_traits.h
FN:463,_ZNSt16allocator_traitsISaIPNSt8__detail15_Hash_node_baseEEE8allocateERS3_m
FNDA:6,_ZNSt16allocator_traitsISaIPNSt8__detail15_Hash_node_baseEEE8allocateERS3_m
FN:463,_ZNSt16allocator_traitsISaImEE8allocateERS0_m
FNDA:27,_ZNSt16allocator_traitsISaImEE8allocateERS0_m
FN:463,_ZNSt16allocator_traitsISaIPmEE8allocateERS1_m
FNDA:1,_ZNSt16allocator_traitsISaIPmEE8allocateERS1_m
FN:463,_ZNSt16allocator_traitsISaI4EdgeEE8allocateERS1_m
FNDA:0,_ZNSt16allocator_traitsISaI4EdgeEE8allocateERS1_m
FN:463,_ZNSt16allocator_traitsISaISt13_Rb_tree_nodeISt4pairIKi6VertexEEEE8allocateERS6_m
FNDA:7,_ZNSt16allocator_traitsISaISt13_Rb_tree_nodeISt4pairIKi6VertexEEEE8allocateERS6_m
FN:463,_ZNSt16allocator_traitsISaISt6vectorImSaImEEEE8allocateERS3_m
FNDA:7,_ZNSt16allocator_traitsISaISt6vectorImSaImEEEE8allocateERS3_m
FN:463,_ZNSt16allocator_traitsISaISt13_Rb_tree_nodeISt4pairIKmmEEEE8allocateERS5_m
FNDA:0,_ZNSt16allocator_traitsISaISt13_Rb_tree_nodeISt4pairIKmmEEEE8allocateERS5_m
FN:463,_ZNSt16allocator_traitsISaINSt8__detail10_Hash_nodeI4EdgeLb1EEEEE8allocateERS4_m
FNDA:4,_ZNSt16allocator_traitsISaINSt8__detail10_Hash_nodeI4EdgeLb1EEEEE8allocateERS4_m
FN:463,_ZNSt16allocator_traitsISaIiEE8allocateERS0_m
FNDA:9,_ZNSt16allocator_traitsISaIiEE8allocateERS0_m
FN:495,_ZNSt16allocator_traitsISaIiEE10deallocateERS0_Pim
FNDA:9,_ZNSt16allocator_traitsISaIiEE10deallocateERS0_Pim
FN:495,_ZNSt16allocator_traitsISaINSt8__detail10_Hash_nodeI4EdgeLb1EEEEE10deallocateERS4_PS3_m
FNDA:4,_ZNSt16allocator_traitsISaINSt8__detail10_Hash_nodeI4EdgeLb1EEEEE10deallocateERS4_PS3_m
FN:495,_ZNSt16allocator_traitsISaISt6vectorImSaImEEEE10deallocateERS3_PS2_m
FNDA:7,_ZNSt16allocator_traitsISaISt6vectorImSaImEEEE10deallocateERS3_PS2_m
FN:495,_ZNSt16allocator_traitsISaImEE10deallocateERS0_Pmm
FNDA:27,_ZNSt16allocator_traitsISaImEE10deallocateERS0_Pmm
FN:495,_ZNSt16allocator_traitsISaISt13_Rb_tree_nodeISt4pairIKmmEEEE10deallocateERS5_PS4_m
FNDA:0,_ZNSt16allocator_traitsISaISt13_Rb_tree_nodeISt4pairIKmmEEEE10deallocateERS5_PS4_m
FN:495,_ZNSt16allocator_traitsISaIPmEE10deallocateERS1_PS0_m
FNDA:1,_ZNSt16allocator_traitsISaIPmEE10deallocateERS1_PS0_m
FN:495,_ZNSt16allocator_traitsISaIPNSt8__detail15_Hash_node_baseEEE10deallocateERS3_PS2_m
FNDA:6,_ZNSt16allocator_traitsISaIPNSt8__detail15_Hash_node_baseEEE10deallocateERS3_PS2_m
FN:495,_ZNSt16allocator_traitsISaISt13_Rb_tree_nodeISt4pairIKi6VertexEEEE10deallocateERS6_PS5_m
FNDA:7,_ZNSt16allocator_traitsISaISt13_Rb_tree_nodeISt4pairIKi6VertexEEEE10deallocateERS6_PS5_m
FN:495,_ZNSt16allocator_traitsISaI4EdgeEE10deallocateERS1_PS0_m
FNDA:0,_ZNSt16allocator_traitsISaI4EdgeEE10deallocateERS1_PS0_m
FN:511,_ZNSt16allocator_traitsISaISt13_Rb_tree_nodeISt4pairIKmmEEEE9constructIS3_JRKSt21piecewise_construct_tSt5tupleIJRS2_EESB_IJEEEEEvRS5_PT_DpOT0_
FNDA:8,_ZNSt16allocator_traitsISaISt13_Rb_tree_nodeISt4pairIKmmEEEE9constructIS3_JRKSt21piecewise_construct_tSt5tupleIJRS2_EESB_IJEEEEEvRS5_PT_DpOT0_
FN:511,_ZNSt16allocator_traitsISaIiEE9constructIiJiEEEvRS0_PT_DpOT0_
FNDA:7,_ZNSt16allocator_traitsISaIiEE9constructIiJiEEEvRS0_PT_DpOT0_
FN:511,_ZNSt16allocator_traitsISaImEE9constructImJRKmEEEvRS0_PT_DpOT0_
FNDA:2,_ZNSt16allocator_traitsISaImEE9constructImJRKmEEEvRS0_PT_DpOT0_
FN:511,_ZNSt16allocator_traitsISaImEE9constructImJmEEEvRS0_PT_DpOT0_
FNDA:1,_ZNSt16allocator_traitsISaImEE9constructImJmEEEvRS0_PT_DpOT0_
FN:511,_ZNSt16allocator_traitsISaISt13_Rb_tree_nodeISt4pairIKmmEEEE9constructIS3_JRKS3_EEEvRS5_PT_DpOT0_
FNDA:0,_ZNSt16allocator_traitsISaISt13_Rb_tree_nodeISt4pairIKmmEEEE9constructIS3_JRKS3_EEEvRS5_PT_DpOT0_
FN:511,_ZNSt16allocator_traitsISaINSt8__detail10_Hash_nodeI4EdgeLb1EEEEE9constructIS2_JRKS2_EEEvRS4_PT_DpOT0_
FNDA:4,_ZNSt16allocator_traitsISaINSt8__detail10_Hash_nodeI4EdgeLb1EEEEE9constructIS2_JRKS2_EEEvRS4_PT_DpOT0_
FN:511,_ZNSt16allocator_traitsISaISt13_Rb_tree_nodeISt4pairIKi6VertexEEEE9constructIS4_JRKSt21piecewise_construct_tSt5tupleIJOiEESC_IJEEEEEvRS6_PT_DpOT0_
FNDA:4,_ZNSt16allocator_traitsISaISt13_Rb_tree_nodeISt4pairIKi6VertexEEEE9constructIS4_JRKSt21piecewise_construct_tSt5tupleIJOiEESC_IJEEEEEvRS6_PT_DpOT0_
FN:511,_ZNSt16allocator_traitsISaISt13_Rb_tree_nodeISt4pairIKi6VertexEEEE9constructIS4_JRKSt21piecewise_construct_tSt5tupleIJRS2_EESC_IJEEEEEvRS6_PT_DpOT0_
FNDA:3,_ZNSt16allocator_traitsISaISt13_Rb_tree_nodeISt4pairIKi6VertexEEEE9constructIS4_JRKSt21piecewise_construct_tSt5tupleIJRS2_EESC_IJEEEEEvRS6_PT_DpOT0_
FN:531,_ZNSt16allocator_traitsISaImEE7destroyImEEvRS0_PT_
FNDA:3,_ZNSt16allocator_traitsISaImEE7destroyImEEvRS0_PT_
FN:531,_ZNSt16allocator_traitsISaISt13_Rb_tree_nodeISt4pairIKi6VertexEEEE7destroyIS4_EEvRS6_PT_
FNDA:7,_ZNSt16allocator_traitsISaISt13_Rb_tree_nodeISt4pairIKi6VertexEEEE7destroyIS4_EEvRS6_PT_
FN:531,_ZNSt16allocator_traitsISaINSt8__detail10_Hash_nodeI4EdgeLb1EEEEE7destroyIS2_EEvRS4_PT_
FNDA:4,_ZNSt16allocator_traitsISaINSt8__detail10_Hash_nodeI4EdgeLb1EEEEE7destroyIS2_EEvRS4_PT_
FN:531,_ZNSt16allocator_traitsISaISt13_Rb_tree_nodeISt4pairIKmmEEEE7destroyIS3_EEvRS5_PT_
FNDA:0,_ZNSt16allocator_traitsISaISt13_Rb_tree_nodeISt4pairIKmmEEEE7destroyIS3_EEvRS5_PT_
FN:547,_ZNSt16allocator_traitsISaISt6vectorImSaImEEEE8max_sizeERKS3_
FNDA:3,_ZNSt16allocator_traitsISaISt6vectorImSaImEEEE8max_sizeERKS3_
FN:547,_ZNSt16allocator_traitsISaImEE8max_sizeERKS0_
FNDA:3,_ZNSt16allocator_traitsISaImEE8max_sizeERKS0_
FN:547,_ZNSt16allocator_traitsISaIiEE8max_sizeERKS0_
FNDA:16,_ZNSt16allocator_traitsISaIiEE8max_sizeERKS0_
FN:562,_ZNSt16allocator_traitsISaISt13_Rb_tree_nodeISt4pairIKmmEEEE37select_on_container_copy_constructionERKS5_
FNDA:0,_ZNSt16allocator_traitsISaISt13_Rb_tree_nodeISt4pairIKmmEEEE37select_on_container_copy_constructionERKS5_
FN:562,_ZNSt16allocator_traitsISaI4EdgeEE37select_on_container_copy_constructionERKS1_
FNDA:0,_ZNSt16allocator_traitsISaI4EdgeEE37select_on_container_copy_constructionERKS1_
FN:562,_ZNSt16allocator_traitsISaIcEE37select_on_container_copy_constructionERKS0_
FNDA:0,_ZNSt16allocator_traitsISaIcEE37select_on_container_copy_constructionERKS0_
FN:562,_ZNSt16allocator_traitsISaImEE37select_on_container_copy_constructionERKS0_
FNDA:21,_ZNSt16allocator_traitsISaImEE37select_on_container_copy_constructionERKS0_
FN:562,_ZNSt16allocator_traitsISaISt6vectorImSaImEEEE37select_on_container_copy_constructionERKS3_
FNDA:4,_ZNSt16allocator_traitsISaISt6vectorImSaImEEEE37select_on_container_copy_constructionERKS3_
FN:710,_ZSt15__alloc_on_moveISaISt6vectorImSaImEEEEvRT_S5_
FNDA:4,_ZSt15__alloc_on_moveISaISt6vectorImSaImEEEEvRT_S5_
FN:845,_ZSt8_DestroyIPiiEvT_S1_RSaIT0_E
FNDA:5,_ZSt8_DestroyIPiiEvT_S1_RSaIT0_E
FN:845,_ZSt8_DestroyIPmmEvT_S1_RSaIT0_E
FNDA:24,_ZSt8_DestroyIPmmEvT_S1_RSaIT0_E
FN:845,_ZSt8_DestroyIP4EdgeS0_EvT_S2_RSaIT0_E
FNDA:0,_ZSt8_DestroyIP4EdgeS0_EvT_S2_RSaIT0_E
FN:845,_ZSt8_DestroyIPSt6vectorImSaImEES2_EvT_S4_RSaIT0_E
FNDA:19,_ZSt8_DestroyIPSt6vectorImSaImEES2_EvT_S4_RSaIT0_E
DA:463,6
DA:464,6
DA:463,4
DA:464,4
DA:463,9
DA:464,9
DA:463,0
DA:464,0
DA:463,7
DA:464,7
DA:463,7
DA:464,7
DA:463,0
DA:464,0
DA:463,1
DA:464,1
DA:463,27
DA:464,27
DA:495,4
DA:496,4
DA:495,0
DA:496,0
DA:495,6
DA:496,6
DA:495,7
DA:496,7
DA:495,0
DA:496,0
DA:495,1
DA:496,1
DA:495,27
DA:496,27
DA:495,9
DA:496,9
DA:495,7
DA:496,7
DA:511,0
DA:516,0
DA:520,0
DA:511,4
DA:516,4
DA:520,4
DA:511,8
DA:516,8
DA:520,8
DA:511,3
DA:516,3
DA:520,3
DA:511,4
DA:516,4
DA:520,4
DA:511,1
DA:516,1
DA:520,1
DA:511,7
DA:516,7
DA:520,7
DA:511,2
DA:516,2
DA:520,2
DA:531,0
DA:535,0
DA:539,0
DA:531,4
DA:535,4
DA:539,4
DA:531,7
DA:535,7
DA:539,7
DA:531,3
DA:535,3
DA:539,3
DA:547,16
DA:550,16
DA:547,3
DA:550,3
DA:547,3
DA:550,3
DA:562,21
DA:563,21
DA:562,4
DA:563,4
DA:562,0
DA:563,0
DA:562,0
DA:563,0
DA:562,0
DA:563,0
DA:710,4
DA:716,4
DA:720,4
DA:845,5
DA:848,5
DA:849,5
DA:845,24
DA:848,24
DA:849,24
DA:845,0
DA:848,0
DA:849,0
DA:845,19
DA:848,19
DA:849,19
end_of_record
SF:/usr/include/c++/11/bits/stl_construct.h
FN:109,_ZSt10_ConstructISt6vectorImSaImEEJRKS2_EEvPT_DpOT0_
FNDA:21,_ZSt10_ConstructISt6vectorImSaImEEJRKS2_EEvPT_DpOT0_
FN:109,_ZSt10_ConstructI4EdgeJRKS0_EEvPT_DpOT0_
FNDA:0,_ZSt10_ConstructI4EdgeJRKS0_EEvPT_DpOT0_
FN:146,_ZSt8_DestroyI4EdgeEvPT_
FNDA:0,_ZSt8_DestroyI4EdgeEvPT_
FN:146,_ZSt8_DestroyISt6vectorImSaImEEEvPT_
FNDA:21,_ZSt8_DestroyISt6vectorImSaImEEEvPT_
FN:160,_ZNSt12_Destroy_auxILb0EE9__destroyIP4EdgeEEvT_S4_
FNDA:0,_ZNSt12_Destroy_auxILb0EE9__destroyIP4EdgeEEvT_S4_
FN:160,_ZNSt12_Destroy_auxILb0EE9__destroyIPSt6vectorImSaImEEEEvT_S6_
FNDA:19,_ZNSt12_Destroy_auxILb0EE9__destroyIPSt6vectorImSaImEEEEvT_S6_
FN:172,_ZNSt12_Destroy_auxILb1EE9__destroyIPiEEvT_S3_
FNDA:5,_ZNSt12_Destroy_auxILb1EE9__destroyIPiEEvT_S3_
FN:172,_ZNSt12_Destroy_auxILb1EE9__destroyIPmEEvT_S3_
FNDA:24,_ZNSt12_Destroy_auxILb1EE9__destroyIPmEEvT_S3_
FN:182,_ZSt8_DestroyIPiEvT_S1_
FNDA:5,_ZSt8_DestroyIPiEvT_S1_
FN:182,_ZSt8_DestroyIPmEvT_S1_
FNDA:24,_ZSt8_DestroyIPmEvT_S1_
FN:182,_ZSt8_DestroyIP4EdgeEvT_S2_
FNDA:0,_ZSt8_DestroyIP4EdgeEvT_S2_
FN:182,_ZSt8_DestroyIPSt6vectorImSaImEEEvT_S4_
FNDA:19,_ZSt8_DestroyIPSt6vectorImSaImEEEvT_S4_
DA:109,21
DA:119,21
DA:120,21
DA:109,0
DA:119,0
DA:120,0
DA:146,0
DA:151,0
DA:153,0
DA:146,21
DA:151,21
DA:153,21
DA:160,0
DA:162,0
DA:163,0
DA:164,0
DA:160,19
DA:162,40
DA:163,21
DA:164,19
DA:172,5
DA:172,24
DA:182,5
DA:196,5
DA:197,5
DA:182,24
DA:196,24
DA:197,24
DA:182,0
DA:196,0
DA:197,0
DA:182,19
DA:196,19
DA:197,19
end_of_record
SF:/usr/include/c++/11/bits/stl_uninitialized.h
FN:85,_ZNSt20__uninitialized_copyILb0EE13__uninit_copyIN9__gnu_cxx17__normal_iteratorIPK4EdgeSt6vectorIS4_SaIS4_EEEEPS4_EET0_T_SD_SC_
FNDA:0,_ZNSt20__uninitialized_copyILb0EE13__uninit_copyIN9__gnu_cxx17__normal_iteratorIPK4EdgeSt6vectorIS4_SaIS4_EEEEPS4_EET0_T_SD_SC_
FN:85,_ZNSt20__uninitialized_copyILb0EE13__uninit_copyIN9__gnu_cxx17__normal_iteratorIPKSt6vectorImSaImEES4_IS6_SaIS6_EEEEPS6_EET0_T_SE_SD_
FNDA:4,_ZNSt20__uninitialized_copyILb0EE13__uninit_copyIN9__gnu_cxx17__normal_iteratorIPKSt6vectorImSaImEES4_IS6_SaIS6_EEEEPS6_EET0_T_SE_SD_
FN:108,_ZNSt20__uninitialized_copyILb1EE13__uninit_copyIN9__gnu_cxx17__normal_iteratorIPKmSt6vectorImSaImEEEEPmEET0_T_SC_SB_
FNDA:21,_ZNSt20__uninitialized_copyILb1EE13__uninit_copyIN9__gnu_cxx17__normal_iteratorIPKmSt6vectorImSaImEEEEPmEET0_T_SC_SB_
FN:126,_ZSt18uninitialized_copyIN9__gnu_cxx17__normal_iteratorIPKmSt6vectorImSaImEEEEPmET0_T_SA_S9_
FNDA:21,_ZSt18uninitialized_copyIN9__gnu_cxx17__normal_iteratorIPKmSt6vectorImSaImEEEEPmET0_T_SA_S9_
FN:126,_ZSt18uninitialized_copyIN9__gnu_cxx17__normal_iteratorIPK4EdgeSt6vectorIS2_SaIS2_EEEEPS2_ET0_T_SB_SA_
FNDA:0,_ZSt18uninitialized_copyIN9__gnu_cxx17__normal_iteratorIPK4EdgeSt6vectorIS2_SaIS2_EEEEPS2_ET0_T_SB_SA_
FN:126,_ZSt18uninitialized_copyIN9__gnu_cxx17__normal_iteratorIPKSt6vectorImSaImEES2_IS4_SaIS4_EEEEPS4_ET0_T_SC_SB_
FNDA:4,_ZSt18uninitialized_copyIN9__gnu_cxx17__normal_iteratorIPKSt6vectorImSaImEES2_IS4_SaIS4_EEEEPS4_ET0_T_SC_SB_
FN:230,_ZNSt22__uninitialized_fill_nILb0EE15__uninit_fill_nIPSt6vectorImSaImEEmS4_EET_S6_T0_RKT1_
FNDA:3,_ZNSt22__uninitialized_fill_nILb0EE15__uninit_fill_nIPSt6vectorImSaImEEmS4_EET_S6_T0_RKT1_
FN:253,_ZNSt22__uninitialized_fill_nILb1EE15__uninit_fill_nIPmmmEET_S3_T0_RKT1_
FNDA:3,_ZNSt22__uninitialized_fill_nILb1EE15__uninit_fill_nIPmmmEET_S3_T0_RKT1_
FN:273,_ZSt20uninitialized_fill_nIPSt6vectorImSaImEEmS2_ET_S4_T0_RKT1_
FNDA:3,_ZSt20uninitialized_fill_nIPSt6vectorImSaImEEmS2_ET_S4_T0_RKT1_
FN:273,_ZSt20uninitialized_fill_nIPmmmET_S1_T0_RKT1_
FNDA:3,_ZSt20uninitialized_fill_nIPmmmET_S1_T0_RKT1_
FN:331,_ZSt22__uninitialized_copy_aIN9__gnu_cxx17__normal_iteratorIPKSt6vectorImSaImEES2_IS4_SaIS4_EEEEPS4_S4_ET0_T_SC_SB_RSaIT1_E
FNDA:4,_ZSt22__uninitialized_copy_aIN9__gnu_cxx17__normal_iteratorIPKSt6vectorImSaImEES2_IS4_SaIS4_EEEEPS4_S4_ET0_T_SC_SB_RSaIT1_E
FN:331,_ZSt22__uninitialized_copy_aIN9__gnu_cxx17__normal_iteratorIPKmSt6vectorImSaImEEEEPmmET0_T_SA_S9_RSaIT1_E
FNDA:21,_ZSt22__uninitialized_copy_aIN9__gnu_cxx17__normal_iteratorIPKmSt6vectorImSaImEEEEPmmET0_T_SA_S9_RSaIT1_E
FN:331,_ZSt22__uninitialized_copy_aIN9__gnu_cxx17__normal_iteratorIPK4EdgeSt6vectorIS2_SaIS2_EEEEPS2_S2_ET0_T_SB_SA_RSaIT1_E
FNDA:0,_ZSt22__uninitialized_copy_aIN9__gnu_cxx17__normal_iteratorIPK4EdgeSt6vectorIS2_SaIS2_EEEEPS2_S2_ET0_T_SB_SA_RSaIT1_E
FN:408,_ZSt24__uninitialized_fill_n_aIPSt6vectorImSaImEEmS2_S2_ET_S4_T0_RKT1_RSaIT2_E
FNDA:3,_ZSt24__uninitialized_fill_n_aIPSt6vectorImSaImEEmS2_S2_ET_S4_T0_RKT1_RSaIT2_E
FN:408,_ZSt24__uninitialized_fill_n_aIPmmmmET_S1_T0_RKT1_RSaIT2_E
FNDA:3,_ZSt24__uninitialized_fill_n_aIPmmmmET_S1_T0_RKT1_RSaIT2_E
FN:1006,_ZSt14__relocate_a_1IiiENSt9enable_ifIXsrSt24__is_bitwise_relocatableIT_vE5valueEPS2_E4typeES4_S4_S4_RSaIT0_E
FNDA:14,_ZSt14__relocate_a_1IiiENSt9enable_ifIXsrSt24__is_bitwise_relocatableIT_vE5valueEPS2_E4typeES4_S4_S4_RSaIT0_E
FN:1040,_ZSt12__relocate_aIPiS0_SaIiEET0_T_S3_S2_RT1_
FNDA:14,_ZSt12__relocate_aIPiS0_SaIiEET0_T_S3_S2_RT1_
DA:85,4
DA:88,4
DA:91,16
DA:92,12
DA:93,4
DA:95,0
DA:97,0
DA:98,0
DA:85,0
DA:88,0
DA:91,0
DA:92,0
DA:93,0
DA:95,0
DA:97,0
DA:98,0
DA:108,21
DA:110,21
DA:126,21
DA:145,21
DA:151,21
DA:126,4
DA:145,4
DA:151,4
DA:126,0
DA:145,0
DA:151,0
DA:230,3
DA:233,3
DA:236,12
DA:237,9
DA:238,3
DA:240,0
DA:242,0
DA:243,0
DA:253,3
DA:255,3
DA:273,3
DA:293,3
DA:297,3
DA:273,3
DA:293,3
DA:297,3
DA:331,21
DA:333,21
DA:331,4
DA:333,4
DA:331,0
DA:333,0
DA:408,3
DA:410,3
DA:408,3
DA:410,3
DA:1006,14
DA:1009,14
DA:1010,14
DA:1011,4
DA:1012,14
DA:1040,14
DA:1046,14
DA:1048,14
end_of_record
SF:/usr/include/c++/11/bits/stl_pair.h
FN:266,_ZNSt4pairISt6vectorIS0_ImSaImEESaIS2_EES4_EC2IS4_S4_Lb1EEERKS4_S8_
FNDA:0,_ZNSt4pairISt6vectorIS0_ImSaImEESaIS2_EES4_EC2IS4_S4_Lb1EEERKS4_S8_
FN:322,_ZNSt4pairIPSt18_Rb_tree_node_baseS1_EC2IRS1_Lb1EEEOT_RKS1_
FNDA:0,_ZNSt4pairIPSt18_Rb_tree_node_baseS1_EC2IRS1_Lb1EEEOT_RKS1_
FN:336,_ZNSt4pairIPSt18_Rb_tree_node_baseS1_EC2IRS1_Lb1EEERKS1_OT_
FNDA:8,_ZNSt4pairIPSt18_Rb_tree_node_baseS1_EC2IRS1_Lb1EEERKS1_OT_
FN:352,_ZNSt4pairIPSt18_Rb_tree_node_baseS1_EC2IRPSt13_Rb_tree_nodeIS_IKmmEERS1_Lb1EEEOT_OT0_
FNDA:6,_ZNSt4pairIPSt18_Rb_tree_node_baseS1_EC2IRPSt13_Rb_tree_nodeIS_IKmmEERS1_Lb1EEEOT_OT0_
FN:352,_ZNSt4pairIPSt18_Rb_tree_node_baseS1_EC2IRPSt13_Rb_tree_nodeIS_IKi6VertexEERS1_Lb1EEEOT_OT0_
FNDA:3,_ZNSt4pairIPSt18_Rb_tree_node_baseS1_EC2IRPSt13_Rb_tree_nodeIS_IKi6VertexEERS1_Lb1EEEOT_OT0_
FN:352,_ZNSt4pairISt17_Rb_tree_iteratorIS_IKmmEES3_EC2IS3_S3_Lb1EEEOT_OT0_
FNDA:0,_ZNSt4pairISt17_Rb_tree_iteratorIS_IKmmEES3_EC2IS3_S3_Lb1EEEOT_OT0_
FN:352,_ZNSt4pairINSt8__detail14_Node_iteratorI4EdgeLb1ELb1EEEbEC2IRS3_bLb1EEEOT_OT0_
FNDA:4,_ZNSt4pairINSt8__detail14_Node_iteratorI4EdgeLb1ELb1EEEbEC2IRS3_bLb1EEEOT_OT0_
FN:352,_ZNSt4pairINSt8__detail14_Node_iteratorI4EdgeLb1ELb1EEEbEC2IS3_bLb1EEEOT_OT0_
FNDA:0,_ZNSt4pairINSt8__detail14_Node_iteratorI4EdgeLb1ELb1EEEbEC2IS3_bLb1EEEOT_OT0_
FN:352,_ZNSt4pairIPSt18_Rb_tree_node_baseS1_EC2IRS1_S4_Lb1EEEOT_OT0_
FNDA:4,_ZNSt4pairIPSt18_Rb_tree_node_baseS1_EC2IRS1_S4_Lb1EEEOT_OT0_
FN:352,_ZNSt4pairISt6vectorIS0_ImSaImEESaIS2_EES4_EC2IRS4_S7_Lb1EEEOT_OT0_
FNDA:1,_ZNSt4pairISt6vectorIS0_ImSaImEESaIS2_EES4_EC2IRS4_S7_Lb1EEEOT_OT0_
FN:567,_ZSt9make_pairIRKSt6vectorIS0_ImSaImEESaIS2_EES6_ESt4pairINSt25__strip_reference_wrapperINSt5decayIT_E4typeEE6__typeENS8_INS9_IT0_E4typeEE6__typeEEOSA_OSF_
FNDA:0,_ZSt9make_pairIRKSt6vectorIS0_ImSaImEESaIS2_EES6_ESt4pairINSt25__strip_reference_wrapperINSt5decayIT_E4typeEE6__typeENS8_INS9_IT0_E4typeEE6__typeEEOSA_OSF_
DA:266,0
DA:267,0
DA:322,0
DA:323,0
DA:336,8
DA:337,8
DA:352,6
DA:353,6
DA:352,3
DA:353,3
DA:352,0
DA:353,0
DA:352,4
DA:353,4
DA:352,0
DA:353,0
DA:352,4
DA:353,4
DA:352,1
DA:353,1
DA:567,0
DA:572,0
end_of_record
SF:/usr/include/c++/11/bits/unordered_set.h
FN:135,_ZNSt13unordered_setI4EdgeSt4hashIS0_ESt8equal_toIS0_ESaIS0_EEC2Ev
FNDA:3,_ZNSt13unordered_setI4EdgeSt4hashIS0_ESt8equal_toIS0_ESaIS0_EEC2Ev
FN:304,_ZNKSt13unordered_setI4EdgeSt4hashIS0_ESt8equal_toIS0_ESaIS0_EE4sizeEv
FNDA:0,_ZNKSt13unordered_setI4EdgeSt4hashIS0_ESt8equal_toIS0_ESaIS0_EE4sizeEv
FN:320,_ZNSt13unordered_setI4EdgeSt4hashIS0_ESt8equal_toIS0_ESaIS0_EE5beginEv
FNDA:0,_ZNSt13unordered_setI4EdgeSt4hashIS0_ESt8equal_toIS0_ESaIS0_EE5beginEv
FN:320,_ZNSt13unordered_setI6VertexSt4hashIS0_ESt8equal_toIS0_ESaIS0_EE5beginEv
FNDA:4,_ZNSt13unordered_setI6VertexSt4hashIS0_ESt8equal_toIS0_ESaIS0_EE5beginEv
FN:324,_ZNKSt13unordered_setI4EdgeSt4hashIS0_ESt8equal_toIS0_ESaIS0_EE5beginEv
FNDA:3,_ZNKSt13unordered_setI4EdgeSt4hashIS0_ESt8equal_toIS0_ESaIS0_EE5beginEv
FN:334,_ZNSt13unordered_setI4EdgeSt4hashIS0_ESt8equal_toIS0_ESaIS0_EE3endEv
FNDA:0,_ZNSt13unordered_setI4EdgeSt4hashIS0_ESt8equal_toIS0_ESaIS0_EE3endEv
FN:334,_ZNSt13unordered_setI6VertexSt4hashIS0_ESt8equal_toIS0_ESaIS0_EE3endEv
FNDA:4,_ZNSt13unordered_setI6VertexSt4hashIS0_ESt8equal_toIS0_ESaIS0_EE3endEv
FN:338,_ZNKSt13unordered_setI4EdgeSt4hashIS0_ESt8equal_toIS0_ESaIS0_EE3endEv
FNDA:3,_ZNKSt13unordered_setI4EdgeSt4hashIS0_ESt8equal_toIS0_ESaIS0_EE3endEv
FN:421,_ZNSt13unordered_setI4EdgeSt4hashIS0_ESt8equal_toIS0_ESaIS0_EE6insertERKS0_
FNDA:4,_ZNSt13unordered_setI4EdgeSt4hashIS0_ESt8equal_toIS0_ESaIS0_EE6insertERKS0_
FN:545,_ZNSt13unordered_setI4EdgeSt4hashIS0_ESt8equal_toIS0_ESaIS0_EE5eraseERKS0_
FNDA:0,_ZNSt13unordered_setI4EdgeSt4hashIS0_ESt8equal_toIS0_ESaIS0_EE5eraseERKS0_
FN:650,_ZNSt13unordered_setI6VertexSt4hashIS0_ESt8equal_toIS0_ESaIS0_EE4findERKS0_
FNDA:0,_ZNSt13unordered_setI6VertexSt4hashIS0_ESt8equal_toIS0_ESaIS0_EE4findERKS0_
DA:135,3
DA:304,0
DA:305,0
DA:320,0
DA:321,0
DA:320,4
DA:321,4
DA:324,3
DA:325,3
DA:334,0
DA:335,0
DA:334,4
DA:335,4
DA:338,3
DA:339,3
DA:421,4
DA:422,4
DA:545,0
DA:546,0
DA:650,0
DA:651,0
end_of_record
SF:/usr/include/c++/11/ext/string_conversions.h
FN:99,_ZN9__gnu_cxx12__to_xstringINSt7__cxx1112basic_stringIcSt11char_traitsIcESaIcEEEcEET_PFiPT0_mPKS8_P13__va_list_tagEmSB_z
FNDA:1,_ZN9__gnu_cxx12__to_xstringINSt7__cxx1112basic_stringIcSt11char_traitsIcESaIcEEEcEET_PFiPT0_mPKS8_P13__va_list_tagEmSB_z
DA:99,1
DA:105,1
DA:109,1
DA:111,1
DA:113,1
DA:115,1
end_of_record
SF:/home/imri/OS-FinalProject/GraphObj/edge.hpp
FN:67,_ZNKSt4hashI4EdgeEclERKS0_
FNDA:4,_ZNKSt4hashI4EdgeEclERKS0_
DA:67,4
DA:69,4
DA:70,4
DA:71,4
end_of_record
SF:/usr/include/c++/11/bits/basic_string.h
FN:251,_ZNSt7__cxx1112basic_stringIcSt11char_traitsIcESaIcEE16_M_construct_auxIPcEEvT_S7_St12__false_type
FNDA:1,_ZNSt7__cxx1112basic_stringIcSt11char_traitsIcESaIcEE16_M_construct_auxIPcEEvT_S7_St12__false_type
FN:271,_ZNSt7__cxx1112basic_stringIcSt11char_traitsIcESaIcEE12_M_constructIPcEEvT_S7_
FNDA:1,_ZNSt7__cxx1112basic_stringIcSt11char_traitsIcESaIcEE12_M_constructIPcEEvT_S7_
FN:533,_ZNSt7__cxx1112basic_stringIcSt11char_traitsIcESaIcEEC2IS3_EEPKcRKS3_
FNDA:41,_ZNSt7__cxx1112basic_stringIcSt11char_traitsIcESaIcEEC2IS3_EEPKcRKS3_
FN:553,_ZNSt7__cxx1112basic_stringIcSt11char_traitsIcESaIcEEC2IS3_EEmcRKS3_
FNDA:26,_ZNSt7__cxx1112basic_stringIcSt11char_traitsIcESaIcEEC2IS3_EEmcRKS3_
FN:638,_ZNSt7__cxx1112basic_stringIcSt11char_traitsIcESaIcEEC2IPcvEET_S7_RKS3_
FNDA:1,_ZNSt7__cxx1112basic_stringIcSt11char_traitsIcESaIcEEC2IPcvEET_S7_RKS3_
FN:6132,_ZStplIcSt11char_traitsIcESaIcEENSt7__cxx1112basic_stringIT_T0_T1_EERKS8_PKS5_
FNDA:3,_ZStplIcSt11char_traitsIcESaIcEENSt7__cxx1112basic_stringIT_T0_T1_EERKS8_PKS5_
FN:6172,_ZStplIcSt11char_traitsIcESaIcEENSt7__cxx1112basic_stringIT_T0_T1_EEOS8_S9_
FNDA:12,_ZStplIcSt11char_traitsIcESaIcEENSt7__cxx1112basic_stringIT_T0_T1_EEOS8_S9_
FN:6194,_ZStplIcSt11char_traitsIcESaIcEENSt7__cxx1112basic_stringIT_T0_T1_EEPKS5_OS8_
FNDA:9,_ZStplIcSt11char_traitsIcESaIcEENSt7__cxx1112basic_stringIT_T0_T1_EEPKS5_OS8_
FN:6206,_ZStplIcSt11char_traitsIcESaIcEENSt7__cxx1112basic_stringIT_T0_T1_EEOS8_PKS5_
FNDA:31,_ZStplIcSt11char_traitsIcESaIcEENSt7__cxx1112basic_stringIT_T0_T1_EEOS8_PKS5_
FN:6660,_ZNSt7__cxx119to_stringEi
FNDA:13,_ZNSt7__cxx119to_stringEi
FN:6690,_ZNSt7__cxx119to_stringEm
FNDA:13,_ZNSt7__cxx119to_stringEm
FN:6730,_ZNSt7__cxx119to_stringEd
FNDA:1,_ZNSt7__cxx119to_stringEd
DA:251,1
DA:255,1
DA:256,1
DA:271,1
DA:274,1
DA:275,1
DA:533,41
DA:534,41
DA:536,41
DA:539,41
DA:540,41
DA:553,26
DA:554,26
DA:555,26
DA:638,1
DA:640,1
DA:641,1
DA:6132,3
DA:6135,3
DA:6136,3
DA:6137,3
DA:6138,0
DA:6172,12
DA:6177,12
DA:6179,12
DA:6182,12
DA:6185,12
DA:6186,12
DA:6187,0
DA:6189,12
DA:6194,9
DA:6196,9
DA:6206,31
DA:6208,31
DA:6660,13
DA:6662,13
DA:6663,13
DA:6664,13
DA:6665,13
DA:6666,13
DA:6667,13
DA:6668,0
DA:6690,13
DA:6692,13
DA:6693,13
DA:6694,13
DA:6695,0
DA:6730,1
DA:6732,1
DA:6735,1
end_of_record
SF:/usr/include/c++/11/bits/charconv.h
FN:47,_ZNSt8__detail14__to_chars_lenImEEjT_i
FNDA:13,_ZNSt8__detail14__to_chars_lenImEEjT_i
FN:47,_ZNSt8__detail14__to_chars_lenIjEEjT_i
FNDA:13,_ZNSt8__detail14__to_chars_lenIjEEjT_i
FN:72,_ZNSt8__detail18__to_chars_10_implImEEvPcjT_
FNDA:13,_ZNSt8__detail18__to_chars_10_implImEEvPcjT_
FN:72,_ZNSt8__detail18__to_chars_10_implIjEEvPcjT_
FNDA:13,_ZNSt8__detail18__to_chars_10_implIjEEvPcjT_
DA:47,13
DA:52,13
DA:53,13
DA:54,13
DA:55,13
DA:58,13
DA:59,3
DA:60,0
DA:61,0
DA:62,0
DA:63,0
DA:47,13
DA:52,13
DA:53,13
DA:54,13
DA:55,13
DA:58,13
DA:59,0
DA:60,0
DA:61,0
DA:62,0
DA:63,0
DA:72,13
DA:83,13
DA:84,13
DA:86,0
DA:87,0
DA:88,0
DA:89,0
DA:90,0
DA:92,13
DA:94,3
DA:95,3
DA:96,3
DA:99,10
DA:100,13
DA:72,13
DA:83,13
DA:84,13
DA:86,0
DA:87,0
DA:88,0
DA:89,0
DA:90,0
DA:92,13
DA:94,0
DA:95,0
DA:96,0
DA:99,13
DA:100,13
end_of_record
SF:/usr/include/c++/11/bits/deque.tcc
FN:164,_ZNSt5dequeImSaImEE12emplace_backIJmEEERmDpOT_
FNDA:1,_ZNSt5dequeImSaImEE12emplace_backIJmEEERmDpOT_
FN:484,_ZNSt5dequeImSaImEE16_M_push_back_auxIJmEEEvDpOT_
FNDA:0,_ZNSt5dequeImSaImEE16_M_push_back_auxIJmEEEvDpOT_
FN:484,_ZNSt5dequeImSaImEE16_M_push_back_auxIJRKmEEEvDpOT_
FNDA:0,_ZNSt5dequeImSaImEE16_M_push_back_auxIJRKmEEEvDpOT_
FN:576,_ZNSt5dequeImSaImEE16_M_pop_front_auxEv
FNDA:0,_ZNSt5dequeImSaImEE16_M_pop_front_auxEv
FN:931,_ZNSt5dequeImSaImEE17_M_reallocate_mapEmb
FNDA:0,_ZNSt5dequeImSaImEE17_M_reallocate_mapEmb
DA:164,1
DA:167,1
DA:168,1
DA:170,1
DA:173,1
DA:176,0
DA:178,1
DA:484,0
DA:492,0
DA:493,0
DA:496,0
DA:497,0
DA:501,0
DA:507,0
DA:509,0
DA:516,0
DA:484,0
DA:492,0
DA:493,0
DA:496,0
DA:497,0
DA:501,0
DA:507,0
DA:509,0
DA:516,0
DA:576,0
DA:579,0
DA:581,0
DA:582,0
DA:583,0
DA:584,0
DA:931,0
DA:934,0
DA:935,0
DA:936,0
DA:939,0
DA:941,0
DA:942,0
DA:943,0
DA:944,0
DA:945,0
DA:946,0
DA:949,0
DA:950,0
DA:951,0
DA:955,0
DA:956,0
DA:959,0
DA:960,0
DA:961,0
DA:962,0
DA:963,0
DA:965,0
DA:967,0
DA:968,0
DA:971,0
DA:972,0
DA:973,0
end_of_record
SF:/usr/include/c++/11/ext/new_allocator.h
FN:79,_ZN9__gnu_cxx13new_allocatorI4EdgeEC2Ev
FNDA:11,_ZN9__gnu_cxx13new_allocatorI4EdgeEC2Ev
FN:79,_ZN9__gnu_cxx13new_allocatorIcEC2Ev
FNDA:0,_ZN9__gnu_cxx13new_allocatorIcEC2Ev
FN:79,_ZN9__gnu_cxx13new_allocatorIbEC2Ev
FNDA:2,_ZN9__gnu_cxx13new_allocatorIbEC2Ev
FN:79,_ZN9__gnu_cxx13new_allocatorImEC2Ev
FNDA:6,_ZN9__gnu_cxx13new_allocatorImEC2Ev
FN:79,_ZN9__gnu_cxx13new_allocatorISt6vectorImSaImEEEC2Ev
FNDA:11,_ZN9__gnu_cxx13new_allocatorISt6vectorImSaImEEEC2Ev
FN:79,_ZN9__gnu_cxx13new_allocatorISt13_Rb_tree_nodeISt4pairIKi6VertexEEEC2Ev
FNDA:3,_ZN9__gnu_cxx13new_allocatorISt13_Rb_tree_nodeISt4pairIKi6VertexEEEC2Ev
FN:79,_ZN9__gnu_cxx13new_allocatorINSt8__detail10_Hash_nodeI4EdgeLb1EEEEC2Ev
FNDA:3,_ZN9__gnu_cxx13new_allocatorINSt8__detail10_Hash_nodeI4EdgeLb1EEEEC2Ev
FN:79,_ZN9__gnu_cxx13new_allocatorIiEC2Ev
FNDA:5,_ZN9__gnu_cxx13new_allocatorIiEC2Ev
FN:79,_ZN9__gnu_cxx13new_allocatorIPmEC2Ev
FNDA:2,_ZN9__gnu_cxx13new_allocatorIPmEC2Ev
FN:79,_ZN9__gnu_cxx13new_allocatorIPNSt8__detail15_Hash_node_baseEEC2Ev
FNDA:12,_ZN9__gnu_cxx13new_allocatorIPNSt8__detail15_Hash_node_baseEEC2Ev
FN:79,_ZN9__gnu_cxx13new_allocatorISt13_Rb_tree_nodeISt4pairIKmmEEEC2Ev
FNDA:11,_ZN9__gnu_cxx13new_allocatorISt13_Rb_tree_nodeISt4pairIKmmEEEC2Ev
FN:82,_ZN9__gnu_cxx13new_allocatorI4EdgeEC2ERKS2_
FNDA:0,_ZN9__gnu_cxx13new_allocatorI4EdgeEC2ERKS2_
FN:82,_ZN9__gnu_cxx13new_allocatorImEC2ERKS1_
FNDA:50,_ZN9__gnu_cxx13new_allocatorImEC2ERKS1_
FN:82,_ZN9__gnu_cxx13new_allocatorISt13_Rb_tree_nodeISt4pairIKmmEEEC2ERKS6_
FNDA:0,_ZN9__gnu_cxx13new_allocatorISt13_Rb_tree_nodeISt4pairIKmmEEEC2ERKS6_
FN:82,_ZN9__gnu_cxx13new_allocatorIcEC2ERKS1_
FNDA:0,_ZN9__gnu_cxx13new_allocatorIcEC2ERKS1_
FN:82,_ZN9__gnu_cxx13new_allocatorISt6vectorImSaImEEEC2ERKS4_
FNDA:22,_ZN9__gnu_cxx13new_allocatorISt6vectorImSaImEEEC2ERKS4_
FN:89,_ZN9__gnu_cxx13new_allocatorISt13_Rb_tree_nodeISt4pairIKmmEEED2Ev
FNDA:0,_ZN9__gnu_cxx13new_allocatorISt13_Rb_tree_nodeISt4pairIKmmEEED2Ev
FN:89,_ZN9__gnu_cxx13new_allocatorIPmED2Ev
FNDA:2,_ZN9__gnu_cxx13new_allocatorIPmED2Ev
FN:89,_ZN9__gnu_cxx13new_allocatorIPNSt8__detail15_Hash_node_baseEED2Ev
FNDA:12,_ZN9__gnu_cxx13new_allocatorIPNSt8__detail15_Hash_node_baseEED2Ev
FN:89,_ZN9__gnu_cxx13new_allocatorI4EdgeED2Ev
FNDA:0,_ZN9__gnu_cxx13new_allocatorI4EdgeED2Ev
FN:89,_ZN9__gnu_cxx13new_allocatorIiED2Ev
FNDA:9,_ZN9__gnu_cxx13new_allocatorIiED2Ev
FN:89,_ZN9__gnu_cxx13new_allocatorISt6vectorImSaImEEED2Ev
FNDA:33,_ZN9__gnu_cxx13new_allocatorISt6vectorImSaImEEED2Ev
FN:89,_ZN9__gnu_cxx13new_allocatorImED2Ev
FNDA:56,_ZN9__gnu_cxx13new_allocatorImED2Ev
FN:89,_ZN9__gnu_cxx13new_allocatorIcED2Ev
FNDA:0,_ZN9__gnu_cxx13new_allocatorIcED2Ev
FN:89,_ZN9__gnu_cxx13new_allocatorINSt8__detail10_Hash_nodeI4EdgeLb1EEEED2Ev
FNDA:3,_ZN9__gnu_cxx13new_allocatorINSt8__detail10_Hash_nodeI4EdgeLb1EEEED2Ev
FN:89,_ZN9__gnu_cxx13new_allocatorISt13_Rb_tree_nodeISt4pairIKi6VertexEEED2Ev
FNDA:3,_ZN9__gnu_cxx13new_allocatorISt13_Rb_tree_nodeISt4pairIKi6VertexEEED2Ev
FN:89,_ZN9__gnu_cxx13new_allocatorIbED2Ev
FNDA:2,_ZN9__gnu_cxx13new_allocatorIbED2Ev
FN:103,_ZN9__gnu_cxx13new_allocatorIiE8allocateEmPKv
FNDA:9,_ZN9__gnu_cxx13new_allocatorIiE8allocateEmPKv
FN:103,_ZN9__gnu_cxx13new_allocatorISt13_Rb_tree_nodeISt4pairIKmmEEE8allocateEmPKv
FNDA:0,_ZN9__gnu_cxx13new_allocatorISt13_Rb_tree_nodeISt4pairIKmmEEE8allocateEmPKv
FN:103,_ZN9__gnu_cxx13new_allocatorImE8allocateEmPKv
FNDA:27,_ZN9__gnu_cxx13new_allocatorImE8allocateEmPKv
FN:103,_ZN9__gnu_cxx13new_allocatorIPNSt8__detail15_Hash_node_baseEE8allocateEmPKv
FNDA:6,_ZN9__gnu_cxx13new_allocatorIPNSt8__detail15_Hash_node_baseEE8allocateEmPKv
FN:103,_ZN9__gnu_cxx13new_allocatorIPmE8allocateEmPKv
FNDA:1,_ZN9__gnu_cxx13new_allocatorIPmE8allocateEmPKv
FN:103,_ZN9__gnu_cxx13new_allocatorISt6vectorImSaImEEE8allocateEmPKv
FNDA:7,_ZN9__gnu_cxx13new_allocatorISt6vectorImSaImEEE8allocateEmPKv
FN:103,_ZN9__gnu_cxx13new_allocatorINSt8__detail10_Hash_nodeI4EdgeLb1EEEE8allocateEmPKv
FNDA:4,_ZN9__gnu_cxx13new_allocatorINSt8__detail10_Hash_nodeI4EdgeLb1EEEE8allocateEmPKv
FN:103,_ZN9__gnu_cxx13new_allocatorISt13_Rb_tree_nodeISt4pairIKi6VertexEEE8allocateEmPKv
FNDA:7,_ZN9__gnu_cxx13new_allocatorISt13_Rb_tree_nodeISt4pairIKi6VertexEEE8allocateEmPKv
FN:103,_ZN9__gnu_cxx13new_allocatorI4EdgeE8allocateEmPKv
FNDA:0,_ZN9__gnu_cxx13new_allocatorI4EdgeE8allocateEmPKv
FN:132,_ZN9__gnu_cxx13new_allocatorISt6vectorImSaImEEE10deallocateEPS3_m
FNDA:7,_ZN9__gnu_cxx13new_allocatorISt6vectorImSaImEEE10deallocateEPS3_m
FN:132,_ZN9__gnu_cxx13new_allocatorIiE10deallocateEPim
FNDA:9,_ZN9__gnu_cxx13new_allocatorIiE10deallocateEPim
FN:132,_ZN9__gnu_cxx13new_allocatorImE10deallocateEPmm
FNDA:27,_ZN9__gnu_cxx13new_allocatorImE10deallocateEPmm
FN:132,_ZN9__gnu_cxx13new_allocatorIPmE10deallocateEPS1_m
FNDA:1,_ZN9__gnu_cxx13new_allocatorIPmE10deallocateEPS1_m
FN:132,_ZN9__gnu_cxx13new_allocatorI4EdgeE10deallocateEPS1_m
FNDA:0,_ZN9__gnu_cxx13new_allocatorI4EdgeE10deallocateEPS1_m
FN:132,_ZN9__gnu_cxx13new_allocatorISt13_Rb_tree_nodeISt4pairIKmmEEE10deallocateEPS5_m
FNDA:0,_ZN9__gnu_cxx13new_allocatorISt13_Rb_tree_nodeISt4pairIKmmEEE10deallocateEPS5_m
FN:132,_ZN9__gnu_cxx13new_allocatorIPNSt8__detail15_Hash_node_baseEE10deallocateEPS3_m
FNDA:6,_ZN9__gnu_cxx13new_allocatorIPNSt8__detail15_Hash_node_baseEE10deallocateEPS3_m
FN:132,_ZN9__gnu_cxx13new_allocatorINSt8__detail10_Hash_nodeI4EdgeLb1EEEE10deallocateEPS4_m
FNDA:4,_ZN9__gnu_cxx13new_allocatorINSt8__detail10_Hash_nodeI4EdgeLb1EEEE10deallocateEPS4_m
FN:132,_ZN9__gnu_cxx13new_allocatorISt13_Rb_tree_nodeISt4pairIKi6VertexEEE10deallocateEPS6_m
FNDA:7,_ZN9__gnu_cxx13new_allocatorISt13_Rb_tree_nodeISt4pairIKi6VertexEEE10deallocateEPS6_m
FN:154,_ZNK9__gnu_cxx13new_allocatorISt6vectorImSaImEEE8max_sizeEv
FNDA:3,_ZNK9__gnu_cxx13new_allocatorISt6vectorImSaImEEE8max_sizeEv
FN:154,_ZNK9__gnu_cxx13new_allocatorIiE8max_sizeEv
FNDA:16,_ZNK9__gnu_cxx13new_allocatorIiE8max_sizeEv
FN:154,_ZNK9__gnu_cxx13new_allocatorImE8max_sizeEv
FNDA:3,_ZNK9__gnu_cxx13new_allocatorImE8max_sizeEv
FN:160,_ZN9__gnu_cxx13new_allocatorISt13_Rb_tree_nodeISt4pairIKi6VertexEEE9constructIS5_JRKSt21piecewise_construct_tSt5tupleIJOiEESC_IJEEEEEvPT_DpOT0_
FNDA:4,_ZN9__gnu_cxx13new_allocatorISt13_Rb_tree_nodeISt4pairIKi6VertexEEE9constructIS5_JRKSt21piecewise_construct_tSt5tupleIJOiEESC_IJEEEEEvPT_DpOT0_
FN:160,_ZN9__gnu_cxx13new_allocatorISt13_Rb_tree_nodeISt4pairIKi6VertexEEE9constructIS5_JRKSt21piecewise_construct_tSt5tupleIJRS3_EESC_IJEEEEEvPT_DpOT0_
FNDA:3,_ZN9__gnu_cxx13new_allocatorISt13_Rb_tree_nodeISt4pairIKi6VertexEEE9constructIS5_JRKSt21piecewise_construct_tSt5tupleIJRS3_EESC_IJEEEEEvPT_DpOT0_
FN:160,_ZN9__gnu_cxx13new_allocatorImE9constructImJmEEEvPT_DpOT0_
[...]
DA:71,12
DA:74,12
DA:90,12
DA:96,12
DA:97,12
end_of_record
SF:/usr/include/c++/11/bits/stl_queue.h
FN:166,_ZNSt5queueIPvSt5dequeIS0_SaIS0_EEEC2IS3_vEEv
FNDA:12,_ZNSt5queueIPvSt5dequeIS0_SaIS0_EEEC2IS3_vEEv
FN:203,_ZNKSt5queueIPvSt5dequeIS0_SaIS0_EEE5emptyEv
FNDA:36,_ZNKSt5queueIPvSt5dequeIS0_SaIS0_EEE5emptyEv
FN:216,_ZNSt5queueIPvSt5dequeIS0_SaIS0_EEE5frontEv
FNDA:6,_ZNSt5queueIPvSt5dequeIS0_SaIS0_EEE5frontEv
FN:265,_ZNSt5queueIPvSt5dequeIS0_SaIS0_EEE4pushERKS0_
FNDA:6,_ZNSt5queueIPvSt5dequeIS0_SaIS0_EEE4pushERKS0_
FN:298,_ZNSt5queueIPvSt5dequeIS0_SaIS0_EEE3popEv
FNDA:6,_ZNSt5queueIPvSt5dequeIS0_SaIS0_EEE3popEv
DA:166,12
DA:167,12
DA:203,36
DA:204,36
DA:216,6
DA:219,6
DA:265,6
DA:266,6
DA:298,6
DA:301,6
DA:302,6
end_of_record
SF:/usr/include/c++/11/bits/vector.tcc
FN:109,_ZNSt6vectorIN3PAO6WorkerESaIS1_EE12emplace_backIJS1_EEERS1_DpOT_
FNDA:12,_ZNSt6vectorIN3PAO6WorkerESaIS1_EE12emplace_backIJS1_EEERS1_DpOT_
FN:426,_ZNSt6vectorIN3PAO6WorkerESaIS1_EE17_M_realloc_insertIJS1_EEEvN9__gnu_cxx17__normal_iteratorIPS1_S3_EEDpOT_
FNDA:8,_ZNSt6vectorIN3PAO6WorkerESaIS1_EE17_M_realloc_insertIJS1_EEEvN9__gnu_cxx17__normal_iteratorIPS1_S3_EEDpOT_
DA:109,12
DA:112,12
DA:115,4
DA:117,4
DA:121,8
DA:123,12
DA:426,8
DA:436,8
DA:437,8
DA:438,8
DA:439,8
DA:440,8
DA:441,8
DA:449,8
DA:450,8
DA:456,8
DA:474,8
DA:475,8
DA:477,8
DA:481,8
DA:482,8
DA:485,0
DA:487,0
DA:488,0
DA:489,0
DA:491,0
DA:492,0
DA:493,0
DA:498,8
DA:500,8
DA:501,8
DA:502,8
DA:503,8
DA:504,8
DA:505,8
end_of_record
SF:/usr/include/c++/11/tuple
FN:80,_ZNSt10_Head_baseILm1ESt14default_deleteINSt6thread6_StateEELb1EEC2Ev
FNDA:12,_ZNSt10_Head_baseILm1ESt14default_deleteINSt6thread6_StateEELb1EEC2Ev
FN:124,_ZNSt10_Head_baseILm1ESt14default_deleteINSt6thread6_StateEELb1EE7_M_headERS4_
FNDA:0,_ZNSt10_Head_baseILm1ESt14default_deleteINSt6thread6_StateEELb1EE7_M_headERS4_
FN:189,_ZNSt10_Head_baseILm0EPNSt6thread6_StateELb0EEC2Ev
FNDA:12,_ZNSt10_Head_baseILm0EPNSt6thread6_StateELb0EEC2Ev
FN:199,_ZNSt10_Head_baseILm1EP3PAOLb0EEC2IS1_EEOT_
FNDA:12,_ZNSt10_Head_baseILm1EP3PAOLb0EEC2IS1_EEOT_
FN:199,_ZNSt10_Head_baseILm2ESt17reference_wrapperIN3PAO6WorkerEELb0EEC2IS3_EEOT_
FNDA:12,_ZNSt10_Head_baseILm2ESt17reference_wrapperIN3PAO6WorkerEELb0EEC2IS3_EEOT_
FN:199,_ZNSt10_Head_baseILm3EPN3PAO6WorkerELb0EEC2IRS2_EEOT_
FNDA:12,_ZNSt10_Head_baseILm3EPN3PAO6WorkerELb0EEC2IRS2_EEOT_
FN:199,_ZNSt10_Head_baseILm0EM3PAOFvRNS0_6WorkerEPS1_ELb0EEC2IS5_EEOT_
FNDA:12,_ZNSt10_Head_baseILm0EM3PAOFvRNS0_6WorkerEPS1_ELb0EEC2IS5_EEOT_
FN:233,_ZNSt10_Head_baseILm2ESt17reference_wrapperIN3PAO6WorkerEELb0EE7_M_headERS4_
FNDA:12,_ZNSt10_Head_baseILm2ESt17reference_wrapperIN3PAO6WorkerEELb0EE7_M_headERS4_
FN:233,_ZNSt10_Head_baseILm0EPNSt6thread6_StateELb0EE7_M_headERS3_
FNDA:24,_ZNSt10_Head_baseILm0EPNSt6thread6_StateELb0EE7_M_headERS3_
FN:233,_ZNSt10_Head_baseILm3EPN3PAO6WorkerELb0EE7_M_headERS3_
FNDA:12,_ZNSt10_Head_baseILm3EPN3PAO6WorkerELb0EE7_M_headERS3_
FN:233,_ZNSt10_Head_baseILm0EM3PAOFvRNS0_6WorkerEPS1_ELb0EE7_M_headERS6_
FNDA:12,_ZNSt10_Head_baseILm0EM3PAOFvRNS0_6WorkerEPS1_ELb0EE7_M_headERS6_
FN:233,_ZNSt10_Head_baseILm1EP3PAOLb0EE7_M_headERS2_
FNDA:12,_ZNSt10_Head_baseILm1EP3PAOLb0EE7_M_headERS2_
FN:268,_ZNSt11_Tuple_implILm0EJPNSt6thread6_StateESt14default_deleteIS1_EEE7_M_headERS5_
FNDA:24,_ZNSt11_Tuple_implILm0EJPNSt6thread6_StateESt14default_deleteIS1_EEE7_M_headERS5_
FN:268,_ZNSt11_Tuple_implILm0EJM3PAOFvRNS0_6WorkerEPS1_EPS0_St17reference_wrapperIS1_ES3_EE7_M_headERS9_
FNDA:12,_ZNSt11_Tuple_implILm0EJM3PAOFvRNS0_6WorkerEPS1_EPS0_St17reference_wrapperIS1_ES3_EE7_M_headERS9_
FN:268,_ZNSt11_Tuple_implILm1EJP3PAOSt17reference_wrapperINS0_6WorkerEEPS3_EE7_M_headERS6_
FNDA:12,_ZNSt11_Tuple_implILm1EJP3PAOSt17reference_wrapperINS0_6WorkerEEPS3_EE7_M_headERS6_
FN:268,_ZNSt11_Tuple_implILm2EJSt17reference_wrapperIN3PAO6WorkerEEPS2_EE7_M_headERS5_
FNDA:12,_ZNSt11_Tuple_implILm2EJSt17reference_wrapperIN3PAO6WorkerEEPS2_EE7_M_headERS5_
FN:279,_ZNSt11_Tuple_implILm0EJPNSt6thread6_StateESt14default_deleteIS1_EEEC2Ev
FNDA:12,_ZNSt11_Tuple_implILm0EJPNSt6thread6_StateESt14default_deleteIS1_EEEC2Ev
FN:290,_ZNSt11_Tuple_implILm1EJP3PAOSt17reference_wrapperINS0_6WorkerEEPS3_EEC2IS1_JS4_RS5_EvEEOT_DpOT0_
FNDA:12,_ZNSt11_Tuple_implILm1EJP3PAOSt17reference_wrapperINS0_6WorkerEEPS3_EEC2IS1_JS4_RS5_EvEEOT_DpOT0_
FN:290,_ZNSt11_Tuple_implILm0EJM3PAOFvRNS0_6WorkerEPS1_EPS0_St17reference_wrapperIS1_ES3_EEC2IS5_JS6_S8_RS3_EvEEOT_DpOT0_
FNDA:12,_ZNSt11_Tuple_implILm0EJM3PAOFvRNS0_6WorkerEPS1_EPS0_St17reference_wrapperIS1_ES3_EEC2IS5_JS6_S8_RS3_EvEEOT_DpOT0_
FN:290,_ZNSt11_Tuple_implILm2EJSt17reference_wrapperIN3PAO6WorkerEEPS2_EEC2IS3_JRS4_EvEEOT_DpOT0_
FNDA:12,_ZNSt11_Tuple_implILm2EJSt17reference_wrapperIN3PAO6WorkerEEPS2_EEC2IS3_JRS4_EvEEOT_DpOT0_
FN:424,_ZNSt11_Tuple_implILm3EJPN3PAO6WorkerEEE7_M_headERS3_
FNDA:12,_ZNSt11_Tuple_implILm3EJPN3PAO6WorkerEEE7_M_headERS3_
FN:424,_ZNSt11_Tuple_implILm1EJSt14default_deleteINSt6thread6_StateEEEE7_M_headERS4_
FNDA:0,_ZNSt11_Tuple_implILm1EJSt14default_deleteINSt6thread6_StateEEEE7_M_headERS4_
FN:430,_ZNSt11_Tuple_implILm1EJSt14default_deleteINSt6thread6_StateEEEEC2Ev
FNDA:12,_ZNSt11_Tuple_implILm1EJSt14default_deleteINSt6thread6_StateEEEEC2Ev
FN:440,_ZNSt11_Tuple_implILm3EJPN3PAO6WorkerEEEC2IRS2_EEOT_
FNDA:12,_ZNSt11_Tuple_implILm3EJPN3PAO6WorkerEEEC2IRS2_EEOT_
FN:742,_ZNSt5tupleIJM3PAOFvRNS0_6WorkerEPS1_EPS0_St17reference_wrapperIS1_ES3_EEC2IJS5_S6_S8_RS3_ELb1ELb1EEEDpOT_
FNDA:12,_ZNSt5tupleIJM3PAOFvRNS0_6WorkerEPS1_EPS0_St17reference_wrapperIS1_ES3_EEC2IJS5_S6_S8_RS3_ELb1ELb1EEEDpOT_
FN:1049,_ZNSt5tupleIJPNSt6thread6_StateESt14default_deleteIS1_EEEC2ILb1ELb1EEEv
FNDA:12,_ZNSt5tupleIJPNSt6thread6_StateESt14default_deleteIS1_EEEC2ILb1ELb1EEEv
FN:1377,_ZSt12__get_helperILm1ESt14default_deleteINSt6thread6_StateEEJEERT0_RSt11_Tuple_implIXT_EJS4_DpT1_EE
FNDA:0,_ZSt12__get_helperILm1ESt14default_deleteINSt6thread6_StateEEJEERT0_RSt11_Tuple_implIXT_EJS4_DpT1_EE
FN:1377,_ZSt12__get_helperILm0EM3PAOFvRNS0_6WorkerEPS1_EJPS0_St17reference_wrapperIS1_ES3_EERT0_RSt11_Tuple_implIXT_EJS9_DpT1_EE
FNDA:12,_ZSt12__get_helperILm0EM3PAOFvRNS0_6WorkerEPS1_EJPS0_St17reference_wrapperIS1_ES3_EERT0_RSt11_Tuple_implIXT_EJS9_DpT1_EE
FN:1377,_ZSt12__get_helperILm1EP3PAOJSt17reference_wrapperINS0_6WorkerEEPS3_EERT0_RSt11_Tuple_implIXT_EJS6_DpT1_EE
FNDA:12,_ZSt12__get_helperILm1EP3PAOJSt17reference_wrapperINS0_6WorkerEEPS3_EERT0_RSt11_Tuple_implIXT_EJS6_DpT1_EE
FN:1377,_ZSt12__get_helperILm0EPNSt6thread6_StateEJSt14default_deleteIS1_EEERT0_RSt11_Tuple_implIXT_EJS5_DpT1_EE
FNDA:24,_ZSt12__get_helperILm0EPNSt6thread6_StateEJSt14default_deleteIS1_EEERT0_RSt11_Tuple_implIXT_EJS5_DpT1_EE
FN:1377,_ZSt12__get_helperILm2ESt17reference_wrapperIN3PAO6WorkerEEJPS2_EERT0_RSt11_Tuple_implIXT_EJS5_DpT1_EE
FNDA:12,_ZSt12__get_helperILm2ESt17reference_wrapperIN3PAO6WorkerEEJPS2_EERT0_RSt11_Tuple_implIXT_EJS5_DpT1_EE
FN:1377,_ZSt12__get_helperILm3EPN3PAO6WorkerEJEERT0_RSt11_Tuple_implIXT_EJS3_DpT1_EE
FNDA:12,_ZSt12__get_helperILm3EPN3PAO6WorkerEJEERT0_RSt11_Tuple_implIXT_EJS3_DpT1_EE
FN:1393,_ZSt3getILm1EJPNSt6thread6_StateESt14default_deleteIS1_EEERNSt13tuple_elementIXT_ESt5tupleIJDpT0_EEE4typeERS9_
FNDA:0,_ZSt3getILm1EJPNSt6thread6_StateESt14default_deleteIS1_EEERNSt13tuple_elementIXT_ESt5tupleIJDpT0_EEE4typeERS9_
FN:1393,_ZSt3getILm0EJPNSt6thread6_StateESt14default_deleteIS1_EEERNSt13tuple_elementIXT_ESt5tupleIJDpT0_EEE4typeERS9_
FNDA:24,_ZSt3getILm0EJPNSt6thread6_StateESt14default_deleteIS1_EEERNSt13tuple_elementIXT_ESt5tupleIJDpT0_EEE4typeERS9_
FN:1405,_ZSt3getILm0EJM3PAOFvRNS0_6WorkerEPS1_EPS0_St17reference_wrapperIS1_ES3_EEONSt13tuple_elementIXT_ESt5tupleIJDpT0_EEE4typeEOSD_
FNDA:12,_ZSt3getILm0EJM3PAOFvRNS0_6WorkerEPS1_EPS0_St17reference_wrapperIS1_ES3_EEONSt13tuple_elementIXT_ESt5tupleIJDpT0_EEE4typeEOSD_
FN:1405,_ZSt3getILm1EJM3PAOFvRNS0_6WorkerEPS1_EPS0_St17reference_wrapperIS1_ES3_EEONSt13tuple_elementIXT_ESt5tupleIJDpT0_EEE4typeEOSD_
FNDA:12,_ZSt3getILm1EJM3PAOFvRNS0_6WorkerEPS1_EPS0_St17reference_wrapperIS1_ES3_EEONSt13tuple_elementIXT_ESt5tupleIJDpT0_EEE4typeEOSD_
FN:1405,_ZSt3getILm2EJM3PAOFvRNS0_6WorkerEPS1_EPS0_St17reference_wrapperIS1_ES3_EEONSt13tuple_elementIXT_ESt5tupleIJDpT0_EEE4typeEOSD_
FNDA:12,_ZSt3getILm2EJM3PAOFvRNS0_6WorkerEPS1_EPS0_St17reference_wrapperIS1_ES3_EEONSt13tuple_elementIXT_ESt5tupleIJDpT0_EEE4typeEOSD_
FN:1405,_ZSt3getILm3EJM3PAOFvRNS0_6WorkerEPS1_EPS0_St17reference_wrapperIS1_ES3_EEONSt13tuple_elementIXT_ESt5tupleIJDpT0_EEE4typeEOSD_
FNDA:12,_ZSt3getILm3EJM3PAOFvRNS0_6WorkerEPS1_EPS0_St17reference_wrapperIS1_ES3_EEONSt13tuple_elementIXT_ESt5tupleIJDpT0_EEE4typeEOSD_
DA:80,12
DA:81,12
DA:124,0
DA:189,12
DA:190,12
DA:199,12
DA:200,12
DA:199,12
DA:200,12
DA:199,12
DA:200,12
DA:199,12
DA:200,12
DA:233,12
DA:233,12
DA:233,12
DA:233,12
DA:233,24
DA:268,12
DA:268,12
DA:268,12
DA:268,24
DA:279,12
DA:280,12
DA:290,12
DA:292,12
DA:293,12
DA:290,12
DA:292,12
DA:293,12
DA:290,12
DA:292,12
DA:293,12
DA:424,12
DA:424,0
DA:430,12
DA:431,12
DA:440,12
DA:441,12
DA:442,12
DA:742,12
DA:744,12
DA:1049,12
DA:1051,12
DA:1377,12
DA:1378,12
DA:1377,12
DA:1378,12
DA:1377,12
DA:1378,12
DA:1377,12
DA:1378,12
DA:1377,0
DA:1378,0
DA:1377,24
DA:1378,24
DA:1393,0
DA:1394,0
DA:1393,24
DA:1394,24
DA:1405,12
DA:1408,12
DA:1405,12
DA:1408,12
DA:1405,12
DA:1408,12
DA:1405,12
DA:1408,12
end_of_record
SF:/usr/include/c++/11/bits/std_mutex.h
FN:65,_ZNSt12__mutex_baseC2Ev
FNDA:12,_ZNSt12__mutex_baseC2Ev
FN:91,_ZNSt5mutexC2Ev
FNDA:12,_ZNSt5mutexC2Ev
FN:98,_ZNSt5mutex4lockEv
FNDA:38,_ZNSt5mutex4lockEv
FN:115,_ZNSt5mutex6unlockEv
FNDA:38,_ZNSt5mutex6unlockEv
FN:228,_ZNSt10lock_guardISt5mutexEC2ERS0_
FNDA:20,_ZNSt10lock_guardISt5mutexEC2ERS0_
FN:234,_ZNSt10lock_guardISt5mutexED2Ev
FNDA:20,_ZNSt10lock_guardISt5mutexED2Ev
DA:65,12
DA:91,12
DA:98,38
DA:100,38
DA:103,38
DA:104,0
DA:105,38
DA:115,38
DA:118,38
DA:119,38
DA:228,20
DA:229,20
DA:234,20
DA:235,20
end_of_record
SF:/usr/include/x86_64-linux-gnu/c++/11/bits/gthr-default.h
FN:300,_ZL18__gthread_active_pv
FNDA:76,_ZL18__gthread_active_pv
FN:746,_ZL20__gthread_mutex_lockP15pthread_mutex_t
FNDA:38,_ZL20__gthread_mutex_lockP15pthread_mutex_t
FN:776,_ZL22__gthread_mutex_unlockP15pthread_mutex_t
FNDA:38,_ZL22__gthread_mutex_unlockP15pthread_mutex_t
DA:300,76
DA:302,76
DA:746,38
DA:748,38
DA:749,38
DA:751,0
DA:776,38
DA:778,38
DA:779,38
DA:781,0
end_of_record
SF:/usr/include/c++/11/ext/alloc_traits.h
FN:97,_ZN9__gnu_cxx14__alloc_traitsISaIPvES1_E17_S_select_on_copyERKS2_
FNDA:14,_ZN9__gnu_cxx14__alloc_traitsISaIPvES1_E17_S_select_on_copyERKS2_
DA:97,14
DA:98,14
end_of_record
SF:/usr/include/c++/11/bits/move.h
FN:49,_ZSt11__addressofIN3PAO6WorkerEEPT_RS2_
FNDA:52,_ZSt11__addressofIN3PAO6WorkerEEPT_RS2_
FN:49,_ZSt11__addressofISt5mutexEPT_RS1_
FNDA:18,_ZSt11__addressofISt5mutexEPT_RS1_
FN:77,_ZSt7forwardIPN3PAO6WorkerEEOT_RNSt16remove_referenceIS3_E4typeE
FNDA:36,_ZSt7forwardIPN3PAO6WorkerEEOT_RNSt16remove_referenceIS3_E4typeE
FN:77,_ZSt7forwardIRKN3PAO6WorkerEEOT_RNSt16remove_referenceIS4_E4typeE
FNDA:14,_ZSt7forwardIRKN3PAO6WorkerEEOT_RNSt16remove_referenceIS4_E4typeE
FN:77,_ZSt7forwardIM3PAOFvRNS0_6WorkerEPS1_EEOT_RNSt16remove_referenceIS6_E4typeE
FNDA:96,_ZSt7forwardIM3PAOFvRNS0_6WorkerEPS1_EEOT_RNSt16remove_referenceIS6_E4typeE
FN:77,_ZSt7forwardIRKPvEOT_RNSt16remove_referenceIS3_E4typeE
FNDA:12,_ZSt7forwardIRKPvEOT_RNSt16remove_referenceIS3_E4typeE
FN:77,_ZSt7forwardIP3PAOEOT_RNSt16remove_referenceIS2_E4typeE
FNDA:120,_ZSt7forwardIP3PAOEOT_RNSt16remove_referenceIS2_E4typeE
FN:77,_ZSt7forwardIRN3PAO6WorkerEEOT_RNSt16remove_referenceIS3_E4typeE
FNDA:12,_ZSt7forwardIRN3PAO6WorkerEEOT_RNSt16remove_referenceIS3_E4typeE
FN:77,_ZSt7forwardIN3PAO6WorkerEEOT_RNSt16remove_referenceIS2_E4typeE
FNDA:44,_ZSt7forwardIN3PAO6WorkerEEOT_RNSt16remove_referenceIS2_E4typeE
FN:77,_ZSt7forwardIPvEOT_RNSt16remove_referenceIS1_E4typeE
FNDA:0,_ZSt7forwardIPvEOT_RNSt16remove_referenceIS1_E4typeE
FN:77,_ZSt7forwardIRPN3PAO6WorkerEEOT_RNSt16remove_referenceIS4_E4typeE
FNDA:108,_ZSt7forwardIRPN3PAO6WorkerEEOT_RNSt16remove_referenceIS4_E4typeE
FN:77,_ZSt7forwardISt17reference_wrapperIN3PAO6WorkerEEEOT_RNSt16remove_referenceIS4_E4typeE
FNDA:132,_ZSt7forwardISt17reference_wrapperIN3PAO6WorkerEEEOT_RNSt16remove_referenceIS4_E4typeE
FN:104,_ZSt4moveIRSt5tupleIJM3PAOFvRNS1_6WorkerEPS2_EPS1_St17reference_wrapperIS2_ES4_EEEONSt16remove_referenceIT_E4typeEOSD_
FNDA:48,_ZSt4moveIRSt5tupleIJM3PAOFvRNS1_6WorkerEPS2_EPS1_St17reference_wrapperIS2_ES4_EEEONSt16remove_referenceIT_E4typeEOSD_
FN:104,_ZSt4moveIRNSt6thread2idEEONSt16remove_referenceIT_E4typeEOS4_
FNDA:36,_ZSt4moveIRNSt6thread2idEEONSt16remove_referenceIT_E4typeEOS4_
FN:104,_ZSt4moveIRN3PAO6WorkerEEONSt16remove_referenceIT_E4typeEOS4_
FNDA:12,_ZSt4moveIRN3PAO6WorkerEEONSt16remove_referenceIT_E4typeEOS4_
FN:104,_ZSt4moveIRPNSt6thread6_StateEEONSt16remove_referenceIT_E4typeEOS5_
FNDA:0,_ZSt4moveIRPNSt6thread6_StateEEONSt16remove_referenceIT_E4typeEOS5_
FN:104,_ZSt4moveIRSaIPvEEONSt16remove_referenceIT_E4typeEOS4_
FNDA:24,_ZSt4moveIRSaIPvEEONSt16remove_referenceIT_E4typeEOS4_
FN:104,_ZSt4moveIRNSt11_Deque_baseIPvSaIS1_EE16_Deque_impl_dataEEONSt16remove_referenceIT_E4typeEOS7_
FNDA:36,_ZSt4moveIRNSt11_Deque_baseIPvSaIS1_EE16_Deque_impl_dataEEONSt16remove_referenceIT_E4typeEOS7_
FN:196,_ZSt4swapINSt11_Deque_baseIPvSaIS1_EE16_Deque_impl_dataEENSt9enable_ifIXsrSt6__and_IJSt6__not_ISt15__is_tuple_likeIT_EESt21is_move_constructibleIS9_ESt18is_move_assignableIS9_EEE5valueEvE4typeERS9_SJ_
FNDA:12,_ZSt4swapINSt11_Deque_baseIPvSaIS1_EE16_Deque_impl_dataEENSt9enable_ifIXsrSt6__and_IJSt6__not_ISt15__is_tuple_likeIT_EESt21is_move_constructibleIS9_ESt18is_move_assignableIS9_EEE5valueEvE4typeERS9_SJ_
FN:196,_ZSt4swapINSt6thread2idEENSt9enable_ifIXsrSt6__and_IJSt6__not_ISt15__is_tuple_likeIT_EESt21is_move_constructibleIS6_ESt18is_move_assignableIS6_EEE5valueEvE4typeERS6_SG_
FNDA:12,_ZSt4swapINSt6thread2idEENSt9enable_ifIXsrSt6__and_IJSt6__not_ISt15__is_tuple_likeIT_EESt21is_move_constructibleIS6_ESt18is_move_assignableIS6_EEE5valueEvE4typeERS6_SG_
DA:49,52
DA:50,52
DA:49,18
DA:50,18
DA:77,36
DA:78,36
DA:77,14
DA:78,14
DA:77,12
DA:78,12
DA:77,12
DA:78,12
DA:77,44
DA:78,44
DA:77,0
DA:78,0
DA:77,108
DA:78,108
DA:77,132
DA:78,132
DA:77,120
DA:78,120
DA:77,96
DA:78,96
DA:104,48
DA:105,48
DA:104,36
DA:105,36
DA:104,24
DA:105,24
DA:104,0
DA:105,0
DA:104,12
DA:105,12
DA:104,36
DA:105,36
DA:196,12
DA:204,12
DA:205,12
DA:206,12
DA:207,12
DA:196,12
DA:204,12
DA:205,12
DA:206,12
DA:207,12
end_of_record
SF:/usr/include/c++/11/bits/stl_algobase.h
FN:230,_ZSt3minImERKT_S2_S2_
FNDA:0,_ZSt3minImERKT_S2_S2_
FN:230,_ZSt3minIlERKT_S2_S2_
FNDA:0,_ZSt3minIlERKT_S2_S2_
FN:254,_ZSt3maxImERKT_S2_S2_
FNDA:0,_ZSt3maxImERKT_S2_S2_
FN:313,_ZSt12__niter_baseISt15_Deque_iteratorIPvRS1_PS1_EET_S5_
FNDA:14,_ZSt12__niter_baseISt15_Deque_iteratorIPvRS1_PS1_EET_S5_
FN:313,_ZSt12__niter_baseISt15_Deque_iteratorIPvRKS1_PS2_EET_S6_
FNDA:28,_ZSt12__niter_baseISt15_Deque_iteratorIPvRKS1_PS2_EET_S6_
FN:313,_ZSt12__niter_baseIPPPvET_S3_
FNDA:0,_ZSt12__niter_baseIPPPvET_S3_
FN:335,_ZSt12__niter_wrapISt15_Deque_iteratorIPvRS1_PS1_EET_RKS5_S5_
FNDA:14,_ZSt12__niter_wrapISt15_Deque_iteratorIPvRS1_PS1_EET_RKS5_S5_
FN:335,_ZSt12__niter_wrapIPPPvET_RKS3_S3_
FNDA:0,_ZSt12__niter_wrapIPPPvET_RKS3_S3_
FN:420,_ZNSt11__copy_moveILb0ELb1ESt26random_access_iterator_tagE8__copy_mIPvEEPT_PKS4_S7_S5_
FNDA:0,_ZNSt11__copy_moveILb0ELb1ESt26random_access_iterator_tagE8__copy_mIPvEEPT_PKS4_S7_S5_
FN:420,_ZNSt11__copy_moveILb0ELb1ESt26random_access_iterator_tagE8__copy_mIPPvEEPT_PKS5_S8_S6_
FNDA:0,_ZNSt11__copy_moveILb0ELb1ESt26random_access_iterator_tagE8__copy_mIPPvEEPT_PKS5_S8_S6_
FN:486,_ZSt14__copy_move_a2ILb0EPPvS1_ET1_T0_S3_S2_
FNDA:0,_ZSt14__copy_move_a2ILb0EPPvS1_ET1_T0_S3_S2_
FN:486,_ZSt14__copy_move_a2ILb0EPPPvS2_ET1_T0_S4_S3_
FNDA:0,_ZSt14__copy_move_a2ILb0EPPPvS2_ET1_T0_S4_S3_
FN:521,_ZSt14__copy_move_a1ILb0EPPPvS2_ET1_T0_S4_S3_
FNDA:0,_ZSt14__copy_move_a1ILb0EPPPvS2_ET1_T0_S4_S3_
FN:521,_ZSt14__copy_move_a1ILb0EPPvS1_ET1_T0_S3_S2_
FNDA:0,_ZSt14__copy_move_a1ILb0EPPvS1_ET1_T0_S3_S2_
FN:527,_ZSt13__copy_move_aILb0EPPPvS2_ET1_T0_S4_S3_
FNDA:0,_ZSt13__copy_move_aILb0EPPPvS2_ET1_T0_S4_S3_
FN:527,_ZSt13__copy_move_aILb0ESt15_Deque_iteratorIPvRKS1_PS2_ES0_IS1_RS1_PS1_EET1_T0_SA_S9_
FNDA:14,_ZSt13__copy_move_aILb0ESt15_Deque_iteratorIPvRKS1_PS2_ES0_IS1_RS1_PS1_EET1_T0_SA_S9_
FN:611,_ZSt4copyISt15_Deque_iteratorIPvRKS1_PS2_ES0_IS1_RS1_PS1_EET0_T_SA_S9_
FNDA:14,_ZSt4copyISt15_Deque_iteratorIPvRKS1_PS2_ES0_IS1_RS1_PS1_EET0_T_SA_S9_
FN:611,_ZSt4copyIPPPvS2_ET0_T_S4_S3_
FNDA:0,_ZSt4copyIPPPvS2_ET0_T_S4_S3_
FN:731,_ZNSt20__copy_move_backwardILb0ELb1ESt26random_access_iterator_tagE13__copy_move_bIPPvEEPT_PKS5_S8_S6_
FNDA:0,_ZNSt20__copy_move_backwardILb0ELb1ESt26random_access_iterator_tagE13__copy_move_bIPPvEEPT_PKS5_S8_S6_
FN:750,_ZSt23__copy_move_backward_a2ILb0EPPPvS2_ET1_T0_S4_S3_
FNDA:0,_ZSt23__copy_move_backward_a2ILb0EPPPvS2_ET1_T0_S4_S3_
FN:768,_ZSt23__copy_move_backward_a1ILb0EPPPvS2_ET1_T0_S4_S3_
FNDA:0,_ZSt23__copy_move_backward_a1ILb0EPPPvS2_ET1_T0_S4_S3_
FN:796,_ZSt22__copy_move_backward_aILb0EPPPvS2_ET1_T0_S4_S3_
FNDA:0,_ZSt22__copy_move_backward_aILb0EPPPvS2_ET1_T0_S4_S3_
FN:848,_ZSt13copy_backwardIPPPvS2_ET0_T_S4_S3_
FNDA:0,_ZSt13copy_backwardIPPPvS2_ET0_T_S4_S3_
DA:230,0
DA:235,0
DA:236,0
DA:237,0
DA:230,0
DA:235,0
DA:236,0
DA:237,0
DA:254,0
DA:259,0
DA:260,0
DA:261,0
DA:313,14
DA:315,14
DA:313,28
DA:315,28
DA:313,0
DA:315,0
DA:335,14
DA:336,14
DA:335,0
DA:336,0
DA:420,0
DA:429,0
DA:430,0
DA:431,0
DA:432,0
DA:420,0
DA:429,0
DA:430,0
DA:431,0
DA:432,0
DA:486,0
DA:495,0
DA:486,0
DA:495,0
DA:521,0
DA:522,0
DA:521,0
DA:522,0
DA:527,14
DA:532,14
DA:527,0
DA:529,0
DA:532,0
DA:611,14
DA:620,14
DA:611,0
DA:620,0
DA:731,0
DA:740,0
DA:741,0
DA:742,0
DA:743,0
DA:750,0
DA:760,0
DA:762,0
DA:768,0
DA:769,0
DA:796,0
DA:798,0
DA:801,0
DA:848,0
DA:859,0
end_of_record
SF:/home/imri/OS-FinalProject/PAO/PAO.hpp
end_of_record
SF:/usr/include/c++/11/bits/allocator.h
FN:156,_ZNSaIPvEC2Ev
FNDA:12,_ZNSaIPvEC2Ev
FN:156,_ZNSaIN3PAO6WorkerEEC2Ev
FNDA:2,_ZNSaIN3PAO6WorkerEEC2Ev
FN:159,_ZNSaIPvEC2ERKS0_
FNDA:40,_ZNSaIPvEC2ERKS0_
FN:169,_ZNSaIPPvEC2IS_EERKSaIT_E
FNDA:76,_ZNSaIPPvEC2IS_EERKSaIT_E
FN:174,_ZNSaIPPvED2Ev
FNDA:76,_ZNSaIPPvED2Ev
FN:174,_ZNSaIPvED2Ev
FNDA:52,_ZNSaIPvED2Ev
FN:174,_ZNSaIN3PAO6WorkerEED2Ev
FNDA:2,_ZNSaIN3PAO6WorkerEED2Ev
DA:156,12
DA:156,2
DA:159,40
DA:160,40
DA:169,76
DA:174,76
DA:174,52
DA:174,2
end_of_record
SF:/usr/include/c++/11/bits/refwrap.h
FN:304,_ZNSt17reference_wrapperIN3PAO6WorkerEE6_S_funERS1_
FNDA:12,_ZNSt17reference_wrapperIN3PAO6WorkerEE6_S_funERS1_
FN:321,_ZNSt17reference_wrapperIN3PAO6WorkerEEC2IRS1_vPS1_EEOT_
FNDA:12,_ZNSt17reference_wrapperIN3PAO6WorkerEEC2IRS1_vPS1_EEOT_
FN:332,_ZNKSt17reference_wrapperIN3PAO6WorkerEEcvRS1_Ev
FNDA:12,_ZNKSt17reference_wrapperIN3PAO6WorkerEEcvRS1_Ev
FN:337,_ZNKSt17reference_wrapperIN3PAO6WorkerEE3getEv
FNDA:12,_ZNKSt17reference_wrapperIN3PAO6WorkerEE3getEv
FN:364,_ZSt3refIN3PAO6WorkerEESt17reference_wrapperIT_ERS3_
FNDA:12,_ZSt3refIN3PAO6WorkerEESt17reference_wrapperIT_ERS3_
DA:304,12
DA:321,12
DA:323,12
DA:324,12
DA:332,12
DA:333,12
DA:337,12
DA:338,12
DA:364,12
DA:365,12
end_of_record
SF:/usr/include/c++/11/iostream
end_of_record
SF:/usr/include/c++/11/bits/std_function.h
FN:239,_ZNSt14_Function_baseC2Ev
FNDA:0,_ZNSt14_Function_baseC2Ev
FN:241,_ZNSt14_Function_baseD2Ev
FNDA:0,_ZNSt14_Function_baseD2Ev
FN:247,_ZNKSt14_Function_base8_M_emptyEv
FNDA:0,_ZNKSt14_Function_base8_M_emptyEv
FN:386,_ZNSt8functionIFvPvEEC2ERKS2_
FNDA:0,_ZNSt8functionIFvPvEEC2ERKS2_
FN:404,_ZNSt8functionIFvPvEEC2EOS2_
FNDA:12,_ZNSt8functionIFvPvEEC2EOS2_
FN:572,_ZNKSt8functionIFvPvEEcvbEv
FNDA:0,_ZNKSt8functionIFvPvEEcvbEv
FN:586,_ZNKSt8functionIFvPvEEclES0_
FNDA:6,_ZNKSt8functionIFvPvEEclES0_
DA:239,0
DA:241,0
DA:243,0
DA:244,0
DA:245,0
DA:247,0
DA:386,0
DA:387,0
DA:389,0
DA:391,0
DA:392,0
DA:393,0
DA:395,0
DA:404,12
DA:405,12
DA:407,12
DA:409,12
DA:410,12
DA:411,12
DA:412,12
DA:414,12
DA:572,0
DA:573,0
DA:586,6
DA:588,6
DA:589,0
DA:590,6
end_of_record
